gpu
NVIDIA H100
Mon Oct 27 16:24:59 2025
['train_yy.py', '--ndim', '0', '--nhidden', '15', '--lr', '0.0007', '--dt', '0.01', '--batch_size', '150', '--beta', '8', '--wseed', '29', '--bseed', '9', '--layer', '--force']

 == CONFIG == 
ndim                 0
nhidden              15
batch_size           150
load_limit           None
load_limit_test      None
lr                   0.0007
ifactor              1
rfactor              1
force                True
skip                 False
debug                False
dt                   0.01
save_dir             saved
reload               False
layer                True
margin               0.0
beta                 8.0
wseed                29
bseed                9
ttrain               10000

Train set size: (5000, 1201, 1) Test set size: (1000, 1201, 1)
start_training
TEST
FREQ 0.0 0.0008326394671107413 0.0007401239707651033
FREQtrain 0.0 0.0008326394671107413 0.0007401239707651033
TOP1 40.711807 TOP2 63.541668 TOP2Diff 7.129166666666666 LOSS 194.18772925029197
TOP1train 46.614586 TOP2train 72.22223 TOP2trainDiff 9.866666666666667
compiling
TRAIN 0 L=164.958 ttrain=3.31s teval=0.39s
NetworkWithTTFS(net=NoDelayLayerNetwork(iw=Array(0.18532583, dtype=float64), rw=Array(3.9761272, dtype=float64)))
TRAIN 1 L=138.423 ttrain=0.17s teval=0.00s
NetworkWithTTFS(net=NoDelayLayerNetwork(iw=Array(0.18011728, dtype=float64), rw=Array(3.61397675, dtype=float64)))
(Array([116, 205, 214, 303], dtype=int64), Array([0, 0, 0, 0], dtype=int64))
TRAIN 2 L=213.236 ttrain=0.17s teval=4.36s
NetworkWithTTFS(net=NoDelayLayerNetwork(iw=Array(0.21972654, dtype=float64), rw=Array(4.88959889, dtype=float64)))
TRAIN 3 L=168.325 ttrain=0.17s teval=0.00s
NetworkWithTTFS(net=NoDelayLayerNetwork(iw=Array(0.24093971, dtype=float64), rw=Array(3.92274747, dtype=float64)))
TRAIN 4 L=173.192 ttrain=0.17s teval=0.00s
NetworkWithTTFS(net=NoDelayLayerNetwork(iw=Array(0.17841966, dtype=float64), rw=Array(4.39906154, dtype=float64)))
TRAIN 5 L=180.125 ttrain=0.17s teval=0.00s
NetworkWithTTFS(net=NoDelayLayerNetwork(iw=Array(0.18198207, dtype=float64), rw=Array(4.24218519, dtype=float64)))
TRAIN 6 L=199.228 ttrain=0.17s teval=0.00s
NetworkWithTTFS(net=NoDelayLayerNetwork(iw=Array(0.2599536, dtype=float64), rw=Array(4.99501913, dtype=float64)))
TRAIN 7 L=173.779 ttrain=0.17s teval=0.00s
NetworkWithTTFS(net=NoDelayLayerNetwork(iw=Array(0.21486704, dtype=float64), rw=Array(4.27486822, dtype=float64)))
TRAIN 8 L=170.544 ttrain=0.17s teval=0.00s
NetworkWithTTFS(net=NoDelayLayerNetwork(iw=Array(0.14264664, dtype=float64), rw=Array(4.22591228, dtype=float64)))
TRAIN 9 L=189.312 ttrain=0.17s teval=0.00s
NetworkWithTTFS(net=NoDelayLayerNetwork(iw=Array(0.14875636, dtype=float64), rw=Array(4.48023516, dtype=float64)))
TRAIN 10 L=181.939 ttrain=0.17s teval=0.00s
NetworkWithTTFS(net=NoDelayLayerNetwork(iw=Array(0.23999883, dtype=float64), rw=Array(4.38150373, dtype=float64)))
TRAIN 11 L=196.005 ttrain=0.17s teval=0.00s
NetworkWithTTFS(net=NoDelayLayerNetwork(iw=Array(0.24027302, dtype=float64), rw=Array(4.67715766, dtype=float64)))
TRAIN 12 L=156.614 ttrain=0.17s teval=0.00s
NetworkWithTTFS(net=NoDelayLayerNetwork(iw=Array(0.13999561, dtype=float64), rw=Array(3.81863945, dtype=float64)))
TRAIN 13 L=158.646 ttrain=0.17s teval=0.00s
NetworkWithTTFS(net=NoDelayLayerNetwork(iw=Array(0.188866, dtype=float64), rw=Array(4.04476613, dtype=float64)))
TRAIN 14 L=159.098 ttrain=0.17s teval=0.00s
NetworkWithTTFS(net=NoDelayLayerNetwork(iw=Array(0.22060197, dtype=float64), rw=Array(4.20547009, dtype=float64)))
TRAIN 15 L=193.036 ttrain=0.17s teval=0.00s
NetworkWithTTFS(net=NoDelayLayerNetwork(iw=Array(0.18047835, dtype=float64), rw=Array(4.52681372, dtype=float64)))
TRAIN 16 L=196.281 ttrain=0.17s teval=0.00s
NetworkWithTTFS(net=NoDelayLayerNetwork(iw=Array(0.21328601, dtype=float64), rw=Array(4.51901339, dtype=float64)))
TRAIN 17 L=156.867 ttrain=0.17s teval=0.00s
NetworkWithTTFS(net=NoDelayLayerNetwork(iw=Array(0.09188651, dtype=float64), rw=Array(3.68817421, dtype=float64)))
TRAIN 18 L=197.565 ttrain=0.17s teval=0.00s
NetworkWithTTFS(net=NoDelayLayerNetwork(iw=Array(0.19154702, dtype=float64), rw=Array(4.8709643, dtype=float64)))
TRAIN 19 L=158.738 ttrain=0.17s teval=0.00s
NetworkWithTTFS(net=NoDelayLayerNetwork(iw=Array(0.13010324, dtype=float64), rw=Array(4.14306647, dtype=float64)))
TRAIN 20 L=149.254 ttrain=0.17s teval=0.00s
NetworkWithTTFS(net=NoDelayLayerNetwork(iw=Array(0.20116546, dtype=float64), rw=Array(3.49976411, dtype=float64)))
TRAIN 21 L=181.171 ttrain=0.17s teval=0.00s
NetworkWithTTFS(net=NoDelayLayerNetwork(iw=Array(0.18603094, dtype=float64), rw=Array(4.35502556, dtype=float64)))
TRAIN 22 L=161.836 ttrain=0.17s teval=0.00s
NetworkWithTTFS(net=NoDelayLayerNetwork(iw=Array(0.17461012, dtype=float64), rw=Array(4.0272545, dtype=float64)))
TRAIN 23 L=173.192 ttrain=0.17s teval=0.00s
NetworkWithTTFS(net=NoDelayLayerNetwork(iw=Array(0.37312809, dtype=float64), rw=Array(4.86566016, dtype=float64)))
TRAIN 24 L=131.494 ttrain=0.17s teval=0.00s
NetworkWithTTFS(net=NoDelayLayerNetwork(iw=Array(0.17629223, dtype=float64), rw=Array(3.56964107, dtype=float64)))
TRAIN 25 L=187.583 ttrain=0.17s teval=0.00s
NetworkWithTTFS(net=NoDelayLayerNetwork(iw=Array(0.15873971, dtype=float64), rw=Array(4.56606998, dtype=float64)))
TRAIN 26 L=195.223 ttrain=0.17s teval=0.00s
NetworkWithTTFS(net=NoDelayLayerNetwork(iw=Array(0.22190958, dtype=float64), rw=Array(4.87215842, dtype=float64)))
TRAIN 27 L=169.681 ttrain=0.17s teval=0.00s
NetworkWithTTFS(net=NoDelayLayerNetwork(iw=Array(0.19653633, dtype=float64), rw=Array(4.37605148, dtype=float64)))
TRAIN 28 L=177.018 ttrain=0.17s teval=0.00s
NetworkWithTTFS(net=NoDelayLayerNetwork(iw=Array(0.19027063, dtype=float64), rw=Array(4.39159995, dtype=float64)))
TRAIN 29 L=182.996 ttrain=0.17s teval=0.00s
NetworkWithTTFS(net=NoDelayLayerNetwork(iw=Array(0.19667052, dtype=float64), rw=Array(4.41084171, dtype=float64)))
TRAIN 30 L=147.077 ttrain=0.17s teval=0.00s
NetworkWithTTFS(net=NoDelayLayerNetwork(iw=Array(0.17567892, dtype=float64), rw=Array(3.57281411, dtype=float64)))
TRAIN 31 L=162.845 ttrain=0.17s teval=0.00s
NetworkWithTTFS(net=NoDelayLayerNetwork(iw=Array(0.15125737, dtype=float64), rw=Array(3.94549882, dtype=float64)))
TRAIN 32 L=146.476 ttrain=0.17s teval=0.00s
NetworkWithTTFS(net=NoDelayLayerNetwork(iw=Array(0.14891518, dtype=float64), rw=Array(3.77346317, dtype=float64)))
TRAIN 33 L=135.961 ttrain=0.17s teval=0.00s
NetworkWithTTFS(net=NoDelayLayerNetwork(iw=Array(0.16584514, dtype=float64), rw=Array(3.55991943, dtype=float64)))
TRAIN 34 L=164.916 ttrain=0.17s teval=0.00s
NetworkWithTTFS(net=NoDelayLayerNetwork(iw=Array(0.15358867, dtype=float64), rw=Array(4.16933832, dtype=float64)))
TRAIN 35 L=168.081 ttrain=0.17s teval=0.00s
NetworkWithTTFS(net=NoDelayLayerNetwork(iw=Array(0.30664527, dtype=float64), rw=Array(4.3109392, dtype=float64)))
TRAIN 36 L=159.979 ttrain=0.17s teval=0.00s
NetworkWithTTFS(net=NoDelayLayerNetwork(iw=Array(0.12805686, dtype=float64), rw=Array(4.13445093, dtype=float64)))
TRAIN 37 L=168.503 ttrain=0.17s teval=0.00s
NetworkWithTTFS(net=NoDelayLayerNetwork(iw=Array(0.16057024, dtype=float64), rw=Array(4.28733064, dtype=float64)))
TRAIN 38 L=128.721 ttrain=0.17s teval=0.00s
NetworkWithTTFS(net=NoDelayLayerNetwork(iw=Array(0.12904744, dtype=float64), rw=Array(3.38166259, dtype=float64)))
TRAIN 39 L=172.468 ttrain=0.17s teval=0.00s
NetworkWithTTFS(net=NoDelayLayerNetwork(iw=Array(0.27695483, dtype=float64), rw=Array(4.29654299, dtype=float64)))
TRAIN 40 L=162.316 ttrain=0.17s teval=0.00s
NetworkWithTTFS(net=NoDelayLayerNetwork(iw=Array(0.13520702, dtype=float64), rw=Array(3.90483356, dtype=float64)))
TRAIN 41 L=169.308 ttrain=0.17s teval=0.00s
NetworkWithTTFS(net=NoDelayLayerNetwork(iw=Array(0.25990737, dtype=float64), rw=Array(4.38546904, dtype=float64)))
TRAIN 42 L=190.970 ttrain=0.17s teval=0.00s
NetworkWithTTFS(net=NoDelayLayerNetwork(iw=Array(0.20979088, dtype=float64), rw=Array(4.60928806, dtype=float64)))
TRAIN 43 L=150.326 ttrain=0.17s teval=0.00s
NetworkWithTTFS(net=NoDelayLayerNetwork(iw=Array(0.15619857, dtype=float64), rw=Array(3.60740618, dtype=float64)))
TRAIN 44 L=154.859 ttrain=0.17s teval=0.00s
NetworkWithTTFS(net=NoDelayLayerNetwork(iw=Array(0.19752826, dtype=float64), rw=Array(3.80690365, dtype=float64)))
TRAIN 45 L=178.166 ttrain=0.17s teval=0.00s
NetworkWithTTFS(net=NoDelayLayerNetwork(iw=Array(0.23916467, dtype=float64), rw=Array(4.35080986, dtype=float64)))
TRAIN 46 L=212.392 ttrain=0.17s teval=0.00s
NetworkWithTTFS(net=NoDelayLayerNetwork(iw=Array(0.39518327, dtype=float64), rw=Array(5.30717051, dtype=float64)))
TRAIN 47 L=138.836 ttrain=0.17s teval=0.00s
NetworkWithTTFS(net=NoDelayLayerNetwork(iw=Array(0.18469787, dtype=float64), rw=Array(3.43460756, dtype=float64)))
TRAIN 48 L=189.076 ttrain=0.17s teval=0.00s
NetworkWithTTFS(net=NoDelayLayerNetwork(iw=Array(0.16384205, dtype=float64), rw=Array(4.44944956, dtype=float64)))
TRAIN 49 L=172.264 ttrain=0.17s teval=0.00s
NetworkWithTTFS(net=NoDelayLayerNetwork(iw=Array(0.22215502, dtype=float64), rw=Array(4.47799908, dtype=float64)))
TRAIN 50 L=188.018 ttrain=0.17s teval=0.00s
NetworkWithTTFS(net=NoDelayLayerNetwork(iw=Array(0.1682862, dtype=float64), rw=Array(4.51509545, dtype=float64)))
TRAIN 51 L=168.086 ttrain=0.17s teval=0.00s
NetworkWithTTFS(net=NoDelayLayerNetwork(iw=Array(0.1475258, dtype=float64), rw=Array(3.84448402, dtype=float64)))
TRAIN 52 L=162.792 ttrain=0.17s teval=0.00s
NetworkWithTTFS(net=NoDelayLayerNetwork(iw=Array(0.17610389, dtype=float64), rw=Array(4.39985166, dtype=float64)))
TRAIN 53 L=148.863 ttrain=0.17s teval=0.00s
NetworkWithTTFS(net=NoDelayLayerNetwork(iw=Array(0.29527427, dtype=float64), rw=Array(4.19342994, dtype=float64)))
TRAIN 54 L=187.859 ttrain=0.17s teval=0.00s
NetworkWithTTFS(net=NoDelayLayerNetwork(iw=Array(0.18320115, dtype=float64), rw=Array(4.46698524, dtype=float64)))
TRAIN 55 L=184.605 ttrain=0.17s teval=0.00s
NetworkWithTTFS(net=NoDelayLayerNetwork(iw=Array(0.20026471, dtype=float64), rw=Array(4.31958805, dtype=float64)))
TRAIN 56 L=172.890 ttrain=0.17s teval=0.00s
NetworkWithTTFS(net=NoDelayLayerNetwork(iw=Array(0.20312731, dtype=float64), rw=Array(4.39259028, dtype=float64)))
TRAIN 57 L=169.836 ttrain=0.17s teval=0.00s
NetworkWithTTFS(net=NoDelayLayerNetwork(iw=Array(0.25504486, dtype=float64), rw=Array(4.39915918, dtype=float64)))
TRAIN 58 L=179.703 ttrain=0.17s teval=0.00s
NetworkWithTTFS(net=NoDelayLayerNetwork(iw=Array(0.16298552, dtype=float64), rw=Array(4.09425646, dtype=float64)))
TRAIN 59 L=134.757 ttrain=0.17s teval=0.00s
NetworkWithTTFS(net=NoDelayLayerNetwork(iw=Array(0.15716671, dtype=float64), rw=Array(3.36371937, dtype=float64)))
TRAIN 60 L=162.636 ttrain=0.17s teval=0.00s
NetworkWithTTFS(net=NoDelayLayerNetwork(iw=Array(0.21446697, dtype=float64), rw=Array(4.32602382, dtype=float64)))
TRAIN 61 L=158.579 ttrain=0.17s teval=0.00s
NetworkWithTTFS(net=NoDelayLayerNetwork(iw=Array(0.16901146, dtype=float64), rw=Array(4.17207398, dtype=float64)))
TRAIN 62 L=198.525 ttrain=0.17s teval=0.00s
NetworkWithTTFS(net=NoDelayLayerNetwork(iw=Array(0.26735069, dtype=float64), rw=Array(4.93228013, dtype=float64)))
TRAIN 63 L=182.170 ttrain=0.17s teval=0.00s
NetworkWithTTFS(net=NoDelayLayerNetwork(iw=Array(0.19708212, dtype=float64), rw=Array(4.43917719, dtype=float64)))
TRAIN 64 L=157.064 ttrain=0.17s teval=0.00s
NetworkWithTTFS(net=NoDelayLayerNetwork(iw=Array(0.16886748, dtype=float64), rw=Array(3.76252545, dtype=float64)))
TRAIN 65 L=169.939 ttrain=0.17s teval=0.00s
NetworkWithTTFS(net=NoDelayLayerNetwork(iw=Array(0.16341477, dtype=float64), rw=Array(4.29204117, dtype=float64)))
TRAIN 66 L=151.641 ttrain=0.17s teval=0.00s
NetworkWithTTFS(net=NoDelayLayerNetwork(iw=Array(0.14958294, dtype=float64), rw=Array(3.80743114, dtype=float64)))
TRAIN 67 L=166.036 ttrain=0.17s teval=0.00s
NetworkWithTTFS(net=NoDelayLayerNetwork(iw=Array(0.23611629, dtype=float64), rw=Array(4.28672209, dtype=float64)))
TRAIN 68 L=178.245 ttrain=0.17s teval=0.00s
NetworkWithTTFS(net=NoDelayLayerNetwork(iw=Array(0.23064498, dtype=float64), rw=Array(4.47419409, dtype=float64)))
TRAIN 69 L=154.379 ttrain=0.17s teval=0.00s
NetworkWithTTFS(net=NoDelayLayerNetwork(iw=Array(0.15074473, dtype=float64), rw=Array(3.50364394, dtype=float64)))
TRAIN 70 L=159.179 ttrain=0.17s teval=0.00s
NetworkWithTTFS(net=NoDelayLayerNetwork(iw=Array(0.18027582, dtype=float64), rw=Array(4.02702354, dtype=float64)))
TRAIN 71 L=160.086 ttrain=0.17s teval=0.00s
NetworkWithTTFS(net=NoDelayLayerNetwork(iw=Array(0.2194317, dtype=float64), rw=Array(4.25626782, dtype=float64)))
TRAIN 72 L=146.912 ttrain=0.17s teval=0.00s
NetworkWithTTFS(net=NoDelayLayerNetwork(iw=Array(0.18659864, dtype=float64), rw=Array(3.91030734, dtype=float64)))
TRAIN 73 L=161.943 ttrain=0.17s teval=0.00s
NetworkWithTTFS(net=NoDelayLayerNetwork(iw=Array(0.2021371, dtype=float64), rw=Array(3.81419594, dtype=float64)))
TRAIN 74 L=166.778 ttrain=0.17s teval=0.00s
NetworkWithTTFS(net=NoDelayLayerNetwork(iw=Array(0.21208527, dtype=float64), rw=Array(4.56417953, dtype=float64)))
TRAIN 75 L=166.191 ttrain=0.17s teval=0.00s
NetworkWithTTFS(net=NoDelayLayerNetwork(iw=Array(0.17135324, dtype=float64), rw=Array(4.02725819, dtype=float64)))
TRAIN 76 L=144.383 ttrain=0.17s teval=0.00s
NetworkWithTTFS(net=NoDelayLayerNetwork(iw=Array(0.11716118, dtype=float64), rw=Array(3.39809246, dtype=float64)))
TRAIN 77 L=164.498 ttrain=0.17s teval=0.00s
NetworkWithTTFS(net=NoDelayLayerNetwork(iw=Array(0.1663488, dtype=float64), rw=Array(3.87991356, dtype=float64)))
TRAIN 78 L=162.845 ttrain=0.17s teval=0.00s
NetworkWithTTFS(net=NoDelayLayerNetwork(iw=Array(0.2118108, dtype=float64), rw=Array(4.12595597, dtype=float64)))
TRAIN 79 L=123.499 ttrain=0.17s teval=0.00s
NetworkWithTTFS(net=NoDelayLayerNetwork(iw=Array(0.0986124, dtype=float64), rw=Array(3.25019306, dtype=float64)))
TRAIN 80 L=159.610 ttrain=0.17s teval=0.00s
NetworkWithTTFS(net=NoDelayLayerNetwork(iw=Array(0.21638613, dtype=float64), rw=Array(4.02409786, dtype=float64)))
TRAIN 81 L=154.569 ttrain=0.17s teval=0.00s
NetworkWithTTFS(net=NoDelayLayerNetwork(iw=Array(0.14814975, dtype=float64), rw=Array(3.46103252, dtype=float64)))
TRAIN 82 L=215.824 ttrain=0.17s teval=0.00s
NetworkWithTTFS(net=NoDelayLayerNetwork(iw=Array(0.34740516, dtype=float64), rw=Array(5.37825062, dtype=float64)))
TRAIN 83 L=147.072 ttrain=0.17s teval=0.00s
NetworkWithTTFS(net=NoDelayLayerNetwork(iw=Array(0.13203581, dtype=float64), rw=Array(3.69332316, dtype=float64)))
TRAIN 84 L=169.032 ttrain=0.17s teval=0.00s
NetworkWithTTFS(net=NoDelayLayerNetwork(iw=Array(0.18763119, dtype=float64), rw=Array(4.08050152, dtype=float64)))
TRAIN 85 L=155.801 ttrain=0.17s teval=0.00s
NetworkWithTTFS(net=NoDelayLayerNetwork(iw=Array(0.13574412, dtype=float64), rw=Array(4.10708551, dtype=float64)))
TRAIN 86 L=181.036 ttrain=0.17s teval=0.00s
NetworkWithTTFS(net=NoDelayLayerNetwork(iw=Array(0.19685126, dtype=float64), rw=Array(4.6495992, dtype=float64)))
TRAIN 87 L=150.272 ttrain=0.17s teval=0.00s
NetworkWithTTFS(net=NoDelayLayerNetwork(iw=Array(0.18945332, dtype=float64), rw=Array(3.76491822, dtype=float64)))
TRAIN 88 L=141.094 ttrain=0.17s teval=0.00s
NetworkWithTTFS(net=NoDelayLayerNetwork(iw=Array(0.15315914, dtype=float64), rw=Array(3.35281413, dtype=float64)))
TRAIN 89 L=179.650 ttrain=0.17s teval=0.00s
NetworkWithTTFS(net=NoDelayLayerNetwork(iw=Array(0.17724826, dtype=float64), rw=Array(4.56923121, dtype=float64)))
TRAIN 90 L=141.540 ttrain=0.17s teval=0.00s
NetworkWithTTFS(net=NoDelayLayerNetwork(iw=Array(0.18851994, dtype=float64), rw=Array(4.01389899, dtype=float64)))
TRAIN 91 L=167.455 ttrain=0.17s teval=0.00s
NetworkWithTTFS(net=NoDelayLayerNetwork(iw=Array(0.13176585, dtype=float64), rw=Array(4.40279491, dtype=float64)))
TRAIN 92 L=160.765 ttrain=0.17s teval=0.00s
NetworkWithTTFS(net=NoDelayLayerNetwork(iw=Array(0.2497049, dtype=float64), rw=Array(4.0327012, dtype=float64)))
TRAIN 93 L=141.308 ttrain=0.17s teval=0.00s
NetworkWithTTFS(net=NoDelayLayerNetwork(iw=Array(0.09729448, dtype=float64), rw=Array(3.54957466, dtype=float64)))
TRAIN 94 L=163.121 ttrain=0.17s teval=0.00s
NetworkWithTTFS(net=NoDelayLayerNetwork(iw=Array(0.15864338, dtype=float64), rw=Array(4.11723011, dtype=float64)))
TRAIN 95 L=166.068 ttrain=0.17s teval=0.00s
NetworkWithTTFS(net=NoDelayLayerNetwork(iw=Array(0.22264042, dtype=float64), rw=Array(4.44205355, dtype=float64)))
TRAIN 96 L=142.233 ttrain=0.17s teval=0.00s
NetworkWithTTFS(net=NoDelayLayerNetwork(iw=Array(0.13691449, dtype=float64), rw=Array(4.01390568, dtype=float64)))
TRAIN 97 L=134.579 ttrain=0.17s teval=0.00s
NetworkWithTTFS(net=NoDelayLayerNetwork(iw=Array(0.19707672, dtype=float64), rw=Array(3.62798703, dtype=float64)))
TRAIN 98 L=133.356 ttrain=0.17s teval=0.00s
NetworkWithTTFS(net=NoDelayLayerNetwork(iw=Array(0.07838899, dtype=float64), rw=Array(3.68244936, dtype=float64)))
TRAIN 99 L=147.726 ttrain=0.17s teval=0.00s
NetworkWithTTFS(net=NoDelayLayerNetwork(iw=Array(0.17798029, dtype=float64), rw=Array(4.05691906, dtype=float64)))
TEST
FREQ 0.0 0.0008326394671107413 0.0007401239707651033
FREQtrain 0.0 0.0008326394671107413 0.0007401239707651033
TOP1 40.711807 TOP2 68.489586 TOP2Diff 14.298295454545455 LOSS 168.42081119473937
TOP1train 44.270836 TOP2train 73.00348 TOP2trainDiff 9.352631578947369
TRAIN 100 L=148.281 ttrain=0.17s teval=0.00s
NetworkWithTTFS(net=NoDelayLayerNetwork(iw=Array(0.16655945, dtype=float64), rw=Array(3.69713745, dtype=float64)))
TRAIN 101 L=167.228 ttrain=0.17s teval=0.00s
NetworkWithTTFS(net=NoDelayLayerNetwork(iw=Array(0.17080876, dtype=float64), rw=Array(4.28399366, dtype=float64)))
TRAIN 102 L=126.627 ttrain=0.17s teval=0.00s
NetworkWithTTFS(net=NoDelayLayerNetwork(iw=Array(0.08808965, dtype=float64), rw=Array(3.24902681, dtype=float64)))
TRAIN 103 L=140.396 ttrain=0.17s teval=0.00s
NetworkWithTTFS(net=NoDelayLayerNetwork(iw=Array(0.13585481, dtype=float64), rw=Array(3.53424798, dtype=float64)))
TRAIN 104 L=146.926 ttrain=0.17s teval=0.00s
NetworkWithTTFS(net=NoDelayLayerNetwork(iw=Array(0.13900599, dtype=float64), rw=Array(3.52195654, dtype=float64)))
TRAIN 105 L=132.846 ttrain=0.17s teval=0.00s
NetworkWithTTFS(net=NoDelayLayerNetwork(iw=Array(0.12680639, dtype=float64), rw=Array(3.60409724, dtype=float64)))
TRAIN 106 L=136.294 ttrain=0.17s teval=0.00s
NetworkWithTTFS(net=NoDelayLayerNetwork(iw=Array(0.16012557, dtype=float64), rw=Array(3.56690673, dtype=float64)))
TRAIN 107 L=189.220 ttrain=0.17s teval=0.00s
NetworkWithTTFS(net=NoDelayLayerNetwork(iw=Array(0.27152352, dtype=float64), rw=Array(5.00735551, dtype=float64)))
TRAIN 108 L=149.322 ttrain=0.17s teval=0.00s
NetworkWithTTFS(net=NoDelayLayerNetwork(iw=Array(0.14723705, dtype=float64), rw=Array(4.04348924, dtype=float64)))
TRAIN 109 L=165.419 ttrain=0.17s teval=0.00s
NetworkWithTTFS(net=NoDelayLayerNetwork(iw=Array(0.21248151, dtype=float64), rw=Array(4.25240439, dtype=float64)))
TRAIN 110 L=146.335 ttrain=0.17s teval=0.00s
NetworkWithTTFS(net=NoDelayLayerNetwork(iw=Array(0.12837131, dtype=float64), rw=Array(3.64703426, dtype=float64)))
TRAIN 111 L=173.241 ttrain=0.17s teval=0.00s
NetworkWithTTFS(net=NoDelayLayerNetwork(iw=Array(0.2168697, dtype=float64), rw=Array(4.58458014, dtype=float64)))
TRAIN 112 L=145.229 ttrain=0.17s teval=0.00s
NetworkWithTTFS(net=NoDelayLayerNetwork(iw=Array(0.11061995, dtype=float64), rw=Array(3.21620398, dtype=float64)))
TRAIN 113 L=170.961 ttrain=0.17s teval=0.00s
NetworkWithTTFS(net=NoDelayLayerNetwork(iw=Array(0.19987929, dtype=float64), rw=Array(4.43655623, dtype=float64)))
TRAIN 114 L=107.993 ttrain=0.17s teval=0.00s
NetworkWithTTFS(net=NoDelayLayerNetwork(iw=Array(0.12317267, dtype=float64), rw=Array(3.0181868, dtype=float64)))
TRAIN 115 L=115.775 ttrain=0.17s teval=0.00s
NetworkWithTTFS(net=NoDelayLayerNetwork(iw=Array(0.08831865, dtype=float64), rw=Array(2.67615791, dtype=float64)))
TRAIN 116 L=139.784 ttrain=0.17s teval=0.00s
NetworkWithTTFS(net=NoDelayLayerNetwork(iw=Array(0.15573038, dtype=float64), rw=Array(3.65600341, dtype=float64)))
TRAIN 117 L=151.042 ttrain=0.17s teval=0.00s
NetworkWithTTFS(net=NoDelayLayerNetwork(iw=Array(0.1606713, dtype=float64), rw=Array(4.12191264, dtype=float64)))
TRAIN 118 L=132.373 ttrain=0.17s teval=0.00s
NetworkWithTTFS(net=NoDelayLayerNetwork(iw=Array(0.15227492, dtype=float64), rw=Array(3.82234482, dtype=float64)))
TRAIN 119 L=129.890 ttrain=0.17s teval=0.00s
NetworkWithTTFS(net=NoDelayLayerNetwork(iw=Array(0.12944816, dtype=float64), rw=Array(3.56752818, dtype=float64)))
TRAIN 120 L=142.112 ttrain=0.17s teval=0.00s
NetworkWithTTFS(net=NoDelayLayerNetwork(iw=Array(0.1709818, dtype=float64), rw=Array(4.01444905, dtype=float64)))
TRAIN 121 L=149.220 ttrain=0.17s teval=0.00s
NetworkWithTTFS(net=NoDelayLayerNetwork(iw=Array(0.15290011, dtype=float64), rw=Array(3.8398903, dtype=float64)))
TRAIN 122 L=128.668 ttrain=0.17s teval=0.00s
NetworkWithTTFS(net=NoDelayLayerNetwork(iw=Array(0.17157099, dtype=float64), rw=Array(3.50989244, dtype=float64)))
TRAIN 123 L=137.375 ttrain=0.17s teval=0.00s
NetworkWithTTFS(net=NoDelayLayerNetwork(iw=Array(0.15870425, dtype=float64), rw=Array(3.45691426, dtype=float64)))
TRAIN 124 L=115.441 ttrain=0.17s teval=0.00s
NetworkWithTTFS(net=NoDelayLayerNetwork(iw=Array(0.10211733, dtype=float64), rw=Array(3.46670561, dtype=float64)))
TRAIN 125 L=124.241 ttrain=0.17s teval=0.00s
NetworkWithTTFS(net=NoDelayLayerNetwork(iw=Array(0.1194608, dtype=float64), rw=Array(3.2773683, dtype=float64)))
TRAIN 126 L=136.139 ttrain=0.17s teval=0.00s
NetworkWithTTFS(net=NoDelayLayerNetwork(iw=Array(0.12252402, dtype=float64), rw=Array(4.0272325, dtype=float64)))
TRAIN 127 L=147.174 ttrain=0.17s teval=0.00s
NetworkWithTTFS(net=NoDelayLayerNetwork(iw=Array(0.17255061, dtype=float64), rw=Array(4.03833946, dtype=float64)))
TRAIN 128 L=148.396 ttrain=0.17s teval=0.00s
NetworkWithTTFS(net=NoDelayLayerNetwork(iw=Array(0.1747921, dtype=float64), rw=Array(4.09648863, dtype=float64)))
TRAIN 129 L=161.083 ttrain=0.17s teval=0.00s
NetworkWithTTFS(net=NoDelayLayerNetwork(iw=Array(0.16009337, dtype=float64), rw=Array(3.77174495, dtype=float64)))
TRAIN 130 L=111.010 ttrain=0.17s teval=0.00s
NetworkWithTTFS(net=NoDelayLayerNetwork(iw=Array(0.0675203, dtype=float64), rw=Array(2.8496988, dtype=float64)))
TRAIN 131 L=143.694 ttrain=0.17s teval=0.00s
NetworkWithTTFS(net=NoDelayLayerNetwork(iw=Array(0.17093116, dtype=float64), rw=Array(3.95377644, dtype=float64)))
TRAIN 132 L=132.584 ttrain=0.17s teval=0.00s
NetworkWithTTFS(net=NoDelayLayerNetwork(iw=Array(0.11418598, dtype=float64), rw=Array(3.24733971, dtype=float64)))
TRAIN 133 L=132.876 ttrain=0.17s teval=0.00s
NetworkWithTTFS(net=NoDelayLayerNetwork(iw=Array(0.13038657, dtype=float64), rw=Array(3.36139162, dtype=float64)))
TRAIN 134 L=153.250 ttrain=0.17s teval=0.00s
NetworkWithTTFS(net=NoDelayLayerNetwork(iw=Array(0.2240543, dtype=float64), rw=Array(4.06369769, dtype=float64)))
TRAIN 135 L=125.224 ttrain=0.17s teval=0.00s
NetworkWithTTFS(net=NoDelayLayerNetwork(iw=Array(0.14674671, dtype=float64), rw=Array(3.26807173, dtype=float64)))
TRAIN 136 L=120.526 ttrain=0.17s teval=0.00s
NetworkWithTTFS(net=NoDelayLayerNetwork(iw=Array(0.18999138, dtype=float64), rw=Array(3.46111707, dtype=float64)))
TRAIN 137 L=124.348 ttrain=0.17s teval=0.00s
NetworkWithTTFS(net=NoDelayLayerNetwork(iw=Array(0.11699894, dtype=float64), rw=Array(3.52629026, dtype=float64)))
TRAIN 138 L=136.647 ttrain=0.17s teval=0.00s
NetworkWithTTFS(net=NoDelayLayerNetwork(iw=Array(0.18952918, dtype=float64), rw=Array(3.98913336, dtype=float64)))
TRAIN 139 L=136.148 ttrain=0.17s teval=0.00s
NetworkWithTTFS(net=NoDelayLayerNetwork(iw=Array(0.15328187, dtype=float64), rw=Array(3.95237438, dtype=float64)))
TRAIN 140 L=115.112 ttrain=0.17s teval=0.00s
NetworkWithTTFS(net=NoDelayLayerNetwork(iw=Array(0.14479806, dtype=float64), rw=Array(3.1758288, dtype=float64)))
TRAIN 141 L=126.970 ttrain=0.17s teval=0.00s
NetworkWithTTFS(net=NoDelayLayerNetwork(iw=Array(0.14760385, dtype=float64), rw=Array(3.41591032, dtype=float64)))
TRAIN 142 L=117.873 ttrain=0.17s teval=0.00s
NetworkWithTTFS(net=NoDelayLayerNetwork(iw=Array(0.13559482, dtype=float64), rw=Array(3.36933358, dtype=float64)))
TRAIN 143 L=154.175 ttrain=0.17s teval=0.00s
NetworkWithTTFS(net=NoDelayLayerNetwork(iw=Array(0.21798136, dtype=float64), rw=Array(4.54470743, dtype=float64)))
TRAIN 144 L=167.237 ttrain=0.17s teval=0.00s
NetworkWithTTFS(net=NoDelayLayerNetwork(iw=Array(0.20710946, dtype=float64), rw=Array(4.64315253, dtype=float64)))
TRAIN 145 L=129.628 ttrain=0.17s teval=0.00s
NetworkWithTTFS(net=NoDelayLayerNetwork(iw=Array(0.14192945, dtype=float64), rw=Array(3.77613574, dtype=float64)))
TRAIN 146 L=103.575 ttrain=0.17s teval=0.00s
NetworkWithTTFS(net=NoDelayLayerNetwork(iw=Array(0.10406617, dtype=float64), rw=Array(3.11300366, dtype=float64)))
TRAIN 147 L=117.922 ttrain=0.17s teval=0.00s
NetworkWithTTFS(net=NoDelayLayerNetwork(iw=Array(0.12455331, dtype=float64), rw=Array(3.42132518, dtype=float64)))
TRAIN 148 L=156.362 ttrain=0.17s teval=0.00s
NetworkWithTTFS(net=NoDelayLayerNetwork(iw=Array(0.17574708, dtype=float64), rw=Array(4.16694577, dtype=float64)))
TRAIN 149 L=116.934 ttrain=0.17s teval=0.00s
NetworkWithTTFS(net=NoDelayLayerNetwork(iw=Array(0.10579537, dtype=float64), rw=Array(3.25561622, dtype=float64)))
TRAIN 150 L=139.828 ttrain=0.17s teval=0.00s
NetworkWithTTFS(net=NoDelayLayerNetwork(iw=Array(0.17539887, dtype=float64), rw=Array(3.63875092, dtype=float64)))
TRAIN 151 L=103.531 ttrain=0.17s teval=0.00s
NetworkWithTTFS(net=NoDelayLayerNetwork(iw=Array(0.10974267, dtype=float64), rw=Array(2.91230398, dtype=float64)))
TRAIN 152 L=132.503 ttrain=0.17s teval=0.00s
NetworkWithTTFS(net=NoDelayLayerNetwork(iw=Array(0.15847478, dtype=float64), rw=Array(3.63373432, dtype=float64)))
TRAIN 153 L=119.392 ttrain=0.17s teval=0.00s
NetworkWithTTFS(net=NoDelayLayerNetwork(iw=Array(0.13140374, dtype=float64), rw=Array(3.60844279, dtype=float64)))
TRAIN 154 L=119.024 ttrain=0.17s teval=0.00s
NetworkWithTTFS(net=NoDelayLayerNetwork(iw=Array(0.12115529, dtype=float64), rw=Array(3.27525172, dtype=float64)))
TRAIN 155 L=122.407 ttrain=0.17s teval=0.00s
NetworkWithTTFS(net=NoDelayLayerNetwork(iw=Array(0.10034544, dtype=float64), rw=Array(3.50358373, dtype=float64)))
TRAIN 156 L=117.389 ttrain=0.17s teval=0.00s
NetworkWithTTFS(net=NoDelayLayerNetwork(iw=Array(0.12411361, dtype=float64), rw=Array(3.61928108, dtype=float64)))
TRAIN 157 L=128.450 ttrain=0.17s teval=0.00s
NetworkWithTTFS(net=NoDelayLayerNetwork(iw=Array(0.14870095, dtype=float64), rw=Array(3.29715104, dtype=float64)))
TRAIN 158 L=101.625 ttrain=0.17s teval=0.00s
NetworkWithTTFS(net=NoDelayLayerNetwork(iw=Array(0.12649039, dtype=float64), rw=Array(2.90534199, dtype=float64)))
TRAIN 159 L=108.220 ttrain=0.17s teval=0.00s
NetworkWithTTFS(net=NoDelayLayerNetwork(iw=Array(0.11611272, dtype=float64), rw=Array(3.17316708, dtype=float64)))
TRAIN 160 L=120.566 ttrain=0.17s teval=0.00s
NetworkWithTTFS(net=NoDelayLayerNetwork(iw=Array(0.13416973, dtype=float64), rw=Array(3.31203831, dtype=float64)))
TRAIN 161 L=123.082 ttrain=0.17s teval=0.00s
NetworkWithTTFS(net=NoDelayLayerNetwork(iw=Array(0.1378371, dtype=float64), rw=Array(3.53336967, dtype=float64)))
TRAIN 162 L=85.570 ttrain=0.17s teval=0.00s
NetworkWithTTFS(net=NoDelayLayerNetwork(iw=Array(0.07825508, dtype=float64), rw=Array(2.46189302, dtype=float64)))
TRAIN 163 L=111.130 ttrain=0.17s teval=0.00s
NetworkWithTTFS(net=NoDelayLayerNetwork(iw=Array(0.09800307, dtype=float64), rw=Array(3.4451291, dtype=float64)))
TRAIN 164 L=126.576 ttrain=0.17s teval=0.00s
NetworkWithTTFS(net=NoDelayLayerNetwork(iw=Array(0.1355977, dtype=float64), rw=Array(3.74710165, dtype=float64)))
TRAIN 165 L=126.704 ttrain=0.17s teval=0.00s
NetworkWithTTFS(net=NoDelayLayerNetwork(iw=Array(0.17729305, dtype=float64), rw=Array(4.04649023, dtype=float64)))
TRAIN 166 L=109.532 ttrain=0.17s teval=0.00s
NetworkWithTTFS(net=NoDelayLayerNetwork(iw=Array(0.18497811, dtype=float64), rw=Array(3.46678429, dtype=float64)))
TRAIN 167 L=111.726 ttrain=0.17s teval=0.00s
NetworkWithTTFS(net=NoDelayLayerNetwork(iw=Array(0.12775585, dtype=float64), rw=Array(3.40454718, dtype=float64)))
TRAIN 168 L=104.113 ttrain=0.17s teval=0.00s
NetworkWithTTFS(net=NoDelayLayerNetwork(iw=Array(0.13577039, dtype=float64), rw=Array(3.2560962, dtype=float64)))
TRAIN 169 L=93.122 ttrain=0.17s teval=0.00s
NetworkWithTTFS(net=NoDelayLayerNetwork(iw=Array(0.08731725, dtype=float64), rw=Array(2.76932123, dtype=float64)))
TRAIN 170 L=132.988 ttrain=0.17s teval=0.00s
NetworkWithTTFS(net=NoDelayLayerNetwork(iw=Array(0.12027797, dtype=float64), rw=Array(3.8846343, dtype=float64)))
TRAIN 171 L=112.225 ttrain=0.17s teval=0.00s
NetworkWithTTFS(net=NoDelayLayerNetwork(iw=Array(0.15058533, dtype=float64), rw=Array(3.36413965, dtype=float64)))
TRAIN 172 L=121.841 ttrain=0.17s teval=0.00s
NetworkWithTTFS(net=NoDelayLayerNetwork(iw=Array(0.17256115, dtype=float64), rw=Array(3.54889203, dtype=float64)))
TRAIN 173 L=95.385 ttrain=0.17s teval=0.00s
NetworkWithTTFS(net=NoDelayLayerNetwork(iw=Array(0.11007191, dtype=float64), rw=Array(3.04987695, dtype=float64)))
TRAIN 174 L=116.988 ttrain=0.17s teval=0.00s
NetworkWithTTFS(net=NoDelayLayerNetwork(iw=Array(0.10507122, dtype=float64), rw=Array(3.16685973, dtype=float64)))
TRAIN 175 L=131.362 ttrain=0.17s teval=0.00s
NetworkWithTTFS(net=NoDelayLayerNetwork(iw=Array(0.21809871, dtype=float64), rw=Array(3.94370552, dtype=float64)))
TRAIN 176 L=86.029 ttrain=0.17s teval=0.00s
NetworkWithTTFS(net=NoDelayLayerNetwork(iw=Array(0.1324399, dtype=float64), rw=Array(3.0688429, dtype=float64)))
TRAIN 177 L=107.056 ttrain=0.17s teval=0.00s
NetworkWithTTFS(net=NoDelayLayerNetwork(iw=Array(0.13811868, dtype=float64), rw=Array(3.35072741, dtype=float64)))
TRAIN 178 L=105.713 ttrain=0.17s teval=0.00s
NetworkWithTTFS(net=NoDelayLayerNetwork(iw=Array(0.1269741, dtype=float64), rw=Array(3.00169128, dtype=float64)))
TRAIN 179 L=95.886 ttrain=0.17s teval=0.00s
NetworkWithTTFS(net=NoDelayLayerNetwork(iw=Array(0.11179513, dtype=float64), rw=Array(2.88529009, dtype=float64)))
TRAIN 180 L=77.908 ttrain=0.17s teval=0.00s
NetworkWithTTFS(net=NoDelayLayerNetwork(iw=Array(0.07621802, dtype=float64), rw=Array(2.46533154, dtype=float64)))
TRAIN 181 L=103.726 ttrain=0.17s teval=0.00s
NetworkWithTTFS(net=NoDelayLayerNetwork(iw=Array(0.12498351, dtype=float64), rw=Array(3.31313143, dtype=float64)))
TRAIN 182 L=105.665 ttrain=0.17s teval=0.00s
NetworkWithTTFS(net=NoDelayLayerNetwork(iw=Array(0.16875862, dtype=float64), rw=Array(3.34805166, dtype=float64)))
TRAIN 183 L=101.811 ttrain=0.17s teval=0.00s
NetworkWithTTFS(net=NoDelayLayerNetwork(iw=Array(0.11311705, dtype=float64), rw=Array(3.19533165, dtype=float64)))
TRAIN 184 L=106.340 ttrain=0.17s teval=0.00s
NetworkWithTTFS(net=NoDelayLayerNetwork(iw=Array(0.12280603, dtype=float64), rw=Array(3.28442619, dtype=float64)))
TRAIN 185 L=100.580 ttrain=0.17s teval=0.00s
NetworkWithTTFS(net=NoDelayLayerNetwork(iw=Array(0.11702401, dtype=float64), rw=Array(3.4211814, dtype=float64)))
TRAIN 186 L=94.678 ttrain=0.17s teval=0.00s
NetworkWithTTFS(net=NoDelayLayerNetwork(iw=Array(0.09377447, dtype=float64), rw=Array(3.04365719, dtype=float64)))
TRAIN 187 L=99.193 ttrain=0.17s teval=0.00s
NetworkWithTTFS(net=NoDelayLayerNetwork(iw=Array(0.13349294, dtype=float64), rw=Array(3.42239238, dtype=float64)))
TRAIN 188 L=94.660 ttrain=0.17s teval=0.00s
NetworkWithTTFS(net=NoDelayLayerNetwork(iw=Array(0.08716659, dtype=float64), rw=Array(2.76291333, dtype=float64)))
TRAIN 189 L=101.268 ttrain=0.17s teval=0.00s
NetworkWithTTFS(net=NoDelayLayerNetwork(iw=Array(0.11964161, dtype=float64), rw=Array(3.04182304, dtype=float64)))
TRAIN 190 L=90.379 ttrain=0.17s teval=0.00s
NetworkWithTTFS(net=NoDelayLayerNetwork(iw=Array(0.11809015, dtype=float64), rw=Array(2.90609992, dtype=float64)))
TRAIN 191 L=110.873 ttrain=0.17s teval=0.00s
NetworkWithTTFS(net=NoDelayLayerNetwork(iw=Array(0.14150144, dtype=float64), rw=Array(3.54792064, dtype=float64)))
TRAIN 192 L=103.548 ttrain=0.17s teval=0.00s
NetworkWithTTFS(net=NoDelayLayerNetwork(iw=Array(0.15419104, dtype=float64), rw=Array(3.12062539, dtype=float64)))
TRAIN 193 L=103.872 ttrain=0.17s teval=0.00s
NetworkWithTTFS(net=NoDelayLayerNetwork(iw=Array(0.13126236, dtype=float64), rw=Array(3.50270382, dtype=float64)))
TRAIN 194 L=75.300 ttrain=0.17s teval=0.00s
NetworkWithTTFS(net=NoDelayLayerNetwork(iw=Array(0.1211858, dtype=float64), rw=Array(2.46057883, dtype=float64)))
TRAIN 195 L=108.260 ttrain=0.17s teval=0.00s
NetworkWithTTFS(net=NoDelayLayerNetwork(iw=Array(0.14292362, dtype=float64), rw=Array(3.36532915, dtype=float64)))
TRAIN 196 L=92.420 ttrain=0.17s teval=0.00s
NetworkWithTTFS(net=NoDelayLayerNetwork(iw=Array(0.10450151, dtype=float64), rw=Array(2.83640095, dtype=float64)))
TRAIN 197 L=88.656 ttrain=0.17s teval=0.00s
NetworkWithTTFS(net=NoDelayLayerNetwork(iw=Array(0.13829659, dtype=float64), rw=Array(3.20044641, dtype=float64)))
TRAIN 198 L=91.033 ttrain=0.17s teval=0.00s
NetworkWithTTFS(net=NoDelayLayerNetwork(iw=Array(0.13616454, dtype=float64), rw=Array(2.96034322, dtype=float64)))
TRAIN 199 L=79.527 ttrain=0.17s teval=0.00s
NetworkWithTTFS(net=NoDelayLayerNetwork(iw=Array(0.11598686, dtype=float64), rw=Array(3.03175081, dtype=float64)))
TEST
FREQ 0.0 0.0008326394671107413 0.0007401239707651033
FREQtrain 0.0 0.0008326394671107413 0.0007401239707651033
TOP1 40.538193 TOP2 71.44098 TOP2Diff 11.545454545454545 LOSS 99.72162911223883
TOP1train 44.87847 TOP2train 82.29167 TOP2trainDiff 9.51863354037267
(Array([156, 173, 246, 263], dtype=int64), Array([0, 0, 0, 0], dtype=int64))
TRAIN 200 L=95.963 ttrain=0.17s teval=0.77s
NetworkWithTTFS(net=NoDelayLayerNetwork(iw=Array(0.14688079, dtype=float64), rw=Array(3.63542953, dtype=float64)))
TRAIN 201 L=83.149 ttrain=0.17s teval=0.00s
NetworkWithTTFS(net=NoDelayLayerNetwork(iw=Array(0.10074627, dtype=float64), rw=Array(2.26813436, dtype=float64)))
TRAIN 202 L=94.203 ttrain=0.17s teval=0.00s
NetworkWithTTFS(net=NoDelayLayerNetwork(iw=Array(0.11425393, dtype=float64), rw=Array(3.28403922, dtype=float64)))
TRAIN 203 L=93.655 ttrain=0.17s teval=0.00s
NetworkWithTTFS(net=NoDelayLayerNetwork(iw=Array(0.15641889, dtype=float64), rw=Array(3.22684359, dtype=float64)))
TRAIN 204 L=86.664 ttrain=0.17s teval=0.00s
NetworkWithTTFS(net=NoDelayLayerNetwork(iw=Array(0.1149745, dtype=float64), rw=Array(3.20505823, dtype=float64)))
TRAIN 205 L=85.611 ttrain=0.17s teval=0.00s
NetworkWithTTFS(net=NoDelayLayerNetwork(iw=Array(0.13066606, dtype=float64), rw=Array(2.99901134, dtype=float64)))
TRAIN 206 L=71.007 ttrain=0.17s teval=0.00s
NetworkWithTTFS(net=NoDelayLayerNetwork(iw=Array(0.09064378, dtype=float64), rw=Array(2.20285125, dtype=float64)))
TRAIN 207 L=100.241 ttrain=0.17s teval=0.00s
NetworkWithTTFS(net=NoDelayLayerNetwork(iw=Array(0.13891426, dtype=float64), rw=Array(3.14849343, dtype=float64)))
TRAIN 208 L=101.704 ttrain=0.17s teval=0.00s
NetworkWithTTFS(net=NoDelayLayerNetwork(iw=Array(0.16151558, dtype=float64), rw=Array(3.72093426, dtype=float64)))
TRAIN 209 L=62.970 ttrain=0.17s teval=0.00s
NetworkWithTTFS(net=NoDelayLayerNetwork(iw=Array(0.09569169, dtype=float64), rw=Array(2.43801537, dtype=float64)))
TRAIN 210 L=77.233 ttrain=0.17s teval=0.00s
NetworkWithTTFS(net=NoDelayLayerNetwork(iw=Array(0.0950592, dtype=float64), rw=Array(2.37406387, dtype=float64)))
TRAIN 211 L=77.278 ttrain=0.17s teval=0.00s
NetworkWithTTFS(net=NoDelayLayerNetwork(iw=Array(0.10747653, dtype=float64), rw=Array(2.81601591, dtype=float64)))
TRAIN 212 L=73.398 ttrain=0.17s teval=0.00s
NetworkWithTTFS(net=NoDelayLayerNetwork(iw=Array(0.11305883, dtype=float64), rw=Array(2.61757864, dtype=float64)))
TRAIN 213 L=77.519 ttrain=0.17s teval=0.00s
NetworkWithTTFS(net=NoDelayLayerNetwork(iw=Array(0.13951509, dtype=float64), rw=Array(2.63124309, dtype=float64)))
TRAIN 214 L=98.182 ttrain=0.17s teval=0.00s
NetworkWithTTFS(net=NoDelayLayerNetwork(iw=Array(0.16664508, dtype=float64), rw=Array(3.14142407, dtype=float64)))
TRAIN 215 L=75.160 ttrain=0.17s teval=0.00s
NetworkWithTTFS(net=NoDelayLayerNetwork(iw=Array(0.10132639, dtype=float64), rw=Array(2.6209152, dtype=float64)))
TRAIN 216 L=80.169 ttrain=0.17s teval=0.00s
NetworkWithTTFS(net=NoDelayLayerNetwork(iw=Array(0.10753502, dtype=float64), rw=Array(2.62203399, dtype=float64)))
TRAIN 217 L=76.343 ttrain=0.17s teval=0.00s
NetworkWithTTFS(net=NoDelayLayerNetwork(iw=Array(0.11086175, dtype=float64), rw=Array(2.76263755, dtype=float64)))
TRAIN 218 L=78.446 ttrain=0.17s teval=0.00s
NetworkWithTTFS(net=NoDelayLayerNetwork(iw=Array(0.10799419, dtype=float64), rw=Array(2.36544626, dtype=float64)))
TRAIN 219 L=69.716 ttrain=0.17s teval=0.00s
NetworkWithTTFS(net=NoDelayLayerNetwork(iw=Array(0.09131647, dtype=float64), rw=Array(2.44415046, dtype=float64)))
TRAIN 220 L=76.528 ttrain=0.17s teval=0.00s
NetworkWithTTFS(net=NoDelayLayerNetwork(iw=Array(0.09892996, dtype=float64), rw=Array(2.58498615, dtype=float64)))
TRAIN 221 L=72.572 ttrain=0.17s teval=0.00s
NetworkWithTTFS(net=NoDelayLayerNetwork(iw=Array(0.15064627, dtype=float64), rw=Array(2.96704586, dtype=float64)))
TRAIN 222 L=80.647 ttrain=0.17s teval=0.00s
NetworkWithTTFS(net=NoDelayLayerNetwork(iw=Array(0.11295931, dtype=float64), rw=Array(2.48080728, dtype=float64)))
TRAIN 223 L=70.182 ttrain=0.17s teval=0.00s
NetworkWithTTFS(net=NoDelayLayerNetwork(iw=Array(0.14155841, dtype=float64), rw=Array(3.10780206, dtype=float64)))
TRAIN 224 L=62.198 ttrain=0.17s teval=0.00s
NetworkWithTTFS(net=NoDelayLayerNetwork(iw=Array(0.09460278, dtype=float64), rw=Array(2.61837653, dtype=float64)))
TRAIN 225 L=76.434 ttrain=0.17s teval=0.00s
NetworkWithTTFS(net=NoDelayLayerNetwork(iw=Array(0.14877222, dtype=float64), rw=Array(2.9211959, dtype=float64)))
TRAIN 226 L=74.634 ttrain=0.17s teval=0.00s
NetworkWithTTFS(net=NoDelayLayerNetwork(iw=Array(0.14833134, dtype=float64), rw=Array(2.4162204, dtype=float64)))
TRAIN 227 L=70.641 ttrain=0.17s teval=0.00s
NetworkWithTTFS(net=NoDelayLayerNetwork(iw=Array(0.10479614, dtype=float64), rw=Array(2.3307536, dtype=float64)))
TRAIN 228 L=70.622 ttrain=0.17s teval=0.00s
NetworkWithTTFS(net=NoDelayLayerNetwork(iw=Array(0.14473551, dtype=float64), rw=Array(2.52572409, dtype=float64)))
TRAIN 229 L=69.971 ttrain=0.17s teval=0.00s
NetworkWithTTFS(net=NoDelayLayerNetwork(iw=Array(0.12999723, dtype=float64), rw=Array(2.53873332, dtype=float64)))
TRAIN 230 L=57.008 ttrain=0.17s teval=0.00s
NetworkWithTTFS(net=NoDelayLayerNetwork(iw=Array(0.11177056, dtype=float64), rw=Array(2.01304884, dtype=float64)))
TRAIN 231 L=65.238 ttrain=0.17s teval=0.00s
NetworkWithTTFS(net=NoDelayLayerNetwork(iw=Array(0.16343853, dtype=float64), rw=Array(2.46588688, dtype=float64)))
TRAIN 232 L=64.758 ttrain=0.17s teval=0.00s
NetworkWithTTFS(net=NoDelayLayerNetwork(iw=Array(0.12536402, dtype=float64), rw=Array(2.23283968, dtype=float64)))
TRAIN 233 L=80.482 ttrain=0.17s teval=0.00s
NetworkWithTTFS(net=NoDelayLayerNetwork(iw=Array(0.15869072, dtype=float64), rw=Array(2.72779455, dtype=float64)))
TRAIN 234 L=62.082 ttrain=0.17s teval=0.00s
NetworkWithTTFS(net=NoDelayLayerNetwork(iw=Array(0.11006787, dtype=float64), rw=Array(2.08657191, dtype=float64)))
TRAIN 235 L=67.082 ttrain=0.17s teval=0.00s
NetworkWithTTFS(net=NoDelayLayerNetwork(iw=Array(0.1284801, dtype=float64), rw=Array(2.25107096, dtype=float64)))
TRAIN 236 L=68.389 ttrain=0.17s teval=0.00s
NetworkWithTTFS(net=NoDelayLayerNetwork(iw=Array(0.12150792, dtype=float64), rw=Array(2.39031767, dtype=float64)))
TRAIN 237 L=62.075 ttrain=0.17s teval=0.00s
NetworkWithTTFS(net=NoDelayLayerNetwork(iw=Array(0.10684696, dtype=float64), rw=Array(2.22133386, dtype=float64)))
TRAIN 238 L=66.843 ttrain=0.17s teval=0.00s
NetworkWithTTFS(net=NoDelayLayerNetwork(iw=Array(0.12983919, dtype=float64), rw=Array(2.12275612, dtype=float64)))
TRAIN 239 L=58.884 ttrain=0.17s teval=0.00s
NetworkWithTTFS(net=NoDelayLayerNetwork(iw=Array(0.08282712, dtype=float64), rw=Array(2.25818808, dtype=float64)))
TRAIN 240 L=52.572 ttrain=0.17s teval=0.00s
NetworkWithTTFS(net=NoDelayLayerNetwork(iw=Array(0.07896439, dtype=float64), rw=Array(2.05635888, dtype=float64)))
TRAIN 241 L=64.964 ttrain=0.17s teval=0.00s
NetworkWithTTFS(net=NoDelayLayerNetwork(iw=Array(0.12394557, dtype=float64), rw=Array(2.4916222, dtype=float64)))
TRAIN 242 L=57.850 ttrain=0.17s teval=0.00s
NetworkWithTTFS(net=NoDelayLayerNetwork(iw=Array(0.13026133, dtype=float64), rw=Array(2.21007155, dtype=float64)))
TRAIN 243 L=59.721 ttrain=0.17s teval=0.00s
NetworkWithTTFS(net=NoDelayLayerNetwork(iw=Array(0.11907573, dtype=float64), rw=Array(2.05069897, dtype=float64)))
TRAIN 244 L=60.436 ttrain=0.17s teval=0.00s
NetworkWithTTFS(net=NoDelayLayerNetwork(iw=Array(0.06367196, dtype=float64), rw=Array(1.68314614, dtype=float64)))
TRAIN 245 L=63.376 ttrain=0.17s teval=0.00s
NetworkWithTTFS(net=NoDelayLayerNetwork(iw=Array(0.14180745, dtype=float64), rw=Array(2.37220421, dtype=float64)))
TRAIN 246 L=49.310 ttrain=0.17s teval=0.00s
NetworkWithTTFS(net=NoDelayLayerNetwork(iw=Array(0.0939998, dtype=float64), rw=Array(1.91478209, dtype=float64)))
TRAIN 247 L=56.220 ttrain=0.17s teval=0.00s
NetworkWithTTFS(net=NoDelayLayerNetwork(iw=Array(0.14017444, dtype=float64), rw=Array(2.28065854, dtype=float64)))
TRAIN 248 L=51.615 ttrain=0.17s teval=0.00s
NetworkWithTTFS(net=NoDelayLayerNetwork(iw=Array(0.09225335, dtype=float64), rw=Array(1.87530634, dtype=float64)))
TRAIN 249 L=63.643 ttrain=0.17s teval=0.00s
NetworkWithTTFS(net=NoDelayLayerNetwork(iw=Array(0.12854713, dtype=float64), rw=Array(2.51868593, dtype=float64)))
TRAIN 250 L=53.384 ttrain=0.17s teval=0.00s
NetworkWithTTFS(net=NoDelayLayerNetwork(iw=Array(0.0986906, dtype=float64), rw=Array(1.99233182, dtype=float64)))
TRAIN 251 L=57.389 ttrain=0.17s teval=0.00s
NetworkWithTTFS(net=NoDelayLayerNetwork(iw=Array(0.15453888, dtype=float64), rw=Array(2.28212002, dtype=float64)))
TRAIN 252 L=59.381 ttrain=0.17s teval=0.00s
NetworkWithTTFS(net=NoDelayLayerNetwork(iw=Array(0.13323989, dtype=float64), rw=Array(2.57887623, dtype=float64)))
TRAIN 253 L=57.393 ttrain=0.17s teval=0.00s
NetworkWithTTFS(net=NoDelayLayerNetwork(iw=Array(0.12546625, dtype=float64), rw=Array(2.34151088, dtype=float64)))
TRAIN 254 L=58.238 ttrain=0.17s teval=0.00s
NetworkWithTTFS(net=NoDelayLayerNetwork(iw=Array(0.11669735, dtype=float64), rw=Array(2.17327212, dtype=float64)))
TRAIN 255 L=75.940 ttrain=0.17s teval=0.00s
NetworkWithTTFS(net=NoDelayLayerNetwork(iw=Array(0.13517463, dtype=float64), rw=Array(2.56493711, dtype=float64)))
TRAIN 256 L=52.635 ttrain=0.17s teval=0.00s
NetworkWithTTFS(net=NoDelayLayerNetwork(iw=Array(0.11362481, dtype=float64), rw=Array(2.19826154, dtype=float64)))
TRAIN 257 L=49.417 ttrain=0.17s teval=0.00s
NetworkWithTTFS(net=NoDelayLayerNetwork(iw=Array(0.08316272, dtype=float64), rw=Array(1.92721098, dtype=float64)))
TRAIN 258 L=54.117 ttrain=0.17s teval=0.00s
NetworkWithTTFS(net=NoDelayLayerNetwork(iw=Array(0.14114041, dtype=float64), rw=Array(2.5489432, dtype=float64)))
TRAIN 259 L=53.910 ttrain=0.17s teval=0.00s
NetworkWithTTFS(net=NoDelayLayerNetwork(iw=Array(0.11393907, dtype=float64), rw=Array(2.00162729, dtype=float64)))
TRAIN 260 L=65.215 ttrain=0.17s teval=0.00s
NetworkWithTTFS(net=NoDelayLayerNetwork(iw=Array(0.14154172, dtype=float64), rw=Array(2.81465478, dtype=float64)))
TRAIN 261 L=53.825 ttrain=0.17s teval=0.00s
NetworkWithTTFS(net=NoDelayLayerNetwork(iw=Array(0.12870419, dtype=float64), rw=Array(2.16144225, dtype=float64)))
TRAIN 262 L=59.371 ttrain=0.17s teval=0.00s
NetworkWithTTFS(net=NoDelayLayerNetwork(iw=Array(0.14871741, dtype=float64), rw=Array(2.36761546, dtype=float64)))
TRAIN 263 L=50.078 ttrain=0.17s teval=0.00s
NetworkWithTTFS(net=NoDelayLayerNetwork(iw=Array(0.14259772, dtype=float64), rw=Array(2.16788081, dtype=float64)))
TRAIN 264 L=50.683 ttrain=0.17s teval=0.00s
NetworkWithTTFS(net=NoDelayLayerNetwork(iw=Array(0.1534299, dtype=float64), rw=Array(2.40878673, dtype=float64)))
TRAIN 265 L=49.878 ttrain=0.17s teval=0.00s
NetworkWithTTFS(net=NoDelayLayerNetwork(iw=Array(0.07755314, dtype=float64), rw=Array(2.26748444, dtype=float64)))
TRAIN 266 L=51.411 ttrain=0.17s teval=0.00s
NetworkWithTTFS(net=NoDelayLayerNetwork(iw=Array(0.14989996, dtype=float64), rw=Array(2.46690094, dtype=float64)))
TRAIN 267 L=59.708 ttrain=0.17s teval=0.00s
NetworkWithTTFS(net=NoDelayLayerNetwork(iw=Array(0.15286608, dtype=float64), rw=Array(2.59476119, dtype=float64)))
TRAIN 268 L=49.050 ttrain=0.17s teval=0.00s
NetworkWithTTFS(net=NoDelayLayerNetwork(iw=Array(0.11717192, dtype=float64), rw=Array(2.2519224, dtype=float64)))
TRAIN 269 L=44.816 ttrain=0.17s teval=0.00s
NetworkWithTTFS(net=NoDelayLayerNetwork(iw=Array(0.10632988, dtype=float64), rw=Array(2.06333087, dtype=float64)))
TRAIN 270 L=40.971 ttrain=0.17s teval=0.00s
NetworkWithTTFS(net=NoDelayLayerNetwork(iw=Array(0.10388584, dtype=float64), rw=Array(1.81125408, dtype=float64)))
TRAIN 271 L=42.548 ttrain=0.17s teval=0.00s
NetworkWithTTFS(net=NoDelayLayerNetwork(iw=Array(0.11168396, dtype=float64), rw=Array(1.87110498, dtype=float64)))
TRAIN 272 L=38.087 ttrain=0.17s teval=0.00s
NetworkWithTTFS(net=NoDelayLayerNetwork(iw=Array(0.1160078, dtype=float64), rw=Array(1.85704105, dtype=float64)))
TRAIN 273 L=59.522 ttrain=0.17s teval=0.00s
NetworkWithTTFS(net=NoDelayLayerNetwork(iw=Array(0.14155994, dtype=float64), rw=Array(2.54873475, dtype=float64)))
TRAIN 274 L=39.974 ttrain=0.17s teval=0.00s
NetworkWithTTFS(net=NoDelayLayerNetwork(iw=Array(0.13405703, dtype=float64), rw=Array(2.42111579, dtype=float64)))
TRAIN 275 L=41.336 ttrain=0.17s teval=0.00s
NetworkWithTTFS(net=NoDelayLayerNetwork(iw=Array(0.11239131, dtype=float64), rw=Array(1.88396722, dtype=float64)))
TRAIN 276 L=41.579 ttrain=0.17s teval=0.00s
NetworkWithTTFS(net=NoDelayLayerNetwork(iw=Array(0.1416197, dtype=float64), rw=Array(2.18682226, dtype=float64)))
TRAIN 277 L=44.313 ttrain=0.17s teval=0.00s
NetworkWithTTFS(net=NoDelayLayerNetwork(iw=Array(0.12753274, dtype=float64), rw=Array(2.32718348, dtype=float64)))
TRAIN 278 L=44.904 ttrain=0.17s teval=0.00s
NetworkWithTTFS(net=NoDelayLayerNetwork(iw=Array(0.0883295, dtype=float64), rw=Array(1.74214181, dtype=float64)))
TRAIN 279 L=45.236 ttrain=0.17s teval=0.00s
NetworkWithTTFS(net=NoDelayLayerNetwork(iw=Array(0.11785687, dtype=float64), rw=Array(2.21998626, dtype=float64)))
TRAIN 280 L=41.289 ttrain=0.17s teval=0.00s
NetworkWithTTFS(net=NoDelayLayerNetwork(iw=Array(0.11142654, dtype=float64), rw=Array(2.23879149, dtype=float64)))
TRAIN 281 L=36.139 ttrain=0.17s teval=0.00s
NetworkWithTTFS(net=NoDelayLayerNetwork(iw=Array(0.10370508, dtype=float64), rw=Array(1.87880265, dtype=float64)))
TRAIN 282 L=40.429 ttrain=0.17s teval=0.00s
NetworkWithTTFS(net=NoDelayLayerNetwork(iw=Array(0.09612049, dtype=float64), rw=Array(1.68244969, dtype=float64)))
TRAIN 283 L=45.131 ttrain=0.17s teval=0.00s
NetworkWithTTFS(net=NoDelayLayerNetwork(iw=Array(0.1641964, dtype=float64), rw=Array(2.42049208, dtype=float64)))
TRAIN 284 L=40.327 ttrain=0.17s teval=0.00s
NetworkWithTTFS(net=NoDelayLayerNetwork(iw=Array(0.08881224, dtype=float64), rw=Array(1.93892299, dtype=float64)))
TRAIN 285 L=48.904 ttrain=0.17s teval=0.00s
NetworkWithTTFS(net=NoDelayLayerNetwork(iw=Array(0.10622358, dtype=float64), rw=Array(2.20616179, dtype=float64)))
TRAIN 286 L=36.491 ttrain=0.17s teval=0.00s
NetworkWithTTFS(net=NoDelayLayerNetwork(iw=Array(0.10648587, dtype=float64), rw=Array(2.10920573, dtype=float64)))
TRAIN 287 L=34.286 ttrain=0.17s teval=0.00s
NetworkWithTTFS(net=NoDelayLayerNetwork(iw=Array(0.1185567, dtype=float64), rw=Array(2.16279067, dtype=float64)))
TRAIN 288 L=37.389 ttrain=0.17s teval=0.00s
NetworkWithTTFS(net=NoDelayLayerNetwork(iw=Array(0.11764578, dtype=float64), rw=Array(2.2230091, dtype=float64)))
TRAIN 289 L=42.305 ttrain=0.17s teval=0.00s
NetworkWithTTFS(net=NoDelayLayerNetwork(iw=Array(0.12966559, dtype=float64), rw=Array(2.32083003, dtype=float64)))
TRAIN 290 L=43.144 ttrain=0.17s teval=0.00s
NetworkWithTTFS(net=NoDelayLayerNetwork(iw=Array(0.1355339, dtype=float64), rw=Array(2.16266865, dtype=float64)))
TRAIN 291 L=42.687 ttrain=0.17s teval=0.00s
NetworkWithTTFS(net=NoDelayLayerNetwork(iw=Array(0.12956989, dtype=float64), rw=Array(2.2634855, dtype=float64)))
TRAIN 292 L=40.918 ttrain=0.17s teval=0.00s
NetworkWithTTFS(net=NoDelayLayerNetwork(iw=Array(0.06471813, dtype=float64), rw=Array(1.74419433, dtype=float64)))
TRAIN 293 L=43.246 ttrain=0.17s teval=0.00s
NetworkWithTTFS(net=NoDelayLayerNetwork(iw=Array(0.08695922, dtype=float64), rw=Array(1.93734735, dtype=float64)))
TRAIN 294 L=38.998 ttrain=0.17s teval=0.00s
NetworkWithTTFS(net=NoDelayLayerNetwork(iw=Array(0.09917901, dtype=float64), rw=Array(1.95600269, dtype=float64)))
TRAIN 295 L=40.603 ttrain=0.17s teval=0.00s
NetworkWithTTFS(net=NoDelayLayerNetwork(iw=Array(0.13673339, dtype=float64), rw=Array(2.49011406, dtype=float64)))
TRAIN 296 L=39.972 ttrain=0.17s teval=0.00s
NetworkWithTTFS(net=NoDelayLayerNetwork(iw=Array(0.08752937, dtype=float64), rw=Array(1.45014386, dtype=float64)))
TRAIN 297 L=32.630 ttrain=0.17s teval=0.00s
NetworkWithTTFS(net=NoDelayLayerNetwork(iw=Array(0.13813175, dtype=float64), rw=Array(1.91933906, dtype=float64)))
TRAIN 298 L=35.323 ttrain=0.17s teval=0.00s
NetworkWithTTFS(net=NoDelayLayerNetwork(iw=Array(0.10216157, dtype=float64), rw=Array(1.77714942, dtype=float64)))
TRAIN 299 L=33.224 ttrain=0.17s teval=0.00s
NetworkWithTTFS(net=NoDelayLayerNetwork(iw=Array(0.07914307, dtype=float64), rw=Array(1.47204967, dtype=float64)))
TEST
FREQ 0.0 0.0008326394671107413 0.0007401239707651033
FREQtrain 0.0 0.0008326394671107413 0.0007401239707651033
TOP1 36.458336 TOP2 69.96528 TOP2Diff 5.936507936507937 LOSS 36.351034368639105
TOP1train 42.881943 TOP2train 82.29167 TOP2trainDiff 4.5539772727272725
TRAIN 300 L=32.413 ttrain=0.17s teval=0.00s
NetworkWithTTFS(net=NoDelayLayerNetwork(iw=Array(0.08841036, dtype=float64), rw=Array(1.74445348, dtype=float64)))
TRAIN 301 L=30.768 ttrain=0.17s teval=0.00s
NetworkWithTTFS(net=NoDelayLayerNetwork(iw=Array(0.10957186, dtype=float64), rw=Array(1.98825031, dtype=float64)))
TRAIN 302 L=27.715 ttrain=0.17s teval=0.00s
NetworkWithTTFS(net=NoDelayLayerNetwork(iw=Array(0.07365952, dtype=float64), rw=Array(1.85961962, dtype=float64)))
TRAIN 303 L=27.794 ttrain=0.17s teval=0.00s
NetworkWithTTFS(net=NoDelayLayerNetwork(iw=Array(0.12633604, dtype=float64), rw=Array(1.79536674, dtype=float64)))
TRAIN 304 L=27.777 ttrain=0.17s teval=0.00s
NetworkWithTTFS(net=NoDelayLayerNetwork(iw=Array(0.12319858, dtype=float64), rw=Array(1.87791101, dtype=float64)))
TRAIN 305 L=35.963 ttrain=0.17s teval=0.00s
NetworkWithTTFS(net=NoDelayLayerNetwork(iw=Array(0.06869716, dtype=float64), rw=Array(1.91338814, dtype=float64)))
TRAIN 306 L=27.949 ttrain=0.17s teval=0.00s
NetworkWithTTFS(net=NoDelayLayerNetwork(iw=Array(0.120729, dtype=float64), rw=Array(1.64119372, dtype=float64)))
TRAIN 307 L=37.097 ttrain=0.17s teval=0.00s
NetworkWithTTFS(net=NoDelayLayerNetwork(iw=Array(0.0735982, dtype=float64), rw=Array(1.80509799, dtype=float64)))
TRAIN 308 L=33.345 ttrain=0.17s teval=0.00s
NetworkWithTTFS(net=NoDelayLayerNetwork(iw=Array(0.1058756, dtype=float64), rw=Array(1.78242709, dtype=float64)))
TRAIN 309 L=27.842 ttrain=0.17s teval=0.00s
NetworkWithTTFS(net=NoDelayLayerNetwork(iw=Array(0.07388571, dtype=float64), rw=Array(1.45655842, dtype=float64)))
TRAIN 310 L=30.353 ttrain=0.17s teval=0.00s
NetworkWithTTFS(net=NoDelayLayerNetwork(iw=Array(0.0773053, dtype=float64), rw=Array(1.64827288, dtype=float64)))
TRAIN 311 L=27.399 ttrain=0.17s teval=0.00s
NetworkWithTTFS(net=NoDelayLayerNetwork(iw=Array(0.09237897, dtype=float64), rw=Array(1.73148495, dtype=float64)))
TRAIN 312 L=26.374 ttrain=0.17s teval=0.00s
NetworkWithTTFS(net=NoDelayLayerNetwork(iw=Array(0.0619116, dtype=float64), rw=Array(1.67354167, dtype=float64)))
TRAIN 313 L=37.827 ttrain=0.17s teval=0.00s
NetworkWithTTFS(net=NoDelayLayerNetwork(iw=Array(0.10455499, dtype=float64), rw=Array(1.49950491, dtype=float64)))
TRAIN 314 L=28.431 ttrain=0.17s teval=0.00s
NetworkWithTTFS(net=NoDelayLayerNetwork(iw=Array(0.07701009, dtype=float64), rw=Array(1.52986361, dtype=float64)))
TRAIN 315 L=23.835 ttrain=0.17s teval=0.00s
NetworkWithTTFS(net=NoDelayLayerNetwork(iw=Array(0.0693508, dtype=float64), rw=Array(1.45718998, dtype=float64)))
TRAIN 316 L=28.772 ttrain=0.17s teval=0.00s
NetworkWithTTFS(net=NoDelayLayerNetwork(iw=Array(0.05948818, dtype=float64), rw=Array(1.76174957, dtype=float64)))
TRAIN 317 L=24.199 ttrain=0.17s teval=0.00s
NetworkWithTTFS(net=NoDelayLayerNetwork(iw=Array(0.06799334, dtype=float64), rw=Array(1.57552773, dtype=float64)))
TRAIN 318 L=25.257 ttrain=0.17s teval=0.00s
NetworkWithTTFS(net=NoDelayLayerNetwork(iw=Array(0.05543517, dtype=float64), rw=Array(1.2481227, dtype=float64)))
TRAIN 319 L=26.838 ttrain=0.17s teval=0.00s
NetworkWithTTFS(net=NoDelayLayerNetwork(iw=Array(0.08110002, dtype=float64), rw=Array(1.50153677, dtype=float64)))
TRAIN 320 L=31.817 ttrain=0.17s teval=0.00s
NetworkWithTTFS(net=NoDelayLayerNetwork(iw=Array(0.07811139, dtype=float64), rw=Array(1.50691016, dtype=float64)))
TRAIN 321 L=23.643 ttrain=0.17s teval=0.00s
NetworkWithTTFS(net=NoDelayLayerNetwork(iw=Array(0.11540266, dtype=float64), rw=Array(1.69326333, dtype=float64)))
TRAIN 322 L=21.679 ttrain=0.17s teval=0.00s
NetworkWithTTFS(net=NoDelayLayerNetwork(iw=Array(0.06997085, dtype=float64), rw=Array(1.39815941, dtype=float64)))
TRAIN 323 L=24.619 ttrain=0.17s teval=0.00s
NetworkWithTTFS(net=NoDelayLayerNetwork(iw=Array(0.09318371, dtype=float64), rw=Array(1.36965642, dtype=float64)))
TRAIN 324 L=22.541 ttrain=0.17s teval=0.00s
NetworkWithTTFS(net=NoDelayLayerNetwork(iw=Array(0.05828735, dtype=float64), rw=Array(1.34241326, dtype=float64)))
TRAIN 325 L=32.137 ttrain=0.17s teval=0.00s
NetworkWithTTFS(net=NoDelayLayerNetwork(iw=Array(0.0817853, dtype=float64), rw=Array(1.54179647, dtype=float64)))
TRAIN 326 L=19.436 ttrain=0.17s teval=0.00s
NetworkWithTTFS(net=NoDelayLayerNetwork(iw=Array(0.04970701, dtype=float64), rw=Array(1.16289772, dtype=float64)))
TRAIN 327 L=30.159 ttrain=0.17s teval=0.00s
NetworkWithTTFS(net=NoDelayLayerNetwork(iw=Array(0.10547178, dtype=float64), rw=Array(1.69319814, dtype=float64)))
TRAIN 328 L=23.088 ttrain=0.17s teval=0.00s
NetworkWithTTFS(net=NoDelayLayerNetwork(iw=Array(0.10700472, dtype=float64), rw=Array(1.55451974, dtype=float64)))
TRAIN 329 L=20.389 ttrain=0.17s teval=0.00s
NetworkWithTTFS(net=NoDelayLayerNetwork(iw=Array(0.10764753, dtype=float64), rw=Array(1.7344374, dtype=float64)))
TRAIN 330 L=27.075 ttrain=0.17s teval=0.00s
NetworkWithTTFS(net=NoDelayLayerNetwork(iw=Array(0.07962056, dtype=float64), rw=Array(1.2765956, dtype=float64)))
TRAIN 331 L=18.745 ttrain=0.17s teval=0.00s
NetworkWithTTFS(net=NoDelayLayerNetwork(iw=Array(0.07013514, dtype=float64), rw=Array(1.5258968, dtype=float64)))
TRAIN 332 L=17.709 ttrain=0.17s teval=0.00s
NetworkWithTTFS(net=NoDelayLayerNetwork(iw=Array(0.03780084, dtype=float64), rw=Array(0.96581722, dtype=float64)))
TRAIN 333 L=18.666 ttrain=0.17s teval=0.00s
NetworkWithTTFS(net=NoDelayLayerNetwork(iw=Array(0.06339386, dtype=float64), rw=Array(1.72275937, dtype=float64)))
TRAIN 334 L=28.285 ttrain=0.17s teval=0.00s
NetworkWithTTFS(net=NoDelayLayerNetwork(iw=Array(0.04460315, dtype=float64), rw=Array(1.17233208, dtype=float64)))
TRAIN 335 L=17.103 ttrain=0.17s teval=0.00s
NetworkWithTTFS(net=NoDelayLayerNetwork(iw=Array(0.05282226, dtype=float64), rw=Array(1.19314659, dtype=float64)))
TRAIN 336 L=18.423 ttrain=0.17s teval=0.00s
NetworkWithTTFS(net=NoDelayLayerNetwork(iw=Array(0.07808112, dtype=float64), rw=Array(1.05638192, dtype=float64)))
TRAIN 337 L=17.602 ttrain=0.17s teval=0.00s
NetworkWithTTFS(net=NoDelayLayerNetwork(iw=Array(0.05973774, dtype=float64), rw=Array(1.14603531, dtype=float64)))
TRAIN 338 L=20.872 ttrain=0.17s teval=0.00s
NetworkWithTTFS(net=NoDelayLayerNetwork(iw=Array(0.06565957, dtype=float64), rw=Array(1.2167861, dtype=float64)))
TRAIN 339 L=16.222 ttrain=0.17s teval=0.00s
NetworkWithTTFS(net=NoDelayLayerNetwork(iw=Array(0.0665955, dtype=float64), rw=Array(1.11627412, dtype=float64)))
TRAIN 340 L=15.272 ttrain=0.17s teval=0.00s
NetworkWithTTFS(net=NoDelayLayerNetwork(iw=Array(0.05426516, dtype=float64), rw=Array(1.13755511, dtype=float64)))
TRAIN 341 L=17.280 ttrain=0.17s teval=0.00s
NetworkWithTTFS(net=NoDelayLayerNetwork(iw=Array(0.05811032, dtype=float64), rw=Array(0.99637899, dtype=float64)))
TRAIN 342 L=17.335 ttrain=0.17s teval=0.00s
NetworkWithTTFS(net=NoDelayLayerNetwork(iw=Array(0.05927815, dtype=float64), rw=Array(1.18057701, dtype=float64)))
TRAIN 343 L=17.184 ttrain=0.17s teval=0.00s
NetworkWithTTFS(net=NoDelayLayerNetwork(iw=Array(0.07188959, dtype=float64), rw=Array(1.27632993, dtype=float64)))
TRAIN 344 L=31.225 ttrain=0.17s teval=0.00s
NetworkWithTTFS(net=NoDelayLayerNetwork(iw=Array(0.05640072, dtype=float64), rw=Array(1.31012441, dtype=float64)))
TRAIN 345 L=23.462 ttrain=0.17s teval=0.00s
NetworkWithTTFS(net=NoDelayLayerNetwork(iw=Array(0.07245811, dtype=float64), rw=Array(1.43664042, dtype=float64)))
TRAIN 346 L=15.191 ttrain=0.17s teval=0.00s
NetworkWithTTFS(net=NoDelayLayerNetwork(iw=Array(0.06822446, dtype=float64), rw=Array(1.49215929, dtype=float64)))
TRAIN 347 L=18.212 ttrain=0.17s teval=0.00s
NetworkWithTTFS(net=NoDelayLayerNetwork(iw=Array(0.06606814, dtype=float64), rw=Array(1.15664491, dtype=float64)))
TRAIN 348 L=20.120 ttrain=0.17s teval=0.00s
NetworkWithTTFS(net=NoDelayLayerNetwork(iw=Array(0.02931552, dtype=float64), rw=Array(0.76552363, dtype=float64)))
TRAIN 349 L=16.225 ttrain=0.17s teval=0.00s
NetworkWithTTFS(net=NoDelayLayerNetwork(iw=Array(0.0512091, dtype=float64), rw=Array(1.2992035, dtype=float64)))
TRAIN 350 L=21.231 ttrain=0.17s teval=0.00s
NetworkWithTTFS(net=NoDelayLayerNetwork(iw=Array(0.04857496, dtype=float64), rw=Array(1.23245105, dtype=float64)))
TRAIN 351 L=16.429 ttrain=0.17s teval=0.00s
NetworkWithTTFS(net=NoDelayLayerNetwork(iw=Array(0.0569683, dtype=float64), rw=Array(0.95742189, dtype=float64)))
TRAIN 352 L=19.191 ttrain=0.17s teval=0.00s
NetworkWithTTFS(net=NoDelayLayerNetwork(iw=Array(0.04670577, dtype=float64), rw=Array(1.11133215, dtype=float64)))
TRAIN 353 L=21.936 ttrain=0.17s teval=0.00s
NetworkWithTTFS(net=NoDelayLayerNetwork(iw=Array(0.07717114, dtype=float64), rw=Array(1.50728989, dtype=float64)))
TRAIN 354 L=16.419 ttrain=0.17s teval=0.00s
NetworkWithTTFS(net=NoDelayLayerNetwork(iw=Array(0.05983286, dtype=float64), rw=Array(1.09448234, dtype=float64)))
TRAIN 355 L=13.583 ttrain=0.17s teval=0.00s
NetworkWithTTFS(net=NoDelayLayerNetwork(iw=Array(0.07759253, dtype=float64), rw=Array(1.26758899, dtype=float64)))
TRAIN 356 L=15.051 ttrain=0.17s teval=0.00s
NetworkWithTTFS(net=NoDelayLayerNetwork(iw=Array(0.03744119, dtype=float64), rw=Array(0.69556482, dtype=float64)))
TRAIN 357 L=20.686 ttrain=0.17s teval=0.00s
NetworkWithTTFS(net=NoDelayLayerNetwork(iw=Array(0.03262734, dtype=float64), rw=Array(1.08090837, dtype=float64)))
TRAIN 358 L=13.541 ttrain=0.17s teval=0.00s
NetworkWithTTFS(net=NoDelayLayerNetwork(iw=Array(0.07347587, dtype=float64), rw=Array(0.92367503, dtype=float64)))
TRAIN 359 L=16.957 ttrain=0.17s teval=0.00s
NetworkWithTTFS(net=NoDelayLayerNetwork(iw=Array(0.02323565, dtype=float64), rw=Array(0.47983703, dtype=float64)))
TRAIN 360 L=24.066 ttrain=0.17s teval=0.00s
NetworkWithTTFS(net=NoDelayLayerNetwork(iw=Array(0.04578256, dtype=float64), rw=Array(1.5209733, dtype=float64)))
TRAIN 361 L=24.577 ttrain=0.17s teval=0.00s
NetworkWithTTFS(net=NoDelayLayerNetwork(iw=Array(0.07397084, dtype=float64), rw=Array(1.34120935, dtype=float64)))
TRAIN 362 L=16.198 ttrain=0.17s teval=0.00s
NetworkWithTTFS(net=NoDelayLayerNetwork(iw=Array(0.04980582, dtype=float64), rw=Array(0.8560804, dtype=float64)))
TRAIN 363 L=11.542 ttrain=0.17s teval=0.00s
NetworkWithTTFS(net=NoDelayLayerNetwork(iw=Array(0.02348203, dtype=float64), rw=Array(0.72863404, dtype=float64)))
TRAIN 364 L=13.989 ttrain=0.17s teval=0.00s
NetworkWithTTFS(net=NoDelayLayerNetwork(iw=Array(0.07717083, dtype=float64), rw=Array(1.23033342, dtype=float64)))
TRAIN 365 L=20.589 ttrain=0.17s teval=0.00s
NetworkWithTTFS(net=NoDelayLayerNetwork(iw=Array(0.06040948, dtype=float64), rw=Array(0.7940826, dtype=float64)))
TRAIN 366 L=18.520 ttrain=0.17s teval=0.00s
NetworkWithTTFS(net=NoDelayLayerNetwork(iw=Array(0.03569779, dtype=float64), rw=Array(0.58382329, dtype=float64)))
TRAIN 367 L=15.281 ttrain=0.17s teval=0.00s
NetworkWithTTFS(net=NoDelayLayerNetwork(iw=Array(0.04139232, dtype=float64), rw=Array(0.68954734, dtype=float64)))
TRAIN 368 L=13.709 ttrain=0.17s teval=0.00s
NetworkWithTTFS(net=NoDelayLayerNetwork(iw=Array(0.04385936, dtype=float64), rw=Array(0.47158204, dtype=float64)))
TRAIN 369 L=12.714 ttrain=0.17s teval=0.00s
NetworkWithTTFS(net=NoDelayLayerNetwork(iw=Array(0.07184769, dtype=float64), rw=Array(0.9992188, dtype=float64)))
TRAIN 370 L=22.914 ttrain=0.17s teval=0.00s
NetworkWithTTFS(net=NoDelayLayerNetwork(iw=Array(0.04454995, dtype=float64), rw=Array(0.79032642, dtype=float64)))
TRAIN 371 L=12.839 ttrain=0.17s teval=0.00s
NetworkWithTTFS(net=NoDelayLayerNetwork(iw=Array(0.02866549, dtype=float64), rw=Array(0.82542626, dtype=float64)))
TRAIN 372 L=11.153 ttrain=0.17s teval=0.00s
NetworkWithTTFS(net=NoDelayLayerNetwork(iw=Array(0.02388804, dtype=float64), rw=Array(0.34834434, dtype=float64)))
TRAIN 373 L=14.293 ttrain=0.17s teval=0.00s
NetworkWithTTFS(net=NoDelayLayerNetwork(iw=Array(0.04726926, dtype=float64), rw=Array(0.86107249, dtype=float64)))
TRAIN 374 L=14.657 ttrain=0.17s teval=0.00s
NetworkWithTTFS(net=NoDelayLayerNetwork(iw=Array(0.04403793, dtype=float64), rw=Array(0.73148868, dtype=float64)))
TRAIN 375 L=19.202 ttrain=0.17s teval=0.00s
NetworkWithTTFS(net=NoDelayLayerNetwork(iw=Array(0.02807699, dtype=float64), rw=Array(0.66939649, dtype=float64)))
TRAIN 376 L=18.777 ttrain=0.17s teval=0.00s
NetworkWithTTFS(net=NoDelayLayerNetwork(iw=Array(0.02602314, dtype=float64), rw=Array(0.60805772, dtype=float64)))
TRAIN 377 L=8.020 ttrain=0.17s teval=0.00s
NetworkWithTTFS(net=NoDelayLayerNetwork(iw=Array(0.02378019, dtype=float64), rw=Array(0.50580564, dtype=float64)))
TRAIN 378 L=19.661 ttrain=0.17s teval=0.00s
NetworkWithTTFS(net=NoDelayLayerNetwork(iw=Array(0.03124473, dtype=float64), rw=Array(0.52988146, dtype=float64)))
TRAIN 379 L=13.931 ttrain=0.17s teval=0.00s
NetworkWithTTFS(net=NoDelayLayerNetwork(iw=Array(0.03132953, dtype=float64), rw=Array(0.98011666, dtype=float64)))
TRAIN 380 L=20.500 ttrain=0.17s teval=0.00s
NetworkWithTTFS(net=NoDelayLayerNetwork(iw=Array(0.02460346, dtype=float64), rw=Array(0.78791149, dtype=float64)))
TRAIN 381 L=15.441 ttrain=0.17s teval=0.00s
NetworkWithTTFS(net=NoDelayLayerNetwork(iw=Array(0.04317811, dtype=float64), rw=Array(0.57703438, dtype=float64)))
TRAIN 382 L=19.965 ttrain=0.17s teval=0.00s
NetworkWithTTFS(net=NoDelayLayerNetwork(iw=Array(0.03219074, dtype=float64), rw=Array(0.67748013, dtype=float64)))
TRAIN 383 L=15.877 ttrain=0.17s teval=0.00s
NetworkWithTTFS(net=NoDelayLayerNetwork(iw=Array(0.03072295, dtype=float64), rw=Array(0.56900552, dtype=float64)))
TRAIN 384 L=13.820 ttrain=0.17s teval=0.00s
NetworkWithTTFS(net=NoDelayLayerNetwork(iw=Array(0.03765237, dtype=float64), rw=Array(0.69921215, dtype=float64)))
TRAIN 385 L=18.077 ttrain=0.17s teval=0.00s
NetworkWithTTFS(net=NoDelayLayerNetwork(iw=Array(0.04443515, dtype=float64), rw=Array(0.67090287, dtype=float64)))
TRAIN 386 L=13.604 ttrain=0.17s teval=0.00s
NetworkWithTTFS(net=NoDelayLayerNetwork(iw=Array(0.06957584, dtype=float64), rw=Array(1.10106624, dtype=float64)))
TRAIN 387 L=10.792 ttrain=0.17s teval=0.00s
NetworkWithTTFS(net=NoDelayLayerNetwork(iw=Array(0.05092663, dtype=float64), rw=Array(1.0544771, dtype=float64)))
TRAIN 388 L=12.422 ttrain=0.17s teval=0.00s
NetworkWithTTFS(net=NoDelayLayerNetwork(iw=Array(0.04051761, dtype=float64), rw=Array(0.55047204, dtype=float64)))
TRAIN 389 L=14.075 ttrain=0.17s teval=0.00s
NetworkWithTTFS(net=NoDelayLayerNetwork(iw=Array(0.02845742, dtype=float64), rw=Array(0.51203942, dtype=float64)))
TRAIN 390 L=19.492 ttrain=0.17s teval=0.00s
NetworkWithTTFS(net=NoDelayLayerNetwork(iw=Array(0.05429469, dtype=float64), rw=Array(1.13141361, dtype=float64)))
TRAIN 391 L=18.458 ttrain=0.17s teval=0.00s
NetworkWithTTFS(net=NoDelayLayerNetwork(iw=Array(0.02627663, dtype=float64), rw=Array(0.44773513, dtype=float64)))
TRAIN 392 L=11.058 ttrain=0.17s teval=0.00s
NetworkWithTTFS(net=NoDelayLayerNetwork(iw=Array(0.03206746, dtype=float64), rw=Array(0.45511609, dtype=float64)))
TRAIN 393 L=12.498 ttrain=0.17s teval=0.00s
NetworkWithTTFS(net=NoDelayLayerNetwork(iw=Array(0.0502507, dtype=float64), rw=Array(1.03754085, dtype=float64)))
TRAIN 394 L=13.723 ttrain=0.17s teval=0.00s
NetworkWithTTFS(net=NoDelayLayerNetwork(iw=Array(0.03442646, dtype=float64), rw=Array(0.38745497, dtype=float64)))
TRAIN 395 L=10.780 ttrain=0.17s teval=0.00s
NetworkWithTTFS(net=NoDelayLayerNetwork(iw=Array(0.0178969, dtype=float64), rw=Array(0.30176869, dtype=float64)))
TRAIN 396 L=19.884 ttrain=0.17s teval=0.00s
NetworkWithTTFS(net=NoDelayLayerNetwork(iw=Array(0.03965349, dtype=float64), rw=Array(0.77095932, dtype=float64)))
TRAIN 397 L=13.454 ttrain=0.17s teval=0.00s
NetworkWithTTFS(net=NoDelayLayerNetwork(iw=Array(0.02676564, dtype=float64), rw=Array(0.3412886, dtype=float64)))
TRAIN 398 L=14.395 ttrain=0.17s teval=0.00s
NetworkWithTTFS(net=NoDelayLayerNetwork(iw=Array(0.05955473, dtype=float64), rw=Array(1.05646296, dtype=float64)))
TRAIN 399 L=18.453 ttrain=0.17s teval=0.00s
NetworkWithTTFS(net=NoDelayLayerNetwork(iw=Array(0.04489712, dtype=float64), rw=Array(0.5932728, dtype=float64)))
TEST
FREQ 0.0 0.0008326394671107413 0.0007401239707651033
