gpu
NVIDIA H100
Mon Oct 27 16:24:31 2025
['train_yy.py', '--ndim', '0', '--nhidden', '10', '--lr', '0.0008', '--dt', '0.01', '--batch_size', '150', '--beta', '8', '--wseed', '22', '--bseed', '2', '--layer', '--force']

 == CONFIG == 
ndim                 0
nhidden              10
batch_size           150
load_limit           None
load_limit_test      None
lr                   0.0008
ifactor              1
rfactor              1
force                True
skip                 False
debug                False
dt                   0.01
save_dir             saved
reload               False
layer                True
margin               0.0
beta                 8.0
wseed                22
bseed                2
ttrain               10000

Train set size: (5000, 1201, 1) Test set size: (1000, 1201, 1)
start_training
TEST
FREQ 0.0008326394671107411 0.0008326394671107413 0.0008326394671107414
FREQtrain 0.0008326394671107411 0.0008326394671107413 0.0008326394671107414
TOP1 36.458336 TOP2 75.69444 TOP2Diff 18.551470588235293 LOSS 252.1600000011261
TOP1train 30.555557 TOP2train 71.875 TOP2trainDiff 17.321428571428573
compiling
TRAIN 0 L=206.880 ttrain=3.32s teval=0.39s
NetworkWithTTFS(net=NoDelayLayerNetwork(iw=Array(0.1196764, dtype=float64), rw=Array(3.5074034, dtype=float64)))
TRAIN 1 L=203.787 ttrain=0.17s teval=0.00s
NetworkWithTTFS(net=NoDelayLayerNetwork(iw=Array(0.08981436, dtype=float64), rw=Array(3.25254486, dtype=float64)))
(Array([ 53, 179, 240, 366], dtype=int64), Array([0, 0, 0, 0], dtype=int64))
TRAIN 2 L=221.707 ttrain=0.17s teval=4.33s
NetworkWithTTFS(net=NoDelayLayerNetwork(iw=Array(0.1015584, dtype=float64), rw=Array(3.75033516, dtype=float64)))
TRAIN 3 L=256.160 ttrain=0.17s teval=0.00s
NetworkWithTTFS(net=NoDelayLayerNetwork(iw=Array(0.13401567, dtype=float64), rw=Array(3.90534591, dtype=float64)))
TRAIN 4 L=185.493 ttrain=0.17s teval=0.00s
NetworkWithTTFS(net=NoDelayLayerNetwork(iw=Array(0.06200534, dtype=float64), rw=Array(2.8933782, dtype=float64)))
TRAIN 5 L=219.151 ttrain=0.17s teval=0.00s
NetworkWithTTFS(net=NoDelayLayerNetwork(iw=Array(0.10016427, dtype=float64), rw=Array(3.59066402, dtype=float64)))
TRAIN 6 L=243.360 ttrain=0.17s teval=0.00s
NetworkWithTTFS(net=NoDelayLayerNetwork(iw=Array(0.10787589, dtype=float64), rw=Array(3.82852639, dtype=float64)))
TRAIN 7 L=227.098 ttrain=0.17s teval=0.00s
NetworkWithTTFS(net=NoDelayLayerNetwork(iw=Array(0.11735992, dtype=float64), rw=Array(3.65540806, dtype=float64)))
TRAIN 8 L=230.191 ttrain=0.17s teval=0.00s
NetworkWithTTFS(net=NoDelayLayerNetwork(iw=Array(0.10469319, dtype=float64), rw=Array(3.56005974, dtype=float64)))
TRAIN 9 L=235.253 ttrain=0.17s teval=0.00s
NetworkWithTTFS(net=NoDelayLayerNetwork(iw=Array(0.10636966, dtype=float64), rw=Array(3.77899974, dtype=float64)))
TRAIN 10 L=225.013 ttrain=0.17s teval=0.00s
NetworkWithTTFS(net=NoDelayLayerNetwork(iw=Array(0.10861452, dtype=float64), rw=Array(3.7699575, dtype=float64)))
TRAIN 11 L=218.773 ttrain=0.17s teval=0.00s
NetworkWithTTFS(net=NoDelayLayerNetwork(iw=Array(0.08358776, dtype=float64), rw=Array(3.65566921, dtype=float64)))
TRAIN 12 L=237.973 ttrain=0.17s teval=0.00s
NetworkWithTTFS(net=NoDelayLayerNetwork(iw=Array(0.10332401, dtype=float64), rw=Array(3.79744563, dtype=float64)))
TRAIN 13 L=187.893 ttrain=0.17s teval=0.00s
NetworkWithTTFS(net=NoDelayLayerNetwork(iw=Array(0.07845818, dtype=float64), rw=Array(2.89091739, dtype=float64)))
TRAIN 14 L=231.627 ttrain=0.17s teval=0.00s
NetworkWithTTFS(net=NoDelayLayerNetwork(iw=Array(0.10742143, dtype=float64), rw=Array(3.73138596, dtype=float64)))
TRAIN 15 L=231.520 ttrain=0.17s teval=0.00s
NetworkWithTTFS(net=NoDelayLayerNetwork(iw=Array(0.12048009, dtype=float64), rw=Array(3.92214978, dtype=float64)))
TRAIN 16 L=279.627 ttrain=0.17s teval=0.00s
NetworkWithTTFS(net=NoDelayLayerNetwork(iw=Array(0.12602731, dtype=float64), rw=Array(4.19400342, dtype=float64)))
TRAIN 17 L=240.965 ttrain=0.17s teval=0.00s
NetworkWithTTFS(net=NoDelayLayerNetwork(iw=Array(0.10727484, dtype=float64), rw=Array(3.90839717, dtype=float64)))
TRAIN 18 L=212.160 ttrain=0.17s teval=0.00s
NetworkWithTTFS(net=NoDelayLayerNetwork(iw=Array(0.07542441, dtype=float64), rw=Array(3.46562024, dtype=float64)))
TRAIN 19 L=226.240 ttrain=0.17s teval=0.00s
NetworkWithTTFS(net=NoDelayLayerNetwork(iw=Array(0.09135534, dtype=float64), rw=Array(3.3104411, dtype=float64)))
TRAIN 20 L=235.200 ttrain=0.17s teval=0.00s
NetworkWithTTFS(net=NoDelayLayerNetwork(iw=Array(0.1013879, dtype=float64), rw=Array(3.76460383, dtype=float64)))
TRAIN 21 L=211.360 ttrain=0.17s teval=0.00s
NetworkWithTTFS(net=NoDelayLayerNetwork(iw=Array(0.10518827, dtype=float64), rw=Array(3.45505985, dtype=float64)))
TRAIN 22 L=231.733 ttrain=0.17s teval=0.00s
NetworkWithTTFS(net=NoDelayLayerNetwork(iw=Array(0.08565882, dtype=float64), rw=Array(3.71829947, dtype=float64)))
TRAIN 23 L=207.840 ttrain=0.17s teval=0.00s
NetworkWithTTFS(net=NoDelayLayerNetwork(iw=Array(0.08623569, dtype=float64), rw=Array(3.30587516, dtype=float64)))
TRAIN 24 L=193.013 ttrain=0.17s teval=0.00s
NetworkWithTTFS(net=NoDelayLayerNetwork(iw=Array(0.0845191, dtype=float64), rw=Array(2.94495384, dtype=float64)))
TRAIN 25 L=241.653 ttrain=0.17s teval=0.00s
NetworkWithTTFS(net=NoDelayLayerNetwork(iw=Array(0.10155148, dtype=float64), rw=Array(3.89351772, dtype=float64)))
TRAIN 26 L=219.253 ttrain=0.17s teval=0.00s
NetworkWithTTFS(net=NoDelayLayerNetwork(iw=Array(0.08871927, dtype=float64), rw=Array(3.38128309, dtype=float64)))
TRAIN 27 L=246.991 ttrain=0.17s teval=0.00s
NetworkWithTTFS(net=NoDelayLayerNetwork(iw=Array(0.12323616, dtype=float64), rw=Array(4.12199087, dtype=float64)))
TRAIN 28 L=212.218 ttrain=0.17s teval=0.00s
NetworkWithTTFS(net=NoDelayLayerNetwork(iw=Array(0.11492577, dtype=float64), rw=Array(3.04627624, dtype=float64)))
TRAIN 29 L=212.645 ttrain=0.17s teval=0.00s
NetworkWithTTFS(net=NoDelayLayerNetwork(iw=Array(0.09174255, dtype=float64), rw=Array(3.41518532, dtype=float64)))
TRAIN 30 L=218.507 ttrain=0.17s teval=0.00s
NetworkWithTTFS(net=NoDelayLayerNetwork(iw=Array(0.11672257, dtype=float64), rw=Array(3.68884592, dtype=float64)))
TRAIN 31 L=262.880 ttrain=0.17s teval=0.00s
NetworkWithTTFS(net=NoDelayLayerNetwork(iw=Array(0.10590382, dtype=float64), rw=Array(4.08631032, dtype=float64)))
TRAIN 32 L=241.973 ttrain=0.17s teval=0.00s
NetworkWithTTFS(net=NoDelayLayerNetwork(iw=Array(0.10363882, dtype=float64), rw=Array(4.06324734, dtype=float64)))
TRAIN 33 L=216.645 ttrain=0.17s teval=0.00s
NetworkWithTTFS(net=NoDelayLayerNetwork(iw=Array(0.10796095, dtype=float64), rw=Array(3.36737852, dtype=float64)))
TRAIN 34 L=245.227 ttrain=0.17s teval=0.00s
NetworkWithTTFS(net=NoDelayLayerNetwork(iw=Array(0.12375688, dtype=float64), rw=Array(3.91185468, dtype=float64)))
TRAIN 35 L=198.458 ttrain=0.17s teval=0.00s
NetworkWithTTFS(net=NoDelayLayerNetwork(iw=Array(0.08667873, dtype=float64), rw=Array(3.43550614, dtype=float64)))
TRAIN 36 L=198.187 ttrain=0.17s teval=0.00s
NetworkWithTTFS(net=NoDelayLayerNetwork(iw=Array(0.09330287, dtype=float64), rw=Array(3.34500457, dtype=float64)))
TRAIN 37 L=160.160 ttrain=0.17s teval=0.00s
NetworkWithTTFS(net=NoDelayLayerNetwork(iw=Array(0.07061273, dtype=float64), rw=Array(2.68805447, dtype=float64)))
TRAIN 38 L=184.160 ttrain=0.17s teval=0.00s
NetworkWithTTFS(net=NoDelayLayerNetwork(iw=Array(0.10062803, dtype=float64), rw=Array(3.04183821, dtype=float64)))
TRAIN 39 L=214.725 ttrain=0.17s teval=0.00s
NetworkWithTTFS(net=NoDelayLayerNetwork(iw=Array(0.09750439, dtype=float64), rw=Array(3.47895458, dtype=float64)))
TRAIN 40 L=310.240 ttrain=0.17s teval=0.00s
NetworkWithTTFS(net=NoDelayLayerNetwork(iw=Array(0.16397116, dtype=float64), rw=Array(4.70977384, dtype=float64)))
TRAIN 41 L=213.120 ttrain=0.17s teval=0.00s
NetworkWithTTFS(net=NoDelayLayerNetwork(iw=Array(0.08376255, dtype=float64), rw=Array(3.52629989, dtype=float64)))
TRAIN 42 L=242.938 ttrain=0.17s teval=0.00s
NetworkWithTTFS(net=NoDelayLayerNetwork(iw=Array(0.1003765, dtype=float64), rw=Array(3.91044729, dtype=float64)))
TRAIN 43 L=239.733 ttrain=0.17s teval=0.00s
NetworkWithTTFS(net=NoDelayLayerNetwork(iw=Array(0.11204784, dtype=float64), rw=Array(3.95817264, dtype=float64)))
TRAIN 44 L=206.880 ttrain=0.17s teval=0.00s
NetworkWithTTFS(net=NoDelayLayerNetwork(iw=Array(0.10438419, dtype=float64), rw=Array(3.54045726, dtype=float64)))
TRAIN 45 L=208.800 ttrain=0.17s teval=0.00s
NetworkWithTTFS(net=NoDelayLayerNetwork(iw=Array(0.1115952, dtype=float64), rw=Array(3.65416537, dtype=float64)))
TRAIN 46 L=198.507 ttrain=0.17s teval=0.00s
NetworkWithTTFS(net=NoDelayLayerNetwork(iw=Array(0.08557883, dtype=float64), rw=Array(3.21112278, dtype=float64)))
TRAIN 47 L=259.200 ttrain=0.17s teval=0.00s
NetworkWithTTFS(net=NoDelayLayerNetwork(iw=Array(0.08205346, dtype=float64), rw=Array(3.81537746, dtype=float64)))
TRAIN 48 L=238.827 ttrain=0.17s teval=0.00s
NetworkWithTTFS(net=NoDelayLayerNetwork(iw=Array(0.11200265, dtype=float64), rw=Array(3.97782276, dtype=float64)))
TRAIN 49 L=211.467 ttrain=0.17s teval=0.00s
NetworkWithTTFS(net=NoDelayLayerNetwork(iw=Array(0.08941506, dtype=float64), rw=Array(3.31829117, dtype=float64)))
TRAIN 50 L=251.045 ttrain=0.17s teval=0.00s
NetworkWithTTFS(net=NoDelayLayerNetwork(iw=Array(0.08973903, dtype=float64), rw=Array(3.64637996, dtype=float64)))
TRAIN 51 L=240.111 ttrain=0.17s teval=0.00s
NetworkWithTTFS(net=NoDelayLayerNetwork(iw=Array(0.09754465, dtype=float64), rw=Array(3.64198234, dtype=float64)))
TRAIN 52 L=205.867 ttrain=0.17s teval=0.00s
NetworkWithTTFS(net=NoDelayLayerNetwork(iw=Array(0.07978741, dtype=float64), rw=Array(3.14722165, dtype=float64)))
TRAIN 53 L=218.613 ttrain=0.17s teval=0.00s
NetworkWithTTFS(net=NoDelayLayerNetwork(iw=Array(0.09461067, dtype=float64), rw=Array(3.60247959, dtype=float64)))
TRAIN 54 L=244.747 ttrain=0.17s teval=0.00s
NetworkWithTTFS(net=NoDelayLayerNetwork(iw=Array(0.09427195, dtype=float64), rw=Array(3.90399871, dtype=float64)))
TRAIN 55 L=228.107 ttrain=0.17s teval=0.00s
NetworkWithTTFS(net=NoDelayLayerNetwork(iw=Array(0.09749913, dtype=float64), rw=Array(3.80592693, dtype=float64)))
TRAIN 56 L=240.489 ttrain=0.17s teval=0.00s
NetworkWithTTFS(net=NoDelayLayerNetwork(iw=Array(0.10176889, dtype=float64), rw=Array(4.1460646, dtype=float64)))
TRAIN 57 L=219.947 ttrain=0.17s teval=0.00s
NetworkWithTTFS(net=NoDelayLayerNetwork(iw=Array(0.09861575, dtype=float64), rw=Array(3.80457564, dtype=float64)))
TRAIN 58 L=186.240 ttrain=0.17s teval=0.00s
NetworkWithTTFS(net=NoDelayLayerNetwork(iw=Array(0.10372015, dtype=float64), rw=Array(3.25075021, dtype=float64)))
TRAIN 59 L=203.093 ttrain=0.17s teval=0.00s
NetworkWithTTFS(net=NoDelayLayerNetwork(iw=Array(0.10183608, dtype=float64), rw=Array(3.39200649, dtype=float64)))
TRAIN 60 L=241.178 ttrain=0.17s teval=0.00s
NetworkWithTTFS(net=NoDelayLayerNetwork(iw=Array(0.12527694, dtype=float64), rw=Array(3.85036973, dtype=float64)))
TRAIN 61 L=226.938 ttrain=0.17s teval=0.00s
NetworkWithTTFS(net=NoDelayLayerNetwork(iw=Array(0.09443758, dtype=float64), rw=Array(3.66084148, dtype=float64)))
TRAIN 62 L=236.480 ttrain=0.17s teval=0.00s
NetworkWithTTFS(net=NoDelayLayerNetwork(iw=Array(0.09857797, dtype=float64), rw=Array(3.86441263, dtype=float64)))
TRAIN 63 L=207.951 ttrain=0.17s teval=0.00s
NetworkWithTTFS(net=NoDelayLayerNetwork(iw=Array(0.07695761, dtype=float64), rw=Array(3.21676656, dtype=float64)))
TRAIN 64 L=243.147 ttrain=0.17s teval=0.00s
NetworkWithTTFS(net=NoDelayLayerNetwork(iw=Array(0.13559382, dtype=float64), rw=Array(3.92977206, dtype=float64)))
TRAIN 65 L=196.160 ttrain=0.17s teval=0.00s
NetworkWithTTFS(net=NoDelayLayerNetwork(iw=Array(0.09660911, dtype=float64), rw=Array(3.26051787, dtype=float64)))
TRAIN 66 L=200.373 ttrain=0.17s teval=0.00s
NetworkWithTTFS(net=NoDelayLayerNetwork(iw=Array(0.10570013, dtype=float64), rw=Array(3.40129689, dtype=float64)))
TRAIN 67 L=197.280 ttrain=0.17s teval=0.00s
NetworkWithTTFS(net=NoDelayLayerNetwork(iw=Array(0.07854801, dtype=float64), rw=Array(3.46499113, dtype=float64)))
TRAIN 68 L=238.618 ttrain=0.17s teval=0.00s
NetworkWithTTFS(net=NoDelayLayerNetwork(iw=Array(0.08888348, dtype=float64), rw=Array(3.86836489, dtype=float64)))
TRAIN 69 L=178.667 ttrain=0.17s teval=0.00s
NetworkWithTTFS(net=NoDelayLayerNetwork(iw=Array(0.09638564, dtype=float64), rw=Array(3.10993951, dtype=float64)))
TRAIN 70 L=237.227 ttrain=0.17s teval=0.00s
NetworkWithTTFS(net=NoDelayLayerNetwork(iw=Array(0.10076891, dtype=float64), rw=Array(3.98117717, dtype=float64)))
TRAIN 71 L=225.120 ttrain=0.17s teval=0.00s
NetworkWithTTFS(net=NoDelayLayerNetwork(iw=Array(0.11460197, dtype=float64), rw=Array(3.50579553, dtype=float64)))
TRAIN 72 L=198.453 ttrain=0.17s teval=0.00s
NetworkWithTTFS(net=NoDelayLayerNetwork(iw=Array(0.1282232, dtype=float64), rw=Array(3.61560983, dtype=float64)))
TRAIN 73 L=216.645 ttrain=0.17s teval=0.00s
NetworkWithTTFS(net=NoDelayLayerNetwork(iw=Array(0.1055858, dtype=float64), rw=Array(3.4787856, dtype=float64)))
TRAIN 74 L=196.965 ttrain=0.17s teval=0.00s
NetworkWithTTFS(net=NoDelayLayerNetwork(iw=Array(0.10270246, dtype=float64), rw=Array(3.46881157, dtype=float64)))
TRAIN 75 L=210.453 ttrain=0.17s teval=0.00s
NetworkWithTTFS(net=NoDelayLayerNetwork(iw=Array(0.09857306, dtype=float64), rw=Array(3.92458802, dtype=float64)))
TRAIN 76 L=191.045 ttrain=0.17s teval=0.00s
NetworkWithTTFS(net=NoDelayLayerNetwork(iw=Array(0.09984312, dtype=float64), rw=Array(3.24479792, dtype=float64)))
TRAIN 77 L=227.573 ttrain=0.17s teval=0.00s
NetworkWithTTFS(net=NoDelayLayerNetwork(iw=Array(0.11222475, dtype=float64), rw=Array(3.70776296, dtype=float64)))
TRAIN 78 L=250.880 ttrain=0.17s teval=0.00s
NetworkWithTTFS(net=NoDelayLayerNetwork(iw=Array(0.09374028, dtype=float64), rw=Array(3.68484256, dtype=float64)))
TRAIN 79 L=226.347 ttrain=0.17s teval=0.00s
NetworkWithTTFS(net=NoDelayLayerNetwork(iw=Array(0.14391005, dtype=float64), rw=Array(4.08668119, dtype=float64)))
TRAIN 80 L=171.685 ttrain=0.17s teval=0.00s
NetworkWithTTFS(net=NoDelayLayerNetwork(iw=Array(0.09324922, dtype=float64), rw=Array(2.99389358, dtype=float64)))
TRAIN 81 L=217.823 ttrain=0.17s teval=0.00s
NetworkWithTTFS(net=NoDelayLayerNetwork(iw=Array(0.09373777, dtype=float64), rw=Array(3.81195385, dtype=float64)))
TRAIN 82 L=231.685 ttrain=0.17s teval=0.00s
NetworkWithTTFS(net=NoDelayLayerNetwork(iw=Array(0.09168791, dtype=float64), rw=Array(3.65313665, dtype=float64)))
TRAIN 83 L=147.103 ttrain=0.17s teval=0.00s
NetworkWithTTFS(net=NoDelayLayerNetwork(iw=Array(0.06514979, dtype=float64), rw=Array(2.55839489, dtype=float64)))
TRAIN 84 L=236.800 ttrain=0.17s teval=0.00s
NetworkWithTTFS(net=NoDelayLayerNetwork(iw=Array(0.11654343, dtype=float64), rw=Array(3.45279744, dtype=float64)))
TRAIN 85 L=233.067 ttrain=0.17s teval=0.00s
NetworkWithTTFS(net=NoDelayLayerNetwork(iw=Array(0.09579211, dtype=float64), rw=Array(3.74048089, dtype=float64)))
TRAIN 86 L=230.933 ttrain=0.17s teval=0.00s
NetworkWithTTFS(net=NoDelayLayerNetwork(iw=Array(0.12895332, dtype=float64), rw=Array(4.27868896, dtype=float64)))
TRAIN 87 L=217.760 ttrain=0.17s teval=0.00s
NetworkWithTTFS(net=NoDelayLayerNetwork(iw=Array(0.12583926, dtype=float64), rw=Array(3.24798973, dtype=float64)))
TRAIN 88 L=193.391 ttrain=0.17s teval=0.00s
NetworkWithTTFS(net=NoDelayLayerNetwork(iw=Array(0.08307525, dtype=float64), rw=Array(3.40555546, dtype=float64)))
TRAIN 89 L=205.227 ttrain=0.17s teval=0.00s
NetworkWithTTFS(net=NoDelayLayerNetwork(iw=Array(0.10135722, dtype=float64), rw=Array(3.26153607, dtype=float64)))
TRAIN 90 L=194.405 ttrain=0.17s teval=0.00s
NetworkWithTTFS(net=NoDelayLayerNetwork(iw=Array(0.10539256, dtype=float64), rw=Array(3.66413288, dtype=float64)))
TRAIN 91 L=248.751 ttrain=0.17s teval=0.00s
NetworkWithTTFS(net=NoDelayLayerNetwork(iw=Array(0.14031555, dtype=float64), rw=Array(4.50749547, dtype=float64)))
TRAIN 92 L=199.951 ttrain=0.17s teval=0.00s
NetworkWithTTFS(net=NoDelayLayerNetwork(iw=Array(0.1227841, dtype=float64), rw=Array(3.55749661, dtype=float64)))
TRAIN 93 L=212.063 ttrain=0.17s teval=0.00s
NetworkWithTTFS(net=NoDelayLayerNetwork(iw=Array(0.08839162, dtype=float64), rw=Array(3.34507321, dtype=float64)))
TRAIN 94 L=241.871 ttrain=0.17s teval=0.00s
NetworkWithTTFS(net=NoDelayLayerNetwork(iw=Array(0.11487326, dtype=float64), rw=Array(4.11476783, dtype=float64)))
TRAIN 95 L=211.573 ttrain=0.17s teval=0.00s
NetworkWithTTFS(net=NoDelayLayerNetwork(iw=Array(0.10294878, dtype=float64), rw=Array(3.44766832, dtype=float64)))
TRAIN 96 L=206.560 ttrain=0.17s teval=0.00s
NetworkWithTTFS(net=NoDelayLayerNetwork(iw=Array(0.08789326, dtype=float64), rw=Array(3.36069839, dtype=float64)))
TRAIN 97 L=208.053 ttrain=0.17s teval=0.00s
NetworkWithTTFS(net=NoDelayLayerNetwork(iw=Array(0.09878096, dtype=float64), rw=Array(3.57991907, dtype=float64)))
TRAIN 98 L=258.773 ttrain=0.17s teval=0.00s
NetworkWithTTFS(net=NoDelayLayerNetwork(iw=Array(0.11455885, dtype=float64), rw=Array(4.06660573, dtype=float64)))
TRAIN 99 L=217.978 ttrain=0.17s teval=0.00s
NetworkWithTTFS(net=NoDelayLayerNetwork(iw=Array(0.0957222, dtype=float64), rw=Array(3.73111971, dtype=float64)))
TEST
FREQ 0.0008326394671107411 0.0008326394671107413 0.0008326394671107414
FREQtrain 0.0008326394671107411 0.0008326394671107413 0.0008326394671107414
TOP1 36.458336 TOP2 75.69444 TOP2Diff 17.982352941176472 LOSS 233.2000067137546
TOP1train 30.555557 TOP2train 72.65625 TOP2trainDiff 16.949507389162562
TRAIN 100 L=197.391 ttrain=0.17s teval=0.00s
NetworkWithTTFS(net=NoDelayLayerNetwork(iw=Array(0.08321783, dtype=float64), rw=Array(3.3731497, dtype=float64)))
TRAIN 101 L=180.538 ttrain=0.17s teval=0.00s
NetworkWithTTFS(net=NoDelayLayerNetwork(iw=Array(0.08155024, dtype=float64), rw=Array(3.16950353, dtype=float64)))
TRAIN 102 L=218.490 ttrain=0.17s teval=0.00s
NetworkWithTTFS(net=NoDelayLayerNetwork(iw=Array(0.07096428, dtype=float64), rw=Array(3.33004489, dtype=float64)))
TRAIN 103 L=181.904 ttrain=0.17s teval=0.00s
NetworkWithTTFS(net=NoDelayLayerNetwork(iw=Array(0.08575738, dtype=float64), rw=Array(3.46342188, dtype=float64)))
TRAIN 104 L=182.490 ttrain=0.17s teval=0.00s
NetworkWithTTFS(net=NoDelayLayerNetwork(iw=Array(0.06172386, dtype=float64), rw=Array(2.86239448, dtype=float64)))
TRAIN 105 L=195.513 ttrain=0.17s teval=0.00s
NetworkWithTTFS(net=NoDelayLayerNetwork(iw=Array(0.07975393, dtype=float64), rw=Array(3.25509199, dtype=float64)))
TRAIN 106 L=180.788 ttrain=0.17s teval=0.00s
NetworkWithTTFS(net=NoDelayLayerNetwork(iw=Array(0.09527443, dtype=float64), rw=Array(3.45633058, dtype=float64)))
TRAIN 107 L=214.020 ttrain=0.17s teval=0.00s
NetworkWithTTFS(net=NoDelayLayerNetwork(iw=Array(0.10364995, dtype=float64), rw=Array(4.13739475, dtype=float64)))
TRAIN 108 L=211.358 ttrain=0.17s teval=0.00s
NetworkWithTTFS(net=NoDelayLayerNetwork(iw=Array(0.08965485, dtype=float64), rw=Array(3.55159838, dtype=float64)))
TRAIN 109 L=197.825 ttrain=0.17s teval=0.00s
NetworkWithTTFS(net=NoDelayLayerNetwork(iw=Array(0.08561492, dtype=float64), rw=Array(3.4957951, dtype=float64)))
TRAIN 110 L=197.811 ttrain=0.17s teval=0.00s
NetworkWithTTFS(net=NoDelayLayerNetwork(iw=Array(0.08786275, dtype=float64), rw=Array(3.51602896, dtype=float64)))
TRAIN 111 L=233.514 ttrain=0.17s teval=0.00s
NetworkWithTTFS(net=NoDelayLayerNetwork(iw=Array(0.0758744, dtype=float64), rw=Array(3.56944755, dtype=float64)))
TRAIN 112 L=214.708 ttrain=0.17s teval=0.00s
NetworkWithTTFS(net=NoDelayLayerNetwork(iw=Array(0.09647042, dtype=float64), rw=Array(3.71669434, dtype=float64)))
TRAIN 113 L=170.411 ttrain=0.17s teval=0.00s
NetworkWithTTFS(net=NoDelayLayerNetwork(iw=Array(0.07317174, dtype=float64), rw=Array(3.02331857, dtype=float64)))
TRAIN 114 L=210.105 ttrain=0.17s teval=0.00s
NetworkWithTTFS(net=NoDelayLayerNetwork(iw=Array(0.0933199, dtype=float64), rw=Array(3.73442164, dtype=float64)))
TRAIN 115 L=212.948 ttrain=0.17s teval=0.00s
NetworkWithTTFS(net=NoDelayLayerNetwork(iw=Array(0.08332884, dtype=float64), rw=Array(3.34503333, dtype=float64)))
TRAIN 116 L=207.803 ttrain=0.17s teval=0.00s
NetworkWithTTFS(net=NoDelayLayerNetwork(iw=Array(0.09756233, dtype=float64), rw=Array(3.39175055, dtype=float64)))
TRAIN 117 L=220.798 ttrain=0.17s teval=0.00s
NetworkWithTTFS(net=NoDelayLayerNetwork(iw=Array(0.07598849, dtype=float64), rw=Array(3.18628549, dtype=float64)))
TRAIN 118 L=245.312 ttrain=0.17s teval=0.00s
NetworkWithTTFS(net=NoDelayLayerNetwork(iw=Array(0.09046249, dtype=float64), rw=Array(4.00299705, dtype=float64)))
TRAIN 119 L=205.384 ttrain=0.17s teval=0.00s
NetworkWithTTFS(net=NoDelayLayerNetwork(iw=Array(0.08861298, dtype=float64), rw=Array(3.40842224, dtype=float64)))
TRAIN 120 L=210.914 ttrain=0.17s teval=0.00s
NetworkWithTTFS(net=NoDelayLayerNetwork(iw=Array(0.09392092, dtype=float64), rw=Array(3.76993859, dtype=float64)))
TRAIN 121 L=164.807 ttrain=0.17s teval=0.00s
NetworkWithTTFS(net=NoDelayLayerNetwork(iw=Array(0.08541891, dtype=float64), rw=Array(2.99281831, dtype=float64)))
TRAIN 122 L=195.506 ttrain=0.17s teval=0.00s
NetworkWithTTFS(net=NoDelayLayerNetwork(iw=Array(0.07602631, dtype=float64), rw=Array(3.26254729, dtype=float64)))
TRAIN 123 L=211.202 ttrain=0.17s teval=0.00s
NetworkWithTTFS(net=NoDelayLayerNetwork(iw=Array(0.08685439, dtype=float64), rw=Array(3.59622336, dtype=float64)))
TRAIN 124 L=189.099 ttrain=0.17s teval=0.00s
NetworkWithTTFS(net=NoDelayLayerNetwork(iw=Array(0.0728603, dtype=float64), rw=Array(3.2325818, dtype=float64)))
TRAIN 125 L=178.282 ttrain=0.17s teval=0.00s
NetworkWithTTFS(net=NoDelayLayerNetwork(iw=Array(0.05670121, dtype=float64), rw=Array(2.86927619, dtype=float64)))
TRAIN 126 L=175.761 ttrain=0.17s teval=0.00s
NetworkWithTTFS(net=NoDelayLayerNetwork(iw=Array(0.07311747, dtype=float64), rw=Array(3.31257581, dtype=float64)))
TRAIN 127 L=185.619 ttrain=0.17s teval=0.00s
NetworkWithTTFS(net=NoDelayLayerNetwork(iw=Array(0.06774061, dtype=float64), rw=Array(3.29991072, dtype=float64)))
TRAIN 128 L=242.020 ttrain=0.17s teval=0.00s
NetworkWithTTFS(net=NoDelayLayerNetwork(iw=Array(0.12068452, dtype=float64), rw=Array(3.95979944, dtype=float64)))
TRAIN 129 L=215.761 ttrain=0.17s teval=0.00s
NetworkWithTTFS(net=NoDelayLayerNetwork(iw=Array(0.06616753, dtype=float64), rw=Array(3.35804085, dtype=float64)))
TRAIN 130 L=190.428 ttrain=0.17s teval=0.00s
NetworkWithTTFS(net=NoDelayLayerNetwork(iw=Array(0.07329848, dtype=float64), rw=Array(3.08478326, dtype=float64)))
TRAIN 131 L=142.015 ttrain=0.17s teval=0.00s
NetworkWithTTFS(net=NoDelayLayerNetwork(iw=Array(0.073364, dtype=float64), rw=Array(2.66679976, dtype=float64)))
TRAIN 132 L=195.174 ttrain=0.17s teval=0.00s
NetworkWithTTFS(net=NoDelayLayerNetwork(iw=Array(0.06794491, dtype=float64), rw=Array(3.13222521, dtype=float64)))
TRAIN 133 L=179.242 ttrain=0.17s teval=0.00s
NetworkWithTTFS(net=NoDelayLayerNetwork(iw=Array(0.07149196, dtype=float64), rw=Array(3.13026123, dtype=float64)))
TRAIN 134 L=265.002 ttrain=0.17s teval=0.00s
NetworkWithTTFS(net=NoDelayLayerNetwork(iw=Array(0.08199259, dtype=float64), rw=Array(4.18891505, dtype=float64)))
TRAIN 135 L=166.664 ttrain=0.17s teval=0.00s
NetworkWithTTFS(net=NoDelayLayerNetwork(iw=Array(0.07729421, dtype=float64), rw=Array(3.10859375, dtype=float64)))
TRAIN 136 L=212.561 ttrain=0.17s teval=0.00s
NetworkWithTTFS(net=NoDelayLayerNetwork(iw=Array(0.06636558, dtype=float64), rw=Array(3.21575211, dtype=float64)))
TRAIN 137 L=192.459 ttrain=0.17s teval=0.00s
NetworkWithTTFS(net=NoDelayLayerNetwork(iw=Array(0.07418116, dtype=float64), rw=Array(3.31072655, dtype=float64)))
TRAIN 138 L=211.174 ttrain=0.17s teval=0.00s
NetworkWithTTFS(net=NoDelayLayerNetwork(iw=Array(0.08558679, dtype=float64), rw=Array(3.81837971, dtype=float64)))
TRAIN 139 L=203.450 ttrain=0.17s teval=0.00s
NetworkWithTTFS(net=NoDelayLayerNetwork(iw=Array(0.07020917, dtype=float64), rw=Array(3.40197035, dtype=float64)))
TRAIN 140 L=193.264 ttrain=0.17s teval=0.00s
NetworkWithTTFS(net=NoDelayLayerNetwork(iw=Array(0.07042048, dtype=float64), rw=Array(3.2825784, dtype=float64)))
TRAIN 141 L=204.396 ttrain=0.17s teval=0.00s
NetworkWithTTFS(net=NoDelayLayerNetwork(iw=Array(0.06748567, dtype=float64), rw=Array(3.31864185, dtype=float64)))
TRAIN 142 L=174.122 ttrain=0.17s teval=0.00s
NetworkWithTTFS(net=NoDelayLayerNetwork(iw=Array(0.06416437, dtype=float64), rw=Array(2.91856483, dtype=float64)))
TRAIN 143 L=167.072 ttrain=0.17s teval=0.00s
NetworkWithTTFS(net=NoDelayLayerNetwork(iw=Array(0.06092847, dtype=float64), rw=Array(2.86224767, dtype=float64)))
TRAIN 144 L=178.103 ttrain=0.17s teval=0.00s
NetworkWithTTFS(net=NoDelayLayerNetwork(iw=Array(0.06180673, dtype=float64), rw=Array(2.85332974, dtype=float64)))
TRAIN 145 L=173.294 ttrain=0.17s teval=0.00s
NetworkWithTTFS(net=NoDelayLayerNetwork(iw=Array(0.06023466, dtype=float64), rw=Array(3.04129806, dtype=float64)))
TRAIN 146 L=212.494 ttrain=0.17s teval=0.00s
NetworkWithTTFS(net=NoDelayLayerNetwork(iw=Array(0.07027482, dtype=float64), rw=Array(3.55275303, dtype=float64)))
TRAIN 147 L=174.045 ttrain=0.17s teval=0.00s
NetworkWithTTFS(net=NoDelayLayerNetwork(iw=Array(0.06115865, dtype=float64), rw=Array(3.12508662, dtype=float64)))
TRAIN 148 L=151.374 ttrain=0.17s teval=0.00s
NetworkWithTTFS(net=NoDelayLayerNetwork(iw=Array(0.04885665, dtype=float64), rw=Array(2.50470376, dtype=float64)))
TRAIN 149 L=192.489 ttrain=0.17s teval=0.00s
NetworkWithTTFS(net=NoDelayLayerNetwork(iw=Array(0.07881725, dtype=float64), rw=Array(3.55546218, dtype=float64)))
TRAIN 150 L=194.632 ttrain=0.17s teval=0.00s
NetworkWithTTFS(net=NoDelayLayerNetwork(iw=Array(0.06389076, dtype=float64), rw=Array(3.28505775, dtype=float64)))
TRAIN 151 L=179.859 ttrain=0.17s teval=0.00s
NetworkWithTTFS(net=NoDelayLayerNetwork(iw=Array(0.06889477, dtype=float64), rw=Array(3.22820498, dtype=float64)))
TRAIN 152 L=165.658 ttrain=0.17s teval=0.00s
NetworkWithTTFS(net=NoDelayLayerNetwork(iw=Array(0.05865181, dtype=float64), rw=Array(2.75822009, dtype=float64)))
TRAIN 153 L=207.219 ttrain=0.17s teval=0.00s
NetworkWithTTFS(net=NoDelayLayerNetwork(iw=Array(0.07643885, dtype=float64), rw=Array(3.81466957, dtype=float64)))
TRAIN 154 L=178.681 ttrain=0.17s teval=0.00s
NetworkWithTTFS(net=NoDelayLayerNetwork(iw=Array(0.05512974, dtype=float64), rw=Array(3.14252498, dtype=float64)))
TRAIN 155 L=191.863 ttrain=0.17s teval=0.00s
NetworkWithTTFS(net=NoDelayLayerNetwork(iw=Array(0.08704946, dtype=float64), rw=Array(3.30857057, dtype=float64)))
TRAIN 156 L=179.176 ttrain=0.17s teval=0.00s
NetworkWithTTFS(net=NoDelayLayerNetwork(iw=Array(0.06259368, dtype=float64), rw=Array(2.649958, dtype=float64)))
TRAIN 157 L=184.231 ttrain=0.17s teval=0.00s
NetworkWithTTFS(net=NoDelayLayerNetwork(iw=Array(0.0537052, dtype=float64), rw=Array(2.88033856, dtype=float64)))
TRAIN 158 L=165.583 ttrain=0.17s teval=0.00s
NetworkWithTTFS(net=NoDelayLayerNetwork(iw=Array(0.05396929, dtype=float64), rw=Array(2.56650068, dtype=float64)))
TRAIN 159 L=187.436 ttrain=0.17s teval=0.00s
NetworkWithTTFS(net=NoDelayLayerNetwork(iw=Array(0.06289243, dtype=float64), rw=Array(2.8217523, dtype=float64)))
TRAIN 160 L=181.868 ttrain=0.17s teval=0.00s
NetworkWithTTFS(net=NoDelayLayerNetwork(iw=Array(0.04729388, dtype=float64), rw=Array(2.67707648, dtype=float64)))
TRAIN 161 L=183.513 ttrain=0.17s teval=0.00s
NetworkWithTTFS(net=NoDelayLayerNetwork(iw=Array(0.05513186, dtype=float64), rw=Array(2.66485927, dtype=float64)))
TRAIN 162 L=159.436 ttrain=0.17s teval=0.00s
NetworkWithTTFS(net=NoDelayLayerNetwork(iw=Array(0.04685171, dtype=float64), rw=Array(2.21136313, dtype=float64)))
TRAIN 163 L=177.750 ttrain=0.17s teval=0.00s
NetworkWithTTFS(net=NoDelayLayerNetwork(iw=Array(0.07550759, dtype=float64), rw=Array(2.64592638, dtype=float64)))
TRAIN 164 L=173.521 ttrain=0.17s teval=0.00s
NetworkWithTTFS(net=NoDelayLayerNetwork(iw=Array(0.07561736, dtype=float64), rw=Array(3.03363089, dtype=float64)))
TRAIN 165 L=178.277 ttrain=0.17s teval=0.00s
NetworkWithTTFS(net=NoDelayLayerNetwork(iw=Array(0.04839426, dtype=float64), rw=Array(2.58640798, dtype=float64)))
TRAIN 166 L=181.361 ttrain=0.17s teval=0.00s
NetworkWithTTFS(net=NoDelayLayerNetwork(iw=Array(0.05781072, dtype=float64), rw=Array(3.05643585, dtype=float64)))
TRAIN 167 L=184.725 ttrain=0.17s teval=0.00s
NetworkWithTTFS(net=NoDelayLayerNetwork(iw=Array(0.04999879, dtype=float64), rw=Array(2.6925573, dtype=float64)))
TRAIN 168 L=220.779 ttrain=0.17s teval=0.00s
NetworkWithTTFS(net=NoDelayLayerNetwork(iw=Array(0.06012353, dtype=float64), rw=Array(3.2021525, dtype=float64)))
TRAIN 169 L=161.829 ttrain=0.17s teval=0.00s
NetworkWithTTFS(net=NoDelayLayerNetwork(iw=Array(0.04036854, dtype=float64), rw=Array(2.45986579, dtype=float64)))
TRAIN 170 L=168.097 ttrain=0.17s teval=0.00s
NetworkWithTTFS(net=NoDelayLayerNetwork(iw=Array(0.04579838, dtype=float64), rw=Array(2.54870681, dtype=float64)))
TRAIN 171 L=133.514 ttrain=0.17s teval=0.00s
NetworkWithTTFS(net=NoDelayLayerNetwork(iw=Array(0.05682254, dtype=float64), rw=Array(2.34158313, dtype=float64)))
TRAIN 172 L=176.547 ttrain=0.17s teval=0.00s
NetworkWithTTFS(net=NoDelayLayerNetwork(iw=Array(0.04822823, dtype=float64), rw=Array(2.34477151, dtype=float64)))
TRAIN 173 L=158.660 ttrain=0.17s teval=0.00s
NetworkWithTTFS(net=NoDelayLayerNetwork(iw=Array(0.05626339, dtype=float64), rw=Array(2.28340971, dtype=float64)))
TRAIN 174 L=189.943 ttrain=0.17s teval=0.00s
NetworkWithTTFS(net=NoDelayLayerNetwork(iw=Array(0.05302316, dtype=float64), rw=Array(2.58098586, dtype=float64)))
TRAIN 175 L=135.926 ttrain=0.17s teval=0.00s
NetworkWithTTFS(net=NoDelayLayerNetwork(iw=Array(0.04445535, dtype=float64), rw=Array(2.13237738, dtype=float64)))
TRAIN 176 L=197.690 ttrain=0.17s teval=0.00s
NetworkWithTTFS(net=NoDelayLayerNetwork(iw=Array(0.06931533, dtype=float64), rw=Array(2.88229582, dtype=float64)))
TRAIN 177 L=167.339 ttrain=0.17s teval=0.00s
NetworkWithTTFS(net=NoDelayLayerNetwork(iw=Array(0.05690668, dtype=float64), rw=Array(2.45955104, dtype=float64)))
TRAIN 178 L=161.992 ttrain=0.17s teval=0.00s
NetworkWithTTFS(net=NoDelayLayerNetwork(iw=Array(0.06033203, dtype=float64), rw=Array(2.51133328, dtype=float64)))
TRAIN 179 L=160.450 ttrain=0.17s teval=0.00s
NetworkWithTTFS(net=NoDelayLayerNetwork(iw=Array(0.0390906, dtype=float64), rw=Array(2.15167875, dtype=float64)))
TRAIN 180 L=188.415 ttrain=0.17s teval=0.00s
NetworkWithTTFS(net=NoDelayLayerNetwork(iw=Array(0.0538677, dtype=float64), rw=Array(2.690153, dtype=float64)))
TRAIN 181 L=173.642 ttrain=0.17s teval=0.00s
NetworkWithTTFS(net=NoDelayLayerNetwork(iw=Array(0.05409136, dtype=float64), rw=Array(2.0825951, dtype=float64)))
TRAIN 182 L=145.361 ttrain=0.17s teval=0.00s
NetworkWithTTFS(net=NoDelayLayerNetwork(iw=Array(0.04460891, dtype=float64), rw=Array(2.04013254, dtype=float64)))
TRAIN 183 L=172.420 ttrain=0.17s teval=0.00s
NetworkWithTTFS(net=NoDelayLayerNetwork(iw=Array(0.05113957, dtype=float64), rw=Array(2.42517387, dtype=float64)))
TRAIN 184 L=151.344 ttrain=0.17s teval=0.00s
NetworkWithTTFS(net=NoDelayLayerNetwork(iw=Array(0.04241925, dtype=float64), rw=Array(2.14172808, dtype=float64)))
TRAIN 185 L=198.766 ttrain=0.17s teval=0.00s
NetworkWithTTFS(net=NoDelayLayerNetwork(iw=Array(0.05808499, dtype=float64), rw=Array(2.79705204, dtype=float64)))
TRAIN 186 L=190.442 ttrain=0.17s teval=0.00s
NetworkWithTTFS(net=NoDelayLayerNetwork(iw=Array(0.05928059, dtype=float64), rw=Array(2.64092553, dtype=float64)))
TRAIN 187 L=165.278 ttrain=0.17s teval=0.00s
NetworkWithTTFS(net=NoDelayLayerNetwork(iw=Array(0.04523666, dtype=float64), rw=Array(2.26932567, dtype=float64)))
TRAIN 188 L=186.175 ttrain=0.17s teval=0.00s
NetworkWithTTFS(net=NoDelayLayerNetwork(iw=Array(0.05040167, dtype=float64), rw=Array(2.79634455, dtype=float64)))
TRAIN 189 L=152.922 ttrain=0.17s teval=0.00s
NetworkWithTTFS(net=NoDelayLayerNetwork(iw=Array(0.03684426, dtype=float64), rw=Array(2.07252928, dtype=float64)))
TRAIN 190 L=191.860 ttrain=0.17s teval=0.00s
NetworkWithTTFS(net=NoDelayLayerNetwork(iw=Array(0.0612133, dtype=float64), rw=Array(2.88565559, dtype=float64)))
TRAIN 191 L=158.828 ttrain=0.17s teval=0.00s
NetworkWithTTFS(net=NoDelayLayerNetwork(iw=Array(0.04415799, dtype=float64), rw=Array(2.2271793, dtype=float64)))
TRAIN 192 L=132.693 ttrain=0.17s teval=0.00s
NetworkWithTTFS(net=NoDelayLayerNetwork(iw=Array(0.04171572, dtype=float64), rw=Array(2.0355334, dtype=float64)))
TRAIN 193 L=182.646 ttrain=0.17s teval=0.00s
NetworkWithTTFS(net=NoDelayLayerNetwork(iw=Array(0.04517977, dtype=float64), rw=Array(2.46174752, dtype=float64)))
TRAIN 194 L=165.016 ttrain=0.17s teval=0.00s
NetworkWithTTFS(net=NoDelayLayerNetwork(iw=Array(0.04292791, dtype=float64), rw=Array(2.22952558, dtype=float64)))
TRAIN 195 L=195.281 ttrain=0.17s teval=0.00s
NetworkWithTTFS(net=NoDelayLayerNetwork(iw=Array(0.05177017, dtype=float64), rw=Array(2.60564881, dtype=float64)))
TRAIN 196 L=142.335 ttrain=0.17s teval=0.00s
NetworkWithTTFS(net=NoDelayLayerNetwork(iw=Array(0.04067377, dtype=float64), rw=Array(1.91106628, dtype=float64)))
TRAIN 197 L=198.931 ttrain=0.17s teval=0.00s
NetworkWithTTFS(net=NoDelayLayerNetwork(iw=Array(0.04720193, dtype=float64), rw=Array(2.58631853, dtype=float64)))
TRAIN 198 L=166.708 ttrain=0.17s teval=0.00s
NetworkWithTTFS(net=NoDelayLayerNetwork(iw=Array(0.06096965, dtype=float64), rw=Array(2.33633935, dtype=float64)))
TRAIN 199 L=191.606 ttrain=0.17s teval=0.00s
NetworkWithTTFS(net=NoDelayLayerNetwork(iw=Array(0.04986642, dtype=float64), rw=Array(2.68422153, dtype=float64)))
TEST
FREQ 0.0008326394671107411 0.0008326394671107413 0.0008326394671107414
FREQtrain 0.0008326394671107411 0.0008326394671107413 0.0008326394671107414
TOP1 40.625 TOP2 88.28125 TOP2Diff 20.041187739463602 LOSS 188.45551886359948
TOP1train 33.072918 TOP2train 89.583336 TOP2trainDiff 20.2
(Array([113, 170, 249, 306], dtype=int64), Array([0, 0, 0, 0], dtype=int64))
TRAIN 200 L=175.184 ttrain=0.17s teval=0.75s
NetworkWithTTFS(net=NoDelayLayerNetwork(iw=Array(0.04673647, dtype=float64), rw=Array(2.12632623, dtype=float64)))
TRAIN 201 L=186.539 ttrain=0.17s teval=0.00s
NetworkWithTTFS(net=NoDelayLayerNetwork(iw=Array(0.04301175, dtype=float64), rw=Array(2.34404276, dtype=float64)))
TRAIN 202 L=144.176 ttrain=0.17s teval=0.00s
NetworkWithTTFS(net=NoDelayLayerNetwork(iw=Array(0.03528512, dtype=float64), rw=Array(1.78282465, dtype=float64)))
TRAIN 203 L=165.428 ttrain=0.17s teval=0.00s
NetworkWithTTFS(net=NoDelayLayerNetwork(iw=Array(0.04515331, dtype=float64), rw=Array(2.05270246, dtype=float64)))
TRAIN 204 L=142.562 ttrain=0.17s teval=0.00s
NetworkWithTTFS(net=NoDelayLayerNetwork(iw=Array(0.04222102, dtype=float64), rw=Array(1.84603922, dtype=float64)))
TRAIN 205 L=146.131 ttrain=0.17s teval=0.00s
NetworkWithTTFS(net=NoDelayLayerNetwork(iw=Array(0.0354836, dtype=float64), rw=Array(1.90254197, dtype=float64)))
TRAIN 206 L=152.686 ttrain=0.17s teval=0.00s
NetworkWithTTFS(net=NoDelayLayerNetwork(iw=Array(0.04446986, dtype=float64), rw=Array(2.03053998, dtype=float64)))
TRAIN 207 L=181.104 ttrain=0.17s teval=0.00s
NetworkWithTTFS(net=NoDelayLayerNetwork(iw=Array(0.04639084, dtype=float64), rw=Array(2.48965827, dtype=float64)))
TRAIN 208 L=152.575 ttrain=0.17s teval=0.00s
NetworkWithTTFS(net=NoDelayLayerNetwork(iw=Array(0.04117257, dtype=float64), rw=Array(1.93680324, dtype=float64)))
TRAIN 209 L=146.432 ttrain=0.17s teval=0.00s
NetworkWithTTFS(net=NoDelayLayerNetwork(iw=Array(0.04385765, dtype=float64), rw=Array(1.89426824, dtype=float64)))
TRAIN 210 L=154.643 ttrain=0.17s teval=0.00s
NetworkWithTTFS(net=NoDelayLayerNetwork(iw=Array(0.03584522, dtype=float64), rw=Array(2.03955177, dtype=float64)))
TRAIN 211 L=180.770 ttrain=0.17s teval=0.00s
NetworkWithTTFS(net=NoDelayLayerNetwork(iw=Array(0.03721836, dtype=float64), rw=Array(2.32320638, dtype=float64)))
TRAIN 212 L=154.597 ttrain=0.17s teval=0.00s
NetworkWithTTFS(net=NoDelayLayerNetwork(iw=Array(0.03804875, dtype=float64), rw=Array(1.90124331, dtype=float64)))
TRAIN 213 L=147.770 ttrain=0.17s teval=0.00s
NetworkWithTTFS(net=NoDelayLayerNetwork(iw=Array(0.04506296, dtype=float64), rw=Array(2.0929831, dtype=float64)))
TRAIN 214 L=189.081 ttrain=0.17s teval=0.00s
NetworkWithTTFS(net=NoDelayLayerNetwork(iw=Array(0.04917833, dtype=float64), rw=Array(2.41925378, dtype=float64)))
TRAIN 215 L=186.801 ttrain=0.17s teval=0.00s
NetworkWithTTFS(net=NoDelayLayerNetwork(iw=Array(0.05133613, dtype=float64), rw=Array(2.31136784, dtype=float64)))
TRAIN 216 L=154.050 ttrain=0.17s teval=0.00s
NetworkWithTTFS(net=NoDelayLayerNetwork(iw=Array(0.0403644, dtype=float64), rw=Array(2.0292059, dtype=float64)))
TRAIN 217 L=161.424 ttrain=0.17s teval=0.00s
NetworkWithTTFS(net=NoDelayLayerNetwork(iw=Array(0.0471914, dtype=float64), rw=Array(2.7370178, dtype=float64)))
TRAIN 218 L=181.224 ttrain=0.17s teval=0.00s
NetworkWithTTFS(net=NoDelayLayerNetwork(iw=Array(0.05652923, dtype=float64), rw=Array(2.74221885, dtype=float64)))
TRAIN 219 L=139.014 ttrain=0.17s teval=0.00s
NetworkWithTTFS(net=NoDelayLayerNetwork(iw=Array(0.04226513, dtype=float64), rw=Array(2.02244064, dtype=float64)))
TRAIN 220 L=183.339 ttrain=0.17s teval=0.00s
NetworkWithTTFS(net=NoDelayLayerNetwork(iw=Array(0.05054332, dtype=float64), rw=Array(2.54335837, dtype=float64)))
TRAIN 221 L=139.246 ttrain=0.17s teval=0.00s
NetworkWithTTFS(net=NoDelayLayerNetwork(iw=Array(0.046007, dtype=float64), rw=Array(1.7065506, dtype=float64)))
TRAIN 222 L=131.397 ttrain=0.17s teval=0.00s
NetworkWithTTFS(net=NoDelayLayerNetwork(iw=Array(0.04123996, dtype=float64), rw=Array(1.85067094, dtype=float64)))
TRAIN 223 L=140.598 ttrain=0.17s teval=0.00s
NetworkWithTTFS(net=NoDelayLayerNetwork(iw=Array(0.04767468, dtype=float64), rw=Array(1.98112171, dtype=float64)))
TRAIN 224 L=151.130 ttrain=0.17s teval=0.00s
NetworkWithTTFS(net=NoDelayLayerNetwork(iw=Array(0.05232134, dtype=float64), rw=Array(2.20205425, dtype=float64)))
TRAIN 225 L=147.891 ttrain=0.17s teval=0.00s
NetworkWithTTFS(net=NoDelayLayerNetwork(iw=Array(0.05270547, dtype=float64), rw=Array(2.00432625, dtype=float64)))
TRAIN 226 L=123.126 ttrain=0.17s teval=0.00s
NetworkWithTTFS(net=NoDelayLayerNetwork(iw=Array(0.03796561, dtype=float64), rw=Array(1.40025307, dtype=float64)))
TRAIN 227 L=156.832 ttrain=0.17s teval=0.00s
NetworkWithTTFS(net=NoDelayLayerNetwork(iw=Array(0.04751324, dtype=float64), rw=Array(2.03788561, dtype=float64)))
TRAIN 228 L=150.370 ttrain=0.17s teval=0.00s
NetworkWithTTFS(net=NoDelayLayerNetwork(iw=Array(0.03819654, dtype=float64), rw=Array(2.27680892, dtype=float64)))
TRAIN 229 L=122.646 ttrain=0.17s teval=0.00s
NetworkWithTTFS(net=NoDelayLayerNetwork(iw=Array(0.03838911, dtype=float64), rw=Array(1.75588156, dtype=float64)))
TRAIN 230 L=146.708 ttrain=0.17s teval=0.00s
NetworkWithTTFS(net=NoDelayLayerNetwork(iw=Array(0.0394997, dtype=float64), rw=Array(2.27914817, dtype=float64)))
TRAIN 231 L=147.905 ttrain=0.17s teval=0.00s
NetworkWithTTFS(net=NoDelayLayerNetwork(iw=Array(0.0501191, dtype=float64), rw=Array(2.13412707, dtype=float64)))
TRAIN 232 L=155.494 ttrain=0.17s teval=0.00s
NetworkWithTTFS(net=NoDelayLayerNetwork(iw=Array(0.04557888, dtype=float64), rw=Array(1.94190441, dtype=float64)))
TRAIN 233 L=148.095 ttrain=0.17s teval=0.00s
NetworkWithTTFS(net=NoDelayLayerNetwork(iw=Array(0.04629314, dtype=float64), rw=Array(2.09701482, dtype=float64)))
TRAIN 234 L=153.308 ttrain=0.17s teval=0.00s
NetworkWithTTFS(net=NoDelayLayerNetwork(iw=Array(0.04408444, dtype=float64), rw=Array(2.05926747, dtype=float64)))
TRAIN 235 L=127.047 ttrain=0.17s teval=0.00s
NetworkWithTTFS(net=NoDelayLayerNetwork(iw=Array(0.04326923, dtype=float64), rw=Array(1.74483827, dtype=float64)))
TRAIN 236 L=135.624 ttrain=0.17s teval=0.00s
NetworkWithTTFS(net=NoDelayLayerNetwork(iw=Array(0.04224369, dtype=float64), rw=Array(1.78952105, dtype=float64)))
TRAIN 237 L=143.576 ttrain=0.17s teval=0.00s
NetworkWithTTFS(net=NoDelayLayerNetwork(iw=Array(0.04559094, dtype=float64), rw=Array(2.09652981, dtype=float64)))
TRAIN 238 L=145.797 ttrain=0.17s teval=0.00s
NetworkWithTTFS(net=NoDelayLayerNetwork(iw=Array(0.04554128, dtype=float64), rw=Array(2.07893793, dtype=float64)))
TRAIN 239 L=134.606 ttrain=0.17s teval=0.00s
NetworkWithTTFS(net=NoDelayLayerNetwork(iw=Array(0.03773388, dtype=float64), rw=Array(1.97658608, dtype=float64)))
TRAIN 240 L=122.548 ttrain=0.17s teval=0.00s
NetworkWithTTFS(net=NoDelayLayerNetwork(iw=Array(0.04607428, dtype=float64), rw=Array(1.4165261, dtype=float64)))
TRAIN 241 L=130.878 ttrain=0.17s teval=0.00s
NetworkWithTTFS(net=NoDelayLayerNetwork(iw=Array(0.04294431, dtype=float64), rw=Array(1.72678657, dtype=float64)))
TRAIN 242 L=158.523 ttrain=0.17s teval=0.00s
NetworkWithTTFS(net=NoDelayLayerNetwork(iw=Array(0.04503366, dtype=float64), rw=Array(2.54379471, dtype=float64)))
TRAIN 243 L=136.127 ttrain=0.17s teval=0.00s
NetworkWithTTFS(net=NoDelayLayerNetwork(iw=Array(0.04674551, dtype=float64), rw=Array(1.85749221, dtype=float64)))
TRAIN 244 L=151.719 ttrain=0.17s teval=0.00s
NetworkWithTTFS(net=NoDelayLayerNetwork(iw=Array(0.03624039, dtype=float64), rw=Array(2.06524678, dtype=float64)))
TRAIN 245 L=145.934 ttrain=0.17s teval=0.00s
NetworkWithTTFS(net=NoDelayLayerNetwork(iw=Array(0.05221222, dtype=float64), rw=Array(2.07258514, dtype=float64)))
TRAIN 246 L=152.280 ttrain=0.17s teval=0.00s
NetworkWithTTFS(net=NoDelayLayerNetwork(iw=Array(0.04866173, dtype=float64), rw=Array(2.17034888, dtype=float64)))
TRAIN 247 L=140.742 ttrain=0.17s teval=0.00s
NetworkWithTTFS(net=NoDelayLayerNetwork(iw=Array(0.04596011, dtype=float64), rw=Array(1.90733054, dtype=float64)))
TRAIN 248 L=136.621 ttrain=0.17s teval=0.00s
NetworkWithTTFS(net=NoDelayLayerNetwork(iw=Array(0.05146194, dtype=float64), rw=Array(1.85656896, dtype=float64)))
TRAIN 249 L=171.501 ttrain=0.17s teval=0.00s
NetworkWithTTFS(net=NoDelayLayerNetwork(iw=Array(0.05866774, dtype=float64), rw=Array(2.64600468, dtype=float64)))
TRAIN 250 L=149.013 ttrain=0.17s teval=0.00s
NetworkWithTTFS(net=NoDelayLayerNetwork(iw=Array(0.04532775, dtype=float64), rw=Array(2.0528207, dtype=float64)))
TRAIN 251 L=140.742 ttrain=0.17s teval=0.00s
NetworkWithTTFS(net=NoDelayLayerNetwork(iw=Array(0.05158554, dtype=float64), rw=Array(1.77787907, dtype=float64)))
TRAIN 252 L=145.261 ttrain=0.17s teval=0.00s
NetworkWithTTFS(net=NoDelayLayerNetwork(iw=Array(0.04968389, dtype=float64), rw=Array(2.16388514, dtype=float64)))
TRAIN 253 L=138.462 ttrain=0.17s teval=0.00s
NetworkWithTTFS(net=NoDelayLayerNetwork(iw=Array(0.04454574, dtype=float64), rw=Array(2.50637059, dtype=float64)))
TRAIN 254 L=135.763 ttrain=0.17s teval=0.00s
NetworkWithTTFS(net=NoDelayLayerNetwork(iw=Array(0.04316606, dtype=float64), rw=Array(1.60598411, dtype=float64)))
TRAIN 255 L=114.140 ttrain=0.17s teval=0.00s
NetworkWithTTFS(net=NoDelayLayerNetwork(iw=Array(0.04411422, dtype=float64), rw=Array(1.36626909, dtype=float64)))
TRAIN 256 L=156.786 ttrain=0.17s teval=0.00s
NetworkWithTTFS(net=NoDelayLayerNetwork(iw=Array(0.05247217, dtype=float64), rw=Array(2.13893964, dtype=float64)))
TRAIN 257 L=164.825 ttrain=0.17s teval=0.00s
NetworkWithTTFS(net=NoDelayLayerNetwork(iw=Array(0.04968017, dtype=float64), rw=Array(2.53899832, dtype=float64)))
TRAIN 258 L=146.235 ttrain=0.17s teval=0.00s
NetworkWithTTFS(net=NoDelayLayerNetwork(iw=Array(0.04657715, dtype=float64), rw=Array(2.31325292, dtype=float64)))
TRAIN 259 L=122.275 ttrain=0.17s teval=0.00s
NetworkWithTTFS(net=NoDelayLayerNetwork(iw=Array(0.03967949, dtype=float64), rw=Array(1.69147243, dtype=float64)))
TRAIN 260 L=131.933 ttrain=0.17s teval=0.00s
NetworkWithTTFS(net=NoDelayLayerNetwork(iw=Array(0.05143251, dtype=float64), rw=Array(1.89039772, dtype=float64)))
TRAIN 261 L=154.564 ttrain=0.17s teval=0.00s
NetworkWithTTFS(net=NoDelayLayerNetwork(iw=Array(0.04499738, dtype=float64), rw=Array(2.35204924, dtype=float64)))
TRAIN 262 L=136.194 ttrain=0.17s teval=0.00s
NetworkWithTTFS(net=NoDelayLayerNetwork(iw=Array(0.04102504, dtype=float64), rw=Array(1.99096771, dtype=float64)))
TRAIN 263 L=139.858 ttrain=0.17s teval=0.00s
NetworkWithTTFS(net=NoDelayLayerNetwork(iw=Array(0.04326021, dtype=float64), rw=Array(2.22971865, dtype=float64)))
TRAIN 264 L=132.614 ttrain=0.17s teval=0.00s
NetworkWithTTFS(net=NoDelayLayerNetwork(iw=Array(0.03409684, dtype=float64), rw=Array(2.31256861, dtype=float64)))
TRAIN 265 L=144.261 ttrain=0.17s teval=0.00s
NetworkWithTTFS(net=NoDelayLayerNetwork(iw=Array(0.04787585, dtype=float64), rw=Array(1.88934952, dtype=float64)))
TRAIN 266 L=119.072 ttrain=0.17s teval=0.00s
NetworkWithTTFS(net=NoDelayLayerNetwork(iw=Array(0.04131343, dtype=float64), rw=Array(1.38299904, dtype=float64)))
TRAIN 267 L=131.940 ttrain=0.17s teval=0.00s
NetworkWithTTFS(net=NoDelayLayerNetwork(iw=Array(0.04029139, dtype=float64), rw=Array(1.92537033, dtype=float64)))
TRAIN 268 L=145.074 ttrain=0.17s teval=0.00s
NetworkWithTTFS(net=NoDelayLayerNetwork(iw=Array(0.05676356, dtype=float64), rw=Array(2.2140834, dtype=float64)))
TRAIN 269 L=161.646 ttrain=0.17s teval=0.00s
NetworkWithTTFS(net=NoDelayLayerNetwork(iw=Array(0.04754611, dtype=float64), rw=Array(2.31362421, dtype=float64)))
TRAIN 270 L=128.100 ttrain=0.17s teval=0.00s
NetworkWithTTFS(net=NoDelayLayerNetwork(iw=Array(0.0457939, dtype=float64), rw=Array(2.03529386, dtype=float64)))
TRAIN 271 L=149.700 ttrain=0.17s teval=0.00s
NetworkWithTTFS(net=NoDelayLayerNetwork(iw=Array(0.04729396, dtype=float64), rw=Array(1.99681433, dtype=float64)))
TRAIN 272 L=128.122 ttrain=0.17s teval=0.00s
NetworkWithTTFS(net=NoDelayLayerNetwork(iw=Array(0.03581908, dtype=float64), rw=Array(1.7595747, dtype=float64)))
TRAIN 273 L=141.446 ttrain=0.17s teval=0.00s
NetworkWithTTFS(net=NoDelayLayerNetwork(iw=Array(0.04631447, dtype=float64), rw=Array(1.98327474, dtype=float64)))
TRAIN 274 L=128.885 ttrain=0.17s teval=0.00s
NetworkWithTTFS(net=NoDelayLayerNetwork(iw=Array(0.04163671, dtype=float64), rw=Array(1.92133108, dtype=float64)))
TRAIN 275 L=135.752 ttrain=0.17s teval=0.00s
NetworkWithTTFS(net=NoDelayLayerNetwork(iw=Array(0.0439595, dtype=float64), rw=Array(1.62261316, dtype=float64)))
TRAIN 276 L=130.664 ttrain=0.17s teval=0.00s
NetworkWithTTFS(net=NoDelayLayerNetwork(iw=Array(0.04025932, dtype=float64), rw=Array(1.81680772, dtype=float64)))
TRAIN 277 L=127.993 ttrain=0.17s teval=0.00s
NetworkWithTTFS(net=NoDelayLayerNetwork(iw=Array(0.04857437, dtype=float64), rw=Array(1.52314057, dtype=float64)))
TRAIN 278 L=124.401 ttrain=0.17s teval=0.00s
NetworkWithTTFS(net=NoDelayLayerNetwork(iw=Array(0.0433239, dtype=float64), rw=Array(1.33634789, dtype=float64)))
TRAIN 279 L=129.904 ttrain=0.17s teval=0.00s
NetworkWithTTFS(net=NoDelayLayerNetwork(iw=Array(0.03917145, dtype=float64), rw=Array(1.91670179, dtype=float64)))
TRAIN 280 L=121.206 ttrain=0.17s teval=0.00s
NetworkWithTTFS(net=NoDelayLayerNetwork(iw=Array(0.03896929, dtype=float64), rw=Array(1.42412071, dtype=float64)))
TRAIN 281 L=120.397 ttrain=0.17s teval=0.00s
NetworkWithTTFS(net=NoDelayLayerNetwork(iw=Array(0.04403794, dtype=float64), rw=Array(1.61894693, dtype=float64)))
TRAIN 282 L=141.201 ttrain=0.17s teval=0.00s
NetworkWithTTFS(net=NoDelayLayerNetwork(iw=Array(0.04820332, dtype=float64), rw=Array(2.11374539, dtype=float64)))
TRAIN 283 L=123.539 ttrain=0.17s teval=0.00s
NetworkWithTTFS(net=NoDelayLayerNetwork(iw=Array(0.04253476, dtype=float64), rw=Array(1.67765641, dtype=float64)))
TRAIN 284 L=111.460 ttrain=0.17s teval=0.00s
NetworkWithTTFS(net=NoDelayLayerNetwork(iw=Array(0.04339217, dtype=float64), rw=Array(1.50035034, dtype=float64)))
TRAIN 285 L=125.238 ttrain=0.17s teval=0.00s
NetworkWithTTFS(net=NoDelayLayerNetwork(iw=Array(0.04850943, dtype=float64), rw=Array(2.05328656, dtype=float64)))
TRAIN 286 L=99.576 ttrain=0.17s teval=0.00s
NetworkWithTTFS(net=NoDelayLayerNetwork(iw=Array(0.03870227, dtype=float64), rw=Array(1.23861335, dtype=float64)))
TRAIN 287 L=138.055 ttrain=0.17s teval=0.00s
NetworkWithTTFS(net=NoDelayLayerNetwork(iw=Array(0.04561143, dtype=float64), rw=Array(1.95658958, dtype=float64)))
TRAIN 288 L=118.451 ttrain=0.17s teval=0.00s
NetworkWithTTFS(net=NoDelayLayerNetwork(iw=Array(0.04760866, dtype=float64), rw=Array(1.74659362, dtype=float64)))
TRAIN 289 L=130.668 ttrain=0.17s teval=0.00s
NetworkWithTTFS(net=NoDelayLayerNetwork(iw=Array(0.04526864, dtype=float64), rw=Array(1.64455858, dtype=float64)))
TRAIN 290 L=120.922 ttrain=0.17s teval=0.00s
NetworkWithTTFS(net=NoDelayLayerNetwork(iw=Array(0.04131373, dtype=float64), rw=Array(2.01630492, dtype=float64)))
TRAIN 291 L=123.211 ttrain=0.17s teval=0.00s
NetworkWithTTFS(net=NoDelayLayerNetwork(iw=Array(0.04035797, dtype=float64), rw=Array(1.97571407, dtype=float64)))
TRAIN 292 L=146.922 ttrain=0.17s teval=0.00s
NetworkWithTTFS(net=NoDelayLayerNetwork(iw=Array(0.06434609, dtype=float64), rw=Array(2.04895069, dtype=float64)))
TRAIN 293 L=102.393 ttrain=0.17s teval=0.00s
NetworkWithTTFS(net=NoDelayLayerNetwork(iw=Array(0.03081097, dtype=float64), rw=Array(1.43483734, dtype=float64)))
TRAIN 294 L=121.291 ttrain=0.17s teval=0.00s
NetworkWithTTFS(net=NoDelayLayerNetwork(iw=Array(0.03815325, dtype=float64), rw=Array(1.58326024, dtype=float64)))
TRAIN 295 L=149.134 ttrain=0.17s teval=0.00s
NetworkWithTTFS(net=NoDelayLayerNetwork(iw=Array(0.05978647, dtype=float64), rw=Array(2.17090521, dtype=float64)))
TRAIN 296 L=110.180 ttrain=0.17s teval=0.00s
NetworkWithTTFS(net=NoDelayLayerNetwork(iw=Array(0.04202192, dtype=float64), rw=Array(1.36879215, dtype=float64)))
TRAIN 297 L=144.589 ttrain=0.17s teval=0.00s
NetworkWithTTFS(net=NoDelayLayerNetwork(iw=Array(0.05102831, dtype=float64), rw=Array(2.32724058, dtype=float64)))
TRAIN 298 L=120.487 ttrain=0.17s teval=0.00s
NetworkWithTTFS(net=NoDelayLayerNetwork(iw=Array(0.04747255, dtype=float64), rw=Array(1.69707745, dtype=float64)))
TRAIN 299 L=85.558 ttrain=0.17s teval=0.00s
NetworkWithTTFS(net=NoDelayLayerNetwork(iw=Array(0.0313633, dtype=float64), rw=Array(1.00816248, dtype=float64)))
TEST
FREQ 0.0008326394671107411 0.0008326394671107413 0.0008326394671107414
FREQtrain 0.0008326394671107411 0.0008326394671107413 0.0008326394671107414
TOP1 24.479168 TOP2 89.0625 TOP2Diff 11.920833333333334 LOSS 136.99479488915378
TOP1train 23.61111 TOP2train 90.53819 TOP2trainDiff 14.017441860465116
TRAIN 300 L=111.161 ttrain=0.17s teval=0.00s
NetworkWithTTFS(net=NoDelayLayerNetwork(iw=Array(0.03976742, dtype=float64), rw=Array(1.30528327, dtype=float64)))
TRAIN 301 L=149.234 ttrain=0.17s teval=0.00s
NetworkWithTTFS(net=NoDelayLayerNetwork(iw=Array(0.06311499, dtype=float64), rw=Array(2.37846253, dtype=float64)))
TRAIN 302 L=130.309 ttrain=0.17s teval=0.00s
NetworkWithTTFS(net=NoDelayLayerNetwork(iw=Array(0.05985004, dtype=float64), rw=Array(1.88957413, dtype=float64)))
TRAIN 303 L=124.153 ttrain=0.17s teval=0.00s
NetworkWithTTFS(net=NoDelayLayerNetwork(iw=Array(0.05202514, dtype=float64), rw=Array(1.91386579, dtype=float64)))
TRAIN 304 L=136.935 ttrain=0.17s teval=0.00s
NetworkWithTTFS(net=NoDelayLayerNetwork(iw=Array(0.05286631, dtype=float64), rw=Array(2.1226405, dtype=float64)))
TRAIN 305 L=137.551 ttrain=0.17s teval=0.00s
NetworkWithTTFS(net=NoDelayLayerNetwork(iw=Array(0.05516197, dtype=float64), rw=Array(2.08635115, dtype=float64)))
TRAIN 306 L=107.571 ttrain=0.17s teval=0.00s
NetworkWithTTFS(net=NoDelayLayerNetwork(iw=Array(0.04212411, dtype=float64), rw=Array(1.26939258, dtype=float64)))
TRAIN 307 L=126.349 ttrain=0.17s teval=0.00s
NetworkWithTTFS(net=NoDelayLayerNetwork(iw=Array(0.04367084, dtype=float64), rw=Array(1.83923705, dtype=float64)))
TRAIN 308 L=104.730 ttrain=0.17s teval=0.00s
NetworkWithTTFS(net=NoDelayLayerNetwork(iw=Array(0.03803399, dtype=float64), rw=Array(1.3795224, dtype=float64)))
TRAIN 309 L=142.321 ttrain=0.17s teval=0.00s
NetworkWithTTFS(net=NoDelayLayerNetwork(iw=Array(0.04324797, dtype=float64), rw=Array(2.1133048, dtype=float64)))
TRAIN 310 L=122.321 ttrain=0.17s teval=0.00s
NetworkWithTTFS(net=NoDelayLayerNetwork(iw=Array(0.04413654, dtype=float64), rw=Array(1.78727019, dtype=float64)))
TRAIN 311 L=105.113 ttrain=0.17s teval=0.00s
NetworkWithTTFS(net=NoDelayLayerNetwork(iw=Array(0.03734864, dtype=float64), rw=Array(1.39649924, dtype=float64)))
TRAIN 312 L=97.006 ttrain=0.17s teval=0.00s
NetworkWithTTFS(net=NoDelayLayerNetwork(iw=Array(0.03433113, dtype=float64), rw=Array(1.3554636, dtype=float64)))
TRAIN 313 L=128.468 ttrain=0.17s teval=0.00s
NetworkWithTTFS(net=NoDelayLayerNetwork(iw=Array(0.04572558, dtype=float64), rw=Array(1.79724471, dtype=float64)))
TRAIN 314 L=108.353 ttrain=0.17s teval=0.00s
NetworkWithTTFS(net=NoDelayLayerNetwork(iw=Array(0.03830574, dtype=float64), rw=Array(1.36846175, dtype=float64)))
TRAIN 315 L=113.470 ttrain=0.17s teval=0.00s
NetworkWithTTFS(net=NoDelayLayerNetwork(iw=Array(0.04607677, dtype=float64), rw=Array(1.89566098, dtype=float64)))
TRAIN 316 L=127.330 ttrain=0.17s teval=0.00s
NetworkWithTTFS(net=NoDelayLayerNetwork(iw=Array(0.05298822, dtype=float64), rw=Array(1.8343537, dtype=float64)))
TRAIN 317 L=87.993 ttrain=0.17s teval=0.00s
NetworkWithTTFS(net=NoDelayLayerNetwork(iw=Array(0.03409321, dtype=float64), rw=Array(0.97845798, dtype=float64)))
TRAIN 318 L=119.121 ttrain=0.17s teval=0.00s
NetworkWithTTFS(net=NoDelayLayerNetwork(iw=Array(0.03931786, dtype=float64), rw=Array(2.00169628, dtype=float64)))
TRAIN 319 L=113.971 ttrain=0.17s teval=0.00s
NetworkWithTTFS(net=NoDelayLayerNetwork(iw=Array(0.03942769, dtype=float64), rw=Array(1.81712504, dtype=float64)))
TRAIN 320 L=77.322 ttrain=0.17s teval=0.00s
NetworkWithTTFS(net=NoDelayLayerNetwork(iw=Array(0.03228121, dtype=float64), rw=Array(0.97451131, dtype=float64)))
TRAIN 321 L=134.917 ttrain=0.17s teval=0.00s
NetworkWithTTFS(net=NoDelayLayerNetwork(iw=Array(0.05231698, dtype=float64), rw=Array(2.07694816, dtype=float64)))
TRAIN 322 L=118.961 ttrain=0.17s teval=0.00s
NetworkWithTTFS(net=NoDelayLayerNetwork(iw=Array(0.03790395, dtype=float64), rw=Array(1.65726944, dtype=float64)))
TRAIN 323 L=108.531 ttrain=0.17s teval=0.00s
NetworkWithTTFS(net=NoDelayLayerNetwork(iw=Array(0.0429206, dtype=float64), rw=Array(1.36982704, dtype=float64)))
TRAIN 324 L=103.695 ttrain=0.17s teval=0.00s
NetworkWithTTFS(net=NoDelayLayerNetwork(iw=Array(0.03929373, dtype=float64), rw=Array(1.48607356, dtype=float64)))
TRAIN 325 L=110.333 ttrain=0.17s teval=0.00s
NetworkWithTTFS(net=NoDelayLayerNetwork(iw=Array(0.04274775, dtype=float64), rw=Array(1.60132087, dtype=float64)))
TRAIN 326 L=107.061 ttrain=0.17s teval=0.00s
NetworkWithTTFS(net=NoDelayLayerNetwork(iw=Array(0.04119102, dtype=float64), rw=Array(1.39278024, dtype=float64)))
TRAIN 327 L=104.501 ttrain=0.17s teval=0.00s
NetworkWithTTFS(net=NoDelayLayerNetwork(iw=Array(0.04096642, dtype=float64), rw=Array(1.6240053, dtype=float64)))
TRAIN 328 L=87.339 ttrain=0.17s teval=0.00s
NetworkWithTTFS(net=NoDelayLayerNetwork(iw=Array(0.04410162, dtype=float64), rw=Array(1.12162331, dtype=float64)))
TRAIN 329 L=117.199 ttrain=0.17s teval=0.00s
NetworkWithTTFS(net=NoDelayLayerNetwork(iw=Array(0.04966017, dtype=float64), rw=Array(1.7536981, dtype=float64)))
TRAIN 330 L=116.885 ttrain=0.17s teval=0.00s
NetworkWithTTFS(net=NoDelayLayerNetwork(iw=Array(0.05169315, dtype=float64), rw=Array(1.90721619, dtype=float64)))
TRAIN 331 L=117.078 ttrain=0.17s teval=0.00s
NetworkWithTTFS(net=NoDelayLayerNetwork(iw=Array(0.0478692, dtype=float64), rw=Array(2.02068094, dtype=float64)))
TRAIN 332 L=106.736 ttrain=0.17s teval=0.00s
NetworkWithTTFS(net=NoDelayLayerNetwork(iw=Array(0.0428961, dtype=float64), rw=Array(2.01198293, dtype=float64)))
TRAIN 333 L=100.957 ttrain=0.17s teval=0.00s
NetworkWithTTFS(net=NoDelayLayerNetwork(iw=Array(0.036468, dtype=float64), rw=Array(1.89467478, dtype=float64)))
TRAIN 334 L=101.497 ttrain=0.17s teval=0.00s
NetworkWithTTFS(net=NoDelayLayerNetwork(iw=Array(0.03916253, dtype=float64), rw=Array(1.85829984, dtype=float64)))
TRAIN 335 L=101.919 ttrain=0.17s teval=0.00s
NetworkWithTTFS(net=NoDelayLayerNetwork(iw=Array(0.03673384, dtype=float64), rw=Array(1.76107589, dtype=float64)))
TRAIN 336 L=89.451 ttrain=0.17s teval=0.00s
NetworkWithTTFS(net=NoDelayLayerNetwork(iw=Array(0.04713482, dtype=float64), rw=Array(1.51625911, dtype=float64)))
TRAIN 337 L=109.017 ttrain=0.17s teval=0.00s
NetworkWithTTFS(net=NoDelayLayerNetwork(iw=Array(0.04389132, dtype=float64), rw=Array(1.81935346, dtype=float64)))
TRAIN 338 L=94.664 ttrain=0.17s teval=0.00s
NetworkWithTTFS(net=NoDelayLayerNetwork(iw=Array(0.04091261, dtype=float64), rw=Array(1.41940733, dtype=float64)))
TRAIN 339 L=124.642 ttrain=0.17s teval=0.00s
NetworkWithTTFS(net=NoDelayLayerNetwork(iw=Array(0.05948875, dtype=float64), rw=Array(1.87876678, dtype=float64)))
TRAIN 340 L=114.003 ttrain=0.17s teval=0.00s
NetworkWithTTFS(net=NoDelayLayerNetwork(iw=Array(0.04677252, dtype=float64), rw=Array(1.76088966, dtype=float64)))
TRAIN 341 L=99.983 ttrain=0.17s teval=0.00s
NetworkWithTTFS(net=NoDelayLayerNetwork(iw=Array(0.0411856, dtype=float64), rw=Array(1.44336794, dtype=float64)))
TRAIN 342 L=88.971 ttrain=0.17s teval=0.00s
NetworkWithTTFS(net=NoDelayLayerNetwork(iw=Array(0.0430048, dtype=float64), rw=Array(1.33496192, dtype=float64)))
TRAIN 343 L=120.014 ttrain=0.17s teval=0.00s
NetworkWithTTFS(net=NoDelayLayerNetwork(iw=Array(0.04137054, dtype=float64), rw=Array(1.86441455, dtype=float64)))
TRAIN 344 L=105.558 ttrain=0.17s teval=0.00s
NetworkWithTTFS(net=NoDelayLayerNetwork(iw=Array(0.04963064, dtype=float64), rw=Array(1.72742809, dtype=float64)))
TRAIN 345 L=104.445 ttrain=0.17s teval=0.00s
NetworkWithTTFS(net=NoDelayLayerNetwork(iw=Array(0.04124046, dtype=float64), rw=Array(1.76861846, dtype=float64)))
TRAIN 346 L=102.991 ttrain=0.17s teval=0.00s
NetworkWithTTFS(net=NoDelayLayerNetwork(iw=Array(0.03996806, dtype=float64), rw=Array(1.84742362, dtype=float64)))
TRAIN 347 L=89.456 ttrain=0.17s teval=0.00s
NetworkWithTTFS(net=NoDelayLayerNetwork(iw=Array(0.0503869, dtype=float64), rw=Array(1.33501738, dtype=float64)))
TRAIN 348 L=87.192 ttrain=0.17s teval=0.00s
NetworkWithTTFS(net=NoDelayLayerNetwork(iw=Array(0.03290952, dtype=float64), rw=Array(1.43869029, dtype=float64)))
TRAIN 349 L=109.504 ttrain=0.17s teval=0.00s
NetworkWithTTFS(net=NoDelayLayerNetwork(iw=Array(0.04592234, dtype=float64), rw=Array(1.84692684, dtype=float64)))
TRAIN 350 L=92.592 ttrain=0.17s teval=0.00s
NetworkWithTTFS(net=NoDelayLayerNetwork(iw=Array(0.0390497, dtype=float64), rw=Array(1.38543665, dtype=float64)))
TRAIN 351 L=94.444 ttrain=0.17s teval=0.00s
NetworkWithTTFS(net=NoDelayLayerNetwork(iw=Array(0.0484788, dtype=float64), rw=Array(1.26740128, dtype=float64)))
TRAIN 352 L=94.458 ttrain=0.17s teval=0.00s
NetworkWithTTFS(net=NoDelayLayerNetwork(iw=Array(0.04008285, dtype=float64), rw=Array(1.34814551, dtype=float64)))
TRAIN 353 L=89.124 ttrain=0.17s teval=0.00s
NetworkWithTTFS(net=NoDelayLayerNetwork(iw=Array(0.04117558, dtype=float64), rw=Array(1.27155351, dtype=float64)))
TRAIN 354 L=105.454 ttrain=0.17s teval=0.00s
NetworkWithTTFS(net=NoDelayLayerNetwork(iw=Array(0.03773913, dtype=float64), rw=Array(1.64569731, dtype=float64)))
TRAIN 355 L=94.460 ttrain=0.17s teval=0.00s
NetworkWithTTFS(net=NoDelayLayerNetwork(iw=Array(0.0411748, dtype=float64), rw=Array(1.26342768, dtype=float64)))
TRAIN 356 L=103.429 ttrain=0.17s teval=0.00s
NetworkWithTTFS(net=NoDelayLayerNetwork(iw=Array(0.04062241, dtype=float64), rw=Array(1.62239408, dtype=float64)))
TRAIN 357 L=85.915 ttrain=0.17s teval=0.00s
NetworkWithTTFS(net=NoDelayLayerNetwork(iw=Array(0.04099451, dtype=float64), rw=Array(1.1451465, dtype=float64)))
TRAIN 358 L=103.738 ttrain=0.17s teval=0.00s
NetworkWithTTFS(net=NoDelayLayerNetwork(iw=Array(0.04205031, dtype=float64), rw=Array(1.48451591, dtype=float64)))
TRAIN 359 L=80.556 ttrain=0.17s teval=0.00s
NetworkWithTTFS(net=NoDelayLayerNetwork(iw=Array(0.03669514, dtype=float64), rw=Array(1.05051485, dtype=float64)))
TRAIN 360 L=101.960 ttrain=0.17s teval=0.00s
NetworkWithTTFS(net=NoDelayLayerNetwork(iw=Array(0.04655697, dtype=float64), rw=Array(1.71257845, dtype=float64)))
TRAIN 361 L=89.105 ttrain=0.17s teval=0.00s
NetworkWithTTFS(net=NoDelayLayerNetwork(iw=Array(0.03662016, dtype=float64), rw=Array(1.42938112, dtype=float64)))
TRAIN 362 L=102.715 ttrain=0.17s teval=0.00s
NetworkWithTTFS(net=NoDelayLayerNetwork(iw=Array(0.04401024, dtype=float64), rw=Array(1.62749192, dtype=float64)))
TRAIN 363 L=80.405 ttrain=0.17s teval=0.00s
NetworkWithTTFS(net=NoDelayLayerNetwork(iw=Array(0.04437491, dtype=float64), rw=Array(1.53221866, dtype=float64)))
TRAIN 364 L=94.639 ttrain=0.17s teval=0.00s
NetworkWithTTFS(net=NoDelayLayerNetwork(iw=Array(0.04382903, dtype=float64), rw=Array(1.35514939, dtype=float64)))
TRAIN 365 L=85.968 ttrain=0.17s teval=0.00s
NetworkWithTTFS(net=NoDelayLayerNetwork(iw=Array(0.03843978, dtype=float64), rw=Array(1.11093683, dtype=float64)))
TRAIN 366 L=85.516 ttrain=0.17s teval=0.00s
NetworkWithTTFS(net=NoDelayLayerNetwork(iw=Array(0.03719831, dtype=float64), rw=Array(1.11201651, dtype=float64)))
TRAIN 367 L=97.136 ttrain=0.17s teval=0.00s
NetworkWithTTFS(net=NoDelayLayerNetwork(iw=Array(0.04061022, dtype=float64), rw=Array(1.93605951, dtype=float64)))
TRAIN 368 L=90.404 ttrain=0.17s teval=0.00s
NetworkWithTTFS(net=NoDelayLayerNetwork(iw=Array(0.0321034, dtype=float64), rw=Array(1.66613666, dtype=float64)))
TRAIN 369 L=74.926 ttrain=0.17s teval=0.00s
NetworkWithTTFS(net=NoDelayLayerNetwork(iw=Array(0.03622071, dtype=float64), rw=Array(1.77126248, dtype=float64)))
TRAIN 370 L=81.812 ttrain=0.17s teval=0.00s
NetworkWithTTFS(net=NoDelayLayerNetwork(iw=Array(0.03330689, dtype=float64), rw=Array(1.46175269, dtype=float64)))
TRAIN 371 L=94.153 ttrain=0.17s teval=0.00s
NetworkWithTTFS(net=NoDelayLayerNetwork(iw=Array(0.0458269, dtype=float64), rw=Array(1.52458669, dtype=float64)))
TRAIN 372 L=86.239 ttrain=0.17s teval=0.00s
NetworkWithTTFS(net=NoDelayLayerNetwork(iw=Array(0.04753234, dtype=float64), rw=Array(1.33997148, dtype=float64)))
TRAIN 373 L=84.971 ttrain=0.17s teval=0.00s
NetworkWithTTFS(net=NoDelayLayerNetwork(iw=Array(0.03821184, dtype=float64), rw=Array(1.61783856, dtype=float64)))
TRAIN 374 L=88.628 ttrain=0.17s teval=0.00s
NetworkWithTTFS(net=NoDelayLayerNetwork(iw=Array(0.03667841, dtype=float64), rw=Array(1.53066622, dtype=float64)))
TRAIN 375 L=80.741 ttrain=0.17s teval=0.00s
NetworkWithTTFS(net=NoDelayLayerNetwork(iw=Array(0.03207355, dtype=float64), rw=Array(1.46635734, dtype=float64)))
TRAIN 376 L=101.215 ttrain=0.17s teval=0.00s
NetworkWithTTFS(net=NoDelayLayerNetwork(iw=Array(0.04510841, dtype=float64), rw=Array(1.8464131, dtype=float64)))
TRAIN 377 L=87.433 ttrain=0.17s teval=0.00s
NetworkWithTTFS(net=NoDelayLayerNetwork(iw=Array(0.03694195, dtype=float64), rw=Array(1.51510556, dtype=float64)))
TRAIN 378 L=98.436 ttrain=0.17s teval=0.00s
NetworkWithTTFS(net=NoDelayLayerNetwork(iw=Array(0.04594103, dtype=float64), rw=Array(2.25101613, dtype=float64)))
TRAIN 379 L=96.730 ttrain=0.17s teval=0.00s
NetworkWithTTFS(net=NoDelayLayerNetwork(iw=Array(0.03826555, dtype=float64), rw=Array(1.89461197, dtype=float64)))
TRAIN 380 L=91.888 ttrain=0.17s teval=0.00s
NetworkWithTTFS(net=NoDelayLayerNetwork(iw=Array(0.04915544, dtype=float64), rw=Array(1.53001526, dtype=float64)))
TRAIN 381 L=91.501 ttrain=0.17s teval=0.00s
NetworkWithTTFS(net=NoDelayLayerNetwork(iw=Array(0.03500492, dtype=float64), rw=Array(1.75782562, dtype=float64)))
TRAIN 382 L=86.488 ttrain=0.17s teval=0.00s
NetworkWithTTFS(net=NoDelayLayerNetwork(iw=Array(0.04289721, dtype=float64), rw=Array(1.46167264, dtype=float64)))
TRAIN 383 L=92.417 ttrain=0.17s teval=0.00s
NetworkWithTTFS(net=NoDelayLayerNetwork(iw=Array(0.0478633, dtype=float64), rw=Array(1.6217289, dtype=float64)))
TRAIN 384 L=90.851 ttrain=0.17s teval=0.00s
NetworkWithTTFS(net=NoDelayLayerNetwork(iw=Array(0.04248209, dtype=float64), rw=Array(1.65883995, dtype=float64)))
TRAIN 385 L=75.006 ttrain=0.17s teval=0.00s
NetworkWithTTFS(net=NoDelayLayerNetwork(iw=Array(0.03974575, dtype=float64), rw=Array(1.40660879, dtype=float64)))
TRAIN 386 L=95.382 ttrain=0.17s teval=0.00s
NetworkWithTTFS(net=NoDelayLayerNetwork(iw=Array(0.04833644, dtype=float64), rw=Array(1.86013281, dtype=float64)))
TRAIN 387 L=91.482 ttrain=0.17s teval=0.00s
NetworkWithTTFS(net=NoDelayLayerNetwork(iw=Array(0.04015877, dtype=float64), rw=Array(1.83290711, dtype=float64)))
TRAIN 388 L=89.043 ttrain=0.17s teval=0.00s
NetworkWithTTFS(net=NoDelayLayerNetwork(iw=Array(0.04331565, dtype=float64), rw=Array(1.62295311, dtype=float64)))
TRAIN 389 L=82.235 ttrain=0.17s teval=0.00s
NetworkWithTTFS(net=NoDelayLayerNetwork(iw=Array(0.04498005, dtype=float64), rw=Array(1.4144607, dtype=float64)))
TRAIN 390 L=77.272 ttrain=0.17s teval=0.00s
NetworkWithTTFS(net=NoDelayLayerNetwork(iw=Array(0.03416757, dtype=float64), rw=Array(1.34034303, dtype=float64)))
TRAIN 391 L=89.282 ttrain=0.17s teval=0.00s
NetworkWithTTFS(net=NoDelayLayerNetwork(iw=Array(0.04820636, dtype=float64), rw=Array(1.60254885, dtype=float64)))
TRAIN 392 L=87.130 ttrain=0.17s teval=0.00s
NetworkWithTTFS(net=NoDelayLayerNetwork(iw=Array(0.04776828, dtype=float64), rw=Array(1.41150454, dtype=float64)))
TRAIN 393 L=83.673 ttrain=0.17s teval=0.00s
NetworkWithTTFS(net=NoDelayLayerNetwork(iw=Array(0.03547137, dtype=float64), rw=Array(1.47715583, dtype=float64)))
TRAIN 394 L=77.340 ttrain=0.17s teval=0.00s
NetworkWithTTFS(net=NoDelayLayerNetwork(iw=Array(0.03426744, dtype=float64), rw=Array(1.49346895, dtype=float64)))
TRAIN 395 L=94.335 ttrain=0.17s teval=0.00s
NetworkWithTTFS(net=NoDelayLayerNetwork(iw=Array(0.04001745, dtype=float64), rw=Array(1.94671582, dtype=float64)))
TRAIN 396 L=83.534 ttrain=0.17s teval=0.00s
NetworkWithTTFS(net=NoDelayLayerNetwork(iw=Array(0.04611094, dtype=float64), rw=Array(1.71766498, dtype=float64)))
TRAIN 397 L=63.269 ttrain=0.17s teval=0.00s
NetworkWithTTFS(net=NoDelayLayerNetwork(iw=Array(0.04056275, dtype=float64), rw=Array(1.24855145, dtype=float64)))
TRAIN 398 L=67.870 ttrain=0.17s teval=0.00s
NetworkWithTTFS(net=NoDelayLayerNetwork(iw=Array(0.03422001, dtype=float64), rw=Array(1.3482091, dtype=float64)))
TRAIN 399 L=79.097 ttrain=0.17s teval=0.00s
NetworkWithTTFS(net=NoDelayLayerNetwork(iw=Array(0.04048984, dtype=float64), rw=Array(1.56088323, dtype=float64)))
TEST
FREQ 0.0008326394671107411 0.0008326394671107413 0.0008326394671107414
FREQtrain 0.0008326394671107411 0.0008326394671107413 0.0008326394671107414
TOP1 24.652779 TOP2 82.72569 TOP2Diff 7.434362934362934 LOSS 86.05501314821511
TOP1train 25.17361 TOP2train 80.642365 TOP2trainDiff 9.837606837606838
(Array([103, 142, 277, 316], dtype=int64), Array([0, 0, 0, 0], dtype=int64))
TRAIN 400 L=93.064 ttrain=0.17s teval=0.75s
NetworkWithTTFS(net=NoDelayLayerNetwork(iw=Array(0.04144373, dtype=float64), rw=Array(1.74882414, dtype=float64)))
TRAIN 401 L=97.357 ttrain=0.17s teval=0.00s
NetworkWithTTFS(net=NoDelayLayerNetwork(iw=Array(0.04935401, dtype=float64), rw=Array(1.9566807, dtype=float64)))
TRAIN 402 L=79.025 ttrain=0.17s teval=0.00s
NetworkWithTTFS(net=NoDelayLayerNetwork(iw=Array(0.0472394, dtype=float64), rw=Array(1.44507058, dtype=float64)))
TRAIN 403 L=75.027 ttrain=0.17s teval=0.00s
NetworkWithTTFS(net=NoDelayLayerNetwork(iw=Array(0.03726287, dtype=float64), rw=Array(1.3105005, dtype=float64)))
TRAIN 404 L=91.610 ttrain=0.17s teval=0.00s
NetworkWithTTFS(net=NoDelayLayerNetwork(iw=Array(0.04915495, dtype=float64), rw=Array(1.94302772, dtype=float64)))
TRAIN 405 L=68.157 ttrain=0.17s teval=0.00s
NetworkWithTTFS(net=NoDelayLayerNetwork(iw=Array(0.03398389, dtype=float64), rw=Array(1.275421, dtype=float64)))
TRAIN 406 L=78.993 ttrain=0.17s teval=0.00s
NetworkWithTTFS(net=NoDelayLayerNetwork(iw=Array(0.04387726, dtype=float64), rw=Array(1.56914454, dtype=float64)))
TRAIN 407 L=76.183 ttrain=0.17s teval=0.00s
NetworkWithTTFS(net=NoDelayLayerNetwork(iw=Array(0.04220621, dtype=float64), rw=Array(1.40188287, dtype=float64)))
TRAIN 408 L=80.014 ttrain=0.17s teval=0.00s
NetworkWithTTFS(net=NoDelayLayerNetwork(iw=Array(0.03948825, dtype=float64), rw=Array(1.48697511, dtype=float64)))
TRAIN 409 L=57.289 ttrain=0.17s teval=0.00s
NetworkWithTTFS(net=NoDelayLayerNetwork(iw=Array(0.03405115, dtype=float64), rw=Array(1.10809564, dtype=float64)))
TRAIN 410 L=92.937 ttrain=0.17s teval=0.00s
NetworkWithTTFS(net=NoDelayLayerNetwork(iw=Array(0.0387438, dtype=float64), rw=Array(1.955253, dtype=float64)))
TRAIN 411 L=76.574 ttrain=0.17s teval=0.00s
NetworkWithTTFS(net=NoDelayLayerNetwork(iw=Array(0.03690488, dtype=float64), rw=Array(1.53593111, dtype=float64)))
TRAIN 412 L=57.594 ttrain=0.17s teval=0.00s
NetworkWithTTFS(net=NoDelayLayerNetwork(iw=Array(0.02784344, dtype=float64), rw=Array(1.02954579, dtype=float64)))
TRAIN 413 L=81.012 ttrain=0.17s teval=0.00s
NetworkWithTTFS(net=NoDelayLayerNetwork(iw=Array(0.04404681, dtype=float64), rw=Array(1.46299622, dtype=float64)))
TRAIN 414 L=69.821 ttrain=0.17s teval=0.00s
NetworkWithTTFS(net=NoDelayLayerNetwork(iw=Array(0.03378064, dtype=float64), rw=Array(1.42780044, dtype=float64)))
TRAIN 415 L=69.303 ttrain=0.17s teval=0.00s
NetworkWithTTFS(net=NoDelayLayerNetwork(iw=Array(0.03643261, dtype=float64), rw=Array(1.20973971, dtype=float64)))
TRAIN 416 L=70.729 ttrain=0.17s teval=0.00s
NetworkWithTTFS(net=NoDelayLayerNetwork(iw=Array(0.03255582, dtype=float64), rw=Array(1.47148806, dtype=float64)))
TRAIN 417 L=65.764 ttrain=0.17s teval=0.00s
NetworkWithTTFS(net=NoDelayLayerNetwork(iw=Array(0.02938538, dtype=float64), rw=Array(1.73820398, dtype=float64)))
TRAIN 418 L=88.941 ttrain=0.17s teval=0.00s
NetworkWithTTFS(net=NoDelayLayerNetwork(iw=Array(0.04961748, dtype=float64), rw=Array(2.03356599, dtype=float64)))
TRAIN 419 L=68.653 ttrain=0.17s teval=0.00s
NetworkWithTTFS(net=NoDelayLayerNetwork(iw=Array(0.03588907, dtype=float64), rw=Array(1.46695604, dtype=float64)))
TRAIN 420 L=76.799 ttrain=0.17s teval=0.00s
NetworkWithTTFS(net=NoDelayLayerNetwork(iw=Array(0.03846762, dtype=float64), rw=Array(1.69724486, dtype=float64)))
TRAIN 421 L=54.254 ttrain=0.17s teval=0.00s
NetworkWithTTFS(net=NoDelayLayerNetwork(iw=Array(0.02943832, dtype=float64), rw=Array(1.05689673, dtype=float64)))
TRAIN 422 L=62.346 ttrain=0.17s teval=0.00s
NetworkWithTTFS(net=NoDelayLayerNetwork(iw=Array(0.03446017, dtype=float64), rw=Array(1.2068368, dtype=float64)))
TRAIN 423 L=66.597 ttrain=0.17s teval=0.00s
NetworkWithTTFS(net=NoDelayLayerNetwork(iw=Array(0.03907483, dtype=float64), rw=Array(1.19742678, dtype=float64)))
TRAIN 424 L=74.562 ttrain=0.17s teval=0.00s
NetworkWithTTFS(net=NoDelayLayerNetwork(iw=Array(0.03822138, dtype=float64), rw=Array(1.45295057, dtype=float64)))
TRAIN 425 L=58.121 ttrain=0.17s teval=0.00s
NetworkWithTTFS(net=NoDelayLayerNetwork(iw=Array(0.02432558, dtype=float64), rw=Array(1.07194517, dtype=float64)))
TRAIN 426 L=83.626 ttrain=0.17s teval=0.00s
NetworkWithTTFS(net=NoDelayLayerNetwork(iw=Array(0.04516807, dtype=float64), rw=Array(1.74110356, dtype=float64)))
TRAIN 427 L=68.386 ttrain=0.17s teval=0.00s
NetworkWithTTFS(net=NoDelayLayerNetwork(iw=Array(0.03065582, dtype=float64), rw=Array(1.35568508, dtype=float64)))
TRAIN 428 L=73.933 ttrain=0.17s teval=0.00s
NetworkWithTTFS(net=NoDelayLayerNetwork(iw=Array(0.04513681, dtype=float64), rw=Array(1.38172036, dtype=float64)))
TRAIN 429 L=71.688 ttrain=0.17s teval=0.00s
NetworkWithTTFS(net=NoDelayLayerNetwork(iw=Array(0.04525972, dtype=float64), rw=Array(1.55318115, dtype=float64)))
TRAIN 430 L=59.725 ttrain=0.17s teval=0.00s
NetworkWithTTFS(net=NoDelayLayerNetwork(iw=Array(0.03466265, dtype=float64), rw=Array(1.15237524, dtype=float64)))
TRAIN 431 L=55.120 ttrain=0.17s teval=0.00s
NetworkWithTTFS(net=NoDelayLayerNetwork(iw=Array(0.03355928, dtype=float64), rw=Array(1.15131464, dtype=float64)))
TRAIN 432 L=56.763 ttrain=0.17s teval=0.00s
NetworkWithTTFS(net=NoDelayLayerNetwork(iw=Array(0.04310669, dtype=float64), rw=Array(1.22899888, dtype=float64)))
TRAIN 433 L=70.154 ttrain=0.17s teval=0.00s
NetworkWithTTFS(net=NoDelayLayerNetwork(iw=Array(0.03258281, dtype=float64), rw=Array(1.51723364, dtype=float64)))
TRAIN 434 L=57.489 ttrain=0.17s teval=0.00s
NetworkWithTTFS(net=NoDelayLayerNetwork(iw=Array(0.03275378, dtype=float64), rw=Array(1.1301009, dtype=float64)))
TRAIN 435 L=63.204 ttrain=0.17s teval=0.00s
NetworkWithTTFS(net=NoDelayLayerNetwork(iw=Array(0.03503709, dtype=float64), rw=Array(1.42651541, dtype=float64)))
TRAIN 436 L=55.780 ttrain=0.17s teval=0.00s
NetworkWithTTFS(net=NoDelayLayerNetwork(iw=Array(0.04003116, dtype=float64), rw=Array(1.27488246, dtype=float64)))
TRAIN 437 L=53.688 ttrain=0.17s teval=0.00s
NetworkWithTTFS(net=NoDelayLayerNetwork(iw=Array(0.02754711, dtype=float64), rw=Array(1.09040206, dtype=float64)))
TRAIN 438 L=60.772 ttrain=0.17s teval=0.00s
NetworkWithTTFS(net=NoDelayLayerNetwork(iw=Array(0.03831997, dtype=float64), rw=Array(1.2135378, dtype=float64)))
TRAIN 439 L=60.876 ttrain=0.17s teval=0.00s
NetworkWithTTFS(net=NoDelayLayerNetwork(iw=Array(0.02858217, dtype=float64), rw=Array(1.53984052, dtype=float64)))
TRAIN 440 L=74.383 ttrain=0.17s teval=0.00s
NetworkWithTTFS(net=NoDelayLayerNetwork(iw=Array(0.03482195, dtype=float64), rw=Array(1.78369877, dtype=float64)))
TRAIN 441 L=67.793 ttrain=0.17s teval=0.00s
NetworkWithTTFS(net=NoDelayLayerNetwork(iw=Array(0.04225664, dtype=float64), rw=Array(1.64916184, dtype=float64)))
TRAIN 442 L=66.015 ttrain=0.17s teval=0.00s
NetworkWithTTFS(net=NoDelayLayerNetwork(iw=Array(0.04396181, dtype=float64), rw=Array(1.59328582, dtype=float64)))
TRAIN 443 L=47.362 ttrain=0.17s teval=0.00s
NetworkWithTTFS(net=NoDelayLayerNetwork(iw=Array(0.02728235, dtype=float64), rw=Array(1.13240837, dtype=float64)))
TRAIN 444 L=66.107 ttrain=0.17s teval=0.00s
NetworkWithTTFS(net=NoDelayLayerNetwork(iw=Array(0.03931265, dtype=float64), rw=Array(1.58073007, dtype=float64)))
TRAIN 445 L=64.430 ttrain=0.17s teval=0.00s
NetworkWithTTFS(net=NoDelayLayerNetwork(iw=Array(0.04423527, dtype=float64), rw=Array(1.51008341, dtype=float64)))
TRAIN 446 L=66.032 ttrain=0.17s teval=0.00s
NetworkWithTTFS(net=NoDelayLayerNetwork(iw=Array(0.04140033, dtype=float64), rw=Array(1.66593528, dtype=float64)))
TRAIN 447 L=57.578 ttrain=0.17s teval=0.00s
NetworkWithTTFS(net=NoDelayLayerNetwork(iw=Array(0.03533302, dtype=float64), rw=Array(1.51865769, dtype=float64)))
TRAIN 448 L=69.494 ttrain=0.17s teval=0.00s
NetworkWithTTFS(net=NoDelayLayerNetwork(iw=Array(0.04119734, dtype=float64), rw=Array(1.62088737, dtype=float64)))
TRAIN 449 L=52.936 ttrain=0.17s teval=0.00s
NetworkWithTTFS(net=NoDelayLayerNetwork(iw=Array(0.03739928, dtype=float64), rw=Array(1.38448965, dtype=float64)))
TRAIN 450 L=61.887 ttrain=0.17s teval=0.00s
NetworkWithTTFS(net=NoDelayLayerNetwork(iw=Array(0.0380772, dtype=float64), rw=Array(1.38833177, dtype=float64)))
TRAIN 451 L=53.973 ttrain=0.17s teval=0.00s
NetworkWithTTFS(net=NoDelayLayerNetwork(iw=Array(0.03479502, dtype=float64), rw=Array(1.24850903, dtype=float64)))
TRAIN 452 L=58.882 ttrain=0.17s teval=0.00s
NetworkWithTTFS(net=NoDelayLayerNetwork(iw=Array(0.04141783, dtype=float64), rw=Array(1.39836669, dtype=float64)))
TRAIN 453 L=63.985 ttrain=0.17s teval=0.00s
NetworkWithTTFS(net=NoDelayLayerNetwork(iw=Array(0.03611097, dtype=float64), rw=Array(1.42467406, dtype=float64)))
TRAIN 454 L=56.072 ttrain=0.17s teval=0.00s
NetworkWithTTFS(net=NoDelayLayerNetwork(iw=Array(0.02701173, dtype=float64), rw=Array(1.48125231, dtype=float64)))
TRAIN 455 L=58.236 ttrain=0.17s teval=0.00s
NetworkWithTTFS(net=NoDelayLayerNetwork(iw=Array(0.03373336, dtype=float64), rw=Array(1.53749085, dtype=float64)))
TRAIN 456 L=51.976 ttrain=0.17s teval=0.00s
NetworkWithTTFS(net=NoDelayLayerNetwork(iw=Array(0.03070448, dtype=float64), rw=Array(1.11131421, dtype=float64)))
TRAIN 457 L=55.436 ttrain=0.17s teval=0.00s
NetworkWithTTFS(net=NoDelayLayerNetwork(iw=Array(0.03404924, dtype=float64), rw=Array(1.49987213, dtype=float64)))
TRAIN 458 L=64.971 ttrain=0.17s teval=0.00s
NetworkWithTTFS(net=NoDelayLayerNetwork(iw=Array(0.04154396, dtype=float64), rw=Array(1.65956371, dtype=float64)))
TRAIN 459 L=58.242 ttrain=0.17s teval=0.00s
NetworkWithTTFS(net=NoDelayLayerNetwork(iw=Array(0.03727349, dtype=float64), rw=Array(1.50382041, dtype=float64)))
TRAIN 460 L=67.867 ttrain=0.17s teval=0.00s
NetworkWithTTFS(net=NoDelayLayerNetwork(iw=Array(0.03706547, dtype=float64), rw=Array(1.97798498, dtype=float64)))
TRAIN 461 L=49.838 ttrain=0.17s teval=0.00s
NetworkWithTTFS(net=NoDelayLayerNetwork(iw=Array(0.03297647, dtype=float64), rw=Array(1.2230117, dtype=float64)))
TRAIN 462 L=54.650 ttrain=0.17s teval=0.00s
NetworkWithTTFS(net=NoDelayLayerNetwork(iw=Array(0.03875557, dtype=float64), rw=Array(1.59182151, dtype=float64)))
TRAIN 463 L=50.883 ttrain=0.17s teval=0.00s
NetworkWithTTFS(net=NoDelayLayerNetwork(iw=Array(0.03586722, dtype=float64), rw=Array(1.40086267, dtype=float64)))
TRAIN 464 L=55.989 ttrain=0.17s teval=0.00s
NetworkWithTTFS(net=NoDelayLayerNetwork(iw=Array(0.03934811, dtype=float64), rw=Array(1.61945744, dtype=float64)))
TRAIN 465 L=44.541 ttrain=0.17s teval=0.00s
NetworkWithTTFS(net=NoDelayLayerNetwork(iw=Array(0.03271272, dtype=float64), rw=Array(1.05300363, dtype=float64)))
TRAIN 466 L=52.680 ttrain=0.17s teval=0.00s
NetworkWithTTFS(net=NoDelayLayerNetwork(iw=Array(0.03958326, dtype=float64), rw=Array(1.67107016, dtype=float64)))
TRAIN 467 L=50.118 ttrain=0.17s teval=0.00s
NetworkWithTTFS(net=NoDelayLayerNetwork(iw=Array(0.037134, dtype=float64), rw=Array(1.49144999, dtype=float64)))
TRAIN 468 L=57.597 ttrain=0.17s teval=0.00s
NetworkWithTTFS(net=NoDelayLayerNetwork(iw=Array(0.03504087, dtype=float64), rw=Array(1.52602811, dtype=float64)))
TRAIN 469 L=54.175 ttrain=0.17s teval=0.00s
NetworkWithTTFS(net=NoDelayLayerNetwork(iw=Array(0.04042561, dtype=float64), rw=Array(1.76045043, dtype=float64)))
TRAIN 470 L=52.521 ttrain=0.17s teval=0.00s
NetworkWithTTFS(net=NoDelayLayerNetwork(iw=Array(0.03704944, dtype=float64), rw=Array(1.67324989, dtype=float64)))
TRAIN 471 L=51.153 ttrain=0.17s teval=0.00s
NetworkWithTTFS(net=NoDelayLayerNetwork(iw=Array(0.03427183, dtype=float64), rw=Array(1.25161861, dtype=float64)))
TRAIN 472 L=52.429 ttrain=0.17s teval=0.00s
NetworkWithTTFS(net=NoDelayLayerNetwork(iw=Array(0.03246233, dtype=float64), rw=Array(1.61954136, dtype=float64)))
TRAIN 473 L=49.384 ttrain=0.17s teval=0.00s
NetworkWithTTFS(net=NoDelayLayerNetwork(iw=Array(0.03498181, dtype=float64), rw=Array(1.37361117, dtype=float64)))
TRAIN 474 L=43.575 ttrain=0.17s teval=0.00s
NetworkWithTTFS(net=NoDelayLayerNetwork(iw=Array(0.04218681, dtype=float64), rw=Array(1.39503136, dtype=float64)))
TRAIN 475 L=49.699 ttrain=0.17s teval=0.00s
NetworkWithTTFS(net=NoDelayLayerNetwork(iw=Array(0.04444822, dtype=float64), rw=Array(1.38903904, dtype=float64)))
TRAIN 476 L=65.498 ttrain=0.17s teval=0.00s
NetworkWithTTFS(net=NoDelayLayerNetwork(iw=Array(0.03631876, dtype=float64), rw=Array(1.82175112, dtype=float64)))
TRAIN 477 L=41.413 ttrain=0.17s teval=0.00s
NetworkWithTTFS(net=NoDelayLayerNetwork(iw=Array(0.0314222, dtype=float64), rw=Array(1.09422561, dtype=float64)))
TRAIN 478 L=47.029 ttrain=0.17s teval=0.00s
NetworkWithTTFS(net=NoDelayLayerNetwork(iw=Array(0.02793679, dtype=float64), rw=Array(1.25372133, dtype=float64)))
TRAIN 479 L=49.729 ttrain=0.17s teval=0.00s
NetworkWithTTFS(net=NoDelayLayerNetwork(iw=Array(0.0358182, dtype=float64), rw=Array(1.76471586, dtype=float64)))
TRAIN 480 L=47.535 ttrain=0.17s teval=0.00s
NetworkWithTTFS(net=NoDelayLayerNetwork(iw=Array(0.04078978, dtype=float64), rw=Array(1.55740355, dtype=float64)))
TRAIN 481 L=45.434 ttrain=0.17s teval=0.00s
NetworkWithTTFS(net=NoDelayLayerNetwork(iw=Array(0.0392197, dtype=float64), rw=Array(1.38953329, dtype=float64)))
TRAIN 482 L=45.446 ttrain=0.17s teval=0.00s
NetworkWithTTFS(net=NoDelayLayerNetwork(iw=Array(0.03647791, dtype=float64), rw=Array(1.41616947, dtype=float64)))
TRAIN 483 L=44.957 ttrain=0.17s teval=0.00s
NetworkWithTTFS(net=NoDelayLayerNetwork(iw=Array(0.0436467, dtype=float64), rw=Array(1.52679663, dtype=float64)))
TRAIN 484 L=42.986 ttrain=0.17s teval=0.00s
NetworkWithTTFS(net=NoDelayLayerNetwork(iw=Array(0.03333536, dtype=float64), rw=Array(1.31049193, dtype=float64)))
TRAIN 485 L=43.141 ttrain=0.17s teval=0.00s
NetworkWithTTFS(net=NoDelayLayerNetwork(iw=Array(0.04357639, dtype=float64), rw=Array(1.38867294, dtype=float64)))
TRAIN 486 L=34.478 ttrain=0.17s teval=0.00s
NetworkWithTTFS(net=NoDelayLayerNetwork(iw=Array(0.03410554, dtype=float64), rw=Array(1.16303076, dtype=float64)))
TRAIN 487 L=38.513 ttrain=0.17s teval=0.00s
NetworkWithTTFS(net=NoDelayLayerNetwork(iw=Array(0.02877862, dtype=float64), rw=Array(1.22587263, dtype=float64)))
TRAIN 488 L=37.630 ttrain=0.17s teval=0.00s
NetworkWithTTFS(net=NoDelayLayerNetwork(iw=Array(0.03674683, dtype=float64), rw=Array(1.48784788, dtype=float64)))
TRAIN 489 L=32.570 ttrain=0.17s teval=0.00s
NetworkWithTTFS(net=NoDelayLayerNetwork(iw=Array(0.02893485, dtype=float64), rw=Array(1.25301061, dtype=float64)))
TRAIN 490 L=40.132 ttrain=0.17s teval=0.00s
NetworkWithTTFS(net=NoDelayLayerNetwork(iw=Array(0.040075, dtype=float64), rw=Array(1.40042931, dtype=float64)))
TRAIN 491 L=38.302 ttrain=0.17s teval=0.00s
NetworkWithTTFS(net=NoDelayLayerNetwork(iw=Array(0.03784332, dtype=float64), rw=Array(1.42148457, dtype=float64)))
TRAIN 492 L=32.115 ttrain=0.17s teval=0.00s
NetworkWithTTFS(net=NoDelayLayerNetwork(iw=Array(0.04059623, dtype=float64), rw=Array(1.62093706, dtype=float64)))
TRAIN 493 L=36.231 ttrain=0.17s teval=0.00s
NetworkWithTTFS(net=NoDelayLayerNetwork(iw=Array(0.03187023, dtype=float64), rw=Array(1.39083481, dtype=float64)))
TRAIN 494 L=34.187 ttrain=0.17s teval=0.00s
NetworkWithTTFS(net=NoDelayLayerNetwork(iw=Array(0.02846508, dtype=float64), rw=Array(1.37868142, dtype=float64)))
TRAIN 495 L=43.205 ttrain=0.17s teval=0.00s
NetworkWithTTFS(net=NoDelayLayerNetwork(iw=Array(0.02828013, dtype=float64), rw=Array(1.65914922, dtype=float64)))
TRAIN 496 L=31.741 ttrain=0.17s teval=0.00s
NetworkWithTTFS(net=NoDelayLayerNetwork(iw=Array(0.02127916, dtype=float64), rw=Array(0.98094057, dtype=float64)))
TRAIN 497 L=42.806 ttrain=0.17s teval=0.00s
NetworkWithTTFS(net=NoDelayLayerNetwork(iw=Array(0.03266008, dtype=float64), rw=Array(1.49335614, dtype=float64)))
TRAIN 498 L=29.740 ttrain=0.17s teval=0.00s
NetworkWithTTFS(net=NoDelayLayerNetwork(iw=Array(0.02022673, dtype=float64), rw=Array(0.84843045, dtype=float64)))
TRAIN 499 L=31.091 ttrain=0.17s teval=0.00s
NetworkWithTTFS(net=NoDelayLayerNetwork(iw=Array(0.02416815, dtype=float64), rw=Array(1.09178125, dtype=float64)))
TEST
FREQ 0.0008326394671107411 0.0008326394671107413 0.0008326394671107414
