gpu
NVIDIA H100
Mon Oct 27 16:24:56 2025
['train_yy.py', '--ndim', '0', '--nhidden', '15', '--lr', '0.0007', '--dt', '0.01', '--batch_size', '150', '--beta', '8', '--wseed', '22', '--bseed', '2', '--layer', '--force']

 == CONFIG == 
ndim                 0
nhidden              15
batch_size           150
load_limit           None
load_limit_test      None
lr                   0.0007
ifactor              1
rfactor              1
force                True
skip                 False
debug                False
dt                   0.01
save_dir             saved
reload               False
layer                True
margin               0.0
beta                 8.0
wseed                22
bseed                2
ttrain               10000

Train set size: (5000, 1201, 1) Test set size: (1000, 1201, 1)
start_training
TEST
FREQ 0.0008326394671107411 0.0008326394671107413 0.0008326394671107412
FREQtrain 0.0008326394671107411 0.0008326394671107413 0.0008326394671107412
TOP1 18.75 TOP2 59.80903 TOP2Diff 8.712121212121211 LOSS 154.47629986388634
TOP1train 14.583334 TOP2train 57.291668 TOP2trainDiff 7.953571428571429
compiling
TRAIN 0 L=159.149 ttrain=3.31s teval=0.39s
NetworkWithTTFS(net=NoDelayLayerNetwork(iw=Array(0.11664007, dtype=float64), rw=Array(3.51747015, dtype=float64)))
TRAIN 1 L=125.268 ttrain=0.17s teval=0.00s
NetworkWithTTFS(net=NoDelayLayerNetwork(iw=Array(0.06225915, dtype=float64), rw=Array(2.98860007, dtype=float64)))
(Array([ 53, 179, 240, 366], dtype=int64), Array([0, 0, 0, 0], dtype=int64))
TRAIN 2 L=149.060 ttrain=0.17s teval=4.36s
NetworkWithTTFS(net=NoDelayLayerNetwork(iw=Array(0.14419988, dtype=float64), rw=Array(3.20035257, dtype=float64)))
TRAIN 3 L=133.083 ttrain=0.17s teval=0.00s
NetworkWithTTFS(net=NoDelayLayerNetwork(iw=Array(0.0927151, dtype=float64), rw=Array(2.65957397, dtype=float64)))
TRAIN 4 L=150.887 ttrain=0.17s teval=0.00s
NetworkWithTTFS(net=NoDelayLayerNetwork(iw=Array(0.10965973, dtype=float64), rw=Array(3.04944481, dtype=float64)))
TRAIN 5 L=152.144 ttrain=0.17s teval=0.00s
NetworkWithTTFS(net=NoDelayLayerNetwork(iw=Array(0.15551711, dtype=float64), rw=Array(3.49459664, dtype=float64)))
TRAIN 6 L=156.148 ttrain=0.17s teval=0.00s
NetworkWithTTFS(net=NoDelayLayerNetwork(iw=Array(0.12294349, dtype=float64), rw=Array(3.24543968, dtype=float64)))
TRAIN 7 L=185.393 ttrain=0.17s teval=0.00s
NetworkWithTTFS(net=NoDelayLayerNetwork(iw=Array(0.16757507, dtype=float64), rw=Array(4.02904696, dtype=float64)))
TRAIN 8 L=156.239 ttrain=0.17s teval=0.00s
NetworkWithTTFS(net=NoDelayLayerNetwork(iw=Array(0.13928236, dtype=float64), rw=Array(3.12003855, dtype=float64)))
TRAIN 9 L=149.433 ttrain=0.17s teval=0.00s
NetworkWithTTFS(net=NoDelayLayerNetwork(iw=Array(0.12799015, dtype=float64), rw=Array(3.23070205, dtype=float64)))
TRAIN 10 L=135.821 ttrain=0.17s teval=0.00s
NetworkWithTTFS(net=NoDelayLayerNetwork(iw=Array(0.12612421, dtype=float64), rw=Array(3.03473272, dtype=float64)))
TRAIN 11 L=162.349 ttrain=0.17s teval=0.00s
NetworkWithTTFS(net=NoDelayLayerNetwork(iw=Array(0.10365229, dtype=float64), rw=Array(3.43396035, dtype=float64)))
TRAIN 12 L=138.824 ttrain=0.17s teval=0.00s
NetworkWithTTFS(net=NoDelayLayerNetwork(iw=Array(0.10941015, dtype=float64), rw=Array(2.92311093, dtype=float64)))
TRAIN 13 L=105.083 ttrain=0.17s teval=0.00s
NetworkWithTTFS(net=NoDelayLayerNetwork(iw=Array(0.05139558, dtype=float64), rw=Array(2.43028023, dtype=float64)))
TRAIN 14 L=154.599 ttrain=0.17s teval=0.00s
NetworkWithTTFS(net=NoDelayLayerNetwork(iw=Array(0.13485163, dtype=float64), rw=Array(3.10358905, dtype=float64)))
TRAIN 15 L=165.398 ttrain=0.17s teval=0.00s
NetworkWithTTFS(net=NoDelayLayerNetwork(iw=Array(0.1340856, dtype=float64), rw=Array(3.89069261, dtype=float64)))
TRAIN 16 L=182.189 ttrain=0.17s teval=0.00s
NetworkWithTTFS(net=NoDelayLayerNetwork(iw=Array(0.17092237, dtype=float64), rw=Array(4.30963348, dtype=float64)))
TRAIN 17 L=127.958 ttrain=0.17s teval=0.00s
NetworkWithTTFS(net=NoDelayLayerNetwork(iw=Array(0.11483011, dtype=float64), rw=Array(2.98657473, dtype=float64)))
TRAIN 18 L=151.327 ttrain=0.17s teval=0.00s
NetworkWithTTFS(net=NoDelayLayerNetwork(iw=Array(0.10775504, dtype=float64), rw=Array(3.64641336, dtype=float64)))
TRAIN 19 L=154.434 ttrain=0.17s teval=0.00s
NetworkWithTTFS(net=NoDelayLayerNetwork(iw=Array(0.15285404, dtype=float64), rw=Array(3.50187317, dtype=float64)))
TRAIN 20 L=156.359 ttrain=0.17s teval=0.00s
NetworkWithTTFS(net=NoDelayLayerNetwork(iw=Array(0.12921921, dtype=float64), rw=Array(3.38051033, dtype=float64)))
TRAIN 21 L=124.721 ttrain=0.17s teval=0.00s
NetworkWithTTFS(net=NoDelayLayerNetwork(iw=Array(0.06215337, dtype=float64), rw=Array(2.6348334, dtype=float64)))
TRAIN 22 L=154.288 ttrain=0.17s teval=0.00s
NetworkWithTTFS(net=NoDelayLayerNetwork(iw=Array(0.12201753, dtype=float64), rw=Array(3.45250775, dtype=float64)))
TRAIN 23 L=134.254 ttrain=0.17s teval=0.00s
NetworkWithTTFS(net=NoDelayLayerNetwork(iw=Array(0.10293488, dtype=float64), rw=Array(3.1451508, dtype=float64)))
TRAIN 24 L=141.539 ttrain=0.17s teval=0.00s
NetworkWithTTFS(net=NoDelayLayerNetwork(iw=Array(0.10786371, dtype=float64), rw=Array(2.80094042, dtype=float64)))
TRAIN 25 L=151.506 ttrain=0.17s teval=0.00s
NetworkWithTTFS(net=NoDelayLayerNetwork(iw=Array(0.11013756, dtype=float64), rw=Array(3.20710415, dtype=float64)))
TRAIN 26 L=155.550 ttrain=0.17s teval=0.00s
NetworkWithTTFS(net=NoDelayLayerNetwork(iw=Array(0.10409124, dtype=float64), rw=Array(3.020574, dtype=float64)))
TRAIN 27 L=138.377 ttrain=0.17s teval=0.00s
NetworkWithTTFS(net=NoDelayLayerNetwork(iw=Array(0.1265909, dtype=float64), rw=Array(3.17003483, dtype=float64)))
TRAIN 28 L=128.607 ttrain=0.17s teval=0.00s
NetworkWithTTFS(net=NoDelayLayerNetwork(iw=Array(0.07809932, dtype=float64), rw=Array(2.72936044, dtype=float64)))
TRAIN 29 L=155.545 ttrain=0.17s teval=0.00s
NetworkWithTTFS(net=NoDelayLayerNetwork(iw=Array(0.13362593, dtype=float64), rw=Array(3.28431828, dtype=float64)))
TRAIN 30 L=134.773 ttrain=0.17s teval=0.00s
NetworkWithTTFS(net=NoDelayLayerNetwork(iw=Array(0.11199167, dtype=float64), rw=Array(2.72405958, dtype=float64)))
TRAIN 31 L=150.590 ttrain=0.17s teval=0.00s
NetworkWithTTFS(net=NoDelayLayerNetwork(iw=Array(0.10857371, dtype=float64), rw=Array(3.29627581, dtype=float64)))
TRAIN 32 L=155.200 ttrain=0.17s teval=0.00s
NetworkWithTTFS(net=NoDelayLayerNetwork(iw=Array(0.14772779, dtype=float64), rw=Array(3.66900603, dtype=float64)))
TRAIN 33 L=163.355 ttrain=0.17s teval=0.00s
NetworkWithTTFS(net=NoDelayLayerNetwork(iw=Array(0.13339435, dtype=float64), rw=Array(3.12038213, dtype=float64)))
TRAIN 34 L=199.545 ttrain=0.17s teval=0.00s
NetworkWithTTFS(net=NoDelayLayerNetwork(iw=Array(0.20285018, dtype=float64), rw=Array(4.87478489, dtype=float64)))
TRAIN 35 L=146.353 ttrain=0.17s teval=0.00s
NetworkWithTTFS(net=NoDelayLayerNetwork(iw=Array(0.10788398, dtype=float64), rw=Array(3.50386865, dtype=float64)))
TRAIN 36 L=153.057 ttrain=0.17s teval=0.00s
NetworkWithTTFS(net=NoDelayLayerNetwork(iw=Array(0.18679704, dtype=float64), rw=Array(3.28899307, dtype=float64)))
TRAIN 37 L=131.174 ttrain=0.17s teval=0.00s
NetworkWithTTFS(net=NoDelayLayerNetwork(iw=Array(0.07337699, dtype=float64), rw=Array(3.07064547, dtype=float64)))
TRAIN 38 L=139.506 ttrain=0.17s teval=0.00s
NetworkWithTTFS(net=NoDelayLayerNetwork(iw=Array(0.11792893, dtype=float64), rw=Array(3.0719473, dtype=float64)))
TRAIN 39 L=146.840 ttrain=0.17s teval=0.00s
NetworkWithTTFS(net=NoDelayLayerNetwork(iw=Array(0.10789477, dtype=float64), rw=Array(3.03909751, dtype=float64)))
TRAIN 40 L=151.177 ttrain=0.17s teval=0.00s
NetworkWithTTFS(net=NoDelayLayerNetwork(iw=Array(0.09454553, dtype=float64), rw=Array(3.5264069, dtype=float64)))
TRAIN 41 L=168.169 ttrain=0.17s teval=0.00s
NetworkWithTTFS(net=NoDelayLayerNetwork(iw=Array(0.18409146, dtype=float64), rw=Array(3.39462473, dtype=float64)))
TRAIN 42 L=129.590 ttrain=0.17s teval=0.00s
NetworkWithTTFS(net=NoDelayLayerNetwork(iw=Array(0.09223055, dtype=float64), rw=Array(2.90042692, dtype=float64)))
TRAIN 43 L=134.168 ttrain=0.17s teval=0.00s
NetworkWithTTFS(net=NoDelayLayerNetwork(iw=Array(0.08780752, dtype=float64), rw=Array(2.77509064, dtype=float64)))
TRAIN 44 L=115.812 ttrain=0.17s teval=0.00s
NetworkWithTTFS(net=NoDelayLayerNetwork(iw=Array(0.0850072, dtype=float64), rw=Array(2.90052985, dtype=float64)))
TRAIN 45 L=125.430 ttrain=0.17s teval=0.00s
NetworkWithTTFS(net=NoDelayLayerNetwork(iw=Array(0.07013548, dtype=float64), rw=Array(2.42894805, dtype=float64)))
TRAIN 46 L=149.484 ttrain=0.17s teval=0.00s
NetworkWithTTFS(net=NoDelayLayerNetwork(iw=Array(0.11548198, dtype=float64), rw=Array(2.59302072, dtype=float64)))
TRAIN 47 L=140.964 ttrain=0.17s teval=0.00s
NetworkWithTTFS(net=NoDelayLayerNetwork(iw=Array(0.07588348, dtype=float64), rw=Array(3.11975037, dtype=float64)))
TRAIN 48 L=140.164 ttrain=0.17s teval=0.00s
NetworkWithTTFS(net=NoDelayLayerNetwork(iw=Array(0.09096062, dtype=float64), rw=Array(3.11555443, dtype=float64)))
TRAIN 49 L=151.893 ttrain=0.17s teval=0.00s
NetworkWithTTFS(net=NoDelayLayerNetwork(iw=Array(0.12422132, dtype=float64), rw=Array(3.12600063, dtype=float64)))
TRAIN 50 L=131.932 ttrain=0.17s teval=0.00s
NetworkWithTTFS(net=NoDelayLayerNetwork(iw=Array(0.08598962, dtype=float64), rw=Array(2.80059448, dtype=float64)))
TRAIN 51 L=127.636 ttrain=0.17s teval=0.00s
NetworkWithTTFS(net=NoDelayLayerNetwork(iw=Array(0.08408925, dtype=float64), rw=Array(2.58833079, dtype=float64)))
TRAIN 52 L=153.057 ttrain=0.17s teval=0.00s
NetworkWithTTFS(net=NoDelayLayerNetwork(iw=Array(0.12829319, dtype=float64), rw=Array(2.9836008, dtype=float64)))
TRAIN 53 L=147.137 ttrain=0.17s teval=0.00s
NetworkWithTTFS(net=NoDelayLayerNetwork(iw=Array(0.16699176, dtype=float64), rw=Array(3.35591778, dtype=float64)))
TRAIN 54 L=166.662 ttrain=0.17s teval=0.00s
NetworkWithTTFS(net=NoDelayLayerNetwork(iw=Array(0.11837329, dtype=float64), rw=Array(3.1451343, dtype=float64)))
TRAIN 55 L=141.173 ttrain=0.17s teval=0.00s
NetworkWithTTFS(net=NoDelayLayerNetwork(iw=Array(0.10864061, dtype=float64), rw=Array(3.15732235, dtype=float64)))
TRAIN 56 L=163.035 ttrain=0.17s teval=0.00s
NetworkWithTTFS(net=NoDelayLayerNetwork(iw=Array(0.14778873, dtype=float64), rw=Array(3.48880877, dtype=float64)))
TRAIN 57 L=147.288 ttrain=0.17s teval=0.00s
NetworkWithTTFS(net=NoDelayLayerNetwork(iw=Array(0.12968773, dtype=float64), rw=Array(3.8948307, dtype=float64)))
TRAIN 58 L=133.987 ttrain=0.17s teval=0.00s
NetworkWithTTFS(net=NoDelayLayerNetwork(iw=Array(0.08323146, dtype=float64), rw=Array(2.58472756, dtype=float64)))
TRAIN 59 L=117.991 ttrain=0.17s teval=0.00s
NetworkWithTTFS(net=NoDelayLayerNetwork(iw=Array(0.08764302, dtype=float64), rw=Array(2.51174696, dtype=float64)))
TRAIN 60 L=148.053 ttrain=0.17s teval=0.00s
NetworkWithTTFS(net=NoDelayLayerNetwork(iw=Array(0.1693024, dtype=float64), rw=Array(3.18036277, dtype=float64)))
TRAIN 61 L=133.671 ttrain=0.17s teval=0.00s
NetworkWithTTFS(net=NoDelayLayerNetwork(iw=Array(0.06736948, dtype=float64), rw=Array(2.7952297, dtype=float64)))
TRAIN 62 L=138.256 ttrain=0.17s teval=0.00s
NetworkWithTTFS(net=NoDelayLayerNetwork(iw=Array(0.12512887, dtype=float64), rw=Array(3.39936465, dtype=float64)))
TRAIN 63 L=121.231 ttrain=0.17s teval=0.00s
NetworkWithTTFS(net=NoDelayLayerNetwork(iw=Array(0.06148918, dtype=float64), rw=Array(2.5839346, dtype=float64)))
TRAIN 64 L=141.864 ttrain=0.17s teval=0.00s
NetworkWithTTFS(net=NoDelayLayerNetwork(iw=Array(0.12622491, dtype=float64), rw=Array(3.22311259, dtype=float64)))
TRAIN 65 L=147.670 ttrain=0.17s teval=0.00s
NetworkWithTTFS(net=NoDelayLayerNetwork(iw=Array(0.1011657, dtype=float64), rw=Array(3.10343688, dtype=float64)))
TRAIN 66 L=153.572 ttrain=0.17s teval=0.00s
NetworkWithTTFS(net=NoDelayLayerNetwork(iw=Array(0.17287269, dtype=float64), rw=Array(3.1001103, dtype=float64)))
TRAIN 67 L=156.306 ttrain=0.17s teval=0.00s
NetworkWithTTFS(net=NoDelayLayerNetwork(iw=Array(0.12592833, dtype=float64), rw=Array(3.49127001, dtype=float64)))
TRAIN 68 L=130.434 ttrain=0.17s teval=0.00s
NetworkWithTTFS(net=NoDelayLayerNetwork(iw=Array(0.08969879, dtype=float64), rw=Array(2.71882294, dtype=float64)))
TRAIN 69 L=126.400 ttrain=0.17s teval=0.00s
NetworkWithTTFS(net=NoDelayLayerNetwork(iw=Array(0.10081755, dtype=float64), rw=Array(2.99607744, dtype=float64)))
TRAIN 70 L=134.977 ttrain=0.17s teval=0.00s
NetworkWithTTFS(net=NoDelayLayerNetwork(iw=Array(0.10811059, dtype=float64), rw=Array(2.94594512, dtype=float64)))
TRAIN 71 L=147.137 ttrain=0.17s teval=0.00s
NetworkWithTTFS(net=NoDelayLayerNetwork(iw=Array(0.16194796, dtype=float64), rw=Array(2.96075226, dtype=float64)))
TRAIN 72 L=108.779 ttrain=0.17s teval=0.00s
NetworkWithTTFS(net=NoDelayLayerNetwork(iw=Array(0.09128172, dtype=float64), rw=Array(3.10997342, dtype=float64)))
TRAIN 73 L=128.204 ttrain=0.17s teval=0.00s
NetworkWithTTFS(net=NoDelayLayerNetwork(iw=Array(0.09253232, dtype=float64), rw=Array(2.77449214, dtype=float64)))
TRAIN 74 L=125.284 ttrain=0.17s teval=0.00s
NetworkWithTTFS(net=NoDelayLayerNetwork(iw=Array(0.08501834, dtype=float64), rw=Array(2.8118108, dtype=float64)))
TRAIN 75 L=149.349 ttrain=0.17s teval=0.00s
NetworkWithTTFS(net=NoDelayLayerNetwork(iw=Array(0.12340015, dtype=float64), rw=Array(3.45907745, dtype=float64)))
TRAIN 76 L=130.590 ttrain=0.17s teval=0.00s
NetworkWithTTFS(net=NoDelayLayerNetwork(iw=Array(0.10225866, dtype=float64), rw=Array(2.95433232, dtype=float64)))
TRAIN 77 L=142.910 ttrain=0.17s teval=0.00s
NetworkWithTTFS(net=NoDelayLayerNetwork(iw=Array(0.11473918, dtype=float64), rw=Array(3.06155119, dtype=float64)))
TRAIN 78 L=128.999 ttrain=0.17s teval=0.00s
NetworkWithTTFS(net=NoDelayLayerNetwork(iw=Array(0.08039285, dtype=float64), rw=Array(3.68534995, dtype=float64)))
TRAIN 79 L=150.465 ttrain=0.17s teval=0.00s
NetworkWithTTFS(net=NoDelayLayerNetwork(iw=Array(0.14130542, dtype=float64), rw=Array(3.04116011, dtype=float64)))
TRAIN 80 L=151.202 ttrain=0.17s teval=0.00s
NetworkWithTTFS(net=NoDelayLayerNetwork(iw=Array(0.12261293, dtype=float64), rw=Array(2.8597798, dtype=float64)))
TRAIN 81 L=126.553 ttrain=0.17s teval=0.00s
NetworkWithTTFS(net=NoDelayLayerNetwork(iw=Array(0.10231463, dtype=float64), rw=Array(3.19657902, dtype=float64)))
TRAIN 82 L=149.273 ttrain=0.17s teval=0.00s
NetworkWithTTFS(net=NoDelayLayerNetwork(iw=Array(0.10414519, dtype=float64), rw=Array(2.95030507, dtype=float64)))
TRAIN 83 L=113.881 ttrain=0.17s teval=0.00s
NetworkWithTTFS(net=NoDelayLayerNetwork(iw=Array(0.0806313, dtype=float64), rw=Array(2.44025944, dtype=float64)))
TRAIN 84 L=131.232 ttrain=0.17s teval=0.00s
NetworkWithTTFS(net=NoDelayLayerNetwork(iw=Array(0.0562451, dtype=float64), rw=Array(2.76895589, dtype=float64)))
TRAIN 85 L=117.873 ttrain=0.17s teval=0.00s
NetworkWithTTFS(net=NoDelayLayerNetwork(iw=Array(0.09961742, dtype=float64), rw=Array(2.46313965, dtype=float64)))
TRAIN 86 L=133.593 ttrain=0.17s teval=0.00s
NetworkWithTTFS(net=NoDelayLayerNetwork(iw=Array(0.13003775, dtype=float64), rw=Array(3.62601536, dtype=float64)))
TRAIN 87 L=150.986 ttrain=0.17s teval=0.00s
NetworkWithTTFS(net=NoDelayLayerNetwork(iw=Array(0.1020107, dtype=float64), rw=Array(2.78909179, dtype=float64)))
TRAIN 88 L=107.471 ttrain=0.17s teval=0.00s
NetworkWithTTFS(net=NoDelayLayerNetwork(iw=Array(0.08381576, dtype=float64), rw=Array(2.42412375, dtype=float64)))
TRAIN 89 L=148.204 ttrain=0.17s teval=0.00s
NetworkWithTTFS(net=NoDelayLayerNetwork(iw=Array(0.12121628, dtype=float64), rw=Array(2.88862082, dtype=float64)))
TRAIN 90 L=121.922 ttrain=0.17s teval=0.00s
NetworkWithTTFS(net=NoDelayLayerNetwork(iw=Array(0.07451392, dtype=float64), rw=Array(2.7661327, dtype=float64)))
TRAIN 91 L=147.963 ttrain=0.17s teval=0.00s
NetworkWithTTFS(net=NoDelayLayerNetwork(iw=Array(0.12025322, dtype=float64), rw=Array(3.96983878, dtype=float64)))
TRAIN 92 L=139.265 ttrain=0.17s teval=0.00s
NetworkWithTTFS(net=NoDelayLayerNetwork(iw=Array(0.09818229, dtype=float64), rw=Array(2.60054736, dtype=float64)))
TRAIN 93 L=155.207 ttrain=0.17s teval=0.00s
NetworkWithTTFS(net=NoDelayLayerNetwork(iw=Array(0.1235688, dtype=float64), rw=Array(2.67130048, dtype=float64)))
TRAIN 94 L=129.785 ttrain=0.17s teval=0.00s
NetworkWithTTFS(net=NoDelayLayerNetwork(iw=Array(0.0617055, dtype=float64), rw=Array(2.85832279, dtype=float64)))
TRAIN 95 L=130.996 ttrain=0.17s teval=0.00s
NetworkWithTTFS(net=NoDelayLayerNetwork(iw=Array(0.0831184, dtype=float64), rw=Array(2.45178402, dtype=float64)))
TRAIN 96 L=131.828 ttrain=0.17s teval=0.00s
NetworkWithTTFS(net=NoDelayLayerNetwork(iw=Array(0.07261336, dtype=float64), rw=Array(2.69431207, dtype=float64)))
TRAIN 97 L=122.692 ttrain=0.17s teval=0.00s
NetworkWithTTFS(net=NoDelayLayerNetwork(iw=Array(0.09707863, dtype=float64), rw=Array(2.59479104, dtype=float64)))
TRAIN 98 L=136.999 ttrain=0.17s teval=0.00s
NetworkWithTTFS(net=NoDelayLayerNetwork(iw=Array(0.11491487, dtype=float64), rw=Array(2.53482513, dtype=float64)))
TRAIN 99 L=125.509 ttrain=0.17s teval=0.00s
NetworkWithTTFS(net=NoDelayLayerNetwork(iw=Array(0.09845725, dtype=float64), rw=Array(2.86513488, dtype=float64)))
TEST
FREQ 0.0008326394671107411 0.0008326394671107413 0.0008326394671107412
FREQtrain 0.0008326394671107411 0.0008326394671107413 0.0008326394671107412
TOP1 26.822918 TOP2 51.5625 TOP2Diff 8.238095238095237 LOSS 135.13015609712278
TOP1train 27.17014 TOP2train 52.95139 TOP2trainDiff 8.647058823529413
TRAIN 100 L=156.257 ttrain=0.17s teval=0.00s
NetworkWithTTFS(net=NoDelayLayerNetwork(iw=Array(0.09255455, dtype=float64), rw=Array(2.77776423, dtype=float64)))
TRAIN 101 L=130.154 ttrain=0.17s teval=0.00s
NetworkWithTTFS(net=NoDelayLayerNetwork(iw=Array(0.08100907, dtype=float64), rw=Array(2.1528389, dtype=float64)))
TRAIN 102 L=136.021 ttrain=0.17s teval=0.00s
NetworkWithTTFS(net=NoDelayLayerNetwork(iw=Array(0.08735937, dtype=float64), rw=Array(2.39587857, dtype=float64)))
TRAIN 103 L=127.067 ttrain=0.17s teval=0.00s
NetworkWithTTFS(net=NoDelayLayerNetwork(iw=Array(0.10479155, dtype=float64), rw=Array(3.02704071, dtype=float64)))
TRAIN 104 L=115.381 ttrain=0.17s teval=0.00s
NetworkWithTTFS(net=NoDelayLayerNetwork(iw=Array(0.05356774, dtype=float64), rw=Array(2.0466328, dtype=float64)))
TRAIN 105 L=138.488 ttrain=0.17s teval=0.00s
NetworkWithTTFS(net=NoDelayLayerNetwork(iw=Array(0.12378495, dtype=float64), rw=Array(2.54228669, dtype=float64)))
TRAIN 106 L=104.732 ttrain=0.17s teval=0.00s
NetworkWithTTFS(net=NoDelayLayerNetwork(iw=Array(0.07772766, dtype=float64), rw=Array(2.51129764, dtype=float64)))
TRAIN 107 L=103.070 ttrain=0.17s teval=0.00s
NetworkWithTTFS(net=NoDelayLayerNetwork(iw=Array(0.09067352, dtype=float64), rw=Array(2.86381335, dtype=float64)))
TRAIN 108 L=118.451 ttrain=0.17s teval=0.00s
NetworkWithTTFS(net=NoDelayLayerNetwork(iw=Array(0.05901946, dtype=float64), rw=Array(2.61589598, dtype=float64)))
TRAIN 109 L=107.828 ttrain=0.17s teval=0.00s
NetworkWithTTFS(net=NoDelayLayerNetwork(iw=Array(0.13520308, dtype=float64), rw=Array(2.45517972, dtype=float64)))
TRAIN 110 L=126.175 ttrain=0.17s teval=0.00s
NetworkWithTTFS(net=NoDelayLayerNetwork(iw=Array(0.0799849, dtype=float64), rw=Array(3.00337698, dtype=float64)))
TRAIN 111 L=169.433 ttrain=0.17s teval=0.00s
NetworkWithTTFS(net=NoDelayLayerNetwork(iw=Array(0.10423306, dtype=float64), rw=Array(2.7402592, dtype=float64)))
TRAIN 112 L=120.318 ttrain=0.17s teval=0.00s
NetworkWithTTFS(net=NoDelayLayerNetwork(iw=Array(0.07149802, dtype=float64), rw=Array(2.58734101, dtype=float64)))
TRAIN 113 L=109.966 ttrain=0.17s teval=0.00s
NetworkWithTTFS(net=NoDelayLayerNetwork(iw=Array(0.08326561, dtype=float64), rw=Array(2.27016289, dtype=float64)))
TRAIN 114 L=141.148 ttrain=0.17s teval=0.00s
NetworkWithTTFS(net=NoDelayLayerNetwork(iw=Array(0.09655368, dtype=float64), rw=Array(3.47318024, dtype=float64)))
TRAIN 115 L=131.232 ttrain=0.17s teval=0.00s
NetworkWithTTFS(net=NoDelayLayerNetwork(iw=Array(0.09261972, dtype=float64), rw=Array(2.53593018, dtype=float64)))
TRAIN 116 L=131.452 ttrain=0.17s teval=0.00s
NetworkWithTTFS(net=NoDelayLayerNetwork(iw=Array(0.08049469, dtype=float64), rw=Array(2.67172636, dtype=float64)))
TRAIN 117 L=123.390 ttrain=0.17s teval=0.00s
NetworkWithTTFS(net=NoDelayLayerNetwork(iw=Array(0.09158039, dtype=float64), rw=Array(2.04488042, dtype=float64)))
TRAIN 118 L=115.413 ttrain=0.17s teval=0.00s
NetworkWithTTFS(net=NoDelayLayerNetwork(iw=Array(0.05986271, dtype=float64), rw=Array(2.25982499, dtype=float64)))
TRAIN 119 L=140.424 ttrain=0.17s teval=0.00s
NetworkWithTTFS(net=NoDelayLayerNetwork(iw=Array(0.10863368, dtype=float64), rw=Array(2.97138546, dtype=float64)))
TRAIN 120 L=130.217 ttrain=0.17s teval=0.00s
NetworkWithTTFS(net=NoDelayLayerNetwork(iw=Array(0.0989244, dtype=float64), rw=Array(3.58344738, dtype=float64)))
TRAIN 121 L=127.218 ttrain=0.17s teval=0.00s
NetworkWithTTFS(net=NoDelayLayerNetwork(iw=Array(0.08982916, dtype=float64), rw=Array(2.52696083, dtype=float64)))
TRAIN 122 L=131.972 ttrain=0.17s teval=0.00s
NetworkWithTTFS(net=NoDelayLayerNetwork(iw=Array(0.12933647, dtype=float64), rw=Array(2.94057461, dtype=float64)))
TRAIN 123 L=98.488 ttrain=0.17s teval=0.00s
NetworkWithTTFS(net=NoDelayLayerNetwork(iw=Array(0.1106183, dtype=float64), rw=Array(2.51484669, dtype=float64)))
TRAIN 124 L=126.226 ttrain=0.17s teval=0.00s
NetworkWithTTFS(net=NoDelayLayerNetwork(iw=Array(0.0956467, dtype=float64), rw=Array(2.88952381, dtype=float64)))
TRAIN 125 L=110.840 ttrain=0.17s teval=0.00s
NetworkWithTTFS(net=NoDelayLayerNetwork(iw=Array(0.06793767, dtype=float64), rw=Array(1.99014862, dtype=float64)))
TRAIN 126 L=129.354 ttrain=0.17s teval=0.00s
NetworkWithTTFS(net=NoDelayLayerNetwork(iw=Array(0.11303686, dtype=float64), rw=Array(3.18042836, dtype=float64)))
TRAIN 127 L=116.213 ttrain=0.17s teval=0.00s
NetworkWithTTFS(net=NoDelayLayerNetwork(iw=Array(0.07761838, dtype=float64), rw=Array(2.55184267, dtype=float64)))
TRAIN 128 L=114.750 ttrain=0.17s teval=0.00s
NetworkWithTTFS(net=NoDelayLayerNetwork(iw=Array(0.08300974, dtype=float64), rw=Array(2.41657353, dtype=float64)))
TRAIN 129 L=126.217 ttrain=0.17s teval=0.00s
NetworkWithTTFS(net=NoDelayLayerNetwork(iw=Array(0.11696198, dtype=float64), rw=Array(2.5790446, dtype=float64)))
TRAIN 130 L=126.047 ttrain=0.17s teval=0.00s
NetworkWithTTFS(net=NoDelayLayerNetwork(iw=Array(0.10004052, dtype=float64), rw=Array(2.61661307, dtype=float64)))
TRAIN 131 L=108.853 ttrain=0.17s teval=0.00s
NetworkWithTTFS(net=NoDelayLayerNetwork(iw=Array(0.07956055, dtype=float64), rw=Array(2.62783954, dtype=float64)))
TRAIN 132 L=104.802 ttrain=0.17s teval=0.00s
NetworkWithTTFS(net=NoDelayLayerNetwork(iw=Array(0.04846084, dtype=float64), rw=Array(2.26985948, dtype=float64)))
TRAIN 133 L=110.260 ttrain=0.17s teval=0.00s
NetworkWithTTFS(net=NoDelayLayerNetwork(iw=Array(0.08095768, dtype=float64), rw=Array(2.4574173, dtype=float64)))
TRAIN 134 L=132.846 ttrain=0.17s teval=0.00s
NetworkWithTTFS(net=NoDelayLayerNetwork(iw=Array(0.08402902, dtype=float64), rw=Array(2.96316773, dtype=float64)))
TRAIN 135 L=110.142 ttrain=0.17s teval=0.00s
NetworkWithTTFS(net=NoDelayLayerNetwork(iw=Array(0.07695433, dtype=float64), rw=Array(2.13849173, dtype=float64)))
TRAIN 136 L=123.499 ttrain=0.17s teval=0.00s
NetworkWithTTFS(net=NoDelayLayerNetwork(iw=Array(0.07149597, dtype=float64), rw=Array(2.62806678, dtype=float64)))
TRAIN 137 L=107.805 ttrain=0.17s teval=0.00s
NetworkWithTTFS(net=NoDelayLayerNetwork(iw=Array(0.11478497, dtype=float64), rw=Array(2.77755894, dtype=float64)))
TRAIN 138 L=107.148 ttrain=0.17s teval=0.00s
NetworkWithTTFS(net=NoDelayLayerNetwork(iw=Array(0.0594172, dtype=float64), rw=Array(2.91688963, dtype=float64)))
TRAIN 139 L=122.212 ttrain=0.17s teval=0.00s
NetworkWithTTFS(net=NoDelayLayerNetwork(iw=Array(0.08975526, dtype=float64), rw=Array(2.7437358, dtype=float64)))
TRAIN 140 L=140.946 ttrain=0.17s teval=0.00s
NetworkWithTTFS(net=NoDelayLayerNetwork(iw=Array(0.09748488, dtype=float64), rw=Array(3.06559456, dtype=float64)))
TRAIN 141 L=102.562 ttrain=0.17s teval=0.00s
NetworkWithTTFS(net=NoDelayLayerNetwork(iw=Array(0.04899854, dtype=float64), rw=Array(2.12197845, dtype=float64)))
TRAIN 142 L=104.691 ttrain=0.17s teval=0.00s
NetworkWithTTFS(net=NoDelayLayerNetwork(iw=Array(0.08223809, dtype=float64), rw=Array(2.25981645, dtype=float64)))
TRAIN 143 L=111.770 ttrain=0.17s teval=0.00s
NetworkWithTTFS(net=NoDelayLayerNetwork(iw=Array(0.07986053, dtype=float64), rw=Array(2.00523323, dtype=float64)))
TRAIN 144 L=132.285 ttrain=0.17s teval=0.00s
NetworkWithTTFS(net=NoDelayLayerNetwork(iw=Array(0.07724795, dtype=float64), rw=Array(2.83190616, dtype=float64)))
TRAIN 145 L=108.756 ttrain=0.17s teval=0.00s
NetworkWithTTFS(net=NoDelayLayerNetwork(iw=Array(0.11410607, dtype=float64), rw=Array(2.19832334, dtype=float64)))
TRAIN 146 L=101.062 ttrain=0.17s teval=0.00s
NetworkWithTTFS(net=NoDelayLayerNetwork(iw=Array(0.04291612, dtype=float64), rw=Array(1.93428295, dtype=float64)))
TRAIN 147 L=105.795 ttrain=0.17s teval=0.00s
NetworkWithTTFS(net=NoDelayLayerNetwork(iw=Array(0.07569029, dtype=float64), rw=Array(3.2947805, dtype=float64)))
TRAIN 148 L=98.010 ttrain=0.17s teval=0.00s
NetworkWithTTFS(net=NoDelayLayerNetwork(iw=Array(0.04487672, dtype=float64), rw=Array(1.83652368, dtype=float64)))
TRAIN 149 L=108.466 ttrain=0.17s teval=0.00s
NetworkWithTTFS(net=NoDelayLayerNetwork(iw=Array(0.06518085, dtype=float64), rw=Array(2.40339495, dtype=float64)))
TRAIN 150 L=117.155 ttrain=0.17s teval=0.00s
NetworkWithTTFS(net=NoDelayLayerNetwork(iw=Array(0.07643682, dtype=float64), rw=Array(2.5161996, dtype=float64)))
TRAIN 151 L=115.107 ttrain=0.17s teval=0.00s
NetworkWithTTFS(net=NoDelayLayerNetwork(iw=Array(0.07615807, dtype=float64), rw=Array(2.50385128, dtype=float64)))
TRAIN 152 L=121.031 ttrain=0.17s teval=0.00s
NetworkWithTTFS(net=NoDelayLayerNetwork(iw=Array(0.05719715, dtype=float64), rw=Array(2.80721064, dtype=float64)))
TRAIN 153 L=103.756 ttrain=0.17s teval=0.00s
NetworkWithTTFS(net=NoDelayLayerNetwork(iw=Array(0.07045184, dtype=float64), rw=Array(3.15671907, dtype=float64)))
TRAIN 154 L=108.853 ttrain=0.17s teval=0.00s
NetworkWithTTFS(net=NoDelayLayerNetwork(iw=Array(0.04808816, dtype=float64), rw=Array(1.99762419, dtype=float64)))
TRAIN 155 L=103.578 ttrain=0.17s teval=0.00s
NetworkWithTTFS(net=NoDelayLayerNetwork(iw=Array(0.08234979, dtype=float64), rw=Array(1.89396836, dtype=float64)))
TRAIN 156 L=102.244 ttrain=0.17s teval=0.00s
NetworkWithTTFS(net=NoDelayLayerNetwork(iw=Array(0.08658805, dtype=float64), rw=Array(1.93751621, dtype=float64)))
TRAIN 157 L=116.280 ttrain=0.17s teval=0.00s
NetworkWithTTFS(net=NoDelayLayerNetwork(iw=Array(0.0635661, dtype=float64), rw=Array(2.61744583, dtype=float64)))
TRAIN 158 L=91.515 ttrain=0.17s teval=0.00s
NetworkWithTTFS(net=NoDelayLayerNetwork(iw=Array(0.03671186, dtype=float64), rw=Array(1.66381827, dtype=float64)))
TRAIN 159 L=102.625 ttrain=0.17s teval=0.00s
NetworkWithTTFS(net=NoDelayLayerNetwork(iw=Array(0.04467366, dtype=float64), rw=Array(1.99346264, dtype=float64)))
TRAIN 160 L=106.221 ttrain=0.17s teval=0.00s
NetworkWithTTFS(net=NoDelayLayerNetwork(iw=Array(0.0589659, dtype=float64), rw=Array(1.78102326, dtype=float64)))
TRAIN 161 L=101.386 ttrain=0.17s teval=0.00s
NetworkWithTTFS(net=NoDelayLayerNetwork(iw=Array(0.05380447, dtype=float64), rw=Array(2.03469127, dtype=float64)))
TRAIN 162 L=117.115 ttrain=0.17s teval=0.00s
NetworkWithTTFS(net=NoDelayLayerNetwork(iw=Array(0.06079262, dtype=float64), rw=Array(2.40906222, dtype=float64)))
TRAIN 163 L=111.355 ttrain=0.17s teval=0.00s
NetworkWithTTFS(net=NoDelayLayerNetwork(iw=Array(0.06167343, dtype=float64), rw=Array(2.4061888, dtype=float64)))
TRAIN 164 L=105.982 ttrain=0.17s teval=0.00s
NetworkWithTTFS(net=NoDelayLayerNetwork(iw=Array(0.13550695, dtype=float64), rw=Array(2.57647352, dtype=float64)))
TRAIN 165 L=102.372 ttrain=0.17s teval=0.00s
NetworkWithTTFS(net=NoDelayLayerNetwork(iw=Array(0.04914551, dtype=float64), rw=Array(2.21303968, dtype=float64)))
TRAIN 166 L=109.848 ttrain=0.17s teval=0.00s
NetworkWithTTFS(net=NoDelayLayerNetwork(iw=Array(0.05918793, dtype=float64), rw=Array(2.14084323, dtype=float64)))
TRAIN 167 L=104.025 ttrain=0.17s teval=0.00s
NetworkWithTTFS(net=NoDelayLayerNetwork(iw=Array(0.0547516, dtype=float64), rw=Array(2.24525774, dtype=float64)))
TRAIN 168 L=104.116 ttrain=0.17s teval=0.00s
NetworkWithTTFS(net=NoDelayLayerNetwork(iw=Array(0.05645609, dtype=float64), rw=Array(2.02842012, dtype=float64)))
TRAIN 169 L=107.849 ttrain=0.17s teval=0.00s
NetworkWithTTFS(net=NoDelayLayerNetwork(iw=Array(0.04615536, dtype=float64), rw=Array(1.92010823, dtype=float64)))
TRAIN 170 L=91.909 ttrain=0.17s teval=0.00s
NetworkWithTTFS(net=NoDelayLayerNetwork(iw=Array(0.06331463, dtype=float64), rw=Array(2.43201218, dtype=float64)))
TRAIN 171 L=106.792 ttrain=0.17s teval=0.00s
NetworkWithTTFS(net=NoDelayLayerNetwork(iw=Array(0.096009, dtype=float64), rw=Array(2.94570099, dtype=float64)))
TRAIN 172 L=107.119 ttrain=0.17s teval=0.00s
NetworkWithTTFS(net=NoDelayLayerNetwork(iw=Array(0.05758043, dtype=float64), rw=Array(2.09966342, dtype=float64)))
TRAIN 173 L=94.592 ttrain=0.17s teval=0.00s
NetworkWithTTFS(net=NoDelayLayerNetwork(iw=Array(0.04255336, dtype=float64), rw=Array(1.99591702, dtype=float64)))
TRAIN 174 L=95.877 ttrain=0.17s teval=0.00s
NetworkWithTTFS(net=NoDelayLayerNetwork(iw=Array(0.06097442, dtype=float64), rw=Array(2.5336932, dtype=float64)))
TRAIN 175 L=109.296 ttrain=0.17s teval=0.00s
NetworkWithTTFS(net=NoDelayLayerNetwork(iw=Array(0.06976988, dtype=float64), rw=Array(2.57468241, dtype=float64)))
TRAIN 176 L=94.520 ttrain=0.17s teval=0.00s
NetworkWithTTFS(net=NoDelayLayerNetwork(iw=Array(0.04439109, dtype=float64), rw=Array(2.4654317, dtype=float64)))
TRAIN 177 L=82.866 ttrain=0.17s teval=0.00s
NetworkWithTTFS(net=NoDelayLayerNetwork(iw=Array(0.04084879, dtype=float64), rw=Array(1.9730455, dtype=float64)))
TRAIN 178 L=102.365 ttrain=0.17s teval=0.00s
NetworkWithTTFS(net=NoDelayLayerNetwork(iw=Array(0.05457907, dtype=float64), rw=Array(2.37621259, dtype=float64)))
TRAIN 179 L=93.947 ttrain=0.17s teval=0.00s
NetworkWithTTFS(net=NoDelayLayerNetwork(iw=Array(0.05234014, dtype=float64), rw=Array(2.0676264, dtype=float64)))
TRAIN 180 L=84.491 ttrain=0.17s teval=0.00s
NetworkWithTTFS(net=NoDelayLayerNetwork(iw=Array(0.06264526, dtype=float64), rw=Array(1.93450216, dtype=float64)))
TRAIN 181 L=115.492 ttrain=0.17s teval=0.00s
NetworkWithTTFS(net=NoDelayLayerNetwork(iw=Array(0.05783296, dtype=float64), rw=Array(2.81838869, dtype=float64)))
TRAIN 182 L=86.288 ttrain=0.17s teval=0.00s
NetworkWithTTFS(net=NoDelayLayerNetwork(iw=Array(0.03573707, dtype=float64), rw=Array(1.65562258, dtype=float64)))
TRAIN 183 L=101.785 ttrain=0.17s teval=0.00s
NetworkWithTTFS(net=NoDelayLayerNetwork(iw=Array(0.04724179, dtype=float64), rw=Array(2.26677661, dtype=float64)))
TRAIN 184 L=98.307 ttrain=0.17s teval=0.00s
NetworkWithTTFS(net=NoDelayLayerNetwork(iw=Array(0.04710729, dtype=float64), rw=Array(1.86518786, dtype=float64)))
TRAIN 185 L=97.563 ttrain=0.17s teval=0.00s
NetworkWithTTFS(net=NoDelayLayerNetwork(iw=Array(0.04562063, dtype=float64), rw=Array(2.23292452, dtype=float64)))
TRAIN 186 L=86.314 ttrain=0.17s teval=0.00s
NetworkWithTTFS(net=NoDelayLayerNetwork(iw=Array(0.03474594, dtype=float64), rw=Array(1.9388002, dtype=float64)))
TRAIN 187 L=84.025 ttrain=0.17s teval=0.00s
NetworkWithTTFS(net=NoDelayLayerNetwork(iw=Array(0.07654781, dtype=float64), rw=Array(1.78539023, dtype=float64)))
TRAIN 188 L=101.444 ttrain=0.17s teval=0.00s
NetworkWithTTFS(net=NoDelayLayerNetwork(iw=Array(0.04807121, dtype=float64), rw=Array(2.23542181, dtype=float64)))
TRAIN 189 L=86.812 ttrain=0.17s teval=0.00s
NetworkWithTTFS(net=NoDelayLayerNetwork(iw=Array(0.03335016, dtype=float64), rw=Array(1.58121055, dtype=float64)))
TRAIN 190 L=93.027 ttrain=0.17s teval=0.00s
NetworkWithTTFS(net=NoDelayLayerNetwork(iw=Array(0.04964611, dtype=float64), rw=Array(2.74721021, dtype=float64)))
TRAIN 191 L=89.744 ttrain=0.17s teval=0.00s
NetworkWithTTFS(net=NoDelayLayerNetwork(iw=Array(0.08106083, dtype=float64), rw=Array(2.30506717, dtype=float64)))
TRAIN 192 L=83.914 ttrain=0.17s teval=0.00s
NetworkWithTTFS(net=NoDelayLayerNetwork(iw=Array(0.05799581, dtype=float64), rw=Array(2.06305807, dtype=float64)))
TRAIN 193 L=96.879 ttrain=0.17s teval=0.00s
NetworkWithTTFS(net=NoDelayLayerNetwork(iw=Array(0.0441487, dtype=float64), rw=Array(2.14217213, dtype=float64)))
TRAIN 194 L=103.035 ttrain=0.17s teval=0.00s
NetworkWithTTFS(net=NoDelayLayerNetwork(iw=Array(0.10487924, dtype=float64), rw=Array(2.40069787, dtype=float64)))
TRAIN 195 L=86.230 ttrain=0.17s teval=0.00s
NetworkWithTTFS(net=NoDelayLayerNetwork(iw=Array(0.04574191, dtype=float64), rw=Array(2.27661121, dtype=float64)))
TRAIN 196 L=73.268 ttrain=0.17s teval=0.00s
NetworkWithTTFS(net=NoDelayLayerNetwork(iw=Array(0.04122143, dtype=float64), rw=Array(2.46801361, dtype=float64)))
TRAIN 197 L=75.657 ttrain=0.17s teval=0.00s
NetworkWithTTFS(net=NoDelayLayerNetwork(iw=Array(0.03903061, dtype=float64), rw=Array(1.92145525, dtype=float64)))
TRAIN 198 L=85.222 ttrain=0.17s teval=0.00s
NetworkWithTTFS(net=NoDelayLayerNetwork(iw=Array(0.09904398, dtype=float64), rw=Array(3.24089274, dtype=float64)))
TRAIN 199 L=82.075 ttrain=0.17s teval=0.00s
NetworkWithTTFS(net=NoDelayLayerNetwork(iw=Array(0.05445027, dtype=float64), rw=Array(2.83995886, dtype=float64)))
TEST
FREQ 0.0008326394671107411 0.0008326394671107413 0.0008326394671107412
FREQtrain 0.0008326394671107411 0.0008326394671107413 0.0008326394671107412
TOP1 29.166668 TOP2 63.541668 TOP2Diff 6.0396825396825395 LOSS 90.40327158783275
TOP1train 31.684029 TOP2train 55.90278 TOP2trainDiff 6.211111111111111
(Array([113, 170, 249, 306], dtype=int64), Array([0, 0, 0, 0], dtype=int64))
TRAIN 200 L=86.386 ttrain=0.17s teval=0.77s
NetworkWithTTFS(net=NoDelayLayerNetwork(iw=Array(0.0523864, dtype=float64), rw=Array(2.19587897, dtype=float64)))
TRAIN 201 L=91.670 ttrain=0.17s teval=0.00s
NetworkWithTTFS(net=NoDelayLayerNetwork(iw=Array(0.08879659, dtype=float64), rw=Array(2.37224329, dtype=float64)))
TRAIN 202 L=79.902 ttrain=0.17s teval=0.00s
NetworkWithTTFS(net=NoDelayLayerNetwork(iw=Array(0.04482608, dtype=float64), rw=Array(2.40043196, dtype=float64)))
TRAIN 203 L=81.356 ttrain=0.17s teval=0.00s
NetworkWithTTFS(net=NoDelayLayerNetwork(iw=Array(0.0394449, dtype=float64), rw=Array(1.8123753, dtype=float64)))
TRAIN 204 L=83.285 ttrain=0.17s teval=0.00s
NetworkWithTTFS(net=NoDelayLayerNetwork(iw=Array(0.03920321, dtype=float64), rw=Array(1.81242431, dtype=float64)))
TRAIN 205 L=88.232 ttrain=0.17s teval=0.00s
NetworkWithTTFS(net=NoDelayLayerNetwork(iw=Array(0.0404007, dtype=float64), rw=Array(1.93767519, dtype=float64)))
TRAIN 206 L=90.569 ttrain=0.17s teval=0.00s
NetworkWithTTFS(net=NoDelayLayerNetwork(iw=Array(0.0461035, dtype=float64), rw=Array(2.161777, dtype=float64)))
TRAIN 207 L=75.571 ttrain=0.17s teval=0.00s
NetworkWithTTFS(net=NoDelayLayerNetwork(iw=Array(0.03151679, dtype=float64), rw=Array(1.92459044, dtype=float64)))
TRAIN 208 L=80.862 ttrain=0.17s teval=0.00s
NetworkWithTTFS(net=NoDelayLayerNetwork(iw=Array(0.04204496, dtype=float64), rw=Array(2.10537755, dtype=float64)))
TRAIN 209 L=72.027 ttrain=0.17s teval=0.00s
NetworkWithTTFS(net=NoDelayLayerNetwork(iw=Array(0.03452512, dtype=float64), rw=Array(1.72454567, dtype=float64)))
TRAIN 210 L=69.556 ttrain=0.17s teval=0.00s
NetworkWithTTFS(net=NoDelayLayerNetwork(iw=Array(0.03938593, dtype=float64), rw=Array(1.55591648, dtype=float64)))
TRAIN 211 L=66.488 ttrain=0.17s teval=0.00s
NetworkWithTTFS(net=NoDelayLayerNetwork(iw=Array(0.04230179, dtype=float64), rw=Array(1.79304517, dtype=float64)))
TRAIN 212 L=68.784 ttrain=0.17s teval=0.00s
NetworkWithTTFS(net=NoDelayLayerNetwork(iw=Array(0.06208002, dtype=float64), rw=Array(1.7413123, dtype=float64)))
TRAIN 213 L=96.735 ttrain=0.17s teval=0.00s
NetworkWithTTFS(net=NoDelayLayerNetwork(iw=Array(0.05491923, dtype=float64), rw=Array(2.53083588, dtype=float64)))
TRAIN 214 L=81.526 ttrain=0.17s teval=0.00s
NetworkWithTTFS(net=NoDelayLayerNetwork(iw=Array(0.04960316, dtype=float64), rw=Array(2.25019467, dtype=float64)))
TRAIN 215 L=93.006 ttrain=0.17s teval=0.00s
NetworkWithTTFS(net=NoDelayLayerNetwork(iw=Array(0.05349808, dtype=float64), rw=Array(2.26570611, dtype=float64)))
TRAIN 216 L=68.382 ttrain=0.17s teval=0.00s
NetworkWithTTFS(net=NoDelayLayerNetwork(iw=Array(0.06885736, dtype=float64), rw=Array(2.46040015, dtype=float64)))
TRAIN 217 L=64.364 ttrain=0.17s teval=0.00s
NetworkWithTTFS(net=NoDelayLayerNetwork(iw=Array(0.05435208, dtype=float64), rw=Array(2.15690616, dtype=float64)))
TRAIN 218 L=79.128 ttrain=0.17s teval=0.00s
NetworkWithTTFS(net=NoDelayLayerNetwork(iw=Array(0.04801242, dtype=float64), rw=Array(2.07562185, dtype=float64)))
TRAIN 219 L=63.953 ttrain=0.17s teval=0.00s
NetworkWithTTFS(net=NoDelayLayerNetwork(iw=Array(0.04870105, dtype=float64), rw=Array(1.80177192, dtype=float64)))
TRAIN 220 L=77.233 ttrain=0.17s teval=0.00s
NetworkWithTTFS(net=NoDelayLayerNetwork(iw=Array(0.05285007, dtype=float64), rw=Array(2.04564478, dtype=float64)))
TRAIN 221 L=80.890 ttrain=0.17s teval=0.00s
NetworkWithTTFS(net=NoDelayLayerNetwork(iw=Array(0.06646646, dtype=float64), rw=Array(2.22122155, dtype=float64)))
TRAIN 222 L=68.900 ttrain=0.17s teval=0.00s
NetworkWithTTFS(net=NoDelayLayerNetwork(iw=Array(0.05851591, dtype=float64), rw=Array(1.93966708, dtype=float64)))
TRAIN 223 L=73.131 ttrain=0.17s teval=0.00s
NetworkWithTTFS(net=NoDelayLayerNetwork(iw=Array(0.05600684, dtype=float64), rw=Array(1.93740509, dtype=float64)))
TRAIN 224 L=83.863 ttrain=0.17s teval=0.00s
NetworkWithTTFS(net=NoDelayLayerNetwork(iw=Array(0.06540783, dtype=float64), rw=Array(2.20752686, dtype=float64)))
TRAIN 225 L=70.267 ttrain=0.17s teval=0.00s
NetworkWithTTFS(net=NoDelayLayerNetwork(iw=Array(0.04839404, dtype=float64), rw=Array(1.81445538, dtype=float64)))
TRAIN 226 L=74.205 ttrain=0.17s teval=0.00s
NetworkWithTTFS(net=NoDelayLayerNetwork(iw=Array(0.04249041, dtype=float64), rw=Array(1.9671085, dtype=float64)))
TRAIN 227 L=84.447 ttrain=0.17s teval=0.00s
NetworkWithTTFS(net=NoDelayLayerNetwork(iw=Array(0.05308169, dtype=float64), rw=Array(2.38077251, dtype=float64)))
TRAIN 228 L=56.412 ttrain=0.17s teval=0.00s
NetworkWithTTFS(net=NoDelayLayerNetwork(iw=Array(0.02661444, dtype=float64), rw=Array(1.46066547, dtype=float64)))
TRAIN 229 L=63.035 ttrain=0.17s teval=0.00s
NetworkWithTTFS(net=NoDelayLayerNetwork(iw=Array(0.04938742, dtype=float64), rw=Array(1.63729431, dtype=float64)))
TRAIN 230 L=63.796 ttrain=0.17s teval=0.00s
NetworkWithTTFS(net=NoDelayLayerNetwork(iw=Array(0.04415716, dtype=float64), rw=Array(1.98729109, dtype=float64)))
TRAIN 231 L=67.067 ttrain=0.17s teval=0.00s
NetworkWithTTFS(net=NoDelayLayerNetwork(iw=Array(0.05007166, dtype=float64), rw=Array(1.97033518, dtype=float64)))
TRAIN 232 L=65.370 ttrain=0.17s teval=0.00s
NetworkWithTTFS(net=NoDelayLayerNetwork(iw=Array(0.04037147, dtype=float64), rw=Array(1.77648757, dtype=float64)))
TRAIN 233 L=63.705 ttrain=0.17s teval=0.00s
NetworkWithTTFS(net=NoDelayLayerNetwork(iw=Array(0.04831254, dtype=float64), rw=Array(1.8070475, dtype=float64)))
TRAIN 234 L=69.897 ttrain=0.17s teval=0.00s
NetworkWithTTFS(net=NoDelayLayerNetwork(iw=Array(0.03754892, dtype=float64), rw=Array(1.87180142, dtype=float64)))
TRAIN 235 L=67.313 ttrain=0.17s teval=0.00s
NetworkWithTTFS(net=NoDelayLayerNetwork(iw=Array(0.03702141, dtype=float64), rw=Array(1.81481707, dtype=float64)))
TRAIN 236 L=74.395 ttrain=0.17s teval=0.00s
NetworkWithTTFS(net=NoDelayLayerNetwork(iw=Array(0.04035505, dtype=float64), rw=Array(2.03533443, dtype=float64)))
TRAIN 237 L=58.312 ttrain=0.17s teval=0.00s
NetworkWithTTFS(net=NoDelayLayerNetwork(iw=Array(0.02806299, dtype=float64), rw=Array(1.44929251, dtype=float64)))
TRAIN 238 L=60.577 ttrain=0.17s teval=0.00s
NetworkWithTTFS(net=NoDelayLayerNetwork(iw=Array(0.05106731, dtype=float64), rw=Array(1.6997903, dtype=float64)))
TRAIN 239 L=56.853 ttrain=0.17s teval=0.00s
NetworkWithTTFS(net=NoDelayLayerNetwork(iw=Array(0.03025951, dtype=float64), rw=Array(1.44750661, dtype=float64)))
TRAIN 240 L=76.014 ttrain=0.17s teval=0.00s
NetworkWithTTFS(net=NoDelayLayerNetwork(iw=Array(0.046961, dtype=float64), rw=Array(2.2641401, dtype=float64)))
TRAIN 241 L=66.585 ttrain=0.17s teval=0.00s
NetworkWithTTFS(net=NoDelayLayerNetwork(iw=Array(0.05686127, dtype=float64), rw=Array(2.18468916, dtype=float64)))
TRAIN 242 L=45.950 ttrain=0.17s teval=0.00s
NetworkWithTTFS(net=NoDelayLayerNetwork(iw=Array(0.04737403, dtype=float64), rw=Array(2.4163911, dtype=float64)))
TRAIN 243 L=50.564 ttrain=0.17s teval=0.00s
NetworkWithTTFS(net=NoDelayLayerNetwork(iw=Array(0.04119312, dtype=float64), rw=Array(2.08943505, dtype=float64)))
TRAIN 244 L=61.999 ttrain=0.17s teval=0.00s
NetworkWithTTFS(net=NoDelayLayerNetwork(iw=Array(0.08116951, dtype=float64), rw=Array(2.88580968, dtype=float64)))
TRAIN 245 L=60.341 ttrain=0.17s teval=0.00s
NetworkWithTTFS(net=NoDelayLayerNetwork(iw=Array(0.07022658, dtype=float64), rw=Array(2.24460128, dtype=float64)))
TRAIN 246 L=63.302 ttrain=0.17s teval=0.00s
NetworkWithTTFS(net=NoDelayLayerNetwork(iw=Array(0.03680748, dtype=float64), rw=Array(1.87138022, dtype=float64)))
TRAIN 247 L=54.604 ttrain=0.17s teval=0.00s
NetworkWithTTFS(net=NoDelayLayerNetwork(iw=Array(0.03195435, dtype=float64), rw=Array(1.74685166, dtype=float64)))
TRAIN 248 L=64.946 ttrain=0.17s teval=0.00s
NetworkWithTTFS(net=NoDelayLayerNetwork(iw=Array(0.04731487, dtype=float64), rw=Array(2.155152, dtype=float64)))
TRAIN 249 L=59.643 ttrain=0.17s teval=0.00s
NetworkWithTTFS(net=NoDelayLayerNetwork(iw=Array(0.0371471, dtype=float64), rw=Array(1.87045732, dtype=float64)))
TRAIN 250 L=52.510 ttrain=0.17s teval=0.00s
NetworkWithTTFS(net=NoDelayLayerNetwork(iw=Array(0.03402148, dtype=float64), rw=Array(1.60061587, dtype=float64)))
TRAIN 251 L=58.057 ttrain=0.17s teval=0.00s
NetworkWithTTFS(net=NoDelayLayerNetwork(iw=Array(0.03727227, dtype=float64), rw=Array(1.83334263, dtype=float64)))
TRAIN 252 L=63.081 ttrain=0.17s teval=0.00s
NetworkWithTTFS(net=NoDelayLayerNetwork(iw=Array(0.04003421, dtype=float64), rw=Array(1.98581891, dtype=float64)))
TRAIN 253 L=53.917 ttrain=0.17s teval=0.00s
NetworkWithTTFS(net=NoDelayLayerNetwork(iw=Array(0.03166615, dtype=float64), rw=Array(1.86667208, dtype=float64)))
TRAIN 254 L=57.509 ttrain=0.17s teval=0.00s
NetworkWithTTFS(net=NoDelayLayerNetwork(iw=Array(0.09628806, dtype=float64), rw=Array(2.34406144, dtype=float64)))
TRAIN 255 L=59.661 ttrain=0.17s teval=0.00s
NetworkWithTTFS(net=NoDelayLayerNetwork(iw=Array(0.04765443, dtype=float64), rw=Array(2.22703994, dtype=float64)))
TRAIN 256 L=48.825 ttrain=0.17s teval=0.00s
NetworkWithTTFS(net=NoDelayLayerNetwork(iw=Array(0.03758789, dtype=float64), rw=Array(1.859075, dtype=float64)))
TRAIN 257 L=49.057 ttrain=0.17s teval=0.00s
NetworkWithTTFS(net=NoDelayLayerNetwork(iw=Array(0.06533706, dtype=float64), rw=Array(1.78886653, dtype=float64)))
TRAIN 258 L=43.005 ttrain=0.17s teval=0.00s
NetworkWithTTFS(net=NoDelayLayerNetwork(iw=Array(0.02567099, dtype=float64), rw=Array(1.76712623, dtype=float64)))
TRAIN 259 L=49.968 ttrain=0.17s teval=0.00s
NetworkWithTTFS(net=NoDelayLayerNetwork(iw=Array(0.03369864, dtype=float64), rw=Array(1.64310908, dtype=float64)))
TRAIN 260 L=57.540 ttrain=0.17s teval=0.00s
NetworkWithTTFS(net=NoDelayLayerNetwork(iw=Array(0.04113428, dtype=float64), rw=Array(1.98513183, dtype=float64)))
TRAIN 261 L=51.114 ttrain=0.17s teval=0.00s
NetworkWithTTFS(net=NoDelayLayerNetwork(iw=Array(0.05916217, dtype=float64), rw=Array(1.52957754, dtype=float64)))
TRAIN 262 L=48.361 ttrain=0.17s teval=0.00s
NetworkWithTTFS(net=NoDelayLayerNetwork(iw=Array(0.02928637, dtype=float64), rw=Array(1.61753496, dtype=float64)))
TRAIN 263 L=48.004 ttrain=0.17s teval=0.00s
NetworkWithTTFS(net=NoDelayLayerNetwork(iw=Array(0.03417716, dtype=float64), rw=Array(1.84848587, dtype=float64)))
TRAIN 264 L=41.298 ttrain=0.17s teval=0.00s
NetworkWithTTFS(net=NoDelayLayerNetwork(iw=Array(0.02012535, dtype=float64), rw=Array(1.25987235, dtype=float64)))
TRAIN 265 L=50.441 ttrain=0.17s teval=0.00s
NetworkWithTTFS(net=NoDelayLayerNetwork(iw=Array(0.04926262, dtype=float64), rw=Array(1.59440629, dtype=float64)))
TRAIN 266 L=53.024 ttrain=0.17s teval=0.00s
NetworkWithTTFS(net=NoDelayLayerNetwork(iw=Array(0.03956207, dtype=float64), rw=Array(1.97084423, dtype=float64)))
TRAIN 267 L=43.475 ttrain=0.17s teval=0.00s
NetworkWithTTFS(net=NoDelayLayerNetwork(iw=Array(0.02771776, dtype=float64), rw=Array(1.74535235, dtype=float64)))
TRAIN 268 L=44.477 ttrain=0.17s teval=0.00s
NetworkWithTTFS(net=NoDelayLayerNetwork(iw=Array(0.03585505, dtype=float64), rw=Array(1.63268614, dtype=float64)))
TRAIN 269 L=44.704 ttrain=0.17s teval=0.00s
NetworkWithTTFS(net=NoDelayLayerNetwork(iw=Array(0.03080493, dtype=float64), rw=Array(1.67307574, dtype=float64)))
TRAIN 270 L=41.971 ttrain=0.17s teval=0.00s
NetworkWithTTFS(net=NoDelayLayerNetwork(iw=Array(0.03047225, dtype=float64), rw=Array(1.63206389, dtype=float64)))
TRAIN 271 L=43.323 ttrain=0.17s teval=0.00s
NetworkWithTTFS(net=NoDelayLayerNetwork(iw=Array(0.03114081, dtype=float64), rw=Array(1.4513674, dtype=float64)))
TRAIN 272 L=42.300 ttrain=0.17s teval=0.00s
NetworkWithTTFS(net=NoDelayLayerNetwork(iw=Array(0.04449106, dtype=float64), rw=Array(1.63759204, dtype=float64)))
TRAIN 273 L=39.900 ttrain=0.17s teval=0.00s
NetworkWithTTFS(net=NoDelayLayerNetwork(iw=Array(0.02838247, dtype=float64), rw=Array(1.30715921, dtype=float64)))
TRAIN 274 L=43.673 ttrain=0.17s teval=0.00s
NetworkWithTTFS(net=NoDelayLayerNetwork(iw=Array(0.02990008, dtype=float64), rw=Array(1.52865717, dtype=float64)))
TRAIN 275 L=44.482 ttrain=0.17s teval=0.00s
NetworkWithTTFS(net=NoDelayLayerNetwork(iw=Array(0.03478277, dtype=float64), rw=Array(1.65013746, dtype=float64)))
TRAIN 276 L=43.561 ttrain=0.17s teval=0.00s
NetworkWithTTFS(net=NoDelayLayerNetwork(iw=Array(0.02962502, dtype=float64), rw=Array(1.45356565, dtype=float64)))
TRAIN 277 L=48.004 ttrain=0.17s teval=0.00s
NetworkWithTTFS(net=NoDelayLayerNetwork(iw=Array(0.04661319, dtype=float64), rw=Array(2.12492683, dtype=float64)))
TRAIN 278 L=45.129 ttrain=0.17s teval=0.00s
NetworkWithTTFS(net=NoDelayLayerNetwork(iw=Array(0.04265002, dtype=float64), rw=Array(2.05352903, dtype=float64)))
TRAIN 279 L=34.917 ttrain=0.17s teval=0.00s
NetworkWithTTFS(net=NoDelayLayerNetwork(iw=Array(0.05276457, dtype=float64), rw=Array(1.51258603, dtype=float64)))
TRAIN 280 L=40.329 ttrain=0.17s teval=0.00s
NetworkWithTTFS(net=NoDelayLayerNetwork(iw=Array(0.04063383, dtype=float64), rw=Array(1.49006271, dtype=float64)))
TRAIN 281 L=32.102 ttrain=0.17s teval=0.00s
NetworkWithTTFS(net=NoDelayLayerNetwork(iw=Array(0.04225414, dtype=float64), rw=Array(1.42692631, dtype=float64)))
TRAIN 282 L=43.181 ttrain=0.17s teval=0.00s
NetworkWithTTFS(net=NoDelayLayerNetwork(iw=Array(0.04060298, dtype=float64), rw=Array(1.79949105, dtype=float64)))
TRAIN 283 L=37.208 ttrain=0.17s teval=0.00s
NetworkWithTTFS(net=NoDelayLayerNetwork(iw=Array(0.03283411, dtype=float64), rw=Array(1.61797187, dtype=float64)))
TRAIN 284 L=43.371 ttrain=0.17s teval=0.00s
NetworkWithTTFS(net=NoDelayLayerNetwork(iw=Array(0.03578705, dtype=float64), rw=Array(1.77595234, dtype=float64)))
TRAIN 285 L=40.651 ttrain=0.17s teval=0.00s
NetworkWithTTFS(net=NoDelayLayerNetwork(iw=Array(0.026918, dtype=float64), rw=Array(1.73596828, dtype=float64)))
TRAIN 286 L=38.989 ttrain=0.17s teval=0.00s
NetworkWithTTFS(net=NoDelayLayerNetwork(iw=Array(0.03854867, dtype=float64), rw=Array(1.61548588, dtype=float64)))
TRAIN 287 L=34.704 ttrain=0.17s teval=0.00s
NetworkWithTTFS(net=NoDelayLayerNetwork(iw=Array(0.07375271, dtype=float64), rw=Array(1.78165496, dtype=float64)))
TRAIN 288 L=37.287 ttrain=0.17s teval=0.00s
NetworkWithTTFS(net=NoDelayLayerNetwork(iw=Array(0.03668976, dtype=float64), rw=Array(1.75166635, dtype=float64)))
TRAIN 289 L=38.228 ttrain=0.17s teval=0.00s
NetworkWithTTFS(net=NoDelayLayerNetwork(iw=Array(0.07449668, dtype=float64), rw=Array(1.74674282, dtype=float64)))
TRAIN 290 L=37.837 ttrain=0.17s teval=0.00s
NetworkWithTTFS(net=NoDelayLayerNetwork(iw=Array(0.04382546, dtype=float64), rw=Array(2.06998362, dtype=float64)))
TRAIN 291 L=30.608 ttrain=0.17s teval=0.00s
NetworkWithTTFS(net=NoDelayLayerNetwork(iw=Array(0.03011019, dtype=float64), rw=Array(1.53201653, dtype=float64)))
TRAIN 292 L=39.105 ttrain=0.17s teval=0.00s
NetworkWithTTFS(net=NoDelayLayerNetwork(iw=Array(0.03905142, dtype=float64), rw=Array(1.99904151, dtype=float64)))
TRAIN 293 L=31.471 ttrain=0.17s teval=0.00s
NetworkWithTTFS(net=NoDelayLayerNetwork(iw=Array(0.03965713, dtype=float64), rw=Array(2.13106515, dtype=float64)))
TRAIN 294 L=36.443 ttrain=0.17s teval=0.00s
NetworkWithTTFS(net=NoDelayLayerNetwork(iw=Array(0.03536333, dtype=float64), rw=Array(1.76631577, dtype=float64)))
TRAIN 295 L=40.415 ttrain=0.17s teval=0.00s
NetworkWithTTFS(net=NoDelayLayerNetwork(iw=Array(0.04104126, dtype=float64), rw=Array(2.08597008, dtype=float64)))
TRAIN 296 L=35.346 ttrain=0.17s teval=0.00s
NetworkWithTTFS(net=NoDelayLayerNetwork(iw=Array(0.03259835, dtype=float64), rw=Array(1.87453629, dtype=float64)))
TRAIN 297 L=30.634 ttrain=0.17s teval=0.00s
NetworkWithTTFS(net=NoDelayLayerNetwork(iw=Array(0.03535324, dtype=float64), rw=Array(1.52969617, dtype=float64)))
TRAIN 298 L=30.669 ttrain=0.17s teval=0.00s
NetworkWithTTFS(net=NoDelayLayerNetwork(iw=Array(0.03046505, dtype=float64), rw=Array(1.54069788, dtype=float64)))
TRAIN 299 L=26.636 ttrain=0.17s teval=0.00s
NetworkWithTTFS(net=NoDelayLayerNetwork(iw=Array(0.02034972, dtype=float64), rw=Array(1.71804138, dtype=float64)))
TEST
FREQ 0.0008326394671107411 0.0008326394671107413 0.0008326394671107412
FREQtrain 0.0008326394671107411 0.0008326394671107413 0.0008326394671107412
TOP1 34.635418 TOP2 69.44444 TOP2Diff 2.56 LOSS 31.64860753756738
TOP1train 35.59028 TOP2train 67.708336 TOP2trainDiff 3.269230769230769
TRAIN 300 L=29.368 ttrain=0.17s teval=0.00s
NetworkWithTTFS(net=NoDelayLayerNetwork(iw=Array(0.04600265, dtype=float64), rw=Array(1.83066139, dtype=float64)))
TRAIN 301 L=35.963 ttrain=0.17s teval=0.00s
NetworkWithTTFS(net=NoDelayLayerNetwork(iw=Array(0.03442217, dtype=float64), rw=Array(1.73349736, dtype=float64)))
TRAIN 302 L=36.264 ttrain=0.17s teval=0.00s
NetworkWithTTFS(net=NoDelayLayerNetwork(iw=Array(0.04210872, dtype=float64), rw=Array(2.14569703, dtype=float64)))
TRAIN 303 L=33.542 ttrain=0.17s teval=0.00s
NetworkWithTTFS(net=NoDelayLayerNetwork(iw=Array(0.04777365, dtype=float64), rw=Array(1.95291423, dtype=float64)))
TRAIN 304 L=30.034 ttrain=0.17s teval=0.00s
NetworkWithTTFS(net=NoDelayLayerNetwork(iw=Array(0.03440947, dtype=float64), rw=Array(1.7488748, dtype=float64)))
TRAIN 305 L=26.349 ttrain=0.17s teval=0.00s
NetworkWithTTFS(net=NoDelayLayerNetwork(iw=Array(0.03669175, dtype=float64), rw=Array(1.83985094, dtype=float64)))
TRAIN 306 L=25.883 ttrain=0.17s teval=0.00s
NetworkWithTTFS(net=NoDelayLayerNetwork(iw=Array(0.03708437, dtype=float64), rw=Array(1.78168051, dtype=float64)))
TRAIN 307 L=28.566 ttrain=0.17s teval=0.00s
NetworkWithTTFS(net=NoDelayLayerNetwork(iw=Array(0.03710634, dtype=float64), rw=Array(1.47983193, dtype=float64)))
TRAIN 308 L=27.086 ttrain=0.17s teval=0.00s
NetworkWithTTFS(net=NoDelayLayerNetwork(iw=Array(0.03128065, dtype=float64), rw=Array(1.56922038, dtype=float64)))
TRAIN 309 L=23.007 ttrain=0.17s teval=0.00s
NetworkWithTTFS(net=NoDelayLayerNetwork(iw=Array(0.03624154, dtype=float64), rw=Array(1.39043368, dtype=float64)))
TRAIN 310 L=25.189 ttrain=0.17s teval=0.00s
NetworkWithTTFS(net=NoDelayLayerNetwork(iw=Array(0.0660445, dtype=float64), rw=Array(1.7245108, dtype=float64)))
TRAIN 311 L=25.799 ttrain=0.17s teval=0.00s
NetworkWithTTFS(net=NoDelayLayerNetwork(iw=Array(0.0235901, dtype=float64), rw=Array(1.3874591, dtype=float64)))
TRAIN 312 L=28.035 ttrain=0.17s teval=0.00s
NetworkWithTTFS(net=NoDelayLayerNetwork(iw=Array(0.03200731, dtype=float64), rw=Array(2.05793299, dtype=float64)))
TRAIN 313 L=24.274 ttrain=0.17s teval=0.00s
NetworkWithTTFS(net=NoDelayLayerNetwork(iw=Array(0.04437096, dtype=float64), rw=Array(1.49515828, dtype=float64)))
TRAIN 314 L=24.491 ttrain=0.17s teval=0.00s
NetworkWithTTFS(net=NoDelayLayerNetwork(iw=Array(0.04372243, dtype=float64), rw=Array(1.70595093, dtype=float64)))
TRAIN 315 L=26.456 ttrain=0.17s teval=0.00s
NetworkWithTTFS(net=NoDelayLayerNetwork(iw=Array(0.04033091, dtype=float64), rw=Array(1.55998543, dtype=float64)))
TRAIN 316 L=28.164 ttrain=0.17s teval=0.00s
NetworkWithTTFS(net=NoDelayLayerNetwork(iw=Array(0.0408037, dtype=float64), rw=Array(2.22676659, dtype=float64)))
TRAIN 317 L=22.112 ttrain=0.17s teval=0.00s
NetworkWithTTFS(net=NoDelayLayerNetwork(iw=Array(0.04437938, dtype=float64), rw=Array(1.71042328, dtype=float64)))
TRAIN 318 L=21.192 ttrain=0.17s teval=0.00s
NetworkWithTTFS(net=NoDelayLayerNetwork(iw=Array(0.03297184, dtype=float64), rw=Array(1.43461257, dtype=float64)))
TRAIN 319 L=19.921 ttrain=0.17s teval=0.00s
NetworkWithTTFS(net=NoDelayLayerNetwork(iw=Array(0.05411043, dtype=float64), rw=Array(1.51908504, dtype=float64)))
TRAIN 320 L=17.166 ttrain=0.17s teval=0.00s
NetworkWithTTFS(net=NoDelayLayerNetwork(iw=Array(0.02726615, dtype=float64), rw=Array(1.46295993, dtype=float64)))
TRAIN 321 L=17.565 ttrain=0.17s teval=0.00s
NetworkWithTTFS(net=NoDelayLayerNetwork(iw=Array(0.04275166, dtype=float64), rw=Array(1.69851281, dtype=float64)))
TRAIN 322 L=20.053 ttrain=0.17s teval=0.00s
NetworkWithTTFS(net=NoDelayLayerNetwork(iw=Array(0.06844884, dtype=float64), rw=Array(1.5797009, dtype=float64)))
TRAIN 323 L=24.742 ttrain=0.17s teval=0.00s
NetworkWithTTFS(net=NoDelayLayerNetwork(iw=Array(0.07268511, dtype=float64), rw=Array(2.09779295, dtype=float64)))
TRAIN 324 L=18.474 ttrain=0.17s teval=0.00s
NetworkWithTTFS(net=NoDelayLayerNetwork(iw=Array(0.03924583, dtype=float64), rw=Array(1.64079997, dtype=float64)))
TRAIN 325 L=20.336 ttrain=0.17s teval=0.00s
NetworkWithTTFS(net=NoDelayLayerNetwork(iw=Array(0.03500474, dtype=float64), rw=Array(1.68932785, dtype=float64)))
TRAIN 326 L=20.781 ttrain=0.17s teval=0.00s
NetworkWithTTFS(net=NoDelayLayerNetwork(iw=Array(0.03176034, dtype=float64), rw=Array(1.26081158, dtype=float64)))
TRAIN 327 L=22.219 ttrain=0.17s teval=0.00s
NetworkWithTTFS(net=NoDelayLayerNetwork(iw=Array(0.0701093, dtype=float64), rw=Array(1.98105212, dtype=float64)))
TRAIN 328 L=18.928 ttrain=0.17s teval=0.00s
NetworkWithTTFS(net=NoDelayLayerNetwork(iw=Array(0.0239697, dtype=float64), rw=Array(1.63454121, dtype=float64)))
TRAIN 329 L=18.750 ttrain=0.17s teval=0.00s
NetworkWithTTFS(net=NoDelayLayerNetwork(iw=Array(0.03014488, dtype=float64), rw=Array(1.55716375, dtype=float64)))
TRAIN 330 L=18.302 ttrain=0.17s teval=0.00s
NetworkWithTTFS(net=NoDelayLayerNetwork(iw=Array(0.04379186, dtype=float64), rw=Array(1.9582606, dtype=float64)))
TRAIN 331 L=18.031 ttrain=0.17s teval=0.00s
NetworkWithTTFS(net=NoDelayLayerNetwork(iw=Array(0.04657148, dtype=float64), rw=Array(1.63553637, dtype=float64)))
TRAIN 332 L=15.661 ttrain=0.17s teval=0.00s
NetworkWithTTFS(net=NoDelayLayerNetwork(iw=Array(0.0359042, dtype=float64), rw=Array(1.72580931, dtype=float64)))
TRAIN 333 L=15.364 ttrain=0.17s teval=0.00s
NetworkWithTTFS(net=NoDelayLayerNetwork(iw=Array(0.06161636, dtype=float64), rw=Array(1.19665765, dtype=float64)))
TRAIN 334 L=16.723 ttrain=0.17s teval=0.00s
NetworkWithTTFS(net=NoDelayLayerNetwork(iw=Array(0.06416653, dtype=float64), rw=Array(1.47284597, dtype=float64)))
TRAIN 335 L=14.961 ttrain=0.17s teval=0.00s
NetworkWithTTFS(net=NoDelayLayerNetwork(iw=Array(0.04198578, dtype=float64), rw=Array(1.12231177, dtype=float64)))
TRAIN 336 L=16.964 ttrain=0.17s teval=0.00s
NetworkWithTTFS(net=NoDelayLayerNetwork(iw=Array(0.04427374, dtype=float64), rw=Array(1.54404406, dtype=float64)))
TRAIN 337 L=16.744 ttrain=0.17s teval=0.00s
NetworkWithTTFS(net=NoDelayLayerNetwork(iw=Array(0.0365122, dtype=float64), rw=Array(1.7730103, dtype=float64)))
TRAIN 338 L=11.503 ttrain=0.17s teval=0.00s
NetworkWithTTFS(net=NoDelayLayerNetwork(iw=Array(0.09655071, dtype=float64), rw=Array(1.5043441, dtype=float64)))
TRAIN 339 L=12.120 ttrain=0.17s teval=0.00s
NetworkWithTTFS(net=NoDelayLayerNetwork(iw=Array(0.02752674, dtype=float64), rw=Array(1.25137088, dtype=float64)))
TRAIN 340 L=13.861 ttrain=0.17s teval=0.00s
NetworkWithTTFS(net=NoDelayLayerNetwork(iw=Array(0.0455729, dtype=float64), rw=Array(1.2486031, dtype=float64)))
TRAIN 341 L=15.007 ttrain=0.17s teval=0.00s
NetworkWithTTFS(net=NoDelayLayerNetwork(iw=Array(0.04529166, dtype=float64), rw=Array(1.35153121, dtype=float64)))
TRAIN 342 L=12.755 ttrain=0.17s teval=0.00s
NetworkWithTTFS(net=NoDelayLayerNetwork(iw=Array(0.02364646, dtype=float64), rw=Array(1.10817912, dtype=float64)))
TRAIN 343 L=14.358 ttrain=0.17s teval=0.00s
NetworkWithTTFS(net=NoDelayLayerNetwork(iw=Array(0.05596773, dtype=float64), rw=Array(1.23586322, dtype=float64)))
TRAIN 344 L=13.164 ttrain=0.17s teval=0.00s
NetworkWithTTFS(net=NoDelayLayerNetwork(iw=Array(0.02810406, dtype=float64), rw=Array(1.1508073, dtype=float64)))
TRAIN 345 L=14.940 ttrain=0.17s teval=0.00s
NetworkWithTTFS(net=NoDelayLayerNetwork(iw=Array(0.04939483, dtype=float64), rw=Array(1.12181462, dtype=float64)))
TRAIN 346 L=14.351 ttrain=0.17s teval=0.00s
NetworkWithTTFS(net=NoDelayLayerNetwork(iw=Array(0.07544592, dtype=float64), rw=Array(1.1093148, dtype=float64)))
TRAIN 347 L=14.594 ttrain=0.17s teval=0.00s
NetworkWithTTFS(net=NoDelayLayerNetwork(iw=Array(0.02851209, dtype=float64), rw=Array(2.07502328, dtype=float64)))
TRAIN 348 L=15.099 ttrain=0.17s teval=0.00s
NetworkWithTTFS(net=NoDelayLayerNetwork(iw=Array(0.0534135, dtype=float64), rw=Array(0.98329229, dtype=float64)))
TRAIN 349 L=9.569 ttrain=0.17s teval=0.00s
NetworkWithTTFS(net=NoDelayLayerNetwork(iw=Array(0.03749548, dtype=float64), rw=Array(0.71659581, dtype=float64)))
TRAIN 350 L=13.692 ttrain=0.17s teval=0.00s
NetworkWithTTFS(net=NoDelayLayerNetwork(iw=Array(0.04172562, dtype=float64), rw=Array(1.08350285, dtype=float64)))
TRAIN 351 L=12.319 ttrain=0.17s teval=0.00s
NetworkWithTTFS(net=NoDelayLayerNetwork(iw=Array(0.02152312, dtype=float64), rw=Array(1.37484948, dtype=float64)))
TRAIN 352 L=9.553 ttrain=0.17s teval=0.00s
NetworkWithTTFS(net=NoDelayLayerNetwork(iw=Array(0.0285166, dtype=float64), rw=Array(1.38262325, dtype=float64)))
TRAIN 353 L=10.462 ttrain=0.17s teval=0.00s
NetworkWithTTFS(net=NoDelayLayerNetwork(iw=Array(0.03385378, dtype=float64), rw=Array(1.00794984, dtype=float64)))
TRAIN 354 L=9.207 ttrain=0.17s teval=0.00s
NetworkWithTTFS(net=NoDelayLayerNetwork(iw=Array(0.02996516, dtype=float64), rw=Array(0.8294186, dtype=float64)))
TRAIN 355 L=13.576 ttrain=0.17s teval=0.00s
NetworkWithTTFS(net=NoDelayLayerNetwork(iw=Array(0.05855935, dtype=float64), rw=Array(0.92282577, dtype=float64)))
TRAIN 356 L=10.490 ttrain=0.17s teval=0.00s
NetworkWithTTFS(net=NoDelayLayerNetwork(iw=Array(0.09182985, dtype=float64), rw=Array(1.30820673, dtype=float64)))
TRAIN 357 L=11.670 ttrain=0.17s teval=0.00s
NetworkWithTTFS(net=NoDelayLayerNetwork(iw=Array(0.06971356, dtype=float64), rw=Array(0.9847907, dtype=float64)))
TRAIN 358 L=12.681 ttrain=0.17s teval=0.00s
NetworkWithTTFS(net=NoDelayLayerNetwork(iw=Array(0.07931204, dtype=float64), rw=Array(0.90029281, dtype=float64)))
TRAIN 359 L=11.693 ttrain=0.17s teval=0.00s
NetworkWithTTFS(net=NoDelayLayerNetwork(iw=Array(0.02296594, dtype=float64), rw=Array(0.79962325, dtype=float64)))
TRAIN 360 L=7.352 ttrain=0.17s teval=0.00s
NetworkWithTTFS(net=NoDelayLayerNetwork(iw=Array(0.02209251, dtype=float64), rw=Array(0.75202413, dtype=float64)))
TRAIN 361 L=10.355 ttrain=0.17s teval=0.00s
NetworkWithTTFS(net=NoDelayLayerNetwork(iw=Array(0.05723714, dtype=float64), rw=Array(0.92637523, dtype=float64)))
TRAIN 362 L=8.948 ttrain=0.17s teval=0.00s
NetworkWithTTFS(net=NoDelayLayerNetwork(iw=Array(0.04885917, dtype=float64), rw=Array(1.00720831, dtype=float64)))
TRAIN 363 L=11.367 ttrain=0.17s teval=0.00s
NetworkWithTTFS(net=NoDelayLayerNetwork(iw=Array(0.07625321, dtype=float64), rw=Array(0.83709507, dtype=float64)))
TRAIN 364 L=10.351 ttrain=0.17s teval=0.00s
NetworkWithTTFS(net=NoDelayLayerNetwork(iw=Array(0.10441401, dtype=float64), rw=Array(1.38300914, dtype=float64)))
TRAIN 365 L=8.813 ttrain=0.17s teval=0.00s
NetworkWithTTFS(net=NoDelayLayerNetwork(iw=Array(0.05085438, dtype=float64), rw=Array(0.85064711, dtype=float64)))
TRAIN 366 L=10.409 ttrain=0.17s teval=0.00s
NetworkWithTTFS(net=NoDelayLayerNetwork(iw=Array(0.05382785, dtype=float64), rw=Array(0.86765365, dtype=float64)))
TRAIN 367 L=8.431 ttrain=0.17s teval=0.00s
NetworkWithTTFS(net=NoDelayLayerNetwork(iw=Array(0.04465669, dtype=float64), rw=Array(0.83874477, dtype=float64)))
TRAIN 368 L=13.678 ttrain=0.17s teval=0.00s
NetworkWithTTFS(net=NoDelayLayerNetwork(iw=Array(0.04784423, dtype=float64), rw=Array(0.82951209, dtype=float64)))
TRAIN 369 L=12.668 ttrain=0.17s teval=0.00s
NetworkWithTTFS(net=NoDelayLayerNetwork(iw=Array(0.10643397, dtype=float64), rw=Array(1.26889012, dtype=float64)))
TRAIN 370 L=8.570 ttrain=0.17s teval=0.00s
NetworkWithTTFS(net=NoDelayLayerNetwork(iw=Array(0.03404228, dtype=float64), rw=Array(0.75858956, dtype=float64)))
TRAIN 371 L=13.509 ttrain=0.17s teval=0.00s
NetworkWithTTFS(net=NoDelayLayerNetwork(iw=Array(0.05262205, dtype=float64), rw=Array(1.01671589, dtype=float64)))
TRAIN 372 L=10.919 ttrain=0.17s teval=0.00s
NetworkWithTTFS(net=NoDelayLayerNetwork(iw=Array(0.030261, dtype=float64), rw=Array(0.79677956, dtype=float64)))
TRAIN 373 L=9.632 ttrain=0.17s teval=0.00s
NetworkWithTTFS(net=NoDelayLayerNetwork(iw=Array(0.03188307, dtype=float64), rw=Array(0.71568468, dtype=float64)))
TRAIN 374 L=10.091 ttrain=0.17s teval=0.00s
NetworkWithTTFS(net=NoDelayLayerNetwork(iw=Array(0.06386592, dtype=float64), rw=Array(0.91072654, dtype=float64)))
TRAIN 375 L=8.162 ttrain=0.17s teval=0.00s
NetworkWithTTFS(net=NoDelayLayerNetwork(iw=Array(0.07856557, dtype=float64), rw=Array(0.82977664, dtype=float64)))
TRAIN 376 L=9.562 ttrain=0.17s teval=0.00s
NetworkWithTTFS(net=NoDelayLayerNetwork(iw=Array(0.0562, dtype=float64), rw=Array(0.90363818, dtype=float64)))
TRAIN 377 L=7.661 ttrain=0.17s teval=0.00s
NetworkWithTTFS(net=NoDelayLayerNetwork(iw=Array(0.01488672, dtype=float64), rw=Array(0.82721899, dtype=float64)))
TRAIN 378 L=8.115 ttrain=0.17s teval=0.00s
NetworkWithTTFS(net=NoDelayLayerNetwork(iw=Array(0.06826738, dtype=float64), rw=Array(0.82374187, dtype=float64)))
TRAIN 379 L=6.608 ttrain=0.17s teval=0.00s
NetworkWithTTFS(net=NoDelayLayerNetwork(iw=Array(0.0243903, dtype=float64), rw=Array(0.68014528, dtype=float64)))
TRAIN 380 L=8.333 ttrain=0.17s teval=0.00s
NetworkWithTTFS(net=NoDelayLayerNetwork(iw=Array(0.02428033, dtype=float64), rw=Array(0.84028039, dtype=float64)))
TRAIN 381 L=9.449 ttrain=0.17s teval=0.00s
NetworkWithTTFS(net=NoDelayLayerNetwork(iw=Array(0.1591513, dtype=float64), rw=Array(0.81667359, dtype=float64)))
TRAIN 382 L=7.239 ttrain=0.17s teval=0.00s
NetworkWithTTFS(net=NoDelayLayerNetwork(iw=Array(0.01606112, dtype=float64), rw=Array(0.6564867, dtype=float64)))
TRAIN 383 L=9.430 ttrain=0.17s teval=0.00s
NetworkWithTTFS(net=NoDelayLayerNetwork(iw=Array(0.04454607, dtype=float64), rw=Array(0.82837573, dtype=float64)))
TRAIN 384 L=8.180 ttrain=0.17s teval=0.00s
NetworkWithTTFS(net=NoDelayLayerNetwork(iw=Array(0.0575413, dtype=float64), rw=Array(0.5607966, dtype=float64)))
TRAIN 385 L=10.388 ttrain=0.17s teval=0.00s
NetworkWithTTFS(net=NoDelayLayerNetwork(iw=Array(0.08262828, dtype=float64), rw=Array(0.69079556, dtype=float64)))
TRAIN 386 L=4.962 ttrain=0.17s teval=0.00s
NetworkWithTTFS(net=NoDelayLayerNetwork(iw=Array(0.01637761, dtype=float64), rw=Array(0.38796453, dtype=float64)))
TRAIN 387 L=8.461 ttrain=0.17s teval=0.00s
NetworkWithTTFS(net=NoDelayLayerNetwork(iw=Array(0.08781096, dtype=float64), rw=Array(0.80127574, dtype=float64)))
TRAIN 388 L=6.687 ttrain=0.17s teval=0.00s
NetworkWithTTFS(net=NoDelayLayerNetwork(iw=Array(0.03729163, dtype=float64), rw=Array(0.62977426, dtype=float64)))
TRAIN 389 L=8.354 ttrain=0.17s teval=0.00s
NetworkWithTTFS(net=NoDelayLayerNetwork(iw=Array(0.04373034, dtype=float64), rw=Array(0.71636326, dtype=float64)))
TRAIN 390 L=7.962 ttrain=0.17s teval=0.00s
NetworkWithTTFS(net=NoDelayLayerNetwork(iw=Array(0.01670118, dtype=float64), rw=Array(0.8211809, dtype=float64)))
TRAIN 391 L=6.274 ttrain=0.17s teval=0.00s
NetworkWithTTFS(net=NoDelayLayerNetwork(iw=Array(0.03614594, dtype=float64), rw=Array(0.40202408, dtype=float64)))
TRAIN 392 L=9.040 ttrain=0.17s teval=0.00s
NetworkWithTTFS(net=NoDelayLayerNetwork(iw=Array(0.02699434, dtype=float64), rw=Array(0.56919519, dtype=float64)))
TRAIN 393 L=7.700 ttrain=0.17s teval=0.00s
NetworkWithTTFS(net=NoDelayLayerNetwork(iw=Array(0.04929308, dtype=float64), rw=Array(0.73180703, dtype=float64)))
TRAIN 394 L=6.736 ttrain=0.17s teval=0.00s
NetworkWithTTFS(net=NoDelayLayerNetwork(iw=Array(0.01454676, dtype=float64), rw=Array(0.67085436, dtype=float64)))
TRAIN 395 L=7.501 ttrain=0.17s teval=0.00s
NetworkWithTTFS(net=NoDelayLayerNetwork(iw=Array(0.03217372, dtype=float64), rw=Array(0.7208313, dtype=float64)))
TRAIN 396 L=8.238 ttrain=0.17s teval=0.00s
NetworkWithTTFS(net=NoDelayLayerNetwork(iw=Array(0.04140262, dtype=float64), rw=Array(0.82671868, dtype=float64)))
TRAIN 397 L=7.791 ttrain=0.17s teval=0.00s
NetworkWithTTFS(net=NoDelayLayerNetwork(iw=Array(0.05088026, dtype=float64), rw=Array(0.62525614, dtype=float64)))
TRAIN 398 L=8.083 ttrain=0.17s teval=0.00s
NetworkWithTTFS(net=NoDelayLayerNetwork(iw=Array(0.08965111, dtype=float64), rw=Array(1.16389648, dtype=float64)))
TRAIN 399 L=8.730 ttrain=0.17s teval=0.00s
NetworkWithTTFS(net=NoDelayLayerNetwork(iw=Array(0.04718902, dtype=float64), rw=Array(0.59423932, dtype=float64)))
TEST
FREQ 0.0008326394671107411 0.0008326394671107413 0.0008326394671107412
