gpu
NVIDIA H100
Mon Oct 27 16:24:28 2025
['train_yy.py', '--ndim', '0', '--nhidden', '10', '--lr', '0.0008', '--dt', '0.01', '--batch_size', '150', '--beta', '8', '--wseed', '26', '--bseed', '6', '--layer', '--force']

 == CONFIG == 
ndim                 0
nhidden              10
batch_size           150
load_limit           None
load_limit_test      None
lr                   0.0008
ifactor              1
rfactor              1
force                True
skip                 False
debug                False
dt                   0.01
save_dir             saved
reload               False
layer                True
margin               0.0
beta                 8.0
wseed                26
bseed                6
ttrain               10000

Train set size: (5000, 1201, 1) Test set size: (1000, 1201, 1)
start_training
TEST
FREQ 0.0 0.0008326394671107413 0.0007685902773329922
FREQtrain 0.0 0.0008326394671107413 0.0007685902773329922
TOP1 28.645834 TOP2 66.66667 TOP2Diff 31.27121212121212 LOSS 211.14086150456998
TOP1train 30.46875 TOP2train 62.15278 TOP2trainDiff 25.21212121212121
compiling
TRAIN 0 L=215.712 ttrain=3.33s teval=0.38s
NetworkWithTTFS(net=NoDelayLayerNetwork(iw=Array(0.06359205, dtype=float64), rw=Array(2.36634111, dtype=float64)))
TRAIN 1 L=203.490 ttrain=0.17s teval=0.00s
NetworkWithTTFS(net=NoDelayLayerNetwork(iw=Array(0.04802443, dtype=float64), rw=Array(2.78125712, dtype=float64)))
(Array([122, 157, 262, 297], dtype=int64), Array([0, 0, 0, 0], dtype=int64))
TRAIN 2 L=205.139 ttrain=0.17s teval=4.19s
NetworkWithTTFS(net=NoDelayLayerNetwork(iw=Array(0.05122059, dtype=float64), rw=Array(2.88897344, dtype=float64)))
TRAIN 3 L=220.774 ttrain=0.17s teval=0.00s
NetworkWithTTFS(net=NoDelayLayerNetwork(iw=Array(0.05825937, dtype=float64), rw=Array(2.49775663, dtype=float64)))
TRAIN 4 L=187.330 ttrain=0.17s teval=0.00s
NetworkWithTTFS(net=NoDelayLayerNetwork(iw=Array(0.04412686, dtype=float64), rw=Array(2.68597224, dtype=float64)))
TRAIN 5 L=191.330 ttrain=0.17s teval=0.00s
NetworkWithTTFS(net=NoDelayLayerNetwork(iw=Array(0.0518717, dtype=float64), rw=Array(2.56085781, dtype=float64)))
TRAIN 6 L=181.890 ttrain=0.17s teval=0.00s
NetworkWithTTFS(net=NoDelayLayerNetwork(iw=Array(0.04217764, dtype=float64), rw=Array(2.32098914, dtype=float64)))
TRAIN 7 L=192.512 ttrain=0.17s teval=0.00s
NetworkWithTTFS(net=NoDelayLayerNetwork(iw=Array(0.04850614, dtype=float64), rw=Array(2.48978768, dtype=float64)))
TRAIN 8 L=205.410 ttrain=0.17s teval=0.00s
NetworkWithTTFS(net=NoDelayLayerNetwork(iw=Array(0.05486475, dtype=float64), rw=Array(2.53634402, dtype=float64)))
TRAIN 9 L=172.373 ttrain=0.17s teval=0.00s
NetworkWithTTFS(net=NoDelayLayerNetwork(iw=Array(0.04012264, dtype=float64), rw=Array(2.52160709, dtype=float64)))
TRAIN 10 L=193.978 ttrain=0.17s teval=0.00s
NetworkWithTTFS(net=NoDelayLayerNetwork(iw=Array(0.04813448, dtype=float64), rw=Array(2.50537982, dtype=float64)))
TRAIN 11 L=184.774 ttrain=0.17s teval=0.00s
NetworkWithTTFS(net=NoDelayLayerNetwork(iw=Array(0.05739079, dtype=float64), rw=Array(2.66598595, dtype=float64)))
TRAIN 12 L=179.868 ttrain=0.17s teval=0.00s
NetworkWithTTFS(net=NoDelayLayerNetwork(iw=Array(0.03994712, dtype=float64), rw=Array(2.99117986, dtype=float64)))
TRAIN 13 L=197.992 ttrain=0.17s teval=0.00s
NetworkWithTTFS(net=NoDelayLayerNetwork(iw=Array(0.04540708, dtype=float64), rw=Array(2.65019069, dtype=float64)))
TRAIN 14 L=195.824 ttrain=0.17s teval=0.00s
NetworkWithTTFS(net=NoDelayLayerNetwork(iw=Array(0.0474746, dtype=float64), rw=Array(2.51145229, dtype=float64)))
TRAIN 15 L=201.943 ttrain=0.17s teval=0.00s
NetworkWithTTFS(net=NoDelayLayerNetwork(iw=Array(0.056264, dtype=float64), rw=Array(2.56451558, dtype=float64)))
TRAIN 16 L=184.392 ttrain=0.17s teval=0.00s
NetworkWithTTFS(net=NoDelayLayerNetwork(iw=Array(0.04528663, dtype=float64), rw=Array(2.64803475, dtype=float64)))
TRAIN 17 L=195.214 ttrain=0.17s teval=0.00s
NetworkWithTTFS(net=NoDelayLayerNetwork(iw=Array(0.04511108, dtype=float64), rw=Array(2.25644241, dtype=float64)))
TRAIN 18 L=200.921 ttrain=0.17s teval=0.00s
NetworkWithTTFS(net=NoDelayLayerNetwork(iw=Array(0.04507907, dtype=float64), rw=Array(2.4905401, dtype=float64)))
TRAIN 19 L=186.041 ttrain=0.17s teval=0.00s
NetworkWithTTFS(net=NoDelayLayerNetwork(iw=Array(0.04339166, dtype=float64), rw=Array(2.68336452, dtype=float64)))
TRAIN 20 L=198.583 ttrain=0.17s teval=0.00s
NetworkWithTTFS(net=NoDelayLayerNetwork(iw=Array(0.05236051, dtype=float64), rw=Array(2.41889081, dtype=float64)))
TRAIN 21 L=210.321 ttrain=0.17s teval=0.00s
NetworkWithTTFS(net=NoDelayLayerNetwork(iw=Array(0.05609182, dtype=float64), rw=Array(2.49732658, dtype=float64)))
TRAIN 22 L=196.192 ttrain=0.17s teval=0.00s
NetworkWithTTFS(net=NoDelayLayerNetwork(iw=Array(0.04776385, dtype=float64), rw=Array(2.28031811, dtype=float64)))
TRAIN 23 L=176.983 ttrain=0.17s teval=0.00s
NetworkWithTTFS(net=NoDelayLayerNetwork(iw=Array(0.0439073, dtype=float64), rw=Array(2.2468045, dtype=float64)))
TRAIN 24 L=190.548 ttrain=0.17s teval=0.00s
NetworkWithTTFS(net=NoDelayLayerNetwork(iw=Array(0.04353169, dtype=float64), rw=Array(2.45669354, dtype=float64)))
TRAIN 25 L=187.699 ttrain=0.17s teval=0.00s
NetworkWithTTFS(net=NoDelayLayerNetwork(iw=Array(0.05000508, dtype=float64), rw=Array(2.45305336, dtype=float64)))
TRAIN 26 L=200.329 ttrain=0.17s teval=0.00s
NetworkWithTTFS(net=NoDelayLayerNetwork(iw=Array(0.05601169, dtype=float64), rw=Array(2.43415278, dtype=float64)))
TRAIN 27 L=191.107 ttrain=0.17s teval=0.00s
NetworkWithTTFS(net=NoDelayLayerNetwork(iw=Array(0.0454714, dtype=float64), rw=Array(2.66471431, dtype=float64)))
TRAIN 28 L=211.801 ttrain=0.17s teval=0.00s
NetworkWithTTFS(net=NoDelayLayerNetwork(iw=Array(0.04732142, dtype=float64), rw=Array(3.02128701, dtype=float64)))
TRAIN 29 L=184.793 ttrain=0.17s teval=0.00s
NetworkWithTTFS(net=NoDelayLayerNetwork(iw=Array(0.04518547, dtype=float64), rw=Array(2.19406136, dtype=float64)))
TRAIN 30 L=203.961 ttrain=0.17s teval=0.00s
NetworkWithTTFS(net=NoDelayLayerNetwork(iw=Array(0.05268802, dtype=float64), rw=Array(2.65936028, dtype=float64)))
TRAIN 31 L=186.249 ttrain=0.17s teval=0.00s
NetworkWithTTFS(net=NoDelayLayerNetwork(iw=Array(0.04987723, dtype=float64), rw=Array(2.64650702, dtype=float64)))
TRAIN 32 L=186.797 ttrain=0.17s teval=0.00s
NetworkWithTTFS(net=NoDelayLayerNetwork(iw=Array(0.04628072, dtype=float64), rw=Array(2.51673101, dtype=float64)))
TRAIN 33 L=209.943 ttrain=0.17s teval=0.00s
NetworkWithTTFS(net=NoDelayLayerNetwork(iw=Array(0.05177041, dtype=float64), rw=Array(2.78946076, dtype=float64)))
TRAIN 34 L=176.819 ttrain=0.17s teval=0.00s
NetworkWithTTFS(net=NoDelayLayerNetwork(iw=Array(0.03903955, dtype=float64), rw=Array(2.67479535, dtype=float64)))
TRAIN 35 L=183.597 ttrain=0.17s teval=0.00s
NetworkWithTTFS(net=NoDelayLayerNetwork(iw=Array(0.04651106, dtype=float64), rw=Array(2.60482946, dtype=float64)))
TRAIN 36 L=200.227 ttrain=0.17s teval=0.00s
NetworkWithTTFS(net=NoDelayLayerNetwork(iw=Array(0.0558212, dtype=float64), rw=Array(2.45362558, dtype=float64)))
TRAIN 37 L=199.281 ttrain=0.17s teval=0.00s
NetworkWithTTFS(net=NoDelayLayerNetwork(iw=Array(0.06487816, dtype=float64), rw=Array(2.82905007, dtype=float64)))
TRAIN 38 L=182.854 ttrain=0.17s teval=0.00s
NetworkWithTTFS(net=NoDelayLayerNetwork(iw=Array(0.0445853, dtype=float64), rw=Array(2.39145651, dtype=float64)))
TRAIN 39 L=188.348 ttrain=0.17s teval=0.00s
NetworkWithTTFS(net=NoDelayLayerNetwork(iw=Array(0.04768231, dtype=float64), rw=Array(2.48116644, dtype=float64)))
TRAIN 40 L=213.143 ttrain=0.17s teval=0.00s
NetworkWithTTFS(net=NoDelayLayerNetwork(iw=Array(0.06154979, dtype=float64), rw=Array(2.89419142, dtype=float64)))
TRAIN 41 L=184.858 ttrain=0.17s teval=0.00s
NetworkWithTTFS(net=NoDelayLayerNetwork(iw=Array(0.05446345, dtype=float64), rw=Array(2.1928602, dtype=float64)))
TRAIN 42 L=177.401 ttrain=0.17s teval=0.00s
NetworkWithTTFS(net=NoDelayLayerNetwork(iw=Array(0.04404077, dtype=float64), rw=Array(2.59115452, dtype=float64)))
TRAIN 43 L=203.824 ttrain=0.17s teval=0.00s
NetworkWithTTFS(net=NoDelayLayerNetwork(iw=Array(0.0460039, dtype=float64), rw=Array(2.69123554, dtype=float64)))
TRAIN 44 L=165.250 ttrain=0.17s teval=0.00s
NetworkWithTTFS(net=NoDelayLayerNetwork(iw=Array(0.04275548, dtype=float64), rw=Array(1.96105126, dtype=float64)))
TRAIN 45 L=219.432 ttrain=0.17s teval=0.00s
NetworkWithTTFS(net=NoDelayLayerNetwork(iw=Array(0.05781131, dtype=float64), rw=Array(2.61579929, dtype=float64)))
TRAIN 46 L=199.650 ttrain=0.17s teval=0.00s
NetworkWithTTFS(net=NoDelayLayerNetwork(iw=Array(0.0553711, dtype=float64), rw=Array(2.4274501, dtype=float64)))
TRAIN 47 L=187.441 ttrain=0.17s teval=0.00s
NetworkWithTTFS(net=NoDelayLayerNetwork(iw=Array(0.04498216, dtype=float64), rw=Array(2.76464122, dtype=float64)))
TRAIN 48 L=172.227 ttrain=0.17s teval=0.00s
NetworkWithTTFS(net=NoDelayLayerNetwork(iw=Array(0.0371001, dtype=float64), rw=Array(2.42602977, dtype=float64)))
TRAIN 49 L=182.637 ttrain=0.17s teval=0.00s
NetworkWithTTFS(net=NoDelayLayerNetwork(iw=Array(0.04379667, dtype=float64), rw=Array(2.52244356, dtype=float64)))
TRAIN 50 L=216.188 ttrain=0.17s teval=0.00s
NetworkWithTTFS(net=NoDelayLayerNetwork(iw=Array(0.05255732, dtype=float64), rw=Array(2.55287135, dtype=float64)))
TRAIN 51 L=171.450 ttrain=0.17s teval=0.00s
NetworkWithTTFS(net=NoDelayLayerNetwork(iw=Array(0.03721906, dtype=float64), rw=Array(2.17691984, dtype=float64)))
TRAIN 52 L=166.569 ttrain=0.17s teval=0.00s
NetworkWithTTFS(net=NoDelayLayerNetwork(iw=Array(0.04026938, dtype=float64), rw=Array(2.55566761, dtype=float64)))
TRAIN 53 L=209.192 ttrain=0.17s teval=0.00s
NetworkWithTTFS(net=NoDelayLayerNetwork(iw=Array(0.0428337, dtype=float64), rw=Array(2.64546708, dtype=float64)))
TRAIN 54 L=185.721 ttrain=0.17s teval=0.00s
NetworkWithTTFS(net=NoDelayLayerNetwork(iw=Array(0.04741473, dtype=float64), rw=Array(2.5136563, dtype=float64)))
TRAIN 55 L=213.468 ttrain=0.17s teval=0.00s
NetworkWithTTFS(net=NoDelayLayerNetwork(iw=Array(0.05940892, dtype=float64), rw=Array(2.97889202, dtype=float64)))
TRAIN 56 L=194.321 ttrain=0.17s teval=0.00s
NetworkWithTTFS(net=NoDelayLayerNetwork(iw=Array(0.04508621, dtype=float64), rw=Array(2.40745, dtype=float64)))
TRAIN 57 L=191.383 ttrain=0.17s teval=0.00s
NetworkWithTTFS(net=NoDelayLayerNetwork(iw=Array(0.05304935, dtype=float64), rw=Array(2.51485264, dtype=float64)))
TRAIN 58 L=229.347 ttrain=0.17s teval=0.00s
NetworkWithTTFS(net=NoDelayLayerNetwork(iw=Array(0.06719967, dtype=float64), rw=Array(2.97318069, dtype=float64)))
TRAIN 59 L=192.095 ttrain=0.17s teval=0.00s
NetworkWithTTFS(net=NoDelayLayerNetwork(iw=Array(0.04443209, dtype=float64), rw=Array(2.22657338, dtype=float64)))
TRAIN 60 L=166.066 ttrain=0.17s teval=0.00s
NetworkWithTTFS(net=NoDelayLayerNetwork(iw=Array(0.04230349, dtype=float64), rw=Array(2.08323414, dtype=float64)))
TRAIN 61 L=214.706 ttrain=0.17s teval=0.00s
NetworkWithTTFS(net=NoDelayLayerNetwork(iw=Array(0.05891002, dtype=float64), rw=Array(2.46552101, dtype=float64)))
TRAIN 62 L=170.001 ttrain=0.17s teval=0.00s
NetworkWithTTFS(net=NoDelayLayerNetwork(iw=Array(0.04868732, dtype=float64), rw=Array(2.36815207, dtype=float64)))
TRAIN 63 L=192.619 ttrain=0.17s teval=0.00s
NetworkWithTTFS(net=NoDelayLayerNetwork(iw=Array(0.04578072, dtype=float64), rw=Array(2.62595875, dtype=float64)))
TRAIN 64 L=189.307 ttrain=0.17s teval=0.00s
NetworkWithTTFS(net=NoDelayLayerNetwork(iw=Array(0.04746358, dtype=float64), rw=Array(2.29887123, dtype=float64)))
TRAIN 65 L=179.835 ttrain=0.17s teval=0.00s
NetworkWithTTFS(net=NoDelayLayerNetwork(iw=Array(0.0534331, dtype=float64), rw=Array(2.40347502, dtype=float64)))
TRAIN 66 L=195.206 ttrain=0.17s teval=0.00s
NetworkWithTTFS(net=NoDelayLayerNetwork(iw=Array(0.04375316, dtype=float64), rw=Array(2.78204326, dtype=float64)))
TRAIN 67 L=185.294 ttrain=0.17s teval=0.00s
NetworkWithTTFS(net=NoDelayLayerNetwork(iw=Array(0.04166523, dtype=float64), rw=Array(2.14474501, dtype=float64)))
TRAIN 68 L=186.965 ttrain=0.17s teval=0.00s
NetworkWithTTFS(net=NoDelayLayerNetwork(iw=Array(0.03912206, dtype=float64), rw=Array(2.30428905, dtype=float64)))
TRAIN 69 L=198.578 ttrain=0.17s teval=0.00s
NetworkWithTTFS(net=NoDelayLayerNetwork(iw=Array(0.04873229, dtype=float64), rw=Array(2.39471194, dtype=float64)))
TRAIN 70 L=182.951 ttrain=0.17s teval=0.00s
NetworkWithTTFS(net=NoDelayLayerNetwork(iw=Array(0.04369873, dtype=float64), rw=Array(2.25620154, dtype=float64)))
TRAIN 71 L=173.423 ttrain=0.17s teval=0.00s
NetworkWithTTFS(net=NoDelayLayerNetwork(iw=Array(0.03953959, dtype=float64), rw=Array(2.30499301, dtype=float64)))
TRAIN 72 L=189.827 ttrain=0.17s teval=0.00s
NetworkWithTTFS(net=NoDelayLayerNetwork(iw=Array(0.05237676, dtype=float64), rw=Array(2.25617394, dtype=float64)))
TRAIN 73 L=182.817 ttrain=0.17s teval=0.00s
NetworkWithTTFS(net=NoDelayLayerNetwork(iw=Array(0.04782244, dtype=float64), rw=Array(2.1474526, dtype=float64)))
TRAIN 74 L=177.588 ttrain=0.17s teval=0.00s
NetworkWithTTFS(net=NoDelayLayerNetwork(iw=Array(0.04133602, dtype=float64), rw=Array(2.36039162, dtype=float64)))
TRAIN 75 L=219.146 ttrain=0.17s teval=0.00s
NetworkWithTTFS(net=NoDelayLayerNetwork(iw=Array(0.0670022, dtype=float64), rw=Array(2.61332436, dtype=float64)))
TRAIN 76 L=166.485 ttrain=0.17s teval=0.00s
NetworkWithTTFS(net=NoDelayLayerNetwork(iw=Array(0.03962943, dtype=float64), rw=Array(2.26710636, dtype=float64)))
TRAIN 77 L=183.088 ttrain=0.17s teval=0.00s
NetworkWithTTFS(net=NoDelayLayerNetwork(iw=Array(0.05332285, dtype=float64), rw=Array(2.16666051, dtype=float64)))
TRAIN 78 L=190.859 ttrain=0.17s teval=0.00s
NetworkWithTTFS(net=NoDelayLayerNetwork(iw=Array(0.04424913, dtype=float64), rw=Array(2.31870387, dtype=float64)))
TRAIN 79 L=197.099 ttrain=0.17s teval=0.00s
NetworkWithTTFS(net=NoDelayLayerNetwork(iw=Array(0.04717595, dtype=float64), rw=Array(2.38328339, dtype=float64)))
TRAIN 80 L=190.439 ttrain=0.17s teval=0.00s
NetworkWithTTFS(net=NoDelayLayerNetwork(iw=Array(0.05219727, dtype=float64), rw=Array(2.48906495, dtype=float64)))
TRAIN 81 L=181.628 ttrain=0.17s teval=0.00s
NetworkWithTTFS(net=NoDelayLayerNetwork(iw=Array(0.05155465, dtype=float64), rw=Array(2.47916218, dtype=float64)))
TRAIN 82 L=171.641 ttrain=0.17s teval=0.00s
NetworkWithTTFS(net=NoDelayLayerNetwork(iw=Array(0.04292869, dtype=float64), rw=Array(2.32912853, dtype=float64)))
TRAIN 83 L=176.867 ttrain=0.17s teval=0.00s
NetworkWithTTFS(net=NoDelayLayerNetwork(iw=Array(0.03939995, dtype=float64), rw=Array(2.35072119, dtype=float64)))
TRAIN 84 L=185.551 ttrain=0.17s teval=0.00s
NetworkWithTTFS(net=NoDelayLayerNetwork(iw=Array(0.04444035, dtype=float64), rw=Array(2.50167106, dtype=float64)))
TRAIN 85 L=169.250 ttrain=0.17s teval=0.00s
NetworkWithTTFS(net=NoDelayLayerNetwork(iw=Array(0.045428, dtype=float64), rw=Array(2.35635647, dtype=float64)))
TRAIN 86 L=175.659 ttrain=0.17s teval=0.00s
NetworkWithTTFS(net=NoDelayLayerNetwork(iw=Array(0.03930279, dtype=float64), rw=Array(2.28593018, dtype=float64)))
TRAIN 87 L=209.755 ttrain=0.17s teval=0.00s
NetworkWithTTFS(net=NoDelayLayerNetwork(iw=Array(0.063517, dtype=float64), rw=Array(2.45950704, dtype=float64)))
TRAIN 88 L=190.012 ttrain=0.17s teval=0.00s
NetworkWithTTFS(net=NoDelayLayerNetwork(iw=Array(0.05609304, dtype=float64), rw=Array(2.23285151, dtype=float64)))
TRAIN 89 L=177.129 ttrain=0.17s teval=0.00s
NetworkWithTTFS(net=NoDelayLayerNetwork(iw=Array(0.04940042, dtype=float64), rw=Array(2.71154252, dtype=float64)))
TRAIN 90 L=184.872 ttrain=0.17s teval=0.00s
NetworkWithTTFS(net=NoDelayLayerNetwork(iw=Array(0.03903152, dtype=float64), rw=Array(2.60783261, dtype=float64)))
TRAIN 91 L=192.925 ttrain=0.17s teval=0.00s
NetworkWithTTFS(net=NoDelayLayerNetwork(iw=Array(0.05913138, dtype=float64), rw=Array(2.81252716, dtype=float64)))
TRAIN 92 L=186.138 ttrain=0.17s teval=0.00s
NetworkWithTTFS(net=NoDelayLayerNetwork(iw=Array(0.05667845, dtype=float64), rw=Array(2.29134039, dtype=float64)))
TRAIN 93 L=155.490 ttrain=0.17s teval=0.00s
NetworkWithTTFS(net=NoDelayLayerNetwork(iw=Array(0.03670147, dtype=float64), rw=Array(2.37097537, dtype=float64)))
TRAIN 94 L=174.530 ttrain=0.17s teval=0.00s
NetworkWithTTFS(net=NoDelayLayerNetwork(iw=Array(0.04898861, dtype=float64), rw=Array(2.12551469, dtype=float64)))
TRAIN 95 L=202.859 ttrain=0.17s teval=0.00s
NetworkWithTTFS(net=NoDelayLayerNetwork(iw=Array(0.07543914, dtype=float64), rw=Array(2.7458067, dtype=float64)))
TRAIN 96 L=181.521 ttrain=0.17s teval=0.00s
NetworkWithTTFS(net=NoDelayLayerNetwork(iw=Array(0.04442541, dtype=float64), rw=Array(2.57189917, dtype=float64)))
TRAIN 97 L=182.405 ttrain=0.17s teval=0.00s
NetworkWithTTFS(net=NoDelayLayerNetwork(iw=Array(0.0571611, dtype=float64), rw=Array(2.64443055, dtype=float64)))
TRAIN 98 L=185.769 ttrain=0.17s teval=0.00s
NetworkWithTTFS(net=NoDelayLayerNetwork(iw=Array(0.05391807, dtype=float64), rw=Array(2.26158676, dtype=float64)))
TRAIN 99 L=153.201 ttrain=0.17s teval=0.00s
NetworkWithTTFS(net=NoDelayLayerNetwork(iw=Array(0.03965329, dtype=float64), rw=Array(2.10306515, dtype=float64)))
TEST
FREQ 0.0 0.0008326394671107413 0.0007685902773329922
FREQtrain 0.0 0.0008326394671107413 0.0007685902773329922
TOP1 28.645834 TOP2 67.44792 TOP2Diff 29.236231884057972 LOSS 195.86779297300066
TOP1train 30.46875 TOP2train 61.54514 TOP2trainDiff 21.822727272727274
TRAIN 100 L=182.157 ttrain=0.17s teval=0.00s
NetworkWithTTFS(net=NoDelayLayerNetwork(iw=Array(0.05300314, dtype=float64), rw=Array(2.29090398, dtype=float64)))
TRAIN 101 L=184.125 ttrain=0.17s teval=0.00s
NetworkWithTTFS(net=NoDelayLayerNetwork(iw=Array(0.05282373, dtype=float64), rw=Array(2.33522669, dtype=float64)))
TRAIN 102 L=159.654 ttrain=0.17s teval=0.00s
NetworkWithTTFS(net=NoDelayLayerNetwork(iw=Array(0.03760463, dtype=float64), rw=Array(2.42204672, dtype=float64)))
TRAIN 103 L=170.516 ttrain=0.17s teval=0.00s
NetworkWithTTFS(net=NoDelayLayerNetwork(iw=Array(0.04226188, dtype=float64), rw=Array(2.33948033, dtype=float64)))
TRAIN 104 L=174.414 ttrain=0.17s teval=0.00s
NetworkWithTTFS(net=NoDelayLayerNetwork(iw=Array(0.05414702, dtype=float64), rw=Array(2.3346807, dtype=float64)))
TRAIN 105 L=157.774 ttrain=0.17s teval=0.00s
NetworkWithTTFS(net=NoDelayLayerNetwork(iw=Array(0.03720828, dtype=float64), rw=Array(2.41187825, dtype=float64)))
TRAIN 106 L=211.464 ttrain=0.17s teval=0.00s
NetworkWithTTFS(net=NoDelayLayerNetwork(iw=Array(0.06191213, dtype=float64), rw=Array(3.01467895, dtype=float64)))
TRAIN 107 L=184.120 ttrain=0.17s teval=0.00s
NetworkWithTTFS(net=NoDelayLayerNetwork(iw=Array(0.0459605, dtype=float64), rw=Array(2.64866335, dtype=float64)))
TRAIN 108 L=162.253 ttrain=0.17s teval=0.00s
NetworkWithTTFS(net=NoDelayLayerNetwork(iw=Array(0.04359935, dtype=float64), rw=Array(2.22873863, dtype=float64)))
TRAIN 109 L=183.227 ttrain=0.17s teval=0.00s
NetworkWithTTFS(net=NoDelayLayerNetwork(iw=Array(0.05363837, dtype=float64), rw=Array(2.57105191, dtype=float64)))
TRAIN 110 L=181.987 ttrain=0.17s teval=0.00s
NetworkWithTTFS(net=NoDelayLayerNetwork(iw=Array(0.04982973, dtype=float64), rw=Array(2.16291336, dtype=float64)))
TRAIN 111 L=180.315 ttrain=0.17s teval=0.00s
NetworkWithTTFS(net=NoDelayLayerNetwork(iw=Array(0.05205785, dtype=float64), rw=Array(2.28063787, dtype=float64)))
TRAIN 112 L=180.512 ttrain=0.17s teval=0.00s
NetworkWithTTFS(net=NoDelayLayerNetwork(iw=Array(0.04650989, dtype=float64), rw=Array(2.28637394, dtype=float64)))
TRAIN 113 L=151.181 ttrain=0.17s teval=0.00s
NetworkWithTTFS(net=NoDelayLayerNetwork(iw=Array(0.04245496, dtype=float64), rw=Array(1.96895672, dtype=float64)))
TRAIN 114 L=185.913 ttrain=0.17s teval=0.00s
NetworkWithTTFS(net=NoDelayLayerNetwork(iw=Array(0.05196787, dtype=float64), rw=Array(2.54411516, dtype=float64)))
TRAIN 115 L=191.916 ttrain=0.17s teval=0.00s
NetworkWithTTFS(net=NoDelayLayerNetwork(iw=Array(0.04965238, dtype=float64), rw=Array(2.39643466, dtype=float64)))
TRAIN 116 L=180.189 ttrain=0.17s teval=0.00s
NetworkWithTTFS(net=NoDelayLayerNetwork(iw=Array(0.0410578, dtype=float64), rw=Array(2.80863458, dtype=float64)))
TRAIN 117 L=187.960 ttrain=0.17s teval=0.00s
NetworkWithTTFS(net=NoDelayLayerNetwork(iw=Array(0.0563508, dtype=float64), rw=Array(2.45554839, dtype=float64)))
TRAIN 118 L=183.364 ttrain=0.17s teval=0.00s
NetworkWithTTFS(net=NoDelayLayerNetwork(iw=Array(0.05230886, dtype=float64), rw=Array(2.1832084, dtype=float64)))
TRAIN 119 L=175.740 ttrain=0.17s teval=0.00s
NetworkWithTTFS(net=NoDelayLayerNetwork(iw=Array(0.04875891, dtype=float64), rw=Array(2.60926908, dtype=float64)))
TRAIN 120 L=178.743 ttrain=0.17s teval=0.00s
NetworkWithTTFS(net=NoDelayLayerNetwork(iw=Array(0.04558296, dtype=float64), rw=Array(2.36068765, dtype=float64)))
TRAIN 121 L=172.329 ttrain=0.17s teval=0.00s
NetworkWithTTFS(net=NoDelayLayerNetwork(iw=Array(0.04087886, dtype=float64), rw=Array(2.5120973, dtype=float64)))
TRAIN 122 L=168.441 ttrain=0.17s teval=0.00s
NetworkWithTTFS(net=NoDelayLayerNetwork(iw=Array(0.04101589, dtype=float64), rw=Array(2.57296124, dtype=float64)))
TRAIN 123 L=179.209 ttrain=0.17s teval=0.00s
NetworkWithTTFS(net=NoDelayLayerNetwork(iw=Array(0.05561705, dtype=float64), rw=Array(2.4605756, dtype=float64)))
TRAIN 124 L=176.925 ttrain=0.17s teval=0.00s
NetworkWithTTFS(net=NoDelayLayerNetwork(iw=Array(0.04960064, dtype=float64), rw=Array(2.35633005, dtype=float64)))
TRAIN 125 L=162.592 ttrain=0.17s teval=0.00s
NetworkWithTTFS(net=NoDelayLayerNetwork(iw=Array(0.04464154, dtype=float64), rw=Array(2.27048474, dtype=float64)))
TRAIN 126 L=150.627 ttrain=0.17s teval=0.00s
NetworkWithTTFS(net=NoDelayLayerNetwork(iw=Array(0.03800154, dtype=float64), rw=Array(2.27141558, dtype=float64)))
TRAIN 127 L=192.450 ttrain=0.17s teval=0.00s
NetworkWithTTFS(net=NoDelayLayerNetwork(iw=Array(0.05990132, dtype=float64), rw=Array(2.83096221, dtype=float64)))
TRAIN 128 L=197.663 ttrain=0.17s teval=0.00s
NetworkWithTTFS(net=NoDelayLayerNetwork(iw=Array(0.0467534, dtype=float64), rw=Array(2.92463816, dtype=float64)))
TRAIN 129 L=164.445 ttrain=0.17s teval=0.00s
NetworkWithTTFS(net=NoDelayLayerNetwork(iw=Array(0.04657103, dtype=float64), rw=Array(2.23151503, dtype=float64)))
TRAIN 130 L=174.384 ttrain=0.17s teval=0.00s
NetworkWithTTFS(net=NoDelayLayerNetwork(iw=Array(0.04674369, dtype=float64), rw=Array(2.42329289, dtype=float64)))
TRAIN 131 L=163.481 ttrain=0.17s teval=0.00s
NetworkWithTTFS(net=NoDelayLayerNetwork(iw=Array(0.04347505, dtype=float64), rw=Array(2.31481814, dtype=float64)))
TRAIN 132 L=157.299 ttrain=0.17s teval=0.00s
NetworkWithTTFS(net=NoDelayLayerNetwork(iw=Array(0.04751766, dtype=float64), rw=Array(2.1397956, dtype=float64)))
TRAIN 133 L=157.765 ttrain=0.17s teval=0.00s
NetworkWithTTFS(net=NoDelayLayerNetwork(iw=Array(0.03801111, dtype=float64), rw=Array(2.10673312, dtype=float64)))
TRAIN 134 L=170.676 ttrain=0.17s teval=0.00s
NetworkWithTTFS(net=NoDelayLayerNetwork(iw=Array(0.04208355, dtype=float64), rw=Array(2.75698501, dtype=float64)))
TRAIN 135 L=163.830 ttrain=0.17s teval=0.00s
NetworkWithTTFS(net=NoDelayLayerNetwork(iw=Array(0.04658708, dtype=float64), rw=Array(2.62376259, dtype=float64)))
TRAIN 136 L=162.845 ttrain=0.17s teval=0.00s
NetworkWithTTFS(net=NoDelayLayerNetwork(iw=Array(0.03912282, dtype=float64), rw=Array(2.28490987, dtype=float64)))
TRAIN 137 L=164.837 ttrain=0.17s teval=0.00s
NetworkWithTTFS(net=NoDelayLayerNetwork(iw=Array(0.03829499, dtype=float64), rw=Array(2.52077484, dtype=float64)))
TRAIN 138 L=172.139 ttrain=0.17s teval=0.00s
NetworkWithTTFS(net=NoDelayLayerNetwork(iw=Array(0.0504709, dtype=float64), rw=Array(2.35537919, dtype=float64)))
TRAIN 139 L=146.757 ttrain=0.17s teval=0.00s
NetworkWithTTFS(net=NoDelayLayerNetwork(iw=Array(0.04069839, dtype=float64), rw=Array(2.03461621, dtype=float64)))
TRAIN 140 L=179.334 ttrain=0.17s teval=0.00s
NetworkWithTTFS(net=NoDelayLayerNetwork(iw=Array(0.06255356, dtype=float64), rw=Array(2.41181756, dtype=float64)))
TRAIN 141 L=169.632 ttrain=0.17s teval=0.00s
NetworkWithTTFS(net=NoDelayLayerNetwork(iw=Array(0.0424077, dtype=float64), rw=Array(2.37788406, dtype=float64)))
TRAIN 142 L=183.169 ttrain=0.17s teval=0.00s
NetworkWithTTFS(net=NoDelayLayerNetwork(iw=Array(0.05675931, dtype=float64), rw=Array(2.67784535, dtype=float64)))
TRAIN 143 L=177.771 ttrain=0.17s teval=0.00s
NetworkWithTTFS(net=NoDelayLayerNetwork(iw=Array(0.05094403, dtype=float64), rw=Array(2.71692449, dtype=float64)))
TRAIN 144 L=162.627 ttrain=0.17s teval=0.00s
NetworkWithTTFS(net=NoDelayLayerNetwork(iw=Array(0.04810136, dtype=float64), rw=Array(2.30654036, dtype=float64)))
TRAIN 145 L=156.966 ttrain=0.17s teval=0.00s
NetworkWithTTFS(net=NoDelayLayerNetwork(iw=Array(0.04305878, dtype=float64), rw=Array(2.43305309, dtype=float64)))
TRAIN 146 L=172.313 ttrain=0.17s teval=0.00s
NetworkWithTTFS(net=NoDelayLayerNetwork(iw=Array(0.05015802, dtype=float64), rw=Array(2.74994191, dtype=float64)))
TRAIN 147 L=159.814 ttrain=0.17s teval=0.00s
NetworkWithTTFS(net=NoDelayLayerNetwork(iw=Array(0.04377886, dtype=float64), rw=Array(2.29133351, dtype=float64)))
TRAIN 148 L=153.583 ttrain=0.17s teval=0.00s
NetworkWithTTFS(net=NoDelayLayerNetwork(iw=Array(0.04383112, dtype=float64), rw=Array(2.26264977, dtype=float64)))
TRAIN 149 L=187.329 ttrain=0.17s teval=0.00s
NetworkWithTTFS(net=NoDelayLayerNetwork(iw=Array(0.04720805, dtype=float64), rw=Array(2.38066355, dtype=float64)))
TRAIN 150 L=167.942 ttrain=0.17s teval=0.00s
NetworkWithTTFS(net=NoDelayLayerNetwork(iw=Array(0.05034413, dtype=float64), rw=Array(2.01607046, dtype=float64)))
TRAIN 151 L=173.382 ttrain=0.17s teval=0.00s
NetworkWithTTFS(net=NoDelayLayerNetwork(iw=Array(0.05795027, dtype=float64), rw=Array(2.13669323, dtype=float64)))
TRAIN 152 L=161.463 ttrain=0.17s teval=0.00s
NetworkWithTTFS(net=NoDelayLayerNetwork(iw=Array(0.04425645, dtype=float64), rw=Array(2.38376088, dtype=float64)))
TRAIN 153 L=152.964 ttrain=0.17s teval=0.00s
NetworkWithTTFS(net=NoDelayLayerNetwork(iw=Array(0.04548758, dtype=float64), rw=Array(2.10132879, dtype=float64)))
TRAIN 154 L=161.055 ttrain=0.17s teval=0.00s
NetworkWithTTFS(net=NoDelayLayerNetwork(iw=Array(0.03864261, dtype=float64), rw=Array(2.24759224, dtype=float64)))
TRAIN 155 L=158.564 ttrain=0.17s teval=0.00s
NetworkWithTTFS(net=NoDelayLayerNetwork(iw=Array(0.04006351, dtype=float64), rw=Array(2.22342577, dtype=float64)))
TRAIN 156 L=164.512 ttrain=0.17s teval=0.00s
NetworkWithTTFS(net=NoDelayLayerNetwork(iw=Array(0.0519692, dtype=float64), rw=Array(2.19957633, dtype=float64)))
TRAIN 157 L=168.241 ttrain=0.17s teval=0.00s
NetworkWithTTFS(net=NoDelayLayerNetwork(iw=Array(0.04553342, dtype=float64), rw=Array(2.53464095, dtype=float64)))
TRAIN 158 L=147.717 ttrain=0.17s teval=0.00s
NetworkWithTTFS(net=NoDelayLayerNetwork(iw=Array(0.04189407, dtype=float64), rw=Array(2.01694493, dtype=float64)))
TRAIN 159 L=166.050 ttrain=0.17s teval=0.00s
NetworkWithTTFS(net=NoDelayLayerNetwork(iw=Array(0.04858204, dtype=float64), rw=Array(2.49393308, dtype=float64)))
TRAIN 160 L=162.521 ttrain=0.17s teval=0.00s
NetworkWithTTFS(net=NoDelayLayerNetwork(iw=Array(0.03929182, dtype=float64), rw=Array(2.64870595, dtype=float64)))
TRAIN 161 L=181.934 ttrain=0.17s teval=0.00s
NetworkWithTTFS(net=NoDelayLayerNetwork(iw=Array(0.06384488, dtype=float64), rw=Array(2.54967769, dtype=float64)))
TRAIN 162 L=161.410 ttrain=0.17s teval=0.00s
NetworkWithTTFS(net=NoDelayLayerNetwork(iw=Array(0.04408383, dtype=float64), rw=Array(2.42882725, dtype=float64)))
TRAIN 163 L=167.054 ttrain=0.17s teval=0.00s
NetworkWithTTFS(net=NoDelayLayerNetwork(iw=Array(0.05200823, dtype=float64), rw=Array(2.29191586, dtype=float64)))
TRAIN 164 L=147.103 ttrain=0.17s teval=0.00s
NetworkWithTTFS(net=NoDelayLayerNetwork(iw=Array(0.03634777, dtype=float64), rw=Array(2.13408393, dtype=float64)))
TRAIN 165 L=172.890 ttrain=0.17s teval=0.00s
NetworkWithTTFS(net=NoDelayLayerNetwork(iw=Array(0.05667281, dtype=float64), rw=Array(2.27781878, dtype=float64)))
TRAIN 166 L=161.926 ttrain=0.17s teval=0.00s
NetworkWithTTFS(net=NoDelayLayerNetwork(iw=Array(0.04530229, dtype=float64), rw=Array(2.52856563, dtype=float64)))
TRAIN 167 L=140.890 ttrain=0.17s teval=0.00s
NetworkWithTTFS(net=NoDelayLayerNetwork(iw=Array(0.04270805, dtype=float64), rw=Array(2.48197778, dtype=float64)))
TRAIN 168 L=150.377 ttrain=0.17s teval=0.00s
NetworkWithTTFS(net=NoDelayLayerNetwork(iw=Array(0.04710272, dtype=float64), rw=Array(2.04852732, dtype=float64)))
TRAIN 169 L=148.201 ttrain=0.17s teval=0.00s
NetworkWithTTFS(net=NoDelayLayerNetwork(iw=Array(0.04575072, dtype=float64), rw=Array(2.35886925, dtype=float64)))
TRAIN 170 L=130.437 ttrain=0.17s teval=0.00s
NetworkWithTTFS(net=NoDelayLayerNetwork(iw=Array(0.03638748, dtype=float64), rw=Array(1.91991093, dtype=float64)))
TRAIN 171 L=165.692 ttrain=0.17s teval=0.00s
NetworkWithTTFS(net=NoDelayLayerNetwork(iw=Array(0.04452139, dtype=float64), rw=Array(2.27198953, dtype=float64)))
TRAIN 172 L=167.135 ttrain=0.17s teval=0.00s
NetworkWithTTFS(net=NoDelayLayerNetwork(iw=Array(0.05230584, dtype=float64), rw=Array(2.41254603, dtype=float64)))
TRAIN 173 L=157.980 ttrain=0.17s teval=0.00s
NetworkWithTTFS(net=NoDelayLayerNetwork(iw=Array(0.04108093, dtype=float64), rw=Array(2.18690974, dtype=float64)))
TRAIN 174 L=134.636 ttrain=0.17s teval=0.00s
NetworkWithTTFS(net=NoDelayLayerNetwork(iw=Array(0.03869807, dtype=float64), rw=Array(2.08967289, dtype=float64)))
TRAIN 175 L=158.859 ttrain=0.17s teval=0.00s
NetworkWithTTFS(net=NoDelayLayerNetwork(iw=Array(0.04463048, dtype=float64), rw=Array(2.4082402, dtype=float64)))
TRAIN 176 L=145.894 ttrain=0.17s teval=0.00s
NetworkWithTTFS(net=NoDelayLayerNetwork(iw=Array(0.0389363, dtype=float64), rw=Array(2.03132064, dtype=float64)))
TRAIN 177 L=162.467 ttrain=0.17s teval=0.00s
NetworkWithTTFS(net=NoDelayLayerNetwork(iw=Array(0.06281243, dtype=float64), rw=Array(2.59413769, dtype=float64)))
TRAIN 178 L=142.317 ttrain=0.17s teval=0.00s
NetworkWithTTFS(net=NoDelayLayerNetwork(iw=Array(0.04051937, dtype=float64), rw=Array(2.21595096, dtype=float64)))
TRAIN 179 L=151.334 ttrain=0.17s teval=0.00s
NetworkWithTTFS(net=NoDelayLayerNetwork(iw=Array(0.04235867, dtype=float64), rw=Array(2.46400812, dtype=float64)))
TRAIN 180 L=127.659 ttrain=0.17s teval=0.00s
NetworkWithTTFS(net=NoDelayLayerNetwork(iw=Array(0.03984474, dtype=float64), rw=Array(2.58339574, dtype=float64)))
TRAIN 181 L=145.401 ttrain=0.17s teval=0.00s
NetworkWithTTFS(net=NoDelayLayerNetwork(iw=Array(0.03930042, dtype=float64), rw=Array(2.27056216, dtype=float64)))
TRAIN 182 L=150.277 ttrain=0.17s teval=0.00s
NetworkWithTTFS(net=NoDelayLayerNetwork(iw=Array(0.04173254, dtype=float64), rw=Array(2.35180407, dtype=float64)))
TRAIN 183 L=149.468 ttrain=0.17s teval=0.00s
NetworkWithTTFS(net=NoDelayLayerNetwork(iw=Array(0.03834861, dtype=float64), rw=Array(2.38429308, dtype=float64)))
TRAIN 184 L=141.201 ttrain=0.17s teval=0.00s
NetworkWithTTFS(net=NoDelayLayerNetwork(iw=Array(0.03463593, dtype=float64), rw=Array(2.47396129, dtype=float64)))
TRAIN 185 L=174.525 ttrain=0.17s teval=0.00s
NetworkWithTTFS(net=NoDelayLayerNetwork(iw=Array(0.05662446, dtype=float64), rw=Array(2.58899052, dtype=float64)))
TRAIN 186 L=148.770 ttrain=0.17s teval=0.00s
NetworkWithTTFS(net=NoDelayLayerNetwork(iw=Array(0.04175576, dtype=float64), rw=Array(2.61013527, dtype=float64)))
TRAIN 187 L=143.712 ttrain=0.17s teval=0.00s
NetworkWithTTFS(net=NoDelayLayerNetwork(iw=Array(0.04318559, dtype=float64), rw=Array(2.17497254, dtype=float64)))
TRAIN 188 L=148.540 ttrain=0.17s teval=0.00s
NetworkWithTTFS(net=NoDelayLayerNetwork(iw=Array(0.04311476, dtype=float64), rw=Array(2.54196572, dtype=float64)))
TRAIN 189 L=156.681 ttrain=0.17s teval=0.00s
NetworkWithTTFS(net=NoDelayLayerNetwork(iw=Array(0.05247611, dtype=float64), rw=Array(2.53328004, dtype=float64)))
TRAIN 190 L=125.574 ttrain=0.17s teval=0.00s
NetworkWithTTFS(net=NoDelayLayerNetwork(iw=Array(0.03387077, dtype=float64), rw=Array(2.01964387, dtype=float64)))
TRAIN 191 L=162.151 ttrain=0.17s teval=0.00s
NetworkWithTTFS(net=NoDelayLayerNetwork(iw=Array(0.05488124, dtype=float64), rw=Array(2.43874032, dtype=float64)))
TRAIN 192 L=146.478 ttrain=0.17s teval=0.00s
NetworkWithTTFS(net=NoDelayLayerNetwork(iw=Array(0.03918113, dtype=float64), rw=Array(2.35410479, dtype=float64)))
TRAIN 193 L=142.476 ttrain=0.17s teval=0.00s
NetworkWithTTFS(net=NoDelayLayerNetwork(iw=Array(0.043485, dtype=float64), rw=Array(2.09746747, dtype=float64)))
TRAIN 194 L=172.793 ttrain=0.17s teval=0.00s
NetworkWithTTFS(net=NoDelayLayerNetwork(iw=Array(0.05978624, dtype=float64), rw=Array(2.95877619, dtype=float64)))
TRAIN 195 L=130.532 ttrain=0.17s teval=0.00s
NetworkWithTTFS(net=NoDelayLayerNetwork(iw=Array(0.03513448, dtype=float64), rw=Array(2.04732421, dtype=float64)))
TRAIN 196 L=148.663 ttrain=0.17s teval=0.00s
NetworkWithTTFS(net=NoDelayLayerNetwork(iw=Array(0.04858224, dtype=float64), rw=Array(2.36553771, dtype=float64)))
TRAIN 197 L=132.767 ttrain=0.17s teval=0.00s
NetworkWithTTFS(net=NoDelayLayerNetwork(iw=Array(0.03586423, dtype=float64), rw=Array(2.13618766, dtype=float64)))
TRAIN 198 L=143.009 ttrain=0.17s teval=0.00s
NetworkWithTTFS(net=NoDelayLayerNetwork(iw=Array(0.04372293, dtype=float64), rw=Array(2.26674075, dtype=float64)))
TRAIN 199 L=146.739 ttrain=0.17s teval=0.00s
NetworkWithTTFS(net=NoDelayLayerNetwork(iw=Array(0.04426229, dtype=float64), rw=Array(2.31122497, dtype=float64)))
TEST
FREQ 0.0 0.0008326394671107413 0.0007685902773329922
FREQtrain 0.0 0.0008326394671107413 0.0007685902773329922
TOP1 28.645834 TOP2 71.00694 TOP2Diff 24.017156862745097 LOSS 151.38088498301644
TOP1train 30.46875 TOP2train 64.49653 TOP2trainDiff 18.333333333333336
(Array([122, 145, 274, 297], dtype=int64), Array([0, 0, 0, 0], dtype=int64))
TRAIN 200 L=157.210 ttrain=0.17s teval=0.75s
NetworkWithTTFS(net=NoDelayLayerNetwork(iw=Array(0.04894922, dtype=float64), rw=Array(2.28946334, dtype=float64)))
TRAIN 201 L=146.864 ttrain=0.17s teval=0.00s
NetworkWithTTFS(net=NoDelayLayerNetwork(iw=Array(0.03775492, dtype=float64), rw=Array(2.62771585, dtype=float64)))
TRAIN 202 L=120.489 ttrain=0.17s teval=0.00s
NetworkWithTTFS(net=NoDelayLayerNetwork(iw=Array(0.03672102, dtype=float64), rw=Array(2.37289643, dtype=float64)))
TRAIN 203 L=112.121 ttrain=0.17s teval=0.00s
NetworkWithTTFS(net=NoDelayLayerNetwork(iw=Array(0.02864153, dtype=float64), rw=Array(2.14373535, dtype=float64)))
TRAIN 204 L=135.877 ttrain=0.17s teval=0.00s
NetworkWithTTFS(net=NoDelayLayerNetwork(iw=Array(0.03880405, dtype=float64), rw=Array(2.57642684, dtype=float64)))
TRAIN 205 L=151.388 ttrain=0.17s teval=0.00s
NetworkWithTTFS(net=NoDelayLayerNetwork(iw=Array(0.05250729, dtype=float64), rw=Array(2.33982493, dtype=float64)))
TRAIN 206 L=120.445 ttrain=0.17s teval=0.00s
NetworkWithTTFS(net=NoDelayLayerNetwork(iw=Array(0.03336532, dtype=float64), rw=Array(2.28244521, dtype=float64)))
TRAIN 207 L=144.735 ttrain=0.17s teval=0.00s
NetworkWithTTFS(net=NoDelayLayerNetwork(iw=Array(0.04932461, dtype=float64), rw=Array(2.33363299, dtype=float64)))
TRAIN 208 L=120.134 ttrain=0.17s teval=0.00s
NetworkWithTTFS(net=NoDelayLayerNetwork(iw=Array(0.04132449, dtype=float64), rw=Array(2.17168463, dtype=float64)))
TRAIN 209 L=142.409 ttrain=0.17s teval=0.00s
NetworkWithTTFS(net=NoDelayLayerNetwork(iw=Array(0.04647622, dtype=float64), rw=Array(2.03205907, dtype=float64)))
TRAIN 210 L=133.949 ttrain=0.17s teval=0.00s
NetworkWithTTFS(net=NoDelayLayerNetwork(iw=Array(0.03905992, dtype=float64), rw=Array(2.17954588, dtype=float64)))
TRAIN 211 L=152.153 ttrain=0.17s teval=0.00s
NetworkWithTTFS(net=NoDelayLayerNetwork(iw=Array(0.04213949, dtype=float64), rw=Array(2.2177793, dtype=float64)))
TRAIN 212 L=126.798 ttrain=0.17s teval=0.00s
NetworkWithTTFS(net=NoDelayLayerNetwork(iw=Array(0.0370295, dtype=float64), rw=Array(2.09241291, dtype=float64)))
TRAIN 213 L=144.166 ttrain=0.17s teval=0.00s
NetworkWithTTFS(net=NoDelayLayerNetwork(iw=Array(0.04058342, dtype=float64), rw=Array(2.13072364, dtype=float64)))
TRAIN 214 L=132.215 ttrain=0.17s teval=0.00s
NetworkWithTTFS(net=NoDelayLayerNetwork(iw=Array(0.04608646, dtype=float64), rw=Array(2.19051368, dtype=float64)))
TRAIN 215 L=147.791 ttrain=0.17s teval=0.00s
NetworkWithTTFS(net=NoDelayLayerNetwork(iw=Array(0.05080374, dtype=float64), rw=Array(2.3790923, dtype=float64)))
TRAIN 216 L=123.473 ttrain=0.17s teval=0.00s
NetworkWithTTFS(net=NoDelayLayerNetwork(iw=Array(0.03948605, dtype=float64), rw=Array(2.37019224, dtype=float64)))
TRAIN 217 L=148.575 ttrain=0.17s teval=0.00s
NetworkWithTTFS(net=NoDelayLayerNetwork(iw=Array(0.0462465, dtype=float64), rw=Array(2.35113742, dtype=float64)))
TRAIN 218 L=134.170 ttrain=0.17s teval=0.00s
NetworkWithTTFS(net=NoDelayLayerNetwork(iw=Array(0.04239185, dtype=float64), rw=Array(2.13987254, dtype=float64)))
TRAIN 219 L=110.943 ttrain=0.17s teval=0.00s
NetworkWithTTFS(net=NoDelayLayerNetwork(iw=Array(0.03717902, dtype=float64), rw=Array(2.31194205, dtype=float64)))
TRAIN 220 L=118.646 ttrain=0.17s teval=0.00s
NetworkWithTTFS(net=NoDelayLayerNetwork(iw=Array(0.03270954, dtype=float64), rw=Array(2.48881097, dtype=float64)))
TRAIN 221 L=129.157 ttrain=0.17s teval=0.00s
NetworkWithTTFS(net=NoDelayLayerNetwork(iw=Array(0.04753597, dtype=float64), rw=Array(2.37407633, dtype=float64)))
TRAIN 222 L=111.810 ttrain=0.17s teval=0.00s
NetworkWithTTFS(net=NoDelayLayerNetwork(iw=Array(0.04170944, dtype=float64), rw=Array(1.97009238, dtype=float64)))
TRAIN 223 L=119.406 ttrain=0.17s teval=0.00s
NetworkWithTTFS(net=NoDelayLayerNetwork(iw=Array(0.04603495, dtype=float64), rw=Array(2.03924563, dtype=float64)))
TRAIN 224 L=151.198 ttrain=0.17s teval=0.00s
NetworkWithTTFS(net=NoDelayLayerNetwork(iw=Array(0.05721407, dtype=float64), rw=Array(2.45519877, dtype=float64)))
TRAIN 225 L=128.121 ttrain=0.17s teval=0.00s
NetworkWithTTFS(net=NoDelayLayerNetwork(iw=Array(0.03697591, dtype=float64), rw=Array(2.56600389, dtype=float64)))
TRAIN 226 L=122.010 ttrain=0.17s teval=0.00s
NetworkWithTTFS(net=NoDelayLayerNetwork(iw=Array(0.03568209, dtype=float64), rw=Array(2.46570984, dtype=float64)))
TRAIN 227 L=131.144 ttrain=0.17s teval=0.00s
NetworkWithTTFS(net=NoDelayLayerNetwork(iw=Array(0.04166718, dtype=float64), rw=Array(2.687042, dtype=float64)))
TRAIN 228 L=115.620 ttrain=0.17s teval=0.00s
NetworkWithTTFS(net=NoDelayLayerNetwork(iw=Array(0.0356624, dtype=float64), rw=Array(2.23552709, dtype=float64)))
TRAIN 229 L=109.755 ttrain=0.17s teval=0.00s
NetworkWithTTFS(net=NoDelayLayerNetwork(iw=Array(0.03060115, dtype=float64), rw=Array(2.2818157, dtype=float64)))
TRAIN 230 L=138.388 ttrain=0.17s teval=0.00s
NetworkWithTTFS(net=NoDelayLayerNetwork(iw=Array(0.03939945, dtype=float64), rw=Array(2.26149966, dtype=float64)))
TRAIN 231 L=111.295 ttrain=0.17s teval=0.00s
NetworkWithTTFS(net=NoDelayLayerNetwork(iw=Array(0.02957779, dtype=float64), rw=Array(1.77858782, dtype=float64)))
TRAIN 232 L=117.201 ttrain=0.17s teval=0.00s
NetworkWithTTFS(net=NoDelayLayerNetwork(iw=Array(0.03471921, dtype=float64), rw=Array(2.14376671, dtype=float64)))
TRAIN 233 L=111.014 ttrain=0.17s teval=0.00s
NetworkWithTTFS(net=NoDelayLayerNetwork(iw=Array(0.03931536, dtype=float64), rw=Array(2.20650408, dtype=float64)))
TRAIN 234 L=116.037 ttrain=0.17s teval=0.00s
NetworkWithTTFS(net=NoDelayLayerNetwork(iw=Array(0.03835575, dtype=float64), rw=Array(2.10352688, dtype=float64)))
TRAIN 235 L=118.557 ttrain=0.17s teval=0.00s
NetworkWithTTFS(net=NoDelayLayerNetwork(iw=Array(0.03855764, dtype=float64), rw=Array(2.13312415, dtype=float64)))
TRAIN 236 L=128.259 ttrain=0.17s teval=0.00s
NetworkWithTTFS(net=NoDelayLayerNetwork(iw=Array(0.04538413, dtype=float64), rw=Array(2.25040709, dtype=float64)))
TRAIN 237 L=112.268 ttrain=0.17s teval=0.00s
NetworkWithTTFS(net=NoDelayLayerNetwork(iw=Array(0.03688593, dtype=float64), rw=Array(2.18052805, dtype=float64)))
TRAIN 238 L=102.986 ttrain=0.17s teval=0.00s
NetworkWithTTFS(net=NoDelayLayerNetwork(iw=Array(0.03330685, dtype=float64), rw=Array(2.22552911, dtype=float64)))
TRAIN 239 L=125.495 ttrain=0.17s teval=0.00s
NetworkWithTTFS(net=NoDelayLayerNetwork(iw=Array(0.04229747, dtype=float64), rw=Array(2.29453916, dtype=float64)))
TRAIN 240 L=112.909 ttrain=0.17s teval=0.00s
NetworkWithTTFS(net=NoDelayLayerNetwork(iw=Array(0.03350739, dtype=float64), rw=Array(2.49816692, dtype=float64)))
TRAIN 241 L=118.233 ttrain=0.17s teval=0.00s
NetworkWithTTFS(net=NoDelayLayerNetwork(iw=Array(0.04253374, dtype=float64), rw=Array(2.25429456, dtype=float64)))
TRAIN 242 L=113.628 ttrain=0.17s teval=0.00s
NetworkWithTTFS(net=NoDelayLayerNetwork(iw=Array(0.0346322, dtype=float64), rw=Array(2.21442084, dtype=float64)))
TRAIN 243 L=113.540 ttrain=0.17s teval=0.00s
NetworkWithTTFS(net=NoDelayLayerNetwork(iw=Array(0.03385703, dtype=float64), rw=Array(2.36228923, dtype=float64)))
TRAIN 244 L=123.875 ttrain=0.17s teval=0.00s
NetworkWithTTFS(net=NoDelayLayerNetwork(iw=Array(0.04765774, dtype=float64), rw=Array(2.21906443, dtype=float64)))
TRAIN 245 L=92.033 ttrain=0.17s teval=0.00s
NetworkWithTTFS(net=NoDelayLayerNetwork(iw=Array(0.03043632, dtype=float64), rw=Array(2.03831569, dtype=float64)))
TRAIN 246 L=146.954 ttrain=0.17s teval=0.00s
NetworkWithTTFS(net=NoDelayLayerNetwork(iw=Array(0.06329061, dtype=float64), rw=Array(2.4970182, dtype=float64)))
TRAIN 247 L=119.172 ttrain=0.17s teval=0.00s
NetworkWithTTFS(net=NoDelayLayerNetwork(iw=Array(0.03819466, dtype=float64), rw=Array(2.45558707, dtype=float64)))
TRAIN 248 L=88.097 ttrain=0.17s teval=0.00s
NetworkWithTTFS(net=NoDelayLayerNetwork(iw=Array(0.02900781, dtype=float64), rw=Array(1.97346472, dtype=float64)))
TRAIN 249 L=113.785 ttrain=0.17s teval=0.00s
NetworkWithTTFS(net=NoDelayLayerNetwork(iw=Array(0.04599235, dtype=float64), rw=Array(2.41109014, dtype=float64)))
TRAIN 250 L=107.359 ttrain=0.17s teval=0.00s
NetworkWithTTFS(net=NoDelayLayerNetwork(iw=Array(0.03350232, dtype=float64), rw=Array(2.11801656, dtype=float64)))
TRAIN 251 L=120.282 ttrain=0.17s teval=0.00s
NetworkWithTTFS(net=NoDelayLayerNetwork(iw=Array(0.04183132, dtype=float64), rw=Array(1.98694396, dtype=float64)))
TRAIN 252 L=109.748 ttrain=0.17s teval=0.00s
NetworkWithTTFS(net=NoDelayLayerNetwork(iw=Array(0.03352507, dtype=float64), rw=Array(2.00355431, dtype=float64)))
TRAIN 253 L=111.735 ttrain=0.17s teval=0.00s
NetworkWithTTFS(net=NoDelayLayerNetwork(iw=Array(0.04397144, dtype=float64), rw=Array(2.08382609, dtype=float64)))
TRAIN 254 L=118.383 ttrain=0.17s teval=0.00s
NetworkWithTTFS(net=NoDelayLayerNetwork(iw=Array(0.05602076, dtype=float64), rw=Array(2.49206843, dtype=float64)))
TRAIN 255 L=106.425 ttrain=0.17s teval=0.00s
NetworkWithTTFS(net=NoDelayLayerNetwork(iw=Array(0.04189752, dtype=float64), rw=Array(2.18241956, dtype=float64)))
TRAIN 256 L=98.116 ttrain=0.17s teval=0.00s
NetworkWithTTFS(net=NoDelayLayerNetwork(iw=Array(0.03638713, dtype=float64), rw=Array(1.98969508, dtype=float64)))
TRAIN 257 L=106.935 ttrain=0.17s teval=0.00s
NetworkWithTTFS(net=NoDelayLayerNetwork(iw=Array(0.04314495, dtype=float64), rw=Array(2.08486217, dtype=float64)))
TRAIN 258 L=114.197 ttrain=0.17s teval=0.00s
NetworkWithTTFS(net=NoDelayLayerNetwork(iw=Array(0.03832693, dtype=float64), rw=Array(2.09260518, dtype=float64)))
TRAIN 259 L=119.237 ttrain=0.17s teval=0.00s
NetworkWithTTFS(net=NoDelayLayerNetwork(iw=Array(0.04573976, dtype=float64), rw=Array(2.31093563, dtype=float64)))
TRAIN 260 L=100.494 ttrain=0.17s teval=0.00s
NetworkWithTTFS(net=NoDelayLayerNetwork(iw=Array(0.03779371, dtype=float64), rw=Array(1.95476513, dtype=float64)))
TRAIN 261 L=106.796 ttrain=0.17s teval=0.00s
NetworkWithTTFS(net=NoDelayLayerNetwork(iw=Array(0.03632722, dtype=float64), rw=Array(2.20773961, dtype=float64)))
TRAIN 262 L=116.169 ttrain=0.17s teval=0.00s
NetworkWithTTFS(net=NoDelayLayerNetwork(iw=Array(0.04054563, dtype=float64), rw=Array(2.14015438, dtype=float64)))
TRAIN 263 L=116.835 ttrain=0.17s teval=0.00s
NetworkWithTTFS(net=NoDelayLayerNetwork(iw=Array(0.05258119, dtype=float64), rw=Array(2.44189624, dtype=float64)))
TRAIN 264 L=105.398 ttrain=0.17s teval=0.00s
NetworkWithTTFS(net=NoDelayLayerNetwork(iw=Array(0.03459766, dtype=float64), rw=Array(2.33515866, dtype=float64)))
TRAIN 265 L=115.838 ttrain=0.17s teval=0.00s
NetworkWithTTFS(net=NoDelayLayerNetwork(iw=Array(0.06067668, dtype=float64), rw=Array(2.37608928, dtype=float64)))
TRAIN 266 L=93.400 ttrain=0.17s teval=0.00s
NetworkWithTTFS(net=NoDelayLayerNetwork(iw=Array(0.03208482, dtype=float64), rw=Array(1.9079468, dtype=float64)))
TRAIN 267 L=92.519 ttrain=0.17s teval=0.00s
NetworkWithTTFS(net=NoDelayLayerNetwork(iw=Array(0.02949605, dtype=float64), rw=Array(1.92968237, dtype=float64)))
TRAIN 268 L=103.932 ttrain=0.17s teval=0.00s
NetworkWithTTFS(net=NoDelayLayerNetwork(iw=Array(0.03292227, dtype=float64), rw=Array(1.94869455, dtype=float64)))
TRAIN 269 L=101.310 ttrain=0.17s teval=0.00s
NetworkWithTTFS(net=NoDelayLayerNetwork(iw=Array(0.03791498, dtype=float64), rw=Array(2.01604638, dtype=float64)))
TRAIN 270 L=99.037 ttrain=0.17s teval=0.00s
NetworkWithTTFS(net=NoDelayLayerNetwork(iw=Array(0.03293461, dtype=float64), rw=Array(2.05258688, dtype=float64)))
TRAIN 271 L=104.032 ttrain=0.17s teval=0.00s
NetworkWithTTFS(net=NoDelayLayerNetwork(iw=Array(0.0418402, dtype=float64), rw=Array(1.97810333, dtype=float64)))
TRAIN 272 L=97.024 ttrain=0.17s teval=0.00s
NetworkWithTTFS(net=NoDelayLayerNetwork(iw=Array(0.03640279, dtype=float64), rw=Array(2.03347722, dtype=float64)))
TRAIN 273 L=95.568 ttrain=0.17s teval=0.00s
NetworkWithTTFS(net=NoDelayLayerNetwork(iw=Array(0.03184548, dtype=float64), rw=Array(1.84448682, dtype=float64)))
TRAIN 274 L=106.954 ttrain=0.17s teval=0.00s
NetworkWithTTFS(net=NoDelayLayerNetwork(iw=Array(0.04129729, dtype=float64), rw=Array(2.14674152, dtype=float64)))
TRAIN 275 L=94.348 ttrain=0.17s teval=0.00s
NetworkWithTTFS(net=NoDelayLayerNetwork(iw=Array(0.03755476, dtype=float64), rw=Array(1.78912979, dtype=float64)))
TRAIN 276 L=107.241 ttrain=0.17s teval=0.00s
NetworkWithTTFS(net=NoDelayLayerNetwork(iw=Array(0.04237777, dtype=float64), rw=Array(1.98632703, dtype=float64)))
TRAIN 277 L=99.204 ttrain=0.17s teval=0.00s
NetworkWithTTFS(net=NoDelayLayerNetwork(iw=Array(0.04243619, dtype=float64), rw=Array(2.18732107, dtype=float64)))
TRAIN 278 L=100.250 ttrain=0.17s teval=0.00s
NetworkWithTTFS(net=NoDelayLayerNetwork(iw=Array(0.03678347, dtype=float64), rw=Array(1.86246753, dtype=float64)))
TRAIN 279 L=86.404 ttrain=0.17s teval=0.00s
NetworkWithTTFS(net=NoDelayLayerNetwork(iw=Array(0.03352276, dtype=float64), rw=Array(1.8666325, dtype=float64)))
TRAIN 280 L=76.869 ttrain=0.17s teval=0.00s
NetworkWithTTFS(net=NoDelayLayerNetwork(iw=Array(0.03108306, dtype=float64), rw=Array(1.90453399, dtype=float64)))
TRAIN 281 L=105.291 ttrain=0.17s teval=0.00s
NetworkWithTTFS(net=NoDelayLayerNetwork(iw=Array(0.04900267, dtype=float64), rw=Array(2.36910459, dtype=float64)))
TRAIN 282 L=92.811 ttrain=0.17s teval=0.00s
NetworkWithTTFS(net=NoDelayLayerNetwork(iw=Array(0.02945864, dtype=float64), rw=Array(1.8437371, dtype=float64)))
TRAIN 283 L=95.728 ttrain=0.17s teval=0.00s
NetworkWithTTFS(net=NoDelayLayerNetwork(iw=Array(0.03991959, dtype=float64), rw=Array(2.10944663, dtype=float64)))
TRAIN 284 L=85.439 ttrain=0.17s teval=0.00s
NetworkWithTTFS(net=NoDelayLayerNetwork(iw=Array(0.03721352, dtype=float64), rw=Array(2.17894508, dtype=float64)))
TRAIN 285 L=79.303 ttrain=0.17s teval=0.00s
NetworkWithTTFS(net=NoDelayLayerNetwork(iw=Array(0.025036, dtype=float64), rw=Array(1.98301887, dtype=float64)))
TRAIN 286 L=93.839 ttrain=0.17s teval=0.00s
NetworkWithTTFS(net=NoDelayLayerNetwork(iw=Array(0.03454686, dtype=float64), rw=Array(2.06263074, dtype=float64)))
TRAIN 287 L=101.648 ttrain=0.17s teval=0.00s
NetworkWithTTFS(net=NoDelayLayerNetwork(iw=Array(0.03692722, dtype=float64), rw=Array(2.16249136, dtype=float64)))
TRAIN 288 L=96.510 ttrain=0.17s teval=0.00s
NetworkWithTTFS(net=NoDelayLayerNetwork(iw=Array(0.03903895, dtype=float64), rw=Array(2.19898471, dtype=float64)))
TRAIN 289 L=100.577 ttrain=0.17s teval=0.00s
NetworkWithTTFS(net=NoDelayLayerNetwork(iw=Array(0.04279871, dtype=float64), rw=Array(2.03077907, dtype=float64)))
TRAIN 290 L=81.486 ttrain=0.17s teval=0.00s
NetworkWithTTFS(net=NoDelayLayerNetwork(iw=Array(0.03023623, dtype=float64), rw=Array(1.95044283, dtype=float64)))
TRAIN 291 L=98.045 ttrain=0.17s teval=0.00s
NetworkWithTTFS(net=NoDelayLayerNetwork(iw=Array(0.0345528, dtype=float64), rw=Array(1.96038324, dtype=float64)))
TRAIN 292 L=79.981 ttrain=0.17s teval=0.00s
NetworkWithTTFS(net=NoDelayLayerNetwork(iw=Array(0.03221197, dtype=float64), rw=Array(1.95231156, dtype=float64)))
TRAIN 293 L=85.129 ttrain=0.17s teval=0.00s
NetworkWithTTFS(net=NoDelayLayerNetwork(iw=Array(0.03297306, dtype=float64), rw=Array(1.74871335, dtype=float64)))
TRAIN 294 L=76.820 ttrain=0.17s teval=0.00s
NetworkWithTTFS(net=NoDelayLayerNetwork(iw=Array(0.03015061, dtype=float64), rw=Array(1.53181572, dtype=float64)))
TRAIN 295 L=88.078 ttrain=0.17s teval=0.00s
NetworkWithTTFS(net=NoDelayLayerNetwork(iw=Array(0.03710531, dtype=float64), rw=Array(1.84798394, dtype=float64)))
TRAIN 296 L=101.189 ttrain=0.17s teval=0.00s
NetworkWithTTFS(net=NoDelayLayerNetwork(iw=Array(0.03775307, dtype=float64), rw=Array(1.64508399, dtype=float64)))
TRAIN 297 L=84.620 ttrain=0.17s teval=0.00s
NetworkWithTTFS(net=NoDelayLayerNetwork(iw=Array(0.03514596, dtype=float64), rw=Array(1.72000507, dtype=float64)))
TRAIN 298 L=66.338 ttrain=0.17s teval=0.00s
NetworkWithTTFS(net=NoDelayLayerNetwork(iw=Array(0.02548541, dtype=float64), rw=Array(1.32200212, dtype=float64)))
TRAIN 299 L=65.893 ttrain=0.17s teval=0.00s
NetworkWithTTFS(net=NoDelayLayerNetwork(iw=Array(0.02249748, dtype=float64), rw=Array(1.2214207, dtype=float64)))
TEST
FREQ 0.0 0.0008326394671107413 0.0007685902773329922
FREQtrain 0.0 0.0008326394671107413 0.0007685902773329922
TOP1 34.20139 TOP2 75.954865 TOP2Diff 18.34875 LOSS 92.49969915106425
TOP1train 30.64236 TOP2train 73.00348 TOP2trainDiff 15.355392156862745
TRAIN 300 L=83.741 ttrain=0.17s teval=0.00s
NetworkWithTTFS(net=NoDelayLayerNetwork(iw=Array(0.03062494, dtype=float64), rw=Array(1.53895623, dtype=float64)))
TRAIN 301 L=95.053 ttrain=0.17s teval=0.00s
NetworkWithTTFS(net=NoDelayLayerNetwork(iw=Array(0.03393843, dtype=float64), rw=Array(1.97273716, dtype=float64)))
TRAIN 302 L=69.821 ttrain=0.17s teval=0.00s
NetworkWithTTFS(net=NoDelayLayerNetwork(iw=Array(0.02782235, dtype=float64), rw=Array(1.49747162, dtype=float64)))
TRAIN 303 L=80.017 ttrain=0.17s teval=0.00s
NetworkWithTTFS(net=NoDelayLayerNetwork(iw=Array(0.03371008, dtype=float64), rw=Array(1.61735223, dtype=float64)))
TRAIN 304 L=75.115 ttrain=0.17s teval=0.00s
NetworkWithTTFS(net=NoDelayLayerNetwork(iw=Array(0.03238141, dtype=float64), rw=Array(1.48721366, dtype=float64)))
TRAIN 305 L=95.927 ttrain=0.17s teval=0.00s
NetworkWithTTFS(net=NoDelayLayerNetwork(iw=Array(0.0478234, dtype=float64), rw=Array(1.98504266, dtype=float64)))
TRAIN 306 L=85.510 ttrain=0.17s teval=0.00s
NetworkWithTTFS(net=NoDelayLayerNetwork(iw=Array(0.04334808, dtype=float64), rw=Array(2.06079606, dtype=float64)))
TRAIN 307 L=95.649 ttrain=0.17s teval=0.00s
NetworkWithTTFS(net=NoDelayLayerNetwork(iw=Array(0.05385471, dtype=float64), rw=Array(2.36883725, dtype=float64)))
TRAIN 308 L=78.195 ttrain=0.17s teval=0.00s
NetworkWithTTFS(net=NoDelayLayerNetwork(iw=Array(0.02817159, dtype=float64), rw=Array(1.71697123, dtype=float64)))
TRAIN 309 L=103.026 ttrain=0.17s teval=0.00s
NetworkWithTTFS(net=NoDelayLayerNetwork(iw=Array(0.05904047, dtype=float64), rw=Array(2.31694233, dtype=float64)))
TRAIN 310 L=85.852 ttrain=0.17s teval=0.00s
NetworkWithTTFS(net=NoDelayLayerNetwork(iw=Array(0.03182661, dtype=float64), rw=Array(1.53954786, dtype=float64)))
TRAIN 311 L=90.515 ttrain=0.17s teval=0.00s
NetworkWithTTFS(net=NoDelayLayerNetwork(iw=Array(0.03650586, dtype=float64), rw=Array(1.65268554, dtype=float64)))
TRAIN 312 L=80.015 ttrain=0.17s teval=0.00s
NetworkWithTTFS(net=NoDelayLayerNetwork(iw=Array(0.03780042, dtype=float64), rw=Array(1.67882626, dtype=float64)))
TRAIN 313 L=83.410 ttrain=0.17s teval=0.00s
NetworkWithTTFS(net=NoDelayLayerNetwork(iw=Array(0.03449621, dtype=float64), rw=Array(1.62764696, dtype=float64)))
TRAIN 314 L=86.028 ttrain=0.17s teval=0.00s
NetworkWithTTFS(net=NoDelayLayerNetwork(iw=Array(0.03742472, dtype=float64), rw=Array(1.59049141, dtype=float64)))
TRAIN 315 L=86.436 ttrain=0.17s teval=0.00s
NetworkWithTTFS(net=NoDelayLayerNetwork(iw=Array(0.0352663, dtype=float64), rw=Array(1.67539551, dtype=float64)))
TRAIN 316 L=71.417 ttrain=0.17s teval=0.00s
NetworkWithTTFS(net=NoDelayLayerNetwork(iw=Array(0.02360525, dtype=float64), rw=Array(1.39980043, dtype=float64)))
TRAIN 317 L=76.317 ttrain=0.17s teval=0.00s
NetworkWithTTFS(net=NoDelayLayerNetwork(iw=Array(0.02980268, dtype=float64), rw=Array(1.53418432, dtype=float64)))
TRAIN 318 L=79.292 ttrain=0.17s teval=0.00s
NetworkWithTTFS(net=NoDelayLayerNetwork(iw=Array(0.03325268, dtype=float64), rw=Array(1.31004889, dtype=float64)))
TRAIN 319 L=77.785 ttrain=0.17s teval=0.00s
NetworkWithTTFS(net=NoDelayLayerNetwork(iw=Array(0.03270992, dtype=float64), rw=Array(1.52962166, dtype=float64)))
TRAIN 320 L=83.083 ttrain=0.17s teval=0.00s
NetworkWithTTFS(net=NoDelayLayerNetwork(iw=Array(0.03899393, dtype=float64), rw=Array(1.9315472, dtype=float64)))
TRAIN 321 L=81.108 ttrain=0.17s teval=0.00s
NetworkWithTTFS(net=NoDelayLayerNetwork(iw=Array(0.03987792, dtype=float64), rw=Array(1.41076632, dtype=float64)))
TRAIN 322 L=69.379 ttrain=0.17s teval=0.00s
NetworkWithTTFS(net=NoDelayLayerNetwork(iw=Array(0.03335353, dtype=float64), rw=Array(1.20471778, dtype=float64)))
TRAIN 323 L=80.116 ttrain=0.17s teval=0.00s
NetworkWithTTFS(net=NoDelayLayerNetwork(iw=Array(0.03051217, dtype=float64), rw=Array(1.28252166, dtype=float64)))
TRAIN 324 L=72.742 ttrain=0.17s teval=0.00s
NetworkWithTTFS(net=NoDelayLayerNetwork(iw=Array(0.02809093, dtype=float64), rw=Array(1.15966175, dtype=float64)))
TRAIN 325 L=75.786 ttrain=0.17s teval=0.00s
NetworkWithTTFS(net=NoDelayLayerNetwork(iw=Array(0.0351653, dtype=float64), rw=Array(1.16057593, dtype=float64)))
TRAIN 326 L=70.175 ttrain=0.17s teval=0.00s
NetworkWithTTFS(net=NoDelayLayerNetwork(iw=Array(0.03106862, dtype=float64), rw=Array(0.96764387, dtype=float64)))
TRAIN 327 L=78.448 ttrain=0.17s teval=0.00s
NetworkWithTTFS(net=NoDelayLayerNetwork(iw=Array(0.0329427, dtype=float64), rw=Array(1.165287, dtype=float64)))
TRAIN 328 L=96.909 ttrain=0.17s teval=0.00s
NetworkWithTTFS(net=NoDelayLayerNetwork(iw=Array(0.04744704, dtype=float64), rw=Array(1.50135039, dtype=float64)))
TRAIN 329 L=87.825 ttrain=0.17s teval=0.00s
NetworkWithTTFS(net=NoDelayLayerNetwork(iw=Array(0.04503923, dtype=float64), rw=Array(1.51609008, dtype=float64)))
TRAIN 330 L=80.259 ttrain=0.17s teval=0.00s
NetworkWithTTFS(net=NoDelayLayerNetwork(iw=Array(0.03548767, dtype=float64), rw=Array(1.32089373, dtype=float64)))
TRAIN 331 L=76.264 ttrain=0.17s teval=0.00s
NetworkWithTTFS(net=NoDelayLayerNetwork(iw=Array(0.03193097, dtype=float64), rw=Array(1.30357663, dtype=float64)))
TRAIN 332 L=71.426 ttrain=0.17s teval=0.00s
NetworkWithTTFS(net=NoDelayLayerNetwork(iw=Array(0.02871735, dtype=float64), rw=Array(1.14707833, dtype=float64)))
TRAIN 333 L=72.577 ttrain=0.17s teval=0.00s
NetworkWithTTFS(net=NoDelayLayerNetwork(iw=Array(0.03799217, dtype=float64), rw=Array(1.12415388, dtype=float64)))
TRAIN 334 L=65.075 ttrain=0.17s teval=0.00s
NetworkWithTTFS(net=NoDelayLayerNetwork(iw=Array(0.03083624, dtype=float64), rw=Array(0.97137925, dtype=float64)))
TRAIN 335 L=75.100 ttrain=0.17s teval=0.00s
NetworkWithTTFS(net=NoDelayLayerNetwork(iw=Array(0.03172338, dtype=float64), rw=Array(1.1903315, dtype=float64)))
TRAIN 336 L=83.578 ttrain=0.17s teval=0.00s
NetworkWithTTFS(net=NoDelayLayerNetwork(iw=Array(0.03029736, dtype=float64), rw=Array(1.23800869, dtype=float64)))
TRAIN 337 L=76.025 ttrain=0.17s teval=0.00s
NetworkWithTTFS(net=NoDelayLayerNetwork(iw=Array(0.03367218, dtype=float64), rw=Array(1.23344766, dtype=float64)))
TRAIN 338 L=74.479 ttrain=0.17s teval=0.00s
NetworkWithTTFS(net=NoDelayLayerNetwork(iw=Array(0.0319964, dtype=float64), rw=Array(1.29256445, dtype=float64)))
TRAIN 339 L=85.303 ttrain=0.17s teval=0.00s
NetworkWithTTFS(net=NoDelayLayerNetwork(iw=Array(0.04224522, dtype=float64), rw=Array(1.60453634, dtype=float64)))
TRAIN 340 L=69.683 ttrain=0.17s teval=0.00s
NetworkWithTTFS(net=NoDelayLayerNetwork(iw=Array(0.02796637, dtype=float64), rw=Array(1.1131153, dtype=float64)))
TRAIN 341 L=72.941 ttrain=0.17s teval=0.00s
NetworkWithTTFS(net=NoDelayLayerNetwork(iw=Array(0.03195316, dtype=float64), rw=Array(1.13688686, dtype=float64)))
TRAIN 342 L=70.052 ttrain=0.17s teval=0.00s
NetworkWithTTFS(net=NoDelayLayerNetwork(iw=Array(0.04564917, dtype=float64), rw=Array(1.56810845, dtype=float64)))
TRAIN 343 L=76.781 ttrain=0.17s teval=0.00s
NetworkWithTTFS(net=NoDelayLayerNetwork(iw=Array(0.03228942, dtype=float64), rw=Array(1.36384922, dtype=float64)))
TRAIN 344 L=77.911 ttrain=0.17s teval=0.00s
NetworkWithTTFS(net=NoDelayLayerNetwork(iw=Array(0.04028266, dtype=float64), rw=Array(1.49688744, dtype=float64)))
TRAIN 345 L=73.519 ttrain=0.17s teval=0.00s
NetworkWithTTFS(net=NoDelayLayerNetwork(iw=Array(0.03460962, dtype=float64), rw=Array(1.28991762, dtype=float64)))
TRAIN 346 L=81.832 ttrain=0.17s teval=0.00s
NetworkWithTTFS(net=NoDelayLayerNetwork(iw=Array(0.0406449, dtype=float64), rw=Array(1.35166159, dtype=float64)))
TRAIN 347 L=76.605 ttrain=0.17s teval=0.00s
NetworkWithTTFS(net=NoDelayLayerNetwork(iw=Array(0.03845922, dtype=float64), rw=Array(1.16968758, dtype=float64)))
TRAIN 348 L=79.807 ttrain=0.17s teval=0.00s
NetworkWithTTFS(net=NoDelayLayerNetwork(iw=Array(0.03020582, dtype=float64), rw=Array(1.4140125, dtype=float64)))
TRAIN 349 L=74.643 ttrain=0.17s teval=0.00s
NetworkWithTTFS(net=NoDelayLayerNetwork(iw=Array(0.03477502, dtype=float64), rw=Array(1.53273532, dtype=float64)))
TRAIN 350 L=70.242 ttrain=0.17s teval=0.00s
NetworkWithTTFS(net=NoDelayLayerNetwork(iw=Array(0.03994549, dtype=float64), rw=Array(1.76160869, dtype=float64)))
TRAIN 351 L=68.067 ttrain=0.17s teval=0.00s
NetworkWithTTFS(net=NoDelayLayerNetwork(iw=Array(0.02779153, dtype=float64), rw=Array(1.4398596, dtype=float64)))
TRAIN 352 L=73.853 ttrain=0.17s teval=0.00s
NetworkWithTTFS(net=NoDelayLayerNetwork(iw=Array(0.0360293, dtype=float64), rw=Array(1.19145125, dtype=float64)))
TRAIN 353 L=78.539 ttrain=0.17s teval=0.00s
NetworkWithTTFS(net=NoDelayLayerNetwork(iw=Array(0.03378666, dtype=float64), rw=Array(1.33534828, dtype=float64)))
TRAIN 354 L=78.643 ttrain=0.17s teval=0.00s
NetworkWithTTFS(net=NoDelayLayerNetwork(iw=Array(0.03939899, dtype=float64), rw=Array(1.70512914, dtype=float64)))
TRAIN 355 L=57.430 ttrain=0.17s teval=0.00s
NetworkWithTTFS(net=NoDelayLayerNetwork(iw=Array(0.03308456, dtype=float64), rw=Array(1.03425952, dtype=float64)))
TRAIN 356 L=76.503 ttrain=0.17s teval=0.00s
NetworkWithTTFS(net=NoDelayLayerNetwork(iw=Array(0.03380703, dtype=float64), rw=Array(1.41267027, dtype=float64)))
TRAIN 357 L=72.776 ttrain=0.17s teval=0.00s
NetworkWithTTFS(net=NoDelayLayerNetwork(iw=Array(0.03994419, dtype=float64), rw=Array(1.49705378, dtype=float64)))
TRAIN 358 L=81.199 ttrain=0.17s teval=0.00s
NetworkWithTTFS(net=NoDelayLayerNetwork(iw=Array(0.0400875, dtype=float64), rw=Array(1.46852443, dtype=float64)))
TRAIN 359 L=72.612 ttrain=0.17s teval=0.00s
NetworkWithTTFS(net=NoDelayLayerNetwork(iw=Array(0.02789786, dtype=float64), rw=Array(1.48172032, dtype=float64)))
TRAIN 360 L=70.674 ttrain=0.17s teval=0.00s
NetworkWithTTFS(net=NoDelayLayerNetwork(iw=Array(0.03989733, dtype=float64), rw=Array(1.24044122, dtype=float64)))
TRAIN 361 L=74.590 ttrain=0.17s teval=0.00s
NetworkWithTTFS(net=NoDelayLayerNetwork(iw=Array(0.03058457, dtype=float64), rw=Array(1.22697236, dtype=float64)))
TRAIN 362 L=68.545 ttrain=0.17s teval=0.00s
NetworkWithTTFS(net=NoDelayLayerNetwork(iw=Array(0.03162856, dtype=float64), rw=Array(1.20050923, dtype=float64)))
TRAIN 363 L=72.607 ttrain=0.17s teval=0.00s
NetworkWithTTFS(net=NoDelayLayerNetwork(iw=Array(0.03102803, dtype=float64), rw=Array(1.09693352, dtype=float64)))
TRAIN 364 L=68.946 ttrain=0.17s teval=0.00s
NetworkWithTTFS(net=NoDelayLayerNetwork(iw=Array(0.03584401, dtype=float64), rw=Array(1.17325738, dtype=float64)))
TRAIN 365 L=59.172 ttrain=0.17s teval=0.00s
NetworkWithTTFS(net=NoDelayLayerNetwork(iw=Array(0.02828585, dtype=float64), rw=Array(0.92458022, dtype=float64)))
TRAIN 366 L=69.083 ttrain=0.17s teval=0.00s
NetworkWithTTFS(net=NoDelayLayerNetwork(iw=Array(0.02701971, dtype=float64), rw=Array(1.15625039, dtype=float64)))
TRAIN 367 L=83.109 ttrain=0.17s teval=0.00s
NetworkWithTTFS(net=NoDelayLayerNetwork(iw=Array(0.03160976, dtype=float64), rw=Array(1.48577854, dtype=float64)))
TRAIN 368 L=73.108 ttrain=0.17s teval=0.00s
NetworkWithTTFS(net=NoDelayLayerNetwork(iw=Array(0.03961215, dtype=float64), rw=Array(1.33349112, dtype=float64)))
TRAIN 369 L=72.434 ttrain=0.17s teval=0.00s
NetworkWithTTFS(net=NoDelayLayerNetwork(iw=Array(0.02827247, dtype=float64), rw=Array(1.11562069, dtype=float64)))
TRAIN 370 L=60.696 ttrain=0.17s teval=0.00s
NetworkWithTTFS(net=NoDelayLayerNetwork(iw=Array(0.02896121, dtype=float64), rw=Array(0.93526112, dtype=float64)))
TRAIN 371 L=73.892 ttrain=0.17s teval=0.00s
NetworkWithTTFS(net=NoDelayLayerNetwork(iw=Array(0.03116527, dtype=float64), rw=Array(1.3357161, dtype=float64)))
TRAIN 372 L=78.110 ttrain=0.17s teval=0.00s
NetworkWithTTFS(net=NoDelayLayerNetwork(iw=Array(0.03745561, dtype=float64), rw=Array(1.59841219, dtype=float64)))
TRAIN 373 L=77.233 ttrain=0.17s teval=0.00s
NetworkWithTTFS(net=NoDelayLayerNetwork(iw=Array(0.03905761, dtype=float64), rw=Array(1.64723727, dtype=float64)))
TRAIN 374 L=58.766 ttrain=0.17s teval=0.00s
NetworkWithTTFS(net=NoDelayLayerNetwork(iw=Array(0.02827484, dtype=float64), rw=Array(1.18156357, dtype=float64)))
TRAIN 375 L=59.478 ttrain=0.17s teval=0.00s
NetworkWithTTFS(net=NoDelayLayerNetwork(iw=Array(0.02693296, dtype=float64), rw=Array(1.10987186, dtype=float64)))
TRAIN 376 L=71.687 ttrain=0.17s teval=0.00s
NetworkWithTTFS(net=NoDelayLayerNetwork(iw=Array(0.03626594, dtype=float64), rw=Array(1.71098464, dtype=float64)))
TRAIN 377 L=62.073 ttrain=0.17s teval=0.00s
NetworkWithTTFS(net=NoDelayLayerNetwork(iw=Array(0.02839413, dtype=float64), rw=Array(1.18697452, dtype=float64)))
TRAIN 378 L=68.066 ttrain=0.17s teval=0.00s
NetworkWithTTFS(net=NoDelayLayerNetwork(iw=Array(0.02977476, dtype=float64), rw=Array(1.53267518, dtype=float64)))
TRAIN 379 L=72.401 ttrain=0.17s teval=0.00s
NetworkWithTTFS(net=NoDelayLayerNetwork(iw=Array(0.037875, dtype=float64), rw=Array(1.2768316, dtype=float64)))
TRAIN 380 L=72.069 ttrain=0.17s teval=0.00s
NetworkWithTTFS(net=NoDelayLayerNetwork(iw=Array(0.03273287, dtype=float64), rw=Array(1.53020375, dtype=float64)))
TRAIN 381 L=59.012 ttrain=0.17s teval=0.00s
NetworkWithTTFS(net=NoDelayLayerNetwork(iw=Array(0.02937689, dtype=float64), rw=Array(1.09122937, dtype=float64)))
TRAIN 382 L=59.061 ttrain=0.17s teval=0.00s
NetworkWithTTFS(net=NoDelayLayerNetwork(iw=Array(0.03480217, dtype=float64), rw=Array(1.27540411, dtype=float64)))
TRAIN 383 L=65.132 ttrain=0.17s teval=0.00s
NetworkWithTTFS(net=NoDelayLayerNetwork(iw=Array(0.03207672, dtype=float64), rw=Array(1.1839481, dtype=float64)))
TRAIN 384 L=57.950 ttrain=0.17s teval=0.00s
NetworkWithTTFS(net=NoDelayLayerNetwork(iw=Array(0.02321528, dtype=float64), rw=Array(1.12667409, dtype=float64)))
TRAIN 385 L=66.527 ttrain=0.17s teval=0.00s
NetworkWithTTFS(net=NoDelayLayerNetwork(iw=Array(0.02959134, dtype=float64), rw=Array(1.12622207, dtype=float64)))
TRAIN 386 L=76.471 ttrain=0.17s teval=0.00s
NetworkWithTTFS(net=NoDelayLayerNetwork(iw=Array(0.03481077, dtype=float64), rw=Array(1.32672905, dtype=float64)))
TRAIN 387 L=64.253 ttrain=0.17s teval=0.00s
NetworkWithTTFS(net=NoDelayLayerNetwork(iw=Array(0.03011052, dtype=float64), rw=Array(1.15982041, dtype=float64)))
TRAIN 388 L=64.118 ttrain=0.17s teval=0.00s
NetworkWithTTFS(net=NoDelayLayerNetwork(iw=Array(0.03565687, dtype=float64), rw=Array(1.30097347, dtype=float64)))
TRAIN 389 L=66.066 ttrain=0.17s teval=0.00s
NetworkWithTTFS(net=NoDelayLayerNetwork(iw=Array(0.03563187, dtype=float64), rw=Array(1.24007629, dtype=float64)))
TRAIN 390 L=72.199 ttrain=0.17s teval=0.00s
NetworkWithTTFS(net=NoDelayLayerNetwork(iw=Array(0.03561402, dtype=float64), rw=Array(1.45326594, dtype=float64)))
TRAIN 391 L=81.662 ttrain=0.17s teval=0.00s
NetworkWithTTFS(net=NoDelayLayerNetwork(iw=Array(0.04342516, dtype=float64), rw=Array(1.50236404, dtype=float64)))
TRAIN 392 L=54.084 ttrain=0.17s teval=0.00s
NetworkWithTTFS(net=NoDelayLayerNetwork(iw=Array(0.02857246, dtype=float64), rw=Array(1.15448185, dtype=float64)))
TRAIN 393 L=65.389 ttrain=0.17s teval=0.00s
NetworkWithTTFS(net=NoDelayLayerNetwork(iw=Array(0.03476763, dtype=float64), rw=Array(1.28954879, dtype=float64)))
TRAIN 394 L=63.559 ttrain=0.17s teval=0.00s
NetworkWithTTFS(net=NoDelayLayerNetwork(iw=Array(0.02591562, dtype=float64), rw=Array(1.08325857, dtype=float64)))
TRAIN 395 L=58.657 ttrain=0.17s teval=0.00s
NetworkWithTTFS(net=NoDelayLayerNetwork(iw=Array(0.02970983, dtype=float64), rw=Array(1.11054708, dtype=float64)))
TRAIN 396 L=65.414 ttrain=0.17s teval=0.00s
NetworkWithTTFS(net=NoDelayLayerNetwork(iw=Array(0.03945823, dtype=float64), rw=Array(1.28252629, dtype=float64)))
TRAIN 397 L=50.456 ttrain=0.17s teval=0.00s
NetworkWithTTFS(net=NoDelayLayerNetwork(iw=Array(0.01871983, dtype=float64), rw=Array(0.83333205, dtype=float64)))
TRAIN 398 L=57.080 ttrain=0.17s teval=0.00s
NetworkWithTTFS(net=NoDelayLayerNetwork(iw=Array(0.02958774, dtype=float64), rw=Array(1.31736007, dtype=float64)))
TRAIN 399 L=65.897 ttrain=0.17s teval=0.00s
NetworkWithTTFS(net=NoDelayLayerNetwork(iw=Array(0.02879728, dtype=float64), rw=Array(1.24993307, dtype=float64)))
TEST
FREQ 0.0 0.0008326394671107413 0.0007685902773329922
FREQtrain 0.0 0.0008326394671107413 0.0007685902773329922
TOP1 24.739584 TOP2 75.954865 TOP2Diff 11.566666666666666 LOSS 66.84871150002819
TOP1train 23.61111 TOP2train 73.00348 TOP2trainDiff 10.959893048128343
(Array([ 67, 206, 213, 352], dtype=int64), Array([0, 0, 0, 0], dtype=int64))
TRAIN 400 L=61.034 ttrain=0.17s teval=0.74s
NetworkWithTTFS(net=NoDelayLayerNetwork(iw=Array(0.03035874, dtype=float64), rw=Array(1.27694267, dtype=float64)))
TRAIN 401 L=49.577 ttrain=0.17s teval=0.00s
NetworkWithTTFS(net=NoDelayLayerNetwork(iw=Array(0.02219679, dtype=float64), rw=Array(0.97299943, dtype=float64)))
TRAIN 402 L=66.817 ttrain=0.17s teval=0.00s
NetworkWithTTFS(net=NoDelayLayerNetwork(iw=Array(0.02580906, dtype=float64), rw=Array(1.20541942, dtype=float64)))
TRAIN 403 L=60.329 ttrain=0.17s teval=0.00s
NetworkWithTTFS(net=NoDelayLayerNetwork(iw=Array(0.03028361, dtype=float64), rw=Array(1.20176515, dtype=float64)))
TRAIN 404 L=60.174 ttrain=0.17s teval=0.00s
NetworkWithTTFS(net=NoDelayLayerNetwork(iw=Array(0.03644939, dtype=float64), rw=Array(1.27673207, dtype=float64)))
TRAIN 405 L=59.084 ttrain=0.17s teval=0.00s
NetworkWithTTFS(net=NoDelayLayerNetwork(iw=Array(0.02902825, dtype=float64), rw=Array(1.14747508, dtype=float64)))
TRAIN 406 L=73.431 ttrain=0.17s teval=0.00s
NetworkWithTTFS(net=NoDelayLayerNetwork(iw=Array(0.0405337, dtype=float64), rw=Array(1.3935632, dtype=float64)))
TRAIN 407 L=50.319 ttrain=0.17s teval=0.00s
NetworkWithTTFS(net=NoDelayLayerNetwork(iw=Array(0.03329459, dtype=float64), rw=Array(1.10522043, dtype=float64)))
TRAIN 408 L=63.088 ttrain=0.17s teval=0.00s
NetworkWithTTFS(net=NoDelayLayerNetwork(iw=Array(0.03172073, dtype=float64), rw=Array(1.3267001, dtype=float64)))
TRAIN 409 L=68.329 ttrain=0.17s teval=0.00s
NetworkWithTTFS(net=NoDelayLayerNetwork(iw=Array(0.03564025, dtype=float64), rw=Array(1.4817834, dtype=float64)))
TRAIN 410 L=60.093 ttrain=0.17s teval=0.00s
NetworkWithTTFS(net=NoDelayLayerNetwork(iw=Array(0.02429533, dtype=float64), rw=Array(1.14404861, dtype=float64)))
TRAIN 411 L=62.729 ttrain=0.17s teval=0.00s
NetworkWithTTFS(net=NoDelayLayerNetwork(iw=Array(0.02879187, dtype=float64), rw=Array(1.20445096, dtype=float64)))
TRAIN 412 L=61.693 ttrain=0.17s teval=0.00s
NetworkWithTTFS(net=NoDelayLayerNetwork(iw=Array(0.02631837, dtype=float64), rw=Array(1.1063601, dtype=float64)))
TRAIN 413 L=55.923 ttrain=0.17s teval=0.00s
NetworkWithTTFS(net=NoDelayLayerNetwork(iw=Array(0.02836524, dtype=float64), rw=Array(1.04826837, dtype=float64)))
TRAIN 414 L=62.657 ttrain=0.17s teval=0.00s
NetworkWithTTFS(net=NoDelayLayerNetwork(iw=Array(0.02921529, dtype=float64), rw=Array(1.25751222, dtype=float64)))
TRAIN 415 L=57.147 ttrain=0.17s teval=0.00s
NetworkWithTTFS(net=NoDelayLayerNetwork(iw=Array(0.02992534, dtype=float64), rw=Array(1.12784737, dtype=float64)))
TRAIN 416 L=61.043 ttrain=0.17s teval=0.00s
NetworkWithTTFS(net=NoDelayLayerNetwork(iw=Array(0.02542137, dtype=float64), rw=Array(1.29203577, dtype=float64)))
TRAIN 417 L=57.273 ttrain=0.17s teval=0.00s
NetworkWithTTFS(net=NoDelayLayerNetwork(iw=Array(0.0301016, dtype=float64), rw=Array(1.26789065, dtype=float64)))
TRAIN 418 L=63.694 ttrain=0.17s teval=0.00s
NetworkWithTTFS(net=NoDelayLayerNetwork(iw=Array(0.03250804, dtype=float64), rw=Array(1.43281776, dtype=float64)))
TRAIN 419 L=61.577 ttrain=0.17s teval=0.00s
NetworkWithTTFS(net=NoDelayLayerNetwork(iw=Array(0.03555832, dtype=float64), rw=Array(1.39132212, dtype=float64)))
TRAIN 420 L=60.719 ttrain=0.17s teval=0.00s
NetworkWithTTFS(net=NoDelayLayerNetwork(iw=Array(0.02719245, dtype=float64), rw=Array(1.28520314, dtype=float64)))
TRAIN 421 L=54.722 ttrain=0.17s teval=0.00s
NetworkWithTTFS(net=NoDelayLayerNetwork(iw=Array(0.0239931, dtype=float64), rw=Array(1.00997302, dtype=float64)))
TRAIN 422 L=61.431 ttrain=0.17s teval=0.00s
NetworkWithTTFS(net=NoDelayLayerNetwork(iw=Array(0.03516466, dtype=float64), rw=Array(1.45627172, dtype=float64)))
TRAIN 423 L=58.367 ttrain=0.17s teval=0.00s
NetworkWithTTFS(net=NoDelayLayerNetwork(iw=Array(0.02677997, dtype=float64), rw=Array(1.15402159, dtype=float64)))
TRAIN 424 L=54.643 ttrain=0.17s teval=0.00s
NetworkWithTTFS(net=NoDelayLayerNetwork(iw=Array(0.02986948, dtype=float64), rw=Array(1.24016072, dtype=float64)))
TRAIN 425 L=53.384 ttrain=0.17s teval=0.00s
NetworkWithTTFS(net=NoDelayLayerNetwork(iw=Array(0.03141784, dtype=float64), rw=Array(1.08139973, dtype=float64)))
TRAIN 426 L=53.426 ttrain=0.17s teval=0.00s
NetworkWithTTFS(net=NoDelayLayerNetwork(iw=Array(0.02190057, dtype=float64), rw=Array(1.01119122, dtype=float64)))
TRAIN 427 L=52.617 ttrain=0.17s teval=0.00s
NetworkWithTTFS(net=NoDelayLayerNetwork(iw=Array(0.02482255, dtype=float64), rw=Array(1.29917742, dtype=float64)))
TRAIN 428 L=61.048 ttrain=0.17s teval=0.00s
NetworkWithTTFS(net=NoDelayLayerNetwork(iw=Array(0.03419425, dtype=float64), rw=Array(1.35354616, dtype=float64)))
TRAIN 429 L=56.742 ttrain=0.17s teval=0.00s
NetworkWithTTFS(net=NoDelayLayerNetwork(iw=Array(0.02913256, dtype=float64), rw=Array(1.16396896, dtype=float64)))
TRAIN 430 L=51.021 ttrain=0.17s teval=0.00s
NetworkWithTTFS(net=NoDelayLayerNetwork(iw=Array(0.02568135, dtype=float64), rw=Array(1.04439813, dtype=float64)))
TRAIN 431 L=48.229 ttrain=0.17s teval=0.00s
NetworkWithTTFS(net=NoDelayLayerNetwork(iw=Array(0.0227077, dtype=float64), rw=Array(1.10329906, dtype=float64)))
TRAIN 432 L=56.660 ttrain=0.17s teval=0.00s
NetworkWithTTFS(net=NoDelayLayerNetwork(iw=Array(0.02925552, dtype=float64), rw=Array(1.38116425, dtype=float64)))
TRAIN 433 L=45.950 ttrain=0.17s teval=0.00s
NetworkWithTTFS(net=NoDelayLayerNetwork(iw=Array(0.02641882, dtype=float64), rw=Array(1.30274044, dtype=float64)))
TRAIN 434 L=56.777 ttrain=0.17s teval=0.00s
NetworkWithTTFS(net=NoDelayLayerNetwork(iw=Array(0.0345586, dtype=float64), rw=Array(2.02900802, dtype=float64)))
TRAIN 435 L=50.559 ttrain=0.17s teval=0.00s
NetworkWithTTFS(net=NoDelayLayerNetwork(iw=Array(0.02404544, dtype=float64), rw=Array(1.34096507, dtype=float64)))
TRAIN 436 L=53.017 ttrain=0.17s teval=0.00s
NetworkWithTTFS(net=NoDelayLayerNetwork(iw=Array(0.02865562, dtype=float64), rw=Array(1.59379803, dtype=float64)))
TRAIN 437 L=56.340 ttrain=0.17s teval=0.00s
NetworkWithTTFS(net=NoDelayLayerNetwork(iw=Array(0.02938919, dtype=float64), rw=Array(1.20716288, dtype=float64)))
TRAIN 438 L=53.950 ttrain=0.17s teval=0.00s
NetworkWithTTFS(net=NoDelayLayerNetwork(iw=Array(0.025212, dtype=float64), rw=Array(1.24280935, dtype=float64)))
TRAIN 439 L=40.992 ttrain=0.17s teval=0.00s
NetworkWithTTFS(net=NoDelayLayerNetwork(iw=Array(0.01968055, dtype=float64), rw=Array(1.30867456, dtype=float64)))
TRAIN 440 L=57.861 ttrain=0.17s teval=0.00s
NetworkWithTTFS(net=NoDelayLayerNetwork(iw=Array(0.02846331, dtype=float64), rw=Array(1.72904227, dtype=float64)))
TRAIN 441 L=58.701 ttrain=0.17s teval=0.00s
NetworkWithTTFS(net=NoDelayLayerNetwork(iw=Array(0.03335599, dtype=float64), rw=Array(1.52926713, dtype=float64)))
TRAIN 442 L=52.002 ttrain=0.17s teval=0.00s
NetworkWithTTFS(net=NoDelayLayerNetwork(iw=Array(0.02763015, dtype=float64), rw=Array(1.33356029, dtype=float64)))
TRAIN 443 L=50.685 ttrain=0.17s teval=0.00s
NetworkWithTTFS(net=NoDelayLayerNetwork(iw=Array(0.02447146, dtype=float64), rw=Array(1.71659107, dtype=float64)))
TRAIN 444 L=53.570 ttrain=0.17s teval=0.00s
NetworkWithTTFS(net=NoDelayLayerNetwork(iw=Array(0.03082365, dtype=float64), rw=Array(1.31292851, dtype=float64)))
TRAIN 445 L=53.159 ttrain=0.17s teval=0.00s
NetworkWithTTFS(net=NoDelayLayerNetwork(iw=Array(0.02423934, dtype=float64), rw=Array(1.58244809, dtype=float64)))
TRAIN 446 L=46.515 ttrain=0.17s teval=0.00s
NetworkWithTTFS(net=NoDelayLayerNetwork(iw=Array(0.02457561, dtype=float64), rw=Array(1.33145116, dtype=float64)))
TRAIN 447 L=48.461 ttrain=0.17s teval=0.00s
NetworkWithTTFS(net=NoDelayLayerNetwork(iw=Array(0.02854149, dtype=float64), rw=Array(1.26819235, dtype=float64)))
TRAIN 448 L=45.599 ttrain=0.17s teval=0.00s
NetworkWithTTFS(net=NoDelayLayerNetwork(iw=Array(0.02062917, dtype=float64), rw=Array(1.33228296, dtype=float64)))
TRAIN 449 L=50.527 ttrain=0.17s teval=0.00s
NetworkWithTTFS(net=NoDelayLayerNetwork(iw=Array(0.02543421, dtype=float64), rw=Array(1.50885457, dtype=float64)))
TRAIN 450 L=56.317 ttrain=0.17s teval=0.00s
NetworkWithTTFS(net=NoDelayLayerNetwork(iw=Array(0.02834618, dtype=float64), rw=Array(1.32193773, dtype=float64)))
TRAIN 451 L=51.928 ttrain=0.17s teval=0.00s
NetworkWithTTFS(net=NoDelayLayerNetwork(iw=Array(0.03274904, dtype=float64), rw=Array(1.65365545, dtype=float64)))
TRAIN 452 L=43.682 ttrain=0.17s teval=0.00s
NetworkWithTTFS(net=NoDelayLayerNetwork(iw=Array(0.02603344, dtype=float64), rw=Array(1.05233847, dtype=float64)))
TRAIN 453 L=48.287 ttrain=0.17s teval=0.00s
NetworkWithTTFS(net=NoDelayLayerNetwork(iw=Array(0.02661206, dtype=float64), rw=Array(1.39152213, dtype=float64)))
TRAIN 454 L=48.301 ttrain=0.17s teval=0.00s
NetworkWithTTFS(net=NoDelayLayerNetwork(iw=Array(0.02676846, dtype=float64), rw=Array(1.38975216, dtype=float64)))
TRAIN 455 L=55.605 ttrain=0.17s teval=0.00s
NetworkWithTTFS(net=NoDelayLayerNetwork(iw=Array(0.02526224, dtype=float64), rw=Array(1.50970027, dtype=float64)))
TRAIN 456 L=45.771 ttrain=0.17s teval=0.00s
NetworkWithTTFS(net=NoDelayLayerNetwork(iw=Array(0.02092239, dtype=float64), rw=Array(1.42055751, dtype=float64)))
TRAIN 457 L=52.529 ttrain=0.17s teval=0.00s
NetworkWithTTFS(net=NoDelayLayerNetwork(iw=Array(0.02539158, dtype=float64), rw=Array(1.26799131, dtype=float64)))
TRAIN 458 L=51.186 ttrain=0.17s teval=0.00s
NetworkWithTTFS(net=NoDelayLayerNetwork(iw=Array(0.02812814, dtype=float64), rw=Array(1.37232098, dtype=float64)))
TRAIN 459 L=49.537 ttrain=0.17s teval=0.00s
NetworkWithTTFS(net=NoDelayLayerNetwork(iw=Array(0.02692065, dtype=float64), rw=Array(1.22889262, dtype=float64)))
TRAIN 460 L=53.488 ttrain=0.17s teval=0.00s
NetworkWithTTFS(net=NoDelayLayerNetwork(iw=Array(0.02849002, dtype=float64), rw=Array(1.37694149, dtype=float64)))
TRAIN 461 L=42.249 ttrain=0.17s teval=0.00s
NetworkWithTTFS(net=NoDelayLayerNetwork(iw=Array(0.02525057, dtype=float64), rw=Array(1.28133251, dtype=float64)))
TRAIN 462 L=45.292 ttrain=0.17s teval=0.00s
NetworkWithTTFS(net=NoDelayLayerNetwork(iw=Array(0.02758193, dtype=float64), rw=Array(1.17293969, dtype=float64)))
TRAIN 463 L=42.847 ttrain=0.17s teval=0.00s
NetworkWithTTFS(net=NoDelayLayerNetwork(iw=Array(0.02310456, dtype=float64), rw=Array(1.04816182, dtype=float64)))
TRAIN 464 L=42.924 ttrain=0.17s teval=0.00s
NetworkWithTTFS(net=NoDelayLayerNetwork(iw=Array(0.02426242, dtype=float64), rw=Array(1.11294849, dtype=float64)))
TRAIN 465 L=41.431 ttrain=0.17s teval=0.00s
NetworkWithTTFS(net=NoDelayLayerNetwork(iw=Array(0.02431971, dtype=float64), rw=Array(1.09048085, dtype=float64)))
TRAIN 466 L=43.239 ttrain=0.17s teval=0.00s
NetworkWithTTFS(net=NoDelayLayerNetwork(iw=Array(0.02283417, dtype=float64), rw=Array(1.08388408, dtype=float64)))
TRAIN 467 L=46.261 ttrain=0.17s teval=0.00s
NetworkWithTTFS(net=NoDelayLayerNetwork(iw=Array(0.02340176, dtype=float64), rw=Array(1.16514381, dtype=float64)))
TRAIN 468 L=51.409 ttrain=0.17s teval=0.00s
NetworkWithTTFS(net=NoDelayLayerNetwork(iw=Array(0.02849227, dtype=float64), rw=Array(1.293861, dtype=float64)))
TRAIN 469 L=57.602 ttrain=0.17s teval=0.00s
NetworkWithTTFS(net=NoDelayLayerNetwork(iw=Array(0.03274891, dtype=float64), rw=Array(1.37174113, dtype=float64)))
TRAIN 470 L=40.030 ttrain=0.17s teval=0.00s
NetworkWithTTFS(net=NoDelayLayerNetwork(iw=Array(0.02038371, dtype=float64), rw=Array(0.97849261, dtype=float64)))
TRAIN 471 L=44.821 ttrain=0.17s teval=0.00s
NetworkWithTTFS(net=NoDelayLayerNetwork(iw=Array(0.02343213, dtype=float64), rw=Array(1.12756163, dtype=float64)))
TRAIN 472 L=44.181 ttrain=0.17s teval=0.00s
NetworkWithTTFS(net=NoDelayLayerNetwork(iw=Array(0.02354579, dtype=float64), rw=Array(1.07551251, dtype=float64)))
TRAIN 473 L=41.688 ttrain=0.17s teval=0.00s
NetworkWithTTFS(net=NoDelayLayerNetwork(iw=Array(0.02438135, dtype=float64), rw=Array(1.31129251, dtype=float64)))
TRAIN 474 L=42.455 ttrain=0.17s teval=0.00s
NetworkWithTTFS(net=NoDelayLayerNetwork(iw=Array(0.02165877, dtype=float64), rw=Array(1.10631737, dtype=float64)))
TRAIN 475 L=45.101 ttrain=0.17s teval=0.00s
NetworkWithTTFS(net=NoDelayLayerNetwork(iw=Array(0.02413396, dtype=float64), rw=Array(1.25929182, dtype=float64)))
TRAIN 476 L=43.246 ttrain=0.17s teval=0.00s
NetworkWithTTFS(net=NoDelayLayerNetwork(iw=Array(0.02877549, dtype=float64), rw=Array(1.35083191, dtype=float64)))
TRAIN 477 L=44.581 ttrain=0.17s teval=0.00s
NetworkWithTTFS(net=NoDelayLayerNetwork(iw=Array(0.0252678, dtype=float64), rw=Array(1.45412654, dtype=float64)))
TRAIN 478 L=47.183 ttrain=0.17s teval=0.00s
NetworkWithTTFS(net=NoDelayLayerNetwork(iw=Array(0.02376708, dtype=float64), rw=Array(1.41363401, dtype=float64)))
TRAIN 479 L=44.250 ttrain=0.17s teval=0.00s
NetworkWithTTFS(net=NoDelayLayerNetwork(iw=Array(0.02405686, dtype=float64), rw=Array(1.23971353, dtype=float64)))
TRAIN 480 L=40.795 ttrain=0.17s teval=0.00s
NetworkWithTTFS(net=NoDelayLayerNetwork(iw=Array(0.02199562, dtype=float64), rw=Array(1.30319818, dtype=float64)))
TRAIN 481 L=42.982 ttrain=0.17s teval=0.00s
NetworkWithTTFS(net=NoDelayLayerNetwork(iw=Array(0.02182845, dtype=float64), rw=Array(1.19712609, dtype=float64)))
TRAIN 482 L=37.693 ttrain=0.17s teval=0.00s
NetworkWithTTFS(net=NoDelayLayerNetwork(iw=Array(0.02498228, dtype=float64), rw=Array(1.08811294, dtype=float64)))
TRAIN 483 L=44.594 ttrain=0.17s teval=0.00s
NetworkWithTTFS(net=NoDelayLayerNetwork(iw=Array(0.02807822, dtype=float64), rw=Array(1.30228256, dtype=float64)))
TRAIN 484 L=42.474 ttrain=0.17s teval=0.00s
NetworkWithTTFS(net=NoDelayLayerNetwork(iw=Array(0.02051863, dtype=float64), rw=Array(1.21670976, dtype=float64)))
TRAIN 485 L=41.528 ttrain=0.17s teval=0.00s
NetworkWithTTFS(net=NoDelayLayerNetwork(iw=Array(0.02321255, dtype=float64), rw=Array(1.05731471, dtype=float64)))
TRAIN 486 L=42.843 ttrain=0.17s teval=0.00s
NetworkWithTTFS(net=NoDelayLayerNetwork(iw=Array(0.02592414, dtype=float64), rw=Array(1.40597078, dtype=float64)))
TRAIN 487 L=35.026 ttrain=0.17s teval=0.00s
NetworkWithTTFS(net=NoDelayLayerNetwork(iw=Array(0.02594573, dtype=float64), rw=Array(1.13770304, dtype=float64)))
TRAIN 488 L=35.189 ttrain=0.17s teval=0.00s
NetworkWithTTFS(net=NoDelayLayerNetwork(iw=Array(0.0338749, dtype=float64), rw=Array(1.56792883, dtype=float64)))
TRAIN 489 L=36.519 ttrain=0.17s teval=0.00s
NetworkWithTTFS(net=NoDelayLayerNetwork(iw=Array(0.02118882, dtype=float64), rw=Array(1.050312, dtype=float64)))
TRAIN 490 L=33.973 ttrain=0.17s teval=0.00s
NetworkWithTTFS(net=NoDelayLayerNetwork(iw=Array(0.02446585, dtype=float64), rw=Array(1.18385162, dtype=float64)))
TRAIN 491 L=40.675 ttrain=0.17s teval=0.00s
NetworkWithTTFS(net=NoDelayLayerNetwork(iw=Array(0.02596466, dtype=float64), rw=Array(1.11715986, dtype=float64)))
TRAIN 492 L=32.403 ttrain=0.17s teval=0.00s
NetworkWithTTFS(net=NoDelayLayerNetwork(iw=Array(0.01729924, dtype=float64), rw=Array(1.17697253, dtype=float64)))
TRAIN 493 L=38.555 ttrain=0.17s teval=0.00s
NetworkWithTTFS(net=NoDelayLayerNetwork(iw=Array(0.02505596, dtype=float64), rw=Array(1.28597038, dtype=float64)))
TRAIN 494 L=38.604 ttrain=0.17s teval=0.00s
NetworkWithTTFS(net=NoDelayLayerNetwork(iw=Array(0.02503724, dtype=float64), rw=Array(1.37527029, dtype=float64)))
TRAIN 495 L=35.949 ttrain=0.17s teval=0.00s
NetworkWithTTFS(net=NoDelayLayerNetwork(iw=Array(0.0254849, dtype=float64), rw=Array(1.55723977, dtype=float64)))
TRAIN 496 L=40.051 ttrain=0.17s teval=0.00s
NetworkWithTTFS(net=NoDelayLayerNetwork(iw=Array(0.024549, dtype=float64), rw=Array(1.43548146, dtype=float64)))
TRAIN 497 L=37.535 ttrain=0.17s teval=0.00s
NetworkWithTTFS(net=NoDelayLayerNetwork(iw=Array(0.02148617, dtype=float64), rw=Array(1.21978653, dtype=float64)))
TRAIN 498 L=32.373 ttrain=0.17s teval=0.00s
NetworkWithTTFS(net=NoDelayLayerNetwork(iw=Array(0.01782536, dtype=float64), rw=Array(1.31432781, dtype=float64)))
TRAIN 499 L=31.341 ttrain=0.17s teval=0.00s
NetworkWithTTFS(net=NoDelayLayerNetwork(iw=Array(0.02206496, dtype=float64), rw=Array(1.14887, dtype=float64)))
TEST
FREQ 0.0 0.0008326394671107413 0.0007685902773329922
