gpu
NVIDIA H100
Mon Oct 27 16:24:29 2025
['train_yy.py', '--ndim', '0', '--nhidden', '10', '--lr', '0.0008', '--dt', '0.01', '--batch_size', '150', '--beta', '8', '--wseed', '20', '--bseed', '0', '--layer', '--force']

 == CONFIG == 
ndim                 0
nhidden              10
batch_size           150
load_limit           None
load_limit_test      None
lr                   0.0008
ifactor              1
rfactor              1
force                True
skip                 False
debug                False
dt                   0.01
save_dir             saved
reload               False
layer                True
margin               0.0
beta                 8.0
wseed                20
bseed                0
ttrain               10000

Train set size: (5000, 1201, 1) Test set size: (1000, 1201, 1)
start_training
TEST
FREQ 0.0008326394671107411 0.0008326394671107413 0.0008326394671107414
FREQtrain 0.0008326394671107411 0.0008326394671107413 0.0008326394671107414
TOP1 41.579865 TOP2 71.35417 TOP2Diff 13.061538461538461 LOSS 208.40694153624747
TOP1train 34.02778 TOP2train 69.53125 TOP2trainDiff 11.487132352941178
compiling
TRAIN 0 L=196.005 ttrain=3.32s teval=0.39s
NetworkWithTTFS(net=NoDelayLayerNetwork(iw=Array(0.06520111, dtype=float64), rw=Array(3.411543, dtype=float64)))
TRAIN 1 L=185.352 ttrain=0.17s teval=0.00s
NetworkWithTTFS(net=NoDelayLayerNetwork(iw=Array(0.1268934, dtype=float64), rw=Array(3.46727, dtype=float64)))
(Array([ 42, 112, 307, 377], dtype=int64), Array([0, 0, 0, 0], dtype=int64))
TRAIN 2 L=188.640 ttrain=0.17s teval=4.30s
NetworkWithTTFS(net=NoDelayLayerNetwork(iw=Array(0.051368, dtype=float64), rw=Array(3.32459612, dtype=float64)))
TRAIN 3 L=201.183 ttrain=0.17s teval=0.00s
NetworkWithTTFS(net=NoDelayLayerNetwork(iw=Array(0.06866354, dtype=float64), rw=Array(3.64449796, dtype=float64)))
TRAIN 4 L=190.458 ttrain=0.17s teval=0.00s
NetworkWithTTFS(net=NoDelayLayerNetwork(iw=Array(0.06232203, dtype=float64), rw=Array(3.15286401, dtype=float64)))
TRAIN 5 L=183.787 ttrain=0.17s teval=0.00s
NetworkWithTTFS(net=NoDelayLayerNetwork(iw=Array(0.09864307, dtype=float64), rw=Array(3.32116117, dtype=float64)))
TRAIN 6 L=188.489 ttrain=0.17s teval=0.00s
NetworkWithTTFS(net=NoDelayLayerNetwork(iw=Array(0.0738574, dtype=float64), rw=Array(3.34092539, dtype=float64)))
TRAIN 7 L=226.098 ttrain=0.17s teval=0.00s
NetworkWithTTFS(net=NoDelayLayerNetwork(iw=Array(0.20187821, dtype=float64), rw=Array(4.00073473, dtype=float64)))
TRAIN 8 L=173.387 ttrain=0.17s teval=0.00s
NetworkWithTTFS(net=NoDelayLayerNetwork(iw=Array(0.0680664, dtype=float64), rw=Array(2.60934279, dtype=float64)))
TRAIN 9 L=158.787 ttrain=0.17s teval=0.00s
NetworkWithTTFS(net=NoDelayLayerNetwork(iw=Array(0.08661116, dtype=float64), rw=Array(2.98414176, dtype=float64)))
TRAIN 10 L=204.751 ttrain=0.17s teval=0.00s
NetworkWithTTFS(net=NoDelayLayerNetwork(iw=Array(0.10280156, dtype=float64), rw=Array(3.48769877, dtype=float64)))
TRAIN 11 L=212.063 ttrain=0.17s teval=0.00s
NetworkWithTTFS(net=NoDelayLayerNetwork(iw=Array(0.08728498, dtype=float64), rw=Array(3.95557979, dtype=float64)))
TRAIN 12 L=214.143 ttrain=0.17s teval=0.00s
NetworkWithTTFS(net=NoDelayLayerNetwork(iw=Array(0.10438284, dtype=float64), rw=Array(3.86875771, dtype=float64)))
TRAIN 13 L=191.156 ttrain=0.17s teval=0.00s
NetworkWithTTFS(net=NoDelayLayerNetwork(iw=Array(0.06325456, dtype=float64), rw=Array(3.24676217, dtype=float64)))
TRAIN 14 L=203.471 ttrain=0.17s teval=0.00s
NetworkWithTTFS(net=NoDelayLayerNetwork(iw=Array(0.10088868, dtype=float64), rw=Array(3.61355072, dtype=float64)))
TRAIN 15 L=170.996 ttrain=0.17s teval=0.00s
NetworkWithTTFS(net=NoDelayLayerNetwork(iw=Array(0.0450471, dtype=float64), rw=Array(3.11135031, dtype=float64)))
TRAIN 16 L=202.632 ttrain=0.17s teval=0.00s
NetworkWithTTFS(net=NoDelayLayerNetwork(iw=Array(0.06665313, dtype=float64), rw=Array(3.55478119, dtype=float64)))
TRAIN 17 L=174.249 ttrain=0.17s teval=0.00s
NetworkWithTTFS(net=NoDelayLayerNetwork(iw=Array(0.07228837, dtype=float64), rw=Array(3.21851185, dtype=float64)))
TRAIN 18 L=196.747 ttrain=0.17s teval=0.00s
NetworkWithTTFS(net=NoDelayLayerNetwork(iw=Array(0.06979132, dtype=float64), rw=Array(3.43535657, dtype=float64)))
TRAIN 19 L=184.000 ttrain=0.17s teval=0.00s
NetworkWithTTFS(net=NoDelayLayerNetwork(iw=Array(0.09282294, dtype=float64), rw=Array(3.18327055, dtype=float64)))
TRAIN 20 L=187.685 ttrain=0.17s teval=0.00s
NetworkWithTTFS(net=NoDelayLayerNetwork(iw=Array(0.06746143, dtype=float64), rw=Array(3.27862727, dtype=float64)))
TRAIN 21 L=186.667 ttrain=0.17s teval=0.00s
NetworkWithTTFS(net=NoDelayLayerNetwork(iw=Array(0.06357221, dtype=float64), rw=Array(3.08068588, dtype=float64)))
TRAIN 22 L=217.289 ttrain=0.17s teval=0.00s
NetworkWithTTFS(net=NoDelayLayerNetwork(iw=Array(0.10250469, dtype=float64), rw=Array(3.65760748, dtype=float64)))
TRAIN 23 L=196.058 ttrain=0.17s teval=0.00s
NetworkWithTTFS(net=NoDelayLayerNetwork(iw=Array(0.09810291, dtype=float64), rw=Array(3.52645483, dtype=float64)))
TRAIN 24 L=176.387 ttrain=0.17s teval=0.00s
NetworkWithTTFS(net=NoDelayLayerNetwork(iw=Array(0.04307672, dtype=float64), rw=Array(3.01411566, dtype=float64)))
TRAIN 25 L=162.516 ttrain=0.17s teval=0.00s
NetworkWithTTFS(net=NoDelayLayerNetwork(iw=Array(0.04718302, dtype=float64), rw=Array(2.73259274, dtype=float64)))
TRAIN 26 L=209.871 ttrain=0.17s teval=0.00s
NetworkWithTTFS(net=NoDelayLayerNetwork(iw=Array(0.16083869, dtype=float64), rw=Array(3.47057636, dtype=float64)))
TRAIN 27 L=195.369 ttrain=0.17s teval=0.00s
NetworkWithTTFS(net=NoDelayLayerNetwork(iw=Array(0.08959416, dtype=float64), rw=Array(3.26457736, dtype=float64)))
TRAIN 28 L=196.169 ttrain=0.17s teval=0.00s
NetworkWithTTFS(net=NoDelayLayerNetwork(iw=Array(0.04171597, dtype=float64), rw=Array(3.4598344, dtype=float64)))
TRAIN 29 L=227.476 ttrain=0.17s teval=0.00s
NetworkWithTTFS(net=NoDelayLayerNetwork(iw=Array(0.10705624, dtype=float64), rw=Array(4.01167454, dtype=float64)))
TRAIN 30 L=229.440 ttrain=0.17s teval=0.00s
NetworkWithTTFS(net=NoDelayLayerNetwork(iw=Array(0.12288081, dtype=float64), rw=Array(4.16607982, dtype=float64)))
TRAIN 31 L=211.903 ttrain=0.17s teval=0.00s
NetworkWithTTFS(net=NoDelayLayerNetwork(iw=Array(0.06676409, dtype=float64), rw=Array(3.8662189, dtype=float64)))
TRAIN 32 L=180.805 ttrain=0.17s teval=0.00s
NetworkWithTTFS(net=NoDelayLayerNetwork(iw=Array(0.05356591, dtype=float64), rw=Array(3.14926618, dtype=float64)))
TRAIN 33 L=227.253 ttrain=0.17s teval=0.00s
NetworkWithTTFS(net=NoDelayLayerNetwork(iw=Array(0.06864717, dtype=float64), rw=Array(3.69187807, dtype=float64)))
TRAIN 34 L=178.734 ttrain=0.17s teval=0.00s
NetworkWithTTFS(net=NoDelayLayerNetwork(iw=Array(0.09240953, dtype=float64), rw=Array(2.96964852, dtype=float64)))
TRAIN 35 L=206.991 ttrain=0.17s teval=0.00s
NetworkWithTTFS(net=NoDelayLayerNetwork(iw=Array(0.09558078, dtype=float64), rw=Array(3.59743888, dtype=float64)))
TRAIN 36 L=188.320 ttrain=0.17s teval=0.00s
NetworkWithTTFS(net=NoDelayLayerNetwork(iw=Array(0.07090851, dtype=float64), rw=Array(3.66683457, dtype=float64)))
TRAIN 37 L=219.903 ttrain=0.17s teval=0.00s
NetworkWithTTFS(net=NoDelayLayerNetwork(iw=Array(0.14638803, dtype=float64), rw=Array(3.76893167, dtype=float64)))
TRAIN 38 L=225.387 ttrain=0.17s teval=0.00s
NetworkWithTTFS(net=NoDelayLayerNetwork(iw=Array(0.10994482, dtype=float64), rw=Array(3.84756957, dtype=float64)))
TRAIN 39 L=177.551 ttrain=0.17s teval=0.00s
NetworkWithTTFS(net=NoDelayLayerNetwork(iw=Array(0.06620056, dtype=float64), rw=Array(3.03711175, dtype=float64)))
TRAIN 40 L=188.596 ttrain=0.17s teval=0.00s
NetworkWithTTFS(net=NoDelayLayerNetwork(iw=Array(0.10210271, dtype=float64), rw=Array(3.32523664, dtype=float64)))
TRAIN 41 L=197.507 ttrain=0.17s teval=0.00s
NetworkWithTTFS(net=NoDelayLayerNetwork(iw=Array(0.07077683, dtype=float64), rw=Array(3.70744246, dtype=float64)))
TRAIN 42 L=193.605 ttrain=0.17s teval=0.00s
NetworkWithTTFS(net=NoDelayLayerNetwork(iw=Array(0.12023348, dtype=float64), rw=Array(3.31327448, dtype=float64)))
TRAIN 43 L=196.907 ttrain=0.17s teval=0.00s
NetworkWithTTFS(net=NoDelayLayerNetwork(iw=Array(0.07315452, dtype=float64), rw=Array(3.77329254, dtype=float64)))
TRAIN 44 L=202.240 ttrain=0.17s teval=0.00s
NetworkWithTTFS(net=NoDelayLayerNetwork(iw=Array(0.09323883, dtype=float64), rw=Array(3.68438404, dtype=float64)))
TRAIN 45 L=186.356 ttrain=0.17s teval=0.00s
NetworkWithTTFS(net=NoDelayLayerNetwork(iw=Array(0.09495733, dtype=float64), rw=Array(3.28322003, dtype=float64)))
TRAIN 46 L=231.214 ttrain=0.17s teval=0.00s
NetworkWithTTFS(net=NoDelayLayerNetwork(iw=Array(0.10709832, dtype=float64), rw=Array(4.04733378, dtype=float64)))
TRAIN 47 L=183.733 ttrain=0.17s teval=0.00s
NetworkWithTTFS(net=NoDelayLayerNetwork(iw=Array(0.09035161, dtype=float64), rw=Array(3.23733905, dtype=float64)))
TRAIN 48 L=174.880 ttrain=0.17s teval=0.00s
NetworkWithTTFS(net=NoDelayLayerNetwork(iw=Array(0.05118193, dtype=float64), rw=Array(2.99864902, dtype=float64)))
TRAIN 49 L=194.885 ttrain=0.17s teval=0.00s
NetworkWithTTFS(net=NoDelayLayerNetwork(iw=Array(0.09535283, dtype=float64), rw=Array(3.5158985, dtype=float64)))
TRAIN 50 L=166.307 ttrain=0.17s teval=0.00s
NetworkWithTTFS(net=NoDelayLayerNetwork(iw=Array(0.07870034, dtype=float64), rw=Array(3.00576201, dtype=float64)))
TRAIN 51 L=160.858 ttrain=0.17s teval=0.00s
NetworkWithTTFS(net=NoDelayLayerNetwork(iw=Array(0.09104153, dtype=float64), rw=Array(3.01394221, dtype=float64)))
TRAIN 52 L=201.547 ttrain=0.17s teval=0.00s
NetworkWithTTFS(net=NoDelayLayerNetwork(iw=Array(0.06992551, dtype=float64), rw=Array(3.43857203, dtype=float64)))
TRAIN 53 L=203.573 ttrain=0.17s teval=0.00s
NetworkWithTTFS(net=NoDelayLayerNetwork(iw=Array(0.05789734, dtype=float64), rw=Array(3.34945211, dtype=float64)))
TRAIN 54 L=200.005 ttrain=0.17s teval=0.00s
NetworkWithTTFS(net=NoDelayLayerNetwork(iw=Array(0.09697214, dtype=float64), rw=Array(3.35233498, dtype=float64)))
TRAIN 55 L=194.351 ttrain=0.17s teval=0.00s
NetworkWithTTFS(net=NoDelayLayerNetwork(iw=Array(0.06942349, dtype=float64), rw=Array(3.40116454, dtype=float64)))
TRAIN 56 L=175.791 ttrain=0.17s teval=0.00s
NetworkWithTTFS(net=NoDelayLayerNetwork(iw=Array(0.07477285, dtype=float64), rw=Array(3.13712087, dtype=float64)))
TRAIN 57 L=166.196 ttrain=0.17s teval=0.00s
NetworkWithTTFS(net=NoDelayLayerNetwork(iw=Array(0.05935021, dtype=float64), rw=Array(3.20102605, dtype=float64)))
TRAIN 58 L=160.373 ttrain=0.17s teval=0.00s
NetworkWithTTFS(net=NoDelayLayerNetwork(iw=Array(0.05734416, dtype=float64), rw=Array(2.69465426, dtype=float64)))
TRAIN 59 L=190.138 ttrain=0.17s teval=0.00s
NetworkWithTTFS(net=NoDelayLayerNetwork(iw=Array(0.06447408, dtype=float64), rw=Array(3.32264168, dtype=float64)))
TRAIN 60 L=209.605 ttrain=0.17s teval=0.00s
NetworkWithTTFS(net=NoDelayLayerNetwork(iw=Array(0.09232376, dtype=float64), rw=Array(3.66870784, dtype=float64)))
TRAIN 61 L=185.711 ttrain=0.17s teval=0.00s
NetworkWithTTFS(net=NoDelayLayerNetwork(iw=Array(0.14876695, dtype=float64), rw=Array(3.33680157, dtype=float64)))
TRAIN 62 L=202.409 ttrain=0.17s teval=0.00s
NetworkWithTTFS(net=NoDelayLayerNetwork(iw=Array(0.06621223, dtype=float64), rw=Array(3.64710745, dtype=float64)))
TRAIN 63 L=181.241 ttrain=0.17s teval=0.00s
NetworkWithTTFS(net=NoDelayLayerNetwork(iw=Array(0.06720553, dtype=float64), rw=Array(3.20326282, dtype=float64)))
TRAIN 64 L=173.289 ttrain=0.17s teval=0.00s
NetworkWithTTFS(net=NoDelayLayerNetwork(iw=Array(0.0540884, dtype=float64), rw=Array(3.14219091, dtype=float64)))
TRAIN 65 L=177.556 ttrain=0.17s teval=0.00s
NetworkWithTTFS(net=NoDelayLayerNetwork(iw=Array(0.06697242, dtype=float64), rw=Array(3.19471088, dtype=float64)))
TRAIN 66 L=188.373 ttrain=0.17s teval=0.00s
NetworkWithTTFS(net=NoDelayLayerNetwork(iw=Array(0.0625803, dtype=float64), rw=Array(2.69170121, dtype=float64)))
TRAIN 67 L=182.249 ttrain=0.17s teval=0.00s
NetworkWithTTFS(net=NoDelayLayerNetwork(iw=Array(0.05313386, dtype=float64), rw=Array(3.39905401, dtype=float64)))
TRAIN 68 L=204.378 ttrain=0.17s teval=0.00s
NetworkWithTTFS(net=NoDelayLayerNetwork(iw=Array(0.09887014, dtype=float64), rw=Array(3.74021596, dtype=float64)))
TRAIN 69 L=208.427 ttrain=0.17s teval=0.00s
NetworkWithTTFS(net=NoDelayLayerNetwork(iw=Array(0.10398643, dtype=float64), rw=Array(3.72649208, dtype=float64)))
TRAIN 70 L=197.653 ttrain=0.17s teval=0.00s
NetworkWithTTFS(net=NoDelayLayerNetwork(iw=Array(0.16218961, dtype=float64), rw=Array(3.32084589, dtype=float64)))
TRAIN 71 L=153.871 ttrain=0.17s teval=0.00s
NetworkWithTTFS(net=NoDelayLayerNetwork(iw=Array(0.08514746, dtype=float64), rw=Array(2.57742239, dtype=float64)))
TRAIN 72 L=161.081 ttrain=0.17s teval=0.00s
NetworkWithTTFS(net=NoDelayLayerNetwork(iw=Array(0.05976315, dtype=float64), rw=Array(2.73449321, dtype=float64)))
TRAIN 73 L=161.711 ttrain=0.17s teval=0.00s
NetworkWithTTFS(net=NoDelayLayerNetwork(iw=Array(0.07768269, dtype=float64), rw=Array(2.8841055, dtype=float64)))
TRAIN 74 L=164.863 ttrain=0.17s teval=0.00s
NetworkWithTTFS(net=NoDelayLayerNetwork(iw=Array(0.06314868, dtype=float64), rw=Array(2.77792638, dtype=float64)))
TRAIN 75 L=182.351 ttrain=0.17s teval=0.00s
NetworkWithTTFS(net=NoDelayLayerNetwork(iw=Array(0.07269101, dtype=float64), rw=Array(3.54521719, dtype=float64)))
TRAIN 76 L=165.280 ttrain=0.17s teval=0.00s
NetworkWithTTFS(net=NoDelayLayerNetwork(iw=Array(0.05807127, dtype=float64), rw=Array(2.75813282, dtype=float64)))
TRAIN 77 L=204.800 ttrain=0.17s teval=0.00s
NetworkWithTTFS(net=NoDelayLayerNetwork(iw=Array(0.08787236, dtype=float64), rw=Array(3.87554221, dtype=float64)))
TRAIN 78 L=195.151 ttrain=0.17s teval=0.00s
NetworkWithTTFS(net=NoDelayLayerNetwork(iw=Array(0.08883642, dtype=float64), rw=Array(3.85570318, dtype=float64)))
TRAIN 79 L=202.773 ttrain=0.17s teval=0.00s
NetworkWithTTFS(net=NoDelayLayerNetwork(iw=Array(0.08973209, dtype=float64), rw=Array(3.6937722, dtype=float64)))
TRAIN 80 L=163.471 ttrain=0.17s teval=0.00s
NetworkWithTTFS(net=NoDelayLayerNetwork(iw=Array(0.05407397, dtype=float64), rw=Array(2.90649391, dtype=float64)))
TRAIN 81 L=211.045 ttrain=0.17s teval=0.00s
NetworkWithTTFS(net=NoDelayLayerNetwork(iw=Array(0.06521112, dtype=float64), rw=Array(3.50801964, dtype=float64)))
TRAIN 82 L=206.458 ttrain=0.17s teval=0.00s
NetworkWithTTFS(net=NoDelayLayerNetwork(iw=Array(0.07302324, dtype=float64), rw=Array(3.74295303, dtype=float64)))
TRAIN 83 L=213.565 ttrain=0.17s teval=0.00s
NetworkWithTTFS(net=NoDelayLayerNetwork(iw=Array(0.09793417, dtype=float64), rw=Array(3.79110492, dtype=float64)))
TRAIN 84 L=184.005 ttrain=0.17s teval=0.00s
NetworkWithTTFS(net=NoDelayLayerNetwork(iw=Array(0.07737137, dtype=float64), rw=Array(3.35566532, dtype=float64)))
TRAIN 85 L=168.223 ttrain=0.17s teval=0.00s
NetworkWithTTFS(net=NoDelayLayerNetwork(iw=Array(0.05468346, dtype=float64), rw=Array(3.10363588, dtype=float64)))
TRAIN 86 L=175.263 ttrain=0.17s teval=0.00s
NetworkWithTTFS(net=NoDelayLayerNetwork(iw=Array(0.05948127, dtype=float64), rw=Array(3.27038679, dtype=float64)))
TRAIN 87 L=190.889 ttrain=0.17s teval=0.00s
NetworkWithTTFS(net=NoDelayLayerNetwork(iw=Array(0.07661021, dtype=float64), rw=Array(3.61645609, dtype=float64)))
TRAIN 88 L=162.187 ttrain=0.17s teval=0.00s
NetworkWithTTFS(net=NoDelayLayerNetwork(iw=Array(0.06882917, dtype=float64), rw=Array(2.84260867, dtype=float64)))
TRAIN 89 L=180.160 ttrain=0.17s teval=0.00s
NetworkWithTTFS(net=NoDelayLayerNetwork(iw=Array(0.11248924, dtype=float64), rw=Array(3.50899158, dtype=float64)))
TRAIN 90 L=228.165 ttrain=0.17s teval=0.00s
NetworkWithTTFS(net=NoDelayLayerNetwork(iw=Array(0.10907634, dtype=float64), rw=Array(4.24777176, dtype=float64)))
TRAIN 91 L=205.867 ttrain=0.17s teval=0.00s
NetworkWithTTFS(net=NoDelayLayerNetwork(iw=Array(0.0725427, dtype=float64), rw=Array(3.80745983, dtype=float64)))
TRAIN 92 L=169.289 ttrain=0.17s teval=0.00s
NetworkWithTTFS(net=NoDelayLayerNetwork(iw=Array(0.09161926, dtype=float64), rw=Array(3.02746654, dtype=float64)))
TRAIN 93 L=145.227 ttrain=0.17s teval=0.00s
NetworkWithTTFS(net=NoDelayLayerNetwork(iw=Array(0.04356232, dtype=float64), rw=Array(2.59310916, dtype=float64)))
TRAIN 94 L=185.173 ttrain=0.17s teval=0.00s
NetworkWithTTFS(net=NoDelayLayerNetwork(iw=Array(0.12220973, dtype=float64), rw=Array(3.31582575, dtype=float64)))
TRAIN 95 L=188.587 ttrain=0.17s teval=0.00s
NetworkWithTTFS(net=NoDelayLayerNetwork(iw=Array(0.06603766, dtype=float64), rw=Array(3.43327675, dtype=float64)))
TRAIN 96 L=185.818 ttrain=0.17s teval=0.00s
NetworkWithTTFS(net=NoDelayLayerNetwork(iw=Array(0.0636761, dtype=float64), rw=Array(3.18358414, dtype=float64)))
TRAIN 97 L=205.973 ttrain=0.17s teval=0.00s
NetworkWithTTFS(net=NoDelayLayerNetwork(iw=Array(0.09761051, dtype=float64), rw=Array(4.11072682, dtype=float64)))
TRAIN 98 L=183.898 ttrain=0.17s teval=0.00s
NetworkWithTTFS(net=NoDelayLayerNetwork(iw=Array(0.09832598, dtype=float64), rw=Array(3.35327604, dtype=float64)))
TRAIN 99 L=185.027 ttrain=0.17s teval=0.00s
NetworkWithTTFS(net=NoDelayLayerNetwork(iw=Array(0.09271471, dtype=float64), rw=Array(3.44952601, dtype=float64)))
TEST
FREQ 0.0008326394671107411 0.0008326394671107413 0.0008326394671107414
FREQtrain 0.0008326394671107411 0.0008326394671107413 0.0008326394671107414
TOP1 41.579865 TOP2 71.35417 TOP2Diff 13.128205128205128 LOSS 193.45387300692775
TOP1train 34.02778 TOP2train 69.53125 TOP2trainDiff 11.463235294117647
TRAIN 100 L=199.631 ttrain=0.17s teval=0.00s
NetworkWithTTFS(net=NoDelayLayerNetwork(iw=Array(0.05081923, dtype=float64), rw=Array(3.70510971, dtype=float64)))
TRAIN 101 L=207.787 ttrain=0.17s teval=0.00s
NetworkWithTTFS(net=NoDelayLayerNetwork(iw=Array(0.13899276, dtype=float64), rw=Array(3.76429021, dtype=float64)))
TRAIN 102 L=170.027 ttrain=0.17s teval=0.00s
NetworkWithTTFS(net=NoDelayLayerNetwork(iw=Array(0.08175528, dtype=float64), rw=Array(3.24984887, dtype=float64)))
TRAIN 103 L=178.027 ttrain=0.17s teval=0.00s
NetworkWithTTFS(net=NoDelayLayerNetwork(iw=Array(0.06636437, dtype=float64), rw=Array(3.19370282, dtype=float64)))
TRAIN 104 L=181.280 ttrain=0.17s teval=0.00s
NetworkWithTTFS(net=NoDelayLayerNetwork(iw=Array(0.0943645, dtype=float64), rw=Array(3.2810943, dtype=float64)))
TRAIN 105 L=179.253 ttrain=0.17s teval=0.00s
NetworkWithTTFS(net=NoDelayLayerNetwork(iw=Array(0.06553633, dtype=float64), rw=Array(3.37827669, dtype=float64)))
TRAIN 106 L=161.440 ttrain=0.17s teval=0.00s
NetworkWithTTFS(net=NoDelayLayerNetwork(iw=Array(0.08182271, dtype=float64), rw=Array(3.09811904, dtype=float64)))
TRAIN 107 L=180.649 ttrain=0.17s teval=0.00s
NetworkWithTTFS(net=NoDelayLayerNetwork(iw=Array(0.08572306, dtype=float64), rw=Array(3.05782402, dtype=float64)))
TRAIN 108 L=195.631 ttrain=0.17s teval=0.00s
NetworkWithTTFS(net=NoDelayLayerNetwork(iw=Array(0.09570411, dtype=float64), rw=Array(3.59590337, dtype=float64)))
TRAIN 109 L=172.378 ttrain=0.17s teval=0.00s
NetworkWithTTFS(net=NoDelayLayerNetwork(iw=Array(0.05269787, dtype=float64), rw=Array(3.29106737, dtype=float64)))
TRAIN 110 L=175.858 ttrain=0.17s teval=0.00s
NetworkWithTTFS(net=NoDelayLayerNetwork(iw=Array(0.07601933, dtype=float64), rw=Array(3.23666403, dtype=float64)))
TRAIN 111 L=191.791 ttrain=0.17s teval=0.00s
NetworkWithTTFS(net=NoDelayLayerNetwork(iw=Array(0.08947543, dtype=float64), rw=Array(3.45038096, dtype=float64)))
TRAIN 112 L=164.320 ttrain=0.17s teval=0.00s
NetworkWithTTFS(net=NoDelayLayerNetwork(iw=Array(0.06749657, dtype=float64), rw=Array(3.12406569, dtype=float64)))
TRAIN 113 L=180.587 ttrain=0.17s teval=0.00s
NetworkWithTTFS(net=NoDelayLayerNetwork(iw=Array(0.03982787, dtype=float64), rw=Array(3.14969927, dtype=float64)))
TRAIN 114 L=181.973 ttrain=0.17s teval=0.00s
NetworkWithTTFS(net=NoDelayLayerNetwork(iw=Array(0.07440672, dtype=float64), rw=Array(3.23019587, dtype=float64)))
TRAIN 115 L=160.485 ttrain=0.17s teval=0.00s
NetworkWithTTFS(net=NoDelayLayerNetwork(iw=Array(0.09225958, dtype=float64), rw=Array(3.21323002, dtype=float64)))
TRAIN 116 L=172.165 ttrain=0.17s teval=0.00s
NetworkWithTTFS(net=NoDelayLayerNetwork(iw=Array(0.07712505, dtype=float64), rw=Array(3.41703531, dtype=float64)))
TRAIN 117 L=182.778 ttrain=0.17s teval=0.00s
NetworkWithTTFS(net=NoDelayLayerNetwork(iw=Array(0.09556129, dtype=float64), rw=Array(3.06159302, dtype=float64)))
TRAIN 118 L=187.694 ttrain=0.17s teval=0.00s
NetworkWithTTFS(net=NoDelayLayerNetwork(iw=Array(0.11733633, dtype=float64), rw=Array(3.48927554, dtype=float64)))
TRAIN 119 L=178.347 ttrain=0.17s teval=0.00s
NetworkWithTTFS(net=NoDelayLayerNetwork(iw=Array(0.0660016, dtype=float64), rw=Array(3.57503902, dtype=float64)))
TRAIN 120 L=157.236 ttrain=0.17s teval=0.00s
NetworkWithTTFS(net=NoDelayLayerNetwork(iw=Array(0.07059892, dtype=float64), rw=Array(3.02646505, dtype=float64)))
TRAIN 121 L=141.387 ttrain=0.17s teval=0.00s
NetworkWithTTFS(net=NoDelayLayerNetwork(iw=Array(0.07494449, dtype=float64), rw=Array(2.76276474, dtype=float64)))
TRAIN 122 L=166.734 ttrain=0.17s teval=0.00s
NetworkWithTTFS(net=NoDelayLayerNetwork(iw=Array(0.11151046, dtype=float64), rw=Array(3.30627566, dtype=float64)))
TRAIN 123 L=182.191 ttrain=0.17s teval=0.00s
NetworkWithTTFS(net=NoDelayLayerNetwork(iw=Array(0.06727133, dtype=float64), rw=Array(3.29967901, dtype=float64)))
TRAIN 124 L=176.751 ttrain=0.17s teval=0.00s
NetworkWithTTFS(net=NoDelayLayerNetwork(iw=Array(0.06291071, dtype=float64), rw=Array(3.3404028, dtype=float64)))
TRAIN 125 L=155.413 ttrain=0.17s teval=0.00s
NetworkWithTTFS(net=NoDelayLayerNetwork(iw=Array(0.06238209, dtype=float64), rw=Array(2.9367157, dtype=float64)))
TRAIN 126 L=167.413 ttrain=0.17s teval=0.00s
NetworkWithTTFS(net=NoDelayLayerNetwork(iw=Array(0.05804316, dtype=float64), rw=Array(3.31821937, dtype=float64)))
TRAIN 127 L=160.809 ttrain=0.17s teval=0.00s
NetworkWithTTFS(net=NoDelayLayerNetwork(iw=Array(0.08193282, dtype=float64), rw=Array(3.0365313, dtype=float64)))
TRAIN 128 L=155.529 ttrain=0.17s teval=0.00s
NetworkWithTTFS(net=NoDelayLayerNetwork(iw=Array(0.07642742, dtype=float64), rw=Array(3.21137831, dtype=float64)))
TRAIN 129 L=189.231 ttrain=0.17s teval=0.00s
NetworkWithTTFS(net=NoDelayLayerNetwork(iw=Array(0.09845614, dtype=float64), rw=Array(3.4690234, dtype=float64)))
TRAIN 130 L=202.773 ttrain=0.17s teval=0.00s
NetworkWithTTFS(net=NoDelayLayerNetwork(iw=Array(0.10507631, dtype=float64), rw=Array(3.96023531, dtype=float64)))
TRAIN 131 L=172.765 ttrain=0.17s teval=0.00s
NetworkWithTTFS(net=NoDelayLayerNetwork(iw=Array(0.09475895, dtype=float64), rw=Array(3.26556469, dtype=float64)))
TRAIN 132 L=228.431 ttrain=0.17s teval=0.00s
NetworkWithTTFS(net=NoDelayLayerNetwork(iw=Array(0.13566476, dtype=float64), rw=Array(4.18054607, dtype=float64)))
TRAIN 133 L=171.849 ttrain=0.17s teval=0.00s
NetworkWithTTFS(net=NoDelayLayerNetwork(iw=Array(0.07317662, dtype=float64), rw=Array(3.44898812, dtype=float64)))
TRAIN 134 L=161.978 ttrain=0.17s teval=0.00s
NetworkWithTTFS(net=NoDelayLayerNetwork(iw=Array(0.07233664, dtype=float64), rw=Array(3.35778144, dtype=float64)))
TRAIN 135 L=152.805 ttrain=0.17s teval=0.00s
NetworkWithTTFS(net=NoDelayLayerNetwork(iw=Array(0.09777939, dtype=float64), rw=Array(3.1173001, dtype=float64)))
TRAIN 136 L=178.933 ttrain=0.17s teval=0.00s
NetworkWithTTFS(net=NoDelayLayerNetwork(iw=Array(0.08625096, dtype=float64), rw=Array(3.16599131, dtype=float64)))
TRAIN 137 L=146.729 ttrain=0.17s teval=0.00s
NetworkWithTTFS(net=NoDelayLayerNetwork(iw=Array(0.03202343, dtype=float64), rw=Array(2.69313248, dtype=float64)))
TRAIN 138 L=175.956 ttrain=0.17s teval=0.00s
NetworkWithTTFS(net=NoDelayLayerNetwork(iw=Array(0.05376397, dtype=float64), rw=Array(3.32591726, dtype=float64)))
TRAIN 139 L=173.173 ttrain=0.17s teval=0.00s
NetworkWithTTFS(net=NoDelayLayerNetwork(iw=Array(0.04428643, dtype=float64), rw=Array(3.40767484, dtype=float64)))
TRAIN 140 L=147.098 ttrain=0.17s teval=0.00s
NetworkWithTTFS(net=NoDelayLayerNetwork(iw=Array(0.05286099, dtype=float64), rw=Array(2.74317509, dtype=float64)))
TRAIN 141 L=157.343 ttrain=0.17s teval=0.00s
NetworkWithTTFS(net=NoDelayLayerNetwork(iw=Array(0.08966018, dtype=float64), rw=Array(2.98236861, dtype=float64)))
TRAIN 142 L=155.001 ttrain=0.17s teval=0.00s
NetworkWithTTFS(net=NoDelayLayerNetwork(iw=Array(0.07749499, dtype=float64), rw=Array(3.0664544, dtype=float64)))
TRAIN 143 L=209.343 ttrain=0.17s teval=0.00s
NetworkWithTTFS(net=NoDelayLayerNetwork(iw=Array(0.13873375, dtype=float64), rw=Array(3.74109835, dtype=float64)))
TRAIN 144 L=160.853 ttrain=0.17s teval=0.00s
NetworkWithTTFS(net=NoDelayLayerNetwork(iw=Array(0.09226467, dtype=float64), rw=Array(3.19291991, dtype=float64)))
TRAIN 145 L=130.885 ttrain=0.17s teval=0.00s
NetworkWithTTFS(net=NoDelayLayerNetwork(iw=Array(0.0882663, dtype=float64), rw=Array(2.53825886, dtype=float64)))
TRAIN 146 L=150.618 ttrain=0.17s teval=0.00s
NetworkWithTTFS(net=NoDelayLayerNetwork(iw=Array(0.09160522, dtype=float64), rw=Array(3.06289398, dtype=float64)))
TRAIN 147 L=139.893 ttrain=0.17s teval=0.00s
NetworkWithTTFS(net=NoDelayLayerNetwork(iw=Array(0.08871105, dtype=float64), rw=Array(2.85346675, dtype=float64)))
TRAIN 148 L=155.103 ttrain=0.17s teval=0.00s
NetworkWithTTFS(net=NoDelayLayerNetwork(iw=Array(0.05127037, dtype=float64), rw=Array(2.83532397, dtype=float64)))
TRAIN 149 L=145.978 ttrain=0.17s teval=0.00s
NetworkWithTTFS(net=NoDelayLayerNetwork(iw=Array(0.05143414, dtype=float64), rw=Array(2.77275536, dtype=float64)))
TRAIN 150 L=189.023 ttrain=0.17s teval=0.00s
NetworkWithTTFS(net=NoDelayLayerNetwork(iw=Array(0.07307753, dtype=float64), rw=Array(3.8308892, dtype=float64)))
TRAIN 151 L=192.343 ttrain=0.17s teval=0.00s
NetworkWithTTFS(net=NoDelayLayerNetwork(iw=Array(0.08964498, dtype=float64), rw=Array(3.74887623, dtype=float64)))
TRAIN 152 L=197.338 ttrain=0.17s teval=0.00s
NetworkWithTTFS(net=NoDelayLayerNetwork(iw=Array(0.09246471, dtype=float64), rw=Array(3.87895226, dtype=float64)))
TRAIN 153 L=161.600 ttrain=0.17s teval=0.00s
NetworkWithTTFS(net=NoDelayLayerNetwork(iw=Array(0.05617211, dtype=float64), rw=Array(3.34620348, dtype=float64)))
TRAIN 154 L=145.871 ttrain=0.17s teval=0.00s
NetworkWithTTFS(net=NoDelayLayerNetwork(iw=Array(0.07669958, dtype=float64), rw=Array(2.98947891, dtype=float64)))
TRAIN 155 L=155.151 ttrain=0.17s teval=0.00s
NetworkWithTTFS(net=NoDelayLayerNetwork(iw=Array(0.08026543, dtype=float64), rw=Array(2.86806344, dtype=float64)))
TRAIN 156 L=154.361 ttrain=0.17s teval=0.00s
NetworkWithTTFS(net=NoDelayLayerNetwork(iw=Array(0.06153051, dtype=float64), rw=Array(2.91285406, dtype=float64)))
TRAIN 157 L=150.298 ttrain=0.17s teval=0.00s
NetworkWithTTFS(net=NoDelayLayerNetwork(iw=Array(0.06075146, dtype=float64), rw=Array(2.9475484, dtype=float64)))
TRAIN 158 L=205.929 ttrain=0.17s teval=0.00s
NetworkWithTTFS(net=NoDelayLayerNetwork(iw=Array(0.09490306, dtype=float64), rw=Array(4.44229512, dtype=float64)))
TRAIN 159 L=143.951 ttrain=0.17s teval=0.00s
NetworkWithTTFS(net=NoDelayLayerNetwork(iw=Array(0.07270833, dtype=float64), rw=Array(2.91297825, dtype=float64)))
TRAIN 160 L=168.693 ttrain=0.17s teval=0.00s
NetworkWithTTFS(net=NoDelayLayerNetwork(iw=Array(0.05702064, dtype=float64), rw=Array(3.83778028, dtype=float64)))
TRAIN 161 L=137.978 ttrain=0.17s teval=0.00s
NetworkWithTTFS(net=NoDelayLayerNetwork(iw=Array(0.06952215, dtype=float64), rw=Array(2.93451452, dtype=float64)))
TRAIN 162 L=174.521 ttrain=0.17s teval=0.00s
NetworkWithTTFS(net=NoDelayLayerNetwork(iw=Array(0.06975484, dtype=float64), rw=Array(3.50485188, dtype=float64)))
TRAIN 163 L=125.449 ttrain=0.17s teval=0.00s
NetworkWithTTFS(net=NoDelayLayerNetwork(iw=Array(0.0704932, dtype=float64), rw=Array(2.56450916, dtype=float64)))
TRAIN 164 L=138.773 ttrain=0.17s teval=0.00s
NetworkWithTTFS(net=NoDelayLayerNetwork(iw=Array(0.04685891, dtype=float64), rw=Array(2.96133916, dtype=float64)))
TRAIN 165 L=170.414 ttrain=0.17s teval=0.00s
NetworkWithTTFS(net=NoDelayLayerNetwork(iw=Array(0.08888531, dtype=float64), rw=Array(3.50509845, dtype=float64)))
TRAIN 166 L=161.440 ttrain=0.17s teval=0.00s
NetworkWithTTFS(net=NoDelayLayerNetwork(iw=Array(0.09290849, dtype=float64), rw=Array(3.55921703, dtype=float64)))
TRAIN 167 L=139.573 ttrain=0.17s teval=0.00s
NetworkWithTTFS(net=NoDelayLayerNetwork(iw=Array(0.07526339, dtype=float64), rw=Array(2.96987414, dtype=float64)))
TRAIN 168 L=128.485 ttrain=0.17s teval=0.00s
NetworkWithTTFS(net=NoDelayLayerNetwork(iw=Array(0.03295264, dtype=float64), rw=Array(2.63087812, dtype=float64)))
TRAIN 169 L=175.040 ttrain=0.17s teval=0.00s
NetworkWithTTFS(net=NoDelayLayerNetwork(iw=Array(0.05953735, dtype=float64), rw=Array(3.70409918, dtype=float64)))
TRAIN 170 L=166.191 ttrain=0.17s teval=0.00s
NetworkWithTTFS(net=NoDelayLayerNetwork(iw=Array(0.05041848, dtype=float64), rw=Array(3.42473837, dtype=float64)))
TRAIN 171 L=135.316 ttrain=0.17s teval=0.00s
NetworkWithTTFS(net=NoDelayLayerNetwork(iw=Array(0.08163273, dtype=float64), rw=Array(2.79112489, dtype=float64)))
TRAIN 172 L=164.645 ttrain=0.17s teval=0.00s
NetworkWithTTFS(net=NoDelayLayerNetwork(iw=Array(0.05919036, dtype=float64), rw=Array(3.32759445, dtype=float64)))
TRAIN 173 L=141.338 ttrain=0.17s teval=0.00s
NetworkWithTTFS(net=NoDelayLayerNetwork(iw=Array(0.07097612, dtype=float64), rw=Array(3.02189423, dtype=float64)))
TRAIN 174 L=152.107 ttrain=0.17s teval=0.00s
NetworkWithTTFS(net=NoDelayLayerNetwork(iw=Array(0.06037604, dtype=float64), rw=Array(3.13001966, dtype=float64)))
TRAIN 175 L=174.725 ttrain=0.17s teval=0.00s
NetworkWithTTFS(net=NoDelayLayerNetwork(iw=Array(0.09164048, dtype=float64), rw=Array(3.54233151, dtype=float64)))
TRAIN 176 L=137.609 ttrain=0.17s teval=0.00s
NetworkWithTTFS(net=NoDelayLayerNetwork(iw=Array(0.0439444, dtype=float64), rw=Array(2.92432759, dtype=float64)))
TRAIN 177 L=152.863 ttrain=0.17s teval=0.00s
NetworkWithTTFS(net=NoDelayLayerNetwork(iw=Array(0.05381612, dtype=float64), rw=Array(3.18001086, dtype=float64)))
TRAIN 178 L=160.761 ttrain=0.17s teval=0.00s
NetworkWithTTFS(net=NoDelayLayerNetwork(iw=Array(0.07946046, dtype=float64), rw=Array(3.53466886, dtype=float64)))
TRAIN 179 L=166.789 ttrain=0.17s teval=0.00s
NetworkWithTTFS(net=NoDelayLayerNetwork(iw=Array(0.11389804, dtype=float64), rw=Array(3.20718152, dtype=float64)))
TRAIN 180 L=155.914 ttrain=0.17s teval=0.00s
NetworkWithTTFS(net=NoDelayLayerNetwork(iw=Array(0.1057221, dtype=float64), rw=Array(3.0856254, dtype=float64)))
TRAIN 181 L=138.648 ttrain=0.17s teval=0.00s
NetworkWithTTFS(net=NoDelayLayerNetwork(iw=Array(0.06444219, dtype=float64), rw=Array(3.00664479, dtype=float64)))
TRAIN 182 L=143.647 ttrain=0.17s teval=0.00s
NetworkWithTTFS(net=NoDelayLayerNetwork(iw=Array(0.08688417, dtype=float64), rw=Array(2.94285554, dtype=float64)))
TRAIN 183 L=156.385 ttrain=0.17s teval=0.00s
NetworkWithTTFS(net=NoDelayLayerNetwork(iw=Array(0.04796042, dtype=float64), rw=Array(3.38888367, dtype=float64)))
TRAIN 184 L=136.457 ttrain=0.17s teval=0.00s
NetworkWithTTFS(net=NoDelayLayerNetwork(iw=Array(0.03633825, dtype=float64), rw=Array(2.7940972, dtype=float64)))
TRAIN 185 L=140.804 ttrain=0.17s teval=0.00s
NetworkWithTTFS(net=NoDelayLayerNetwork(iw=Array(0.0526612, dtype=float64), rw=Array(2.82757175, dtype=float64)))
TRAIN 186 L=124.060 ttrain=0.17s teval=0.00s
NetworkWithTTFS(net=NoDelayLayerNetwork(iw=Array(0.05637104, dtype=float64), rw=Array(2.55254629, dtype=float64)))
TRAIN 187 L=132.874 ttrain=0.17s teval=0.00s
NetworkWithTTFS(net=NoDelayLayerNetwork(iw=Array(0.04172977, dtype=float64), rw=Array(2.48152743, dtype=float64)))
TRAIN 188 L=146.710 ttrain=0.17s teval=0.00s
NetworkWithTTFS(net=NoDelayLayerNetwork(iw=Array(0.11109199, dtype=float64), rw=Array(3.05464278, dtype=float64)))
TRAIN 189 L=158.367 ttrain=0.17s teval=0.00s
NetworkWithTTFS(net=NoDelayLayerNetwork(iw=Array(0.08075541, dtype=float64), rw=Array(3.08931249, dtype=float64)))
TRAIN 190 L=166.363 ttrain=0.17s teval=0.00s
NetworkWithTTFS(net=NoDelayLayerNetwork(iw=Array(0.11848928, dtype=float64), rw=Array(3.37633259, dtype=float64)))
TRAIN 191 L=109.790 ttrain=0.17s teval=0.00s
NetworkWithTTFS(net=NoDelayLayerNetwork(iw=Array(0.0770456, dtype=float64), rw=Array(2.06998153, dtype=float64)))
TRAIN 192 L=136.538 ttrain=0.17s teval=0.00s
NetworkWithTTFS(net=NoDelayLayerNetwork(iw=Array(0.05884492, dtype=float64), rw=Array(3.07568443, dtype=float64)))
TRAIN 193 L=137.173 ttrain=0.17s teval=0.00s
NetworkWithTTFS(net=NoDelayLayerNetwork(iw=Array(0.04051551, dtype=float64), rw=Array(2.84691901, dtype=float64)))
TRAIN 194 L=126.419 ttrain=0.17s teval=0.00s
NetworkWithTTFS(net=NoDelayLayerNetwork(iw=Array(0.05359201, dtype=float64), rw=Array(2.59040598, dtype=float64)))
TRAIN 195 L=141.512 ttrain=0.17s teval=0.00s
NetworkWithTTFS(net=NoDelayLayerNetwork(iw=Array(0.06228914, dtype=float64), rw=Array(2.90190989, dtype=float64)))
TRAIN 196 L=139.645 ttrain=0.17s teval=0.00s
NetworkWithTTFS(net=NoDelayLayerNetwork(iw=Array(0.05147457, dtype=float64), rw=Array(2.78040114, dtype=float64)))
TRAIN 197 L=157.396 ttrain=0.17s teval=0.00s
NetworkWithTTFS(net=NoDelayLayerNetwork(iw=Array(0.08817884, dtype=float64), rw=Array(3.03418065, dtype=float64)))
TRAIN 198 L=159.209 ttrain=0.17s teval=0.00s
NetworkWithTTFS(net=NoDelayLayerNetwork(iw=Array(0.04600509, dtype=float64), rw=Array(3.19098564, dtype=float64)))
TRAIN 199 L=141.356 ttrain=0.17s teval=0.00s
NetworkWithTTFS(net=NoDelayLayerNetwork(iw=Array(0.0583373, dtype=float64), rw=Array(2.99505075, dtype=float64)))
TEST
FREQ 0.0008326394671107411 0.0008326394671107413 0.0008326394671107414
FREQtrain 0.0008326394671107411 0.0008326394671107413 0.0008326394671107414
TOP1 45.13889 TOP2 77.864586 TOP2Diff 15.989495798319329 LOSS 147.21387301480559
TOP1train 37.760418 TOP2train 82.11806 TOP2trainDiff 15.294050343249427
(Array([180, 200, 219, 239], dtype=int64), Array([0, 0, 0, 0], dtype=int64))
TRAIN 200 L=120.863 ttrain=0.17s teval=0.75s
NetworkWithTTFS(net=NoDelayLayerNetwork(iw=Array(0.04758312, dtype=float64), rw=Array(2.49110052, dtype=float64)))
TRAIN 201 L=122.831 ttrain=0.17s teval=0.00s
NetworkWithTTFS(net=NoDelayLayerNetwork(iw=Array(0.0909797, dtype=float64), rw=Array(2.49543959, dtype=float64)))
TRAIN 202 L=156.872 ttrain=0.17s teval=0.00s
NetworkWithTTFS(net=NoDelayLayerNetwork(iw=Array(0.10231274, dtype=float64), rw=Array(3.23901141, dtype=float64)))
TRAIN 203 L=139.636 ttrain=0.17s teval=0.00s
NetworkWithTTFS(net=NoDelayLayerNetwork(iw=Array(0.04633103, dtype=float64), rw=Array(2.79859569, dtype=float64)))
TRAIN 204 L=131.951 ttrain=0.17s teval=0.00s
NetworkWithTTFS(net=NoDelayLayerNetwork(iw=Array(0.04727507, dtype=float64), rw=Array(2.64573922, dtype=float64)))
TRAIN 205 L=128.934 ttrain=0.17s teval=0.00s
NetworkWithTTFS(net=NoDelayLayerNetwork(iw=Array(0.06663202, dtype=float64), rw=Array(2.39818397, dtype=float64)))
TRAIN 206 L=122.618 ttrain=0.17s teval=0.00s
NetworkWithTTFS(net=NoDelayLayerNetwork(iw=Array(0.04387986, dtype=float64), rw=Array(2.34489353, dtype=float64)))
TRAIN 207 L=146.321 ttrain=0.17s teval=0.00s
NetworkWithTTFS(net=NoDelayLayerNetwork(iw=Array(0.0473721, dtype=float64), rw=Array(2.99460161, dtype=float64)))
TRAIN 208 L=132.853 ttrain=0.17s teval=0.00s
NetworkWithTTFS(net=NoDelayLayerNetwork(iw=Array(0.04989575, dtype=float64), rw=Array(2.61774374, dtype=float64)))
TRAIN 209 L=147.961 ttrain=0.17s teval=0.00s
NetworkWithTTFS(net=NoDelayLayerNetwork(iw=Array(0.1011186, dtype=float64), rw=Array(2.95635517, dtype=float64)))
TRAIN 210 L=149.663 ttrain=0.17s teval=0.00s
NetworkWithTTFS(net=NoDelayLayerNetwork(iw=Array(0.05037385, dtype=float64), rw=Array(3.33475065, dtype=float64)))
TRAIN 211 L=145.129 ttrain=0.17s teval=0.00s
NetworkWithTTFS(net=NoDelayLayerNetwork(iw=Array(0.07900109, dtype=float64), rw=Array(2.91369472, dtype=float64)))
TRAIN 212 L=107.049 ttrain=0.17s teval=0.00s
NetworkWithTTFS(net=NoDelayLayerNetwork(iw=Array(0.06622184, dtype=float64), rw=Array(2.24010237, dtype=float64)))
TRAIN 213 L=152.591 ttrain=0.17s teval=0.00s
NetworkWithTTFS(net=NoDelayLayerNetwork(iw=Array(0.04658472, dtype=float64), rw=Array(3.04700476, dtype=float64)))
TRAIN 214 L=130.133 ttrain=0.17s teval=0.00s
NetworkWithTTFS(net=NoDelayLayerNetwork(iw=Array(0.0497281, dtype=float64), rw=Array(2.89092586, dtype=float64)))
TRAIN 215 L=128.960 ttrain=0.17s teval=0.00s
NetworkWithTTFS(net=NoDelayLayerNetwork(iw=Array(0.0506274, dtype=float64), rw=Array(2.647862, dtype=float64)))
TRAIN 216 L=137.881 ttrain=0.17s teval=0.00s
NetworkWithTTFS(net=NoDelayLayerNetwork(iw=Array(0.04441406, dtype=float64), rw=Array(2.84746473, dtype=float64)))
TRAIN 217 L=115.805 ttrain=0.17s teval=0.00s
NetworkWithTTFS(net=NoDelayLayerNetwork(iw=Array(0.09995646, dtype=float64), rw=Array(2.32791516, dtype=float64)))
TRAIN 218 L=108.111 ttrain=0.17s teval=0.00s
NetworkWithTTFS(net=NoDelayLayerNetwork(iw=Array(0.08444129, dtype=float64), rw=Array(2.51953971, dtype=float64)))
TRAIN 219 L=118.103 ttrain=0.17s teval=0.00s
NetworkWithTTFS(net=NoDelayLayerNetwork(iw=Array(0.05512022, dtype=float64), rw=Array(2.49900407, dtype=float64)))
TRAIN 220 L=140.281 ttrain=0.17s teval=0.00s
NetworkWithTTFS(net=NoDelayLayerNetwork(iw=Array(0.10715846, dtype=float64), rw=Array(2.99267594, dtype=float64)))
TRAIN 221 L=147.849 ttrain=0.17s teval=0.00s
NetworkWithTTFS(net=NoDelayLayerNetwork(iw=Array(0.05138074, dtype=float64), rw=Array(3.01249182, dtype=float64)))
TRAIN 222 L=118.085 ttrain=0.17s teval=0.00s
NetworkWithTTFS(net=NoDelayLayerNetwork(iw=Array(0.05424845, dtype=float64), rw=Array(2.59416818, dtype=float64)))
TRAIN 223 L=147.156 ttrain=0.17s teval=0.00s
NetworkWithTTFS(net=NoDelayLayerNetwork(iw=Array(0.05881805, dtype=float64), rw=Array(3.3543426, dtype=float64)))
TRAIN 224 L=122.143 ttrain=0.17s teval=0.00s
NetworkWithTTFS(net=NoDelayLayerNetwork(iw=Array(0.07612832, dtype=float64), rw=Array(2.44003545, dtype=float64)))
TRAIN 225 L=134.827 ttrain=0.17s teval=0.00s
NetworkWithTTFS(net=NoDelayLayerNetwork(iw=Array(0.0462715, dtype=float64), rw=Array(3.0601363, dtype=float64)))
TRAIN 226 L=132.805 ttrain=0.17s teval=0.00s
NetworkWithTTFS(net=NoDelayLayerNetwork(iw=Array(0.0597502, dtype=float64), rw=Array(2.81794377, dtype=float64)))
TRAIN 227 L=132.480 ttrain=0.17s teval=0.00s
NetworkWithTTFS(net=NoDelayLayerNetwork(iw=Array(0.08254747, dtype=float64), rw=Array(2.94547708, dtype=float64)))
TRAIN 228 L=133.396 ttrain=0.17s teval=0.00s
NetworkWithTTFS(net=NoDelayLayerNetwork(iw=Array(0.08416144, dtype=float64), rw=Array(3.10519822, dtype=float64)))
TRAIN 229 L=120.645 ttrain=0.17s teval=0.00s
NetworkWithTTFS(net=NoDelayLayerNetwork(iw=Array(0.05378169, dtype=float64), rw=Array(2.72069627, dtype=float64)))
TRAIN 230 L=118.414 ttrain=0.17s teval=0.00s
NetworkWithTTFS(net=NoDelayLayerNetwork(iw=Array(0.0514937, dtype=float64), rw=Array(2.70362318, dtype=float64)))
TRAIN 231 L=122.676 ttrain=0.17s teval=0.00s
NetworkWithTTFS(net=NoDelayLayerNetwork(iw=Array(0.08073627, dtype=float64), rw=Array(2.67368824, dtype=float64)))
TRAIN 232 L=143.432 ttrain=0.17s teval=0.00s
NetworkWithTTFS(net=NoDelayLayerNetwork(iw=Array(0.06369701, dtype=float64), rw=Array(3.32616875, dtype=float64)))
TRAIN 233 L=132.645 ttrain=0.17s teval=0.00s
NetworkWithTTFS(net=NoDelayLayerNetwork(iw=Array(0.05291979, dtype=float64), rw=Array(2.87534135, dtype=float64)))
TRAIN 234 L=142.361 ttrain=0.17s teval=0.00s
NetworkWithTTFS(net=NoDelayLayerNetwork(iw=Array(0.05919694, dtype=float64), rw=Array(3.32058927, dtype=float64)))
TRAIN 235 L=130.351 ttrain=0.17s teval=0.00s
NetworkWithTTFS(net=NoDelayLayerNetwork(iw=Array(0.09295701, dtype=float64), rw=Array(2.98935201, dtype=float64)))
TRAIN 236 L=99.583 ttrain=0.17s teval=0.00s
NetworkWithTTFS(net=NoDelayLayerNetwork(iw=Array(0.07571623, dtype=float64), rw=Array(2.07785287, dtype=float64)))
TRAIN 237 L=106.787 ttrain=0.17s teval=0.00s
NetworkWithTTFS(net=NoDelayLayerNetwork(iw=Array(0.06434429, dtype=float64), rw=Array(2.15657992, dtype=float64)))
TRAIN 238 L=116.498 ttrain=0.17s teval=0.00s
NetworkWithTTFS(net=NoDelayLayerNetwork(iw=Array(0.04525023, dtype=float64), rw=Array(2.47352258, dtype=float64)))
TRAIN 239 L=93.721 ttrain=0.17s teval=0.00s
NetworkWithTTFS(net=NoDelayLayerNetwork(iw=Array(0.07384976, dtype=float64), rw=Array(2.20941409, dtype=float64)))
TRAIN 240 L=138.458 ttrain=0.17s teval=0.00s
NetworkWithTTFS(net=NoDelayLayerNetwork(iw=Array(0.04331952, dtype=float64), rw=Array(3.18856213, dtype=float64)))
TRAIN 241 L=97.503 ttrain=0.17s teval=0.00s
NetworkWithTTFS(net=NoDelayLayerNetwork(iw=Array(0.04493283, dtype=float64), rw=Array(2.2656823, dtype=float64)))
TRAIN 242 L=133.445 ttrain=0.17s teval=0.00s
NetworkWithTTFS(net=NoDelayLayerNetwork(iw=Array(0.05459232, dtype=float64), rw=Array(2.94432298, dtype=float64)))
TRAIN 243 L=116.236 ttrain=0.17s teval=0.00s
NetworkWithTTFS(net=NoDelayLayerNetwork(iw=Array(0.08585233, dtype=float64), rw=Array(2.5858216, dtype=float64)))
TRAIN 244 L=102.636 ttrain=0.17s teval=0.00s
NetworkWithTTFS(net=NoDelayLayerNetwork(iw=Array(0.09836544, dtype=float64), rw=Array(2.08029158, dtype=float64)))
TRAIN 245 L=106.996 ttrain=0.17s teval=0.00s
NetworkWithTTFS(net=NoDelayLayerNetwork(iw=Array(0.09701728, dtype=float64), rw=Array(2.53451204, dtype=float64)))
TRAIN 246 L=107.636 ttrain=0.17s teval=0.00s
NetworkWithTTFS(net=NoDelayLayerNetwork(iw=Array(0.04466587, dtype=float64), rw=Array(2.31915115, dtype=float64)))
TRAIN 247 L=120.489 ttrain=0.17s teval=0.00s
NetworkWithTTFS(net=NoDelayLayerNetwork(iw=Array(0.08034449, dtype=float64), rw=Array(2.8320556, dtype=float64)))
TRAIN 248 L=108.436 ttrain=0.17s teval=0.00s
NetworkWithTTFS(net=NoDelayLayerNetwork(iw=Array(0.05062835, dtype=float64), rw=Array(2.2779597, dtype=float64)))
TRAIN 249 L=119.525 ttrain=0.17s teval=0.00s
NetworkWithTTFS(net=NoDelayLayerNetwork(iw=Array(0.05777275, dtype=float64), rw=Array(3.20328339, dtype=float64)))
TRAIN 250 L=106.671 ttrain=0.17s teval=0.00s
NetworkWithTTFS(net=NoDelayLayerNetwork(iw=Array(0.06352094, dtype=float64), rw=Array(2.74319195, dtype=float64)))
TRAIN 251 L=127.791 ttrain=0.17s teval=0.00s
NetworkWithTTFS(net=NoDelayLayerNetwork(iw=Array(0.06891944, dtype=float64), rw=Array(2.8956243, dtype=float64)))
TRAIN 252 L=132.081 ttrain=0.17s teval=0.00s
NetworkWithTTFS(net=NoDelayLayerNetwork(iw=Array(0.05471775, dtype=float64), rw=Array(3.28006899, dtype=float64)))
TRAIN 253 L=122.351 ttrain=0.17s teval=0.00s
NetworkWithTTFS(net=NoDelayLayerNetwork(iw=Array(0.03150436, dtype=float64), rw=Array(2.94491566, dtype=float64)))
TRAIN 254 L=113.561 ttrain=0.17s teval=0.00s
NetworkWithTTFS(net=NoDelayLayerNetwork(iw=Array(0.10573232, dtype=float64), rw=Array(2.54739471, dtype=float64)))
TRAIN 255 L=111.360 ttrain=0.17s teval=0.00s
NetworkWithTTFS(net=NoDelayLayerNetwork(iw=Array(0.05161431, dtype=float64), rw=Array(2.69564689, dtype=float64)))
TRAIN 256 L=123.868 ttrain=0.17s teval=0.00s
NetworkWithTTFS(net=NoDelayLayerNetwork(iw=Array(0.05674336, dtype=float64), rw=Array(3.05207123, dtype=float64)))
TRAIN 257 L=117.178 ttrain=0.17s teval=0.00s
NetworkWithTTFS(net=NoDelayLayerNetwork(iw=Array(0.07737317, dtype=float64), rw=Array(2.65632606, dtype=float64)))
TRAIN 258 L=116.009 ttrain=0.17s teval=0.00s
NetworkWithTTFS(net=NoDelayLayerNetwork(iw=Array(0.0590738, dtype=float64), rw=Array(2.52173996, dtype=float64)))
TRAIN 259 L=118.623 ttrain=0.17s teval=0.00s
NetworkWithTTFS(net=NoDelayLayerNetwork(iw=Array(0.05504649, dtype=float64), rw=Array(2.73103863, dtype=float64)))
TRAIN 260 L=118.831 ttrain=0.17s teval=0.00s
NetworkWithTTFS(net=NoDelayLayerNetwork(iw=Array(0.05152089, dtype=float64), rw=Array(2.96377419, dtype=float64)))
TRAIN 261 L=105.547 ttrain=0.17s teval=0.00s
NetworkWithTTFS(net=NoDelayLayerNetwork(iw=Array(0.08480532, dtype=float64), rw=Array(2.16808918, dtype=float64)))
TRAIN 262 L=105.881 ttrain=0.17s teval=0.00s
NetworkWithTTFS(net=NoDelayLayerNetwork(iw=Array(0.05809864, dtype=float64), rw=Array(2.4921588, dtype=float64)))
TRAIN 263 L=122.956 ttrain=0.17s teval=0.00s
NetworkWithTTFS(net=NoDelayLayerNetwork(iw=Array(0.06759094, dtype=float64), rw=Array(2.9722772, dtype=float64)))
TRAIN 264 L=132.765 ttrain=0.17s teval=0.00s
NetworkWithTTFS(net=NoDelayLayerNetwork(iw=Array(0.06075958, dtype=float64), rw=Array(3.21577971, dtype=float64)))
TRAIN 265 L=126.778 ttrain=0.17s teval=0.00s
NetworkWithTTFS(net=NoDelayLayerNetwork(iw=Array(0.0719429, dtype=float64), rw=Array(3.10066243, dtype=float64)))
TRAIN 266 L=107.743 ttrain=0.17s teval=0.00s
NetworkWithTTFS(net=NoDelayLayerNetwork(iw=Array(0.03464987, dtype=float64), rw=Array(2.56815634, dtype=float64)))
TRAIN 267 L=98.258 ttrain=0.17s teval=0.00s
NetworkWithTTFS(net=NoDelayLayerNetwork(iw=Array(0.08756415, dtype=float64), rw=Array(2.19945402, dtype=float64)))
TRAIN 268 L=112.179 ttrain=0.17s teval=0.00s
NetworkWithTTFS(net=NoDelayLayerNetwork(iw=Array(0.04339265, dtype=float64), rw=Array(2.83001085, dtype=float64)))
TRAIN 269 L=112.134 ttrain=0.17s teval=0.00s
NetworkWithTTFS(net=NoDelayLayerNetwork(iw=Array(0.04802162, dtype=float64), rw=Array(2.45417176, dtype=float64)))
TRAIN 270 L=121.250 ttrain=0.17s teval=0.00s
NetworkWithTTFS(net=NoDelayLayerNetwork(iw=Array(0.07463865, dtype=float64), rw=Array(2.66401292, dtype=float64)))
TRAIN 271 L=104.290 ttrain=0.17s teval=0.00s
NetworkWithTTFS(net=NoDelayLayerNetwork(iw=Array(0.06354543, dtype=float64), rw=Array(2.19482173, dtype=float64)))
TRAIN 272 L=97.458 ttrain=0.17s teval=0.00s
NetworkWithTTFS(net=NoDelayLayerNetwork(iw=Array(0.09198013, dtype=float64), rw=Array(2.6097751, dtype=float64)))
TRAIN 273 L=100.111 ttrain=0.17s teval=0.00s
NetworkWithTTFS(net=NoDelayLayerNetwork(iw=Array(0.09994516, dtype=float64), rw=Array(2.63596243, dtype=float64)))
TRAIN 274 L=90.574 ttrain=0.17s teval=0.00s
NetworkWithTTFS(net=NoDelayLayerNetwork(iw=Array(0.04039173, dtype=float64), rw=Array(2.0763784, dtype=float64)))
TRAIN 275 L=115.490 ttrain=0.17s teval=0.00s
NetworkWithTTFS(net=NoDelayLayerNetwork(iw=Array(0.04170702, dtype=float64), rw=Array(2.90208734, dtype=float64)))
TRAIN 276 L=105.832 ttrain=0.17s teval=0.00s
NetworkWithTTFS(net=NoDelayLayerNetwork(iw=Array(0.05982846, dtype=float64), rw=Array(2.85788993, dtype=float64)))
TRAIN 277 L=99.427 ttrain=0.17s teval=0.00s
NetworkWithTTFS(net=NoDelayLayerNetwork(iw=Array(0.0430905, dtype=float64), rw=Array(2.6294192, dtype=float64)))
TRAIN 278 L=107.956 ttrain=0.17s teval=0.00s
NetworkWithTTFS(net=NoDelayLayerNetwork(iw=Array(0.07171184, dtype=float64), rw=Array(2.74701402, dtype=float64)))
TRAIN 279 L=101.978 ttrain=0.17s teval=0.00s
NetworkWithTTFS(net=NoDelayLayerNetwork(iw=Array(0.09554726, dtype=float64), rw=Array(2.79896245, dtype=float64)))
TRAIN 280 L=100.329 ttrain=0.17s teval=0.00s
NetworkWithTTFS(net=NoDelayLayerNetwork(iw=Array(0.06375901, dtype=float64), rw=Array(2.33813478, dtype=float64)))
TRAIN 281 L=106.743 ttrain=0.17s teval=0.00s
NetworkWithTTFS(net=NoDelayLayerNetwork(iw=Array(0.03631017, dtype=float64), rw=Array(2.5896479, dtype=float64)))
TRAIN 282 L=96.645 ttrain=0.17s teval=0.00s
NetworkWithTTFS(net=NoDelayLayerNetwork(iw=Array(0.05386451, dtype=float64), rw=Array(2.28766956, dtype=float64)))
TRAIN 283 L=84.174 ttrain=0.17s teval=0.00s
NetworkWithTTFS(net=NoDelayLayerNetwork(iw=Array(0.03826735, dtype=float64), rw=Array(2.21388198, dtype=float64)))
TRAIN 284 L=100.707 ttrain=0.17s teval=0.00s
NetworkWithTTFS(net=NoDelayLayerNetwork(iw=Array(0.09357453, dtype=float64), rw=Array(2.45321694, dtype=float64)))
TRAIN 285 L=91.916 ttrain=0.17s teval=0.00s
NetworkWithTTFS(net=NoDelayLayerNetwork(iw=Array(0.08989026, dtype=float64), rw=Array(2.42436428, dtype=float64)))
TRAIN 286 L=96.645 ttrain=0.17s teval=0.00s
NetworkWithTTFS(net=NoDelayLayerNetwork(iw=Array(0.08021565, dtype=float64), rw=Array(2.4148425, dtype=float64)))
TRAIN 287 L=104.921 ttrain=0.17s teval=0.00s
NetworkWithTTFS(net=NoDelayLayerNetwork(iw=Array(0.09824379, dtype=float64), rw=Array(2.67041525, dtype=float64)))
TRAIN 288 L=91.814 ttrain=0.17s teval=0.00s
NetworkWithTTFS(net=NoDelayLayerNetwork(iw=Array(0.08312271, dtype=float64), rw=Array(2.42197704, dtype=float64)))
TRAIN 289 L=100.921 ttrain=0.17s teval=0.00s
NetworkWithTTFS(net=NoDelayLayerNetwork(iw=Array(0.04847193, dtype=float64), rw=Array(2.93160125, dtype=float64)))
TRAIN 290 L=95.436 ttrain=0.17s teval=0.00s
NetworkWithTTFS(net=NoDelayLayerNetwork(iw=Array(0.03468828, dtype=float64), rw=Array(2.38321009, dtype=float64)))
TRAIN 291 L=101.463 ttrain=0.17s teval=0.00s
NetworkWithTTFS(net=NoDelayLayerNetwork(iw=Array(0.09434665, dtype=float64), rw=Array(2.52209448, dtype=float64)))
TRAIN 292 L=104.494 ttrain=0.17s teval=0.00s
NetworkWithTTFS(net=NoDelayLayerNetwork(iw=Array(0.04550948, dtype=float64), rw=Array(2.70444877, dtype=float64)))
TRAIN 293 L=99.645 ttrain=0.17s teval=0.00s
NetworkWithTTFS(net=NoDelayLayerNetwork(iw=Array(0.03945862, dtype=float64), rw=Array(2.5110523, dtype=float64)))
TRAIN 294 L=98.850 ttrain=0.17s teval=0.00s
NetworkWithTTFS(net=NoDelayLayerNetwork(iw=Array(0.08918482, dtype=float64), rw=Array(2.28608259, dtype=float64)))
TRAIN 295 L=83.712 ttrain=0.17s teval=0.00s
NetworkWithTTFS(net=NoDelayLayerNetwork(iw=Array(0.05859416, dtype=float64), rw=Array(2.18304946, dtype=float64)))
TRAIN 296 L=84.561 ttrain=0.17s teval=0.00s
NetworkWithTTFS(net=NoDelayLayerNetwork(iw=Array(0.0926338, dtype=float64), rw=Array(2.30538089, dtype=float64)))
TRAIN 297 L=91.112 ttrain=0.17s teval=0.00s
NetworkWithTTFS(net=NoDelayLayerNetwork(iw=Array(0.03948992, dtype=float64), rw=Array(2.47596362, dtype=float64)))
TRAIN 298 L=104.023 ttrain=0.17s teval=0.00s
NetworkWithTTFS(net=NoDelayLayerNetwork(iw=Array(0.06283362, dtype=float64), rw=Array(2.74594277, dtype=float64)))
TRAIN 299 L=78.384 ttrain=0.17s teval=0.00s
NetworkWithTTFS(net=NoDelayLayerNetwork(iw=Array(0.14000237, dtype=float64), rw=Array(1.81846294, dtype=float64)))
TEST
FREQ 0.0008326394671107411 0.0008326394671107413 0.0008326394671107414
FREQtrain 0.0008326394671107411 0.0008326394671107413 0.0008326394671107414
TOP1 45.92014 TOP2 83.15973 TOP2Diff 14.461904761904762 LOSS 89.78775272986266
TOP1train 39.149307 TOP2train 87.84723 TOP2trainDiff 13.168571428571429
TRAIN 300 L=89.463 ttrain=0.17s teval=0.00s
NetworkWithTTFS(net=NoDelayLayerNetwork(iw=Array(0.05612162, dtype=float64), rw=Array(2.21401626, dtype=float64)))
TRAIN 301 L=79.596 ttrain=0.17s teval=0.00s
NetworkWithTTFS(net=NoDelayLayerNetwork(iw=Array(0.03548977, dtype=float64), rw=Array(2.04367318, dtype=float64)))
TRAIN 302 L=104.672 ttrain=0.17s teval=0.00s
NetworkWithTTFS(net=NoDelayLayerNetwork(iw=Array(0.06679784, dtype=float64), rw=Array(2.97608887, dtype=float64)))
TRAIN 303 L=89.250 ttrain=0.17s teval=0.00s
NetworkWithTTFS(net=NoDelayLayerNetwork(iw=Array(0.04044825, dtype=float64), rw=Array(2.83633324, dtype=float64)))
TRAIN 304 L=91.033 ttrain=0.17s teval=0.00s
NetworkWithTTFS(net=NoDelayLayerNetwork(iw=Array(0.15730409, dtype=float64), rw=Array(2.39709987, dtype=float64)))
TRAIN 305 L=76.798 ttrain=0.17s teval=0.00s
NetworkWithTTFS(net=NoDelayLayerNetwork(iw=Array(0.07048891, dtype=float64), rw=Array(1.97532086, dtype=float64)))
TRAIN 306 L=81.734 ttrain=0.17s teval=0.00s
NetworkWithTTFS(net=NoDelayLayerNetwork(iw=Array(0.09664753, dtype=float64), rw=Array(1.93816465, dtype=float64)))
TRAIN 307 L=88.192 ttrain=0.17s teval=0.00s
NetworkWithTTFS(net=NoDelayLayerNetwork(iw=Array(0.08638474, dtype=float64), rw=Array(2.16887921, dtype=float64)))
TRAIN 308 L=92.890 ttrain=0.17s teval=0.00s
NetworkWithTTFS(net=NoDelayLayerNetwork(iw=Array(0.09121261, dtype=float64), rw=Array(2.42482787, dtype=float64)))
TRAIN 309 L=86.064 ttrain=0.17s teval=0.00s
NetworkWithTTFS(net=NoDelayLayerNetwork(iw=Array(0.11161343, dtype=float64), rw=Array(2.2531738, dtype=float64)))
TRAIN 310 L=93.561 ttrain=0.17s teval=0.00s
NetworkWithTTFS(net=NoDelayLayerNetwork(iw=Array(0.06527042, dtype=float64), rw=Array(2.21497493, dtype=float64)))
TRAIN 311 L=94.694 ttrain=0.17s teval=0.00s
NetworkWithTTFS(net=NoDelayLayerNetwork(iw=Array(0.16211612, dtype=float64), rw=Array(2.27981586, dtype=float64)))
TRAIN 312 L=99.775 ttrain=0.17s teval=0.00s
NetworkWithTTFS(net=NoDelayLayerNetwork(iw=Array(0.07160348, dtype=float64), rw=Array(2.67885197, dtype=float64)))
TRAIN 313 L=92.371 ttrain=0.17s teval=0.00s
NetworkWithTTFS(net=NoDelayLayerNetwork(iw=Array(0.11882862, dtype=float64), rw=Array(2.68051691, dtype=float64)))
TRAIN 314 L=106.099 ttrain=0.17s teval=0.00s
NetworkWithTTFS(net=NoDelayLayerNetwork(iw=Array(0.07127574, dtype=float64), rw=Array(2.72059581, dtype=float64)))
TRAIN 315 L=77.832 ttrain=0.17s teval=0.00s
NetworkWithTTFS(net=NoDelayLayerNetwork(iw=Array(0.07001022, dtype=float64), rw=Array(1.95714054, dtype=float64)))
TRAIN 316 L=80.779 ttrain=0.17s teval=0.00s
NetworkWithTTFS(net=NoDelayLayerNetwork(iw=Array(0.07466725, dtype=float64), rw=Array(1.91313204, dtype=float64)))
TRAIN 317 L=84.454 ttrain=0.17s teval=0.00s
NetworkWithTTFS(net=NoDelayLayerNetwork(iw=Array(0.10702819, dtype=float64), rw=Array(2.2122276, dtype=float64)))
TRAIN 318 L=88.638 ttrain=0.17s teval=0.00s
NetworkWithTTFS(net=NoDelayLayerNetwork(iw=Array(0.12114191, dtype=float64), rw=Array(2.17863424, dtype=float64)))
TRAIN 319 L=95.907 ttrain=0.17s teval=0.00s
NetworkWithTTFS(net=NoDelayLayerNetwork(iw=Array(0.0669616, dtype=float64), rw=Array(2.81577931, dtype=float64)))
TRAIN 320 L=98.036 ttrain=0.17s teval=0.00s
NetworkWithTTFS(net=NoDelayLayerNetwork(iw=Array(0.04029201, dtype=float64), rw=Array(3.16228126, dtype=float64)))
TRAIN 321 L=71.930 ttrain=0.17s teval=0.00s
NetworkWithTTFS(net=NoDelayLayerNetwork(iw=Array(0.07607778, dtype=float64), rw=Array(1.94811201, dtype=float64)))
TRAIN 322 L=77.326 ttrain=0.17s teval=0.00s
NetworkWithTTFS(net=NoDelayLayerNetwork(iw=Array(0.14578712, dtype=float64), rw=Array(2.40476078, dtype=float64)))
TRAIN 323 L=83.130 ttrain=0.17s teval=0.00s
NetworkWithTTFS(net=NoDelayLayerNetwork(iw=Array(0.06230742, dtype=float64), rw=Array(2.62171528, dtype=float64)))
TRAIN 324 L=79.650 ttrain=0.17s teval=0.00s
NetworkWithTTFS(net=NoDelayLayerNetwork(iw=Array(0.11959222, dtype=float64), rw=Array(2.30516619, dtype=float64)))
TRAIN 325 L=84.575 ttrain=0.17s teval=0.00s
NetworkWithTTFS(net=NoDelayLayerNetwork(iw=Array(0.0513782, dtype=float64), rw=Array(2.23874332, dtype=float64)))
TRAIN 326 L=74.117 ttrain=0.17s teval=0.00s
NetworkWithTTFS(net=NoDelayLayerNetwork(iw=Array(0.12023289, dtype=float64), rw=Array(2.06381067, dtype=float64)))
TRAIN 327 L=78.592 ttrain=0.17s teval=0.00s
NetworkWithTTFS(net=NoDelayLayerNetwork(iw=Array(0.11712242, dtype=float64), rw=Array(2.09931826, dtype=float64)))
TRAIN 328 L=79.005 ttrain=0.17s teval=0.00s
NetworkWithTTFS(net=NoDelayLayerNetwork(iw=Array(0.15294518, dtype=float64), rw=Array(2.08943685, dtype=float64)))
TRAIN 329 L=77.454 ttrain=0.17s teval=0.00s
NetworkWithTTFS(net=NoDelayLayerNetwork(iw=Array(0.08059978, dtype=float64), rw=Array(2.21823272, dtype=float64)))
TRAIN 330 L=87.979 ttrain=0.17s teval=0.00s
NetworkWithTTFS(net=NoDelayLayerNetwork(iw=Array(0.05416687, dtype=float64), rw=Array(2.35517067, dtype=float64)))
TRAIN 331 L=76.285 ttrain=0.17s teval=0.00s
NetworkWithTTFS(net=NoDelayLayerNetwork(iw=Array(0.0959719, dtype=float64), rw=Array(2.01916145, dtype=float64)))
TRAIN 332 L=78.059 ttrain=0.17s teval=0.00s
NetworkWithTTFS(net=NoDelayLayerNetwork(iw=Array(0.08578273, dtype=float64), rw=Array(1.96627323, dtype=float64)))
TRAIN 333 L=77.841 ttrain=0.17s teval=0.00s
NetworkWithTTFS(net=NoDelayLayerNetwork(iw=Array(0.12953808, dtype=float64), rw=Array(2.04676524, dtype=float64)))
TRAIN 334 L=65.632 ttrain=0.17s teval=0.00s
NetworkWithTTFS(net=NoDelayLayerNetwork(iw=Array(0.09293633, dtype=float64), rw=Array(1.90688299, dtype=float64)))
TRAIN 335 L=89.579 ttrain=0.17s teval=0.00s
NetworkWithTTFS(net=NoDelayLayerNetwork(iw=Array(0.17202572, dtype=float64), rw=Array(2.61324723, dtype=float64)))
TRAIN 336 L=80.624 ttrain=0.17s teval=0.00s
NetworkWithTTFS(net=NoDelayLayerNetwork(iw=Array(0.14272061, dtype=float64), rw=Array(2.41646303, dtype=float64)))
TRAIN 337 L=74.321 ttrain=0.17s teval=0.00s
NetworkWithTTFS(net=NoDelayLayerNetwork(iw=Array(0.09867432, dtype=float64), rw=Array(1.68052653, dtype=float64)))
TRAIN 338 L=82.428 ttrain=0.17s teval=0.00s
NetworkWithTTFS(net=NoDelayLayerNetwork(iw=Array(0.11993287, dtype=float64), rw=Array(2.73009435, dtype=float64)))
TRAIN 339 L=86.024 ttrain=0.17s teval=0.00s
NetworkWithTTFS(net=NoDelayLayerNetwork(iw=Array(0.07797938, dtype=float64), rw=Array(2.93841756, dtype=float64)))
TRAIN 340 L=80.362 ttrain=0.17s teval=0.00s
NetworkWithTTFS(net=NoDelayLayerNetwork(iw=Array(0.09576528, dtype=float64), rw=Array(2.18847367, dtype=float64)))
TRAIN 341 L=76.450 ttrain=0.17s teval=0.00s
NetworkWithTTFS(net=NoDelayLayerNetwork(iw=Array(0.04440043, dtype=float64), rw=Array(2.55958838, dtype=float64)))
TRAIN 342 L=84.009 ttrain=0.17s teval=0.00s
NetworkWithTTFS(net=NoDelayLayerNetwork(iw=Array(0.06126683, dtype=float64), rw=Array(2.49850318, dtype=float64)))
TRAIN 343 L=80.712 ttrain=0.17s teval=0.00s
NetworkWithTTFS(net=NoDelayLayerNetwork(iw=Array(0.05329508, dtype=float64), rw=Array(2.54515974, dtype=float64)))
TRAIN 344 L=72.192 ttrain=0.17s teval=0.00s
NetworkWithTTFS(net=NoDelayLayerNetwork(iw=Array(0.1082597, dtype=float64), rw=Array(2.54211379, dtype=float64)))
TRAIN 345 L=74.922 ttrain=0.17s teval=0.00s
NetworkWithTTFS(net=NoDelayLayerNetwork(iw=Array(0.07036326, dtype=float64), rw=Array(2.35185484, dtype=float64)))
TRAIN 346 L=68.396 ttrain=0.17s teval=0.00s
NetworkWithTTFS(net=NoDelayLayerNetwork(iw=Array(0.05387875, dtype=float64), rw=Array(2.0860873, dtype=float64)))
TRAIN 347 L=69.104 ttrain=0.17s teval=0.00s
NetworkWithTTFS(net=NoDelayLayerNetwork(iw=Array(0.15453992, dtype=float64), rw=Array(2.20831652, dtype=float64)))
TRAIN 348 L=67.063 ttrain=0.17s teval=0.00s
NetworkWithTTFS(net=NoDelayLayerNetwork(iw=Array(0.10363367, dtype=float64), rw=Array(1.54308567, dtype=float64)))
TRAIN 349 L=72.556 ttrain=0.17s teval=0.00s
NetworkWithTTFS(net=NoDelayLayerNetwork(iw=Array(0.09262337, dtype=float64), rw=Array(2.39287031, dtype=float64)))
TRAIN 350 L=64.153 ttrain=0.17s teval=0.00s
NetworkWithTTFS(net=NoDelayLayerNetwork(iw=Array(0.06260789, dtype=float64), rw=Array(1.70653428, dtype=float64)))
TRAIN 351 L=73.393 ttrain=0.17s teval=0.00s
NetworkWithTTFS(net=NoDelayLayerNetwork(iw=Array(0.15347236, dtype=float64), rw=Array(1.98726261, dtype=float64)))
TRAIN 352 L=67.610 ttrain=0.17s teval=0.00s
NetworkWithTTFS(net=NoDelayLayerNetwork(iw=Array(0.0480674, dtype=float64), rw=Array(2.29529293, dtype=float64)))
TRAIN 353 L=70.970 ttrain=0.17s teval=0.00s
NetworkWithTTFS(net=NoDelayLayerNetwork(iw=Array(0.2023347, dtype=float64), rw=Array(2.09172239, dtype=float64)))
TRAIN 354 L=64.445 ttrain=0.17s teval=0.00s
NetworkWithTTFS(net=NoDelayLayerNetwork(iw=Array(0.09256922, dtype=float64), rw=Array(2.39927577, dtype=float64)))
TRAIN 355 L=63.712 ttrain=0.17s teval=0.00s
NetworkWithTTFS(net=NoDelayLayerNetwork(iw=Array(0.04444344, dtype=float64), rw=Array(1.77803352, dtype=float64)))
TRAIN 356 L=72.654 ttrain=0.17s teval=0.00s
NetworkWithTTFS(net=NoDelayLayerNetwork(iw=Array(0.11710989, dtype=float64), rw=Array(1.94137937, dtype=float64)))
TRAIN 357 L=62.020 ttrain=0.17s teval=0.00s
NetworkWithTTFS(net=NoDelayLayerNetwork(iw=Array(0.09010326, dtype=float64), rw=Array(1.75153289, dtype=float64)))
TRAIN 358 L=58.001 ttrain=0.17s teval=0.00s
NetworkWithTTFS(net=NoDelayLayerNetwork(iw=Array(0.13774995, dtype=float64), rw=Array(1.76481519, dtype=float64)))
TRAIN 359 L=70.530 ttrain=0.17s teval=0.00s
NetworkWithTTFS(net=NoDelayLayerNetwork(iw=Array(0.05842466, dtype=float64), rw=Array(1.87579306, dtype=float64)))
TRAIN 360 L=58.961 ttrain=0.17s teval=0.00s
NetworkWithTTFS(net=NoDelayLayerNetwork(iw=Array(0.18091003, dtype=float64), rw=Array(1.50612236, dtype=float64)))
TRAIN 361 L=67.872 ttrain=0.17s teval=0.00s
NetworkWithTTFS(net=NoDelayLayerNetwork(iw=Array(0.11941942, dtype=float64), rw=Array(2.05150951, dtype=float64)))
TRAIN 362 L=60.921 ttrain=0.17s teval=0.00s
NetworkWithTTFS(net=NoDelayLayerNetwork(iw=Array(0.16587388, dtype=float64), rw=Array(1.86203362, dtype=float64)))
TRAIN 363 L=53.526 ttrain=0.17s teval=0.00s
NetworkWithTTFS(net=NoDelayLayerNetwork(iw=Array(0.08754264, dtype=float64), rw=Array(1.98306828, dtype=float64)))
TRAIN 364 L=53.628 ttrain=0.17s teval=0.00s
NetworkWithTTFS(net=NoDelayLayerNetwork(iw=Array(0.15720871, dtype=float64), rw=Array(1.61225579, dtype=float64)))
TRAIN 365 L=65.468 ttrain=0.17s teval=0.00s
NetworkWithTTFS(net=NoDelayLayerNetwork(iw=Array(0.08950478, dtype=float64), rw=Array(1.71463014, dtype=float64)))
TRAIN 366 L=66.054 ttrain=0.17s teval=0.00s
NetworkWithTTFS(net=NoDelayLayerNetwork(iw=Array(0.11781718, dtype=float64), rw=Array(1.82319368, dtype=float64)))
TRAIN 367 L=62.277 ttrain=0.17s teval=0.00s
NetworkWithTTFS(net=NoDelayLayerNetwork(iw=Array(0.17606031, dtype=float64), rw=Array(2.14338452, dtype=float64)))
TRAIN 368 L=63.601 ttrain=0.17s teval=0.00s
NetworkWithTTFS(net=NoDelayLayerNetwork(iw=Array(0.06076369, dtype=float64), rw=Array(2.22600229, dtype=float64)))
TRAIN 369 L=64.526 ttrain=0.17s teval=0.00s
NetworkWithTTFS(net=NoDelayLayerNetwork(iw=Array(0.17167289, dtype=float64), rw=Array(1.96709564, dtype=float64)))
TRAIN 370 L=55.589 ttrain=0.17s teval=0.00s
NetworkWithTTFS(net=NoDelayLayerNetwork(iw=Array(0.1449152, dtype=float64), rw=Array(1.64432337, dtype=float64)))
TRAIN 371 L=58.446 ttrain=0.17s teval=0.00s
NetworkWithTTFS(net=NoDelayLayerNetwork(iw=Array(0.06332687, dtype=float64), rw=Array(1.93245139, dtype=float64)))
TRAIN 372 L=62.655 ttrain=0.17s teval=0.00s
NetworkWithTTFS(net=NoDelayLayerNetwork(iw=Array(0.04718991, dtype=float64), rw=Array(2.29880952, dtype=float64)))
TRAIN 373 L=56.086 ttrain=0.17s teval=0.00s
NetworkWithTTFS(net=NoDelayLayerNetwork(iw=Array(0.38538887, dtype=float64), rw=Array(1.68612847, dtype=float64)))
TRAIN 374 L=57.326 ttrain=0.17s teval=0.00s
NetworkWithTTFS(net=NoDelayLayerNetwork(iw=Array(0.20549001, dtype=float64), rw=Array(1.97375666, dtype=float64)))
TRAIN 375 L=52.672 ttrain=0.17s teval=0.00s
NetworkWithTTFS(net=NoDelayLayerNetwork(iw=Array(0.19502348, dtype=float64), rw=Array(1.6987733, dtype=float64)))
TRAIN 376 L=55.726 ttrain=0.17s teval=0.00s
NetworkWithTTFS(net=NoDelayLayerNetwork(iw=Array(0.17117483, dtype=float64), rw=Array(2.28756586, dtype=float64)))
TRAIN 377 L=65.482 ttrain=0.17s teval=0.00s
NetworkWithTTFS(net=NoDelayLayerNetwork(iw=Array(0.05532889, dtype=float64), rw=Array(2.69733821, dtype=float64)))
TRAIN 378 L=54.282 ttrain=0.17s teval=0.00s
NetworkWithTTFS(net=NoDelayLayerNetwork(iw=Array(0.0368915, dtype=float64), rw=Array(1.55534015, dtype=float64)))
TRAIN 379 L=58.180 ttrain=0.17s teval=0.00s
NetworkWithTTFS(net=NoDelayLayerNetwork(iw=Array(0.05555624, dtype=float64), rw=Array(1.82351257, dtype=float64)))
TRAIN 380 L=56.819 ttrain=0.17s teval=0.00s
NetworkWithTTFS(net=NoDelayLayerNetwork(iw=Array(0.05081408, dtype=float64), rw=Array(2.14704455, dtype=float64)))
TRAIN 381 L=49.700 ttrain=0.17s teval=0.00s
NetworkWithTTFS(net=NoDelayLayerNetwork(iw=Array(0.14351816, dtype=float64), rw=Array(2.00732551, dtype=float64)))
TRAIN 382 L=56.002 ttrain=0.17s teval=0.00s
NetworkWithTTFS(net=NoDelayLayerNetwork(iw=Array(0.04763686, dtype=float64), rw=Array(1.97559947, dtype=float64)))
TRAIN 383 L=53.846 ttrain=0.17s teval=0.00s
NetworkWithTTFS(net=NoDelayLayerNetwork(iw=Array(0.05395209, dtype=float64), rw=Array(1.65888101, dtype=float64)))
TRAIN 384 L=59.415 ttrain=0.17s teval=0.00s
NetworkWithTTFS(net=NoDelayLayerNetwork(iw=Array(0.02955415, dtype=float64), rw=Array(2.13119539, dtype=float64)))
TRAIN 385 L=59.068 ttrain=0.17s teval=0.00s
NetworkWithTTFS(net=NoDelayLayerNetwork(iw=Array(0.05868569, dtype=float64), rw=Array(1.8394233, dtype=float64)))
TRAIN 386 L=54.402 ttrain=0.17s teval=0.00s
NetworkWithTTFS(net=NoDelayLayerNetwork(iw=Array(0.02479445, dtype=float64), rw=Array(1.92199062, dtype=float64)))
TRAIN 387 L=49.535 ttrain=0.17s teval=0.00s
NetworkWithTTFS(net=NoDelayLayerNetwork(iw=Array(0.05571086, dtype=float64), rw=Array(1.82028555, dtype=float64)))
TRAIN 388 L=55.872 ttrain=0.17s teval=0.00s
NetworkWithTTFS(net=NoDelayLayerNetwork(iw=Array(0.24300999, dtype=float64), rw=Array(2.52717683, dtype=float64)))
TRAIN 389 L=59.429 ttrain=0.17s teval=0.00s
NetworkWithTTFS(net=NoDelayLayerNetwork(iw=Array(0.06456717, dtype=float64), rw=Array(2.38277655, dtype=float64)))
TRAIN 390 L=62.180 ttrain=0.17s teval=0.00s
NetworkWithTTFS(net=NoDelayLayerNetwork(iw=Array(0.05229285, dtype=float64), rw=Array(2.1082448, dtype=float64)))
TRAIN 391 L=51.863 ttrain=0.17s teval=0.00s
NetworkWithTTFS(net=NoDelayLayerNetwork(iw=Array(0.0858628, dtype=float64), rw=Array(1.52521283, dtype=float64)))
TRAIN 392 L=50.001 ttrain=0.17s teval=0.00s
NetworkWithTTFS(net=NoDelayLayerNetwork(iw=Array(0.04504307, dtype=float64), rw=Array(1.99416309, dtype=float64)))
TRAIN 393 L=52.424 ttrain=0.17s teval=0.00s
NetworkWithTTFS(net=NoDelayLayerNetwork(iw=Array(0.048422, dtype=float64), rw=Array(1.56106297, dtype=float64)))
TRAIN 394 L=58.295 ttrain=0.17s teval=0.00s
NetworkWithTTFS(net=NoDelayLayerNetwork(iw=Array(0.04772994, dtype=float64), rw=Array(1.82781737, dtype=float64)))
TRAIN 395 L=46.592 ttrain=0.17s teval=0.00s
NetworkWithTTFS(net=NoDelayLayerNetwork(iw=Array(0.03771471, dtype=float64), rw=Array(1.98604285, dtype=float64)))
TRAIN 396 L=47.251 ttrain=0.17s teval=0.00s
NetworkWithTTFS(net=NoDelayLayerNetwork(iw=Array(0.04019789, dtype=float64), rw=Array(2.07399915, dtype=float64)))
TRAIN 397 L=42.490 ttrain=0.17s teval=0.00s
NetworkWithTTFS(net=NoDelayLayerNetwork(iw=Array(0.02976659, dtype=float64), rw=Array(1.72705415, dtype=float64)))
TRAIN 398 L=50.975 ttrain=0.17s teval=0.00s
NetworkWithTTFS(net=NoDelayLayerNetwork(iw=Array(0.03551994, dtype=float64), rw=Array(1.84231643, dtype=float64)))
TRAIN 399 L=49.690 ttrain=0.17s teval=0.00s
NetworkWithTTFS(net=NoDelayLayerNetwork(iw=Array(0.04386169, dtype=float64), rw=Array(2.09228683, dtype=float64)))
TEST
FREQ 0.0008326394671107411 0.0008326394671107413 0.0008326394671107414
FREQtrain 0.0008326394671107411 0.0008326394671107413 0.0008326394671107414
TOP1 46.70139 TOP2 83.333336 TOP2Diff 7.8603896103896105 LOSS 41.429371754022675
TOP1train 40.538193 TOP2train 84.28819 TOP2trainDiff 7.555555555555555
(Array([ 86,  91, 328, 333], dtype=int64), Array([0, 0, 0, 0], dtype=int64))
TRAIN 400 L=57.836 ttrain=0.17s teval=0.74s
NetworkWithTTFS(net=NoDelayLayerNetwork(iw=Array(0.06723714, dtype=float64), rw=Array(1.81382865, dtype=float64)))
TRAIN 401 L=47.970 ttrain=0.17s teval=0.00s
NetworkWithTTFS(net=NoDelayLayerNetwork(iw=Array(0.03564873, dtype=float64), rw=Array(1.72523479, dtype=float64)))
TRAIN 402 L=44.659 ttrain=0.17s teval=0.00s
NetworkWithTTFS(net=NoDelayLayerNetwork(iw=Array(0.04476187, dtype=float64), rw=Array(1.6140034, dtype=float64)))
TRAIN 403 L=42.402 ttrain=0.17s teval=0.00s
NetworkWithTTFS(net=NoDelayLayerNetwork(iw=Array(0.05584187, dtype=float64), rw=Array(1.44192527, dtype=float64)))
TRAIN 404 L=55.859 ttrain=0.17s teval=0.00s
NetworkWithTTFS(net=NoDelayLayerNetwork(iw=Array(0.10856822, dtype=float64), rw=Array(1.56981639, dtype=float64)))
TRAIN 405 L=49.505 ttrain=0.17s teval=0.00s
NetworkWithTTFS(net=NoDelayLayerNetwork(iw=Array(0.03402736, dtype=float64), rw=Array(1.93112354, dtype=float64)))
TRAIN 406 L=51.979 ttrain=0.17s teval=0.00s
NetworkWithTTFS(net=NoDelayLayerNetwork(iw=Array(0.01665903, dtype=float64), rw=Array(1.63340626, dtype=float64)))
TRAIN 407 L=46.398 ttrain=0.17s teval=0.00s
NetworkWithTTFS(net=NoDelayLayerNetwork(iw=Array(0.02895783, dtype=float64), rw=Array(1.55453, dtype=float64)))
TRAIN 408 L=48.308 ttrain=0.17s teval=0.00s
NetworkWithTTFS(net=NoDelayLayerNetwork(iw=Array(0.03386954, dtype=float64), rw=Array(1.78861015, dtype=float64)))
TRAIN 409 L=45.598 ttrain=0.17s teval=0.00s
NetworkWithTTFS(net=NoDelayLayerNetwork(iw=Array(0.02222586, dtype=float64), rw=Array(1.61552655, dtype=float64)))
TRAIN 410 L=49.918 ttrain=0.17s teval=0.00s
NetworkWithTTFS(net=NoDelayLayerNetwork(iw=Array(0.09275641, dtype=float64), rw=Array(1.69089999, dtype=float64)))
TRAIN 411 L=42.553 ttrain=0.17s teval=0.00s
NetworkWithTTFS(net=NoDelayLayerNetwork(iw=Array(0.07360646, dtype=float64), rw=Array(1.07280156, dtype=float64)))
TRAIN 412 L=49.899 ttrain=0.17s teval=0.00s
NetworkWithTTFS(net=NoDelayLayerNetwork(iw=Array(0.02944895, dtype=float64), rw=Array(1.11436043, dtype=float64)))
TRAIN 413 L=40.468 ttrain=0.17s teval=0.00s
NetworkWithTTFS(net=NoDelayLayerNetwork(iw=Array(0.01799754, dtype=float64), rw=Array(1.28535974, dtype=float64)))
TRAIN 414 L=36.814 ttrain=0.17s teval=0.00s
NetworkWithTTFS(net=NoDelayLayerNetwork(iw=Array(0.02698902, dtype=float64), rw=Array(1.4944559, dtype=float64)))
TRAIN 415 L=42.131 ttrain=0.17s teval=0.00s
NetworkWithTTFS(net=NoDelayLayerNetwork(iw=Array(0.05181818, dtype=float64), rw=Array(1.32034323, dtype=float64)))
TRAIN 416 L=36.011 ttrain=0.17s teval=0.00s
NetworkWithTTFS(net=NoDelayLayerNetwork(iw=Array(0.01514199, dtype=float64), rw=Array(0.88002599, dtype=float64)))
TRAIN 417 L=38.646 ttrain=0.17s teval=0.00s
NetworkWithTTFS(net=NoDelayLayerNetwork(iw=Array(0.02655338, dtype=float64), rw=Array(0.84093016, dtype=float64)))
TRAIN 418 L=42.122 ttrain=0.17s teval=0.00s
NetworkWithTTFS(net=NoDelayLayerNetwork(iw=Array(0.04419634, dtype=float64), rw=Array(1.10209542, dtype=float64)))
TRAIN 419 L=38.878 ttrain=0.17s teval=0.00s
NetworkWithTTFS(net=NoDelayLayerNetwork(iw=Array(0.02607222, dtype=float64), rw=Array(1.17791635, dtype=float64)))
TRAIN 420 L=39.763 ttrain=0.17s teval=0.00s
NetworkWithTTFS(net=NoDelayLayerNetwork(iw=Array(0.02129385, dtype=float64), rw=Array(1.31546448, dtype=float64)))
TRAIN 421 L=39.207 ttrain=0.17s teval=0.00s
NetworkWithTTFS(net=NoDelayLayerNetwork(iw=Array(0.03517561, dtype=float64), rw=Array(0.87358697, dtype=float64)))
TRAIN 422 L=39.940 ttrain=0.17s teval=0.00s
NetworkWithTTFS(net=NoDelayLayerNetwork(iw=Array(0.0232919, dtype=float64), rw=Array(1.2179425, dtype=float64)))
TRAIN 423 L=36.153 ttrain=0.17s teval=0.00s
NetworkWithTTFS(net=NoDelayLayerNetwork(iw=Array(0.05283782, dtype=float64), rw=Array(1.50425755, dtype=float64)))
TRAIN 424 L=40.944 ttrain=0.17s teval=0.00s
NetworkWithTTFS(net=NoDelayLayerNetwork(iw=Array(0.02323944, dtype=float64), rw=Array(1.36523926, dtype=float64)))
TRAIN 425 L=33.980 ttrain=0.17s teval=0.00s
NetworkWithTTFS(net=NoDelayLayerNetwork(iw=Array(0.02877361, dtype=float64), rw=Array(1.30761571, dtype=float64)))
TRAIN 426 L=40.593 ttrain=0.17s teval=0.00s
NetworkWithTTFS(net=NoDelayLayerNetwork(iw=Array(0.02001793, dtype=float64), rw=Array(1.37298424, dtype=float64)))
TRAIN 427 L=35.207 ttrain=0.17s teval=0.00s
NetworkWithTTFS(net=NoDelayLayerNetwork(iw=Array(0.01153762, dtype=float64), rw=Array(1.27763926, dtype=float64)))
TRAIN 428 L=37.157 ttrain=0.17s teval=0.00s
NetworkWithTTFS(net=NoDelayLayerNetwork(iw=Array(0.09486167, dtype=float64), rw=Array(1.30870633, dtype=float64)))
TRAIN 429 L=40.962 ttrain=0.17s teval=0.00s
NetworkWithTTFS(net=NoDelayLayerNetwork(iw=Array(0.03441283, dtype=float64), rw=Array(1.45928091, dtype=float64)))
TRAIN 430 L=34.193 ttrain=0.17s teval=0.00s
NetworkWithTTFS(net=NoDelayLayerNetwork(iw=Array(0.0237592, dtype=float64), rw=Array(0.68870546, dtype=float64)))
TRAIN 431 L=34.780 ttrain=0.17s teval=0.00s
NetworkWithTTFS(net=NoDelayLayerNetwork(iw=Array(0.06256564, dtype=float64), rw=Array(1.03429075, dtype=float64)))
TRAIN 432 L=33.407 ttrain=0.17s teval=0.00s
NetworkWithTTFS(net=NoDelayLayerNetwork(iw=Array(0.04214497, dtype=float64), rw=Array(1.18666837, dtype=float64)))
TRAIN 433 L=40.457 ttrain=0.17s teval=0.00s
NetworkWithTTFS(net=NoDelayLayerNetwork(iw=Array(0.02187542, dtype=float64), rw=Array(0.85734701, dtype=float64)))
TRAIN 434 L=38.460 ttrain=0.17s teval=0.00s
NetworkWithTTFS(net=NoDelayLayerNetwork(iw=Array(0.04782292, dtype=float64), rw=Array(1.15962094, dtype=float64)))
TRAIN 435 L=35.937 ttrain=0.17s teval=0.00s
NetworkWithTTFS(net=NoDelayLayerNetwork(iw=Array(0.01854619, dtype=float64), rw=Array(0.97550114, dtype=float64)))
TRAIN 436 L=32.598 ttrain=0.17s teval=0.00s
NetworkWithTTFS(net=NoDelayLayerNetwork(iw=Array(0.02191534, dtype=float64), rw=Array(1.32243893, dtype=float64)))
TRAIN 437 L=40.021 ttrain=0.17s teval=0.00s
NetworkWithTTFS(net=NoDelayLayerNetwork(iw=Array(0.02333771, dtype=float64), rw=Array(1.07221133, dtype=float64)))
TRAIN 438 L=33.145 ttrain=0.17s teval=0.00s
NetworkWithTTFS(net=NoDelayLayerNetwork(iw=Array(0.02043924, dtype=float64), rw=Array(1.13293704, dtype=float64)))
TRAIN 439 L=25.324 ttrain=0.17s teval=0.00s
NetworkWithTTFS(net=NoDelayLayerNetwork(iw=Array(0.01824035, dtype=float64), rw=Array(0.92300021, dtype=float64)))
TRAIN 440 L=26.963 ttrain=0.17s teval=0.00s
NetworkWithTTFS(net=NoDelayLayerNetwork(iw=Array(0.02053514, dtype=float64), rw=Array(1.11991928, dtype=float64)))
TRAIN 441 L=32.533 ttrain=0.17s teval=0.00s
NetworkWithTTFS(net=NoDelayLayerNetwork(iw=Array(0.0264463, dtype=float64), rw=Array(0.80862601, dtype=float64)))
TRAIN 442 L=32.287 ttrain=0.17s teval=0.00s
NetworkWithTTFS(net=NoDelayLayerNetwork(iw=Array(0.01583517, dtype=float64), rw=Array(0.91059069, dtype=float64)))
TRAIN 443 L=31.990 ttrain=0.17s teval=0.00s
NetworkWithTTFS(net=NoDelayLayerNetwork(iw=Array(0.02406376, dtype=float64), rw=Array(1.06655023, dtype=float64)))
TRAIN 444 L=30.469 ttrain=0.17s teval=0.00s
NetworkWithTTFS(net=NoDelayLayerNetwork(iw=Array(0.02791966, dtype=float64), rw=Array(1.19665137, dtype=float64)))
TRAIN 445 L=37.771 ttrain=0.17s teval=0.00s
NetworkWithTTFS(net=NoDelayLayerNetwork(iw=Array(0.03341049, dtype=float64), rw=Array(0.97962599, dtype=float64)))
TRAIN 446 L=33.296 ttrain=0.17s teval=0.00s
NetworkWithTTFS(net=NoDelayLayerNetwork(iw=Array(0.02762755, dtype=float64), rw=Array(1.20886248, dtype=float64)))
TRAIN 447 L=32.457 ttrain=0.17s teval=0.00s
NetworkWithTTFS(net=NoDelayLayerNetwork(iw=Array(0.11154892, dtype=float64), rw=Array(0.94991384, dtype=float64)))
TRAIN 448 L=32.216 ttrain=0.17s teval=0.00s
NetworkWithTTFS(net=NoDelayLayerNetwork(iw=Array(0.05616883, dtype=float64), rw=Array(0.96710904, dtype=float64)))
TRAIN 449 L=32.403 ttrain=0.17s teval=0.00s
NetworkWithTTFS(net=NoDelayLayerNetwork(iw=Array(0.04688952, dtype=float64), rw=Array(1.14174885, dtype=float64)))
TRAIN 450 L=32.932 ttrain=0.17s teval=0.00s
NetworkWithTTFS(net=NoDelayLayerNetwork(iw=Array(0.05522688, dtype=float64), rw=Array(1.22050178, dtype=float64)))
TRAIN 451 L=28.626 ttrain=0.17s teval=0.00s
NetworkWithTTFS(net=NoDelayLayerNetwork(iw=Array(0.02211408, dtype=float64), rw=Array(0.7460517, dtype=float64)))
TRAIN 452 L=34.833 ttrain=0.17s teval=0.00s
NetworkWithTTFS(net=NoDelayLayerNetwork(iw=Array(0.03571536, dtype=float64), rw=Array(0.88943185, dtype=float64)))
TRAIN 453 L=36.313 ttrain=0.17s teval=0.00s
NetworkWithTTFS(net=NoDelayLayerNetwork(iw=Array(0.01818738, dtype=float64), rw=Array(1.07611386, dtype=float64)))
TRAIN 454 L=32.798 ttrain=0.17s teval=0.00s
NetworkWithTTFS(net=NoDelayLayerNetwork(iw=Array(0.02458641, dtype=float64), rw=Array(0.89171929, dtype=float64)))
TRAIN 455 L=31.202 ttrain=0.17s teval=0.00s
NetworkWithTTFS(net=NoDelayLayerNetwork(iw=Array(0.02014409, dtype=float64), rw=Array(0.84269152, dtype=float64)))
TRAIN 456 L=28.549 ttrain=0.17s teval=0.00s
NetworkWithTTFS(net=NoDelayLayerNetwork(iw=Array(0.0202237, dtype=float64), rw=Array(1.01231616, dtype=float64)))
TRAIN 457 L=35.061 ttrain=0.17s teval=0.00s
NetworkWithTTFS(net=NoDelayLayerNetwork(iw=Array(0.05049755, dtype=float64), rw=Array(1.00196858, dtype=float64)))
TRAIN 458 L=28.083 ttrain=0.17s teval=0.00s
NetworkWithTTFS(net=NoDelayLayerNetwork(iw=Array(0.0489007, dtype=float64), rw=Array(0.72469841, dtype=float64)))
TRAIN 459 L=28.053 ttrain=0.17s teval=0.00s
NetworkWithTTFS(net=NoDelayLayerNetwork(iw=Array(0.0256136, dtype=float64), rw=Array(1.05643659, dtype=float64)))
TRAIN 460 L=26.233 ttrain=0.17s teval=0.00s
NetworkWithTTFS(net=NoDelayLayerNetwork(iw=Array(0.01437923, dtype=float64), rw=Array(0.61909509, dtype=float64)))
TRAIN 461 L=33.141 ttrain=0.17s teval=0.00s
NetworkWithTTFS(net=NoDelayLayerNetwork(iw=Array(0.02956129, dtype=float64), rw=Array(0.89450081, dtype=float64)))
TRAIN 462 L=32.705 ttrain=0.17s teval=0.00s
NetworkWithTTFS(net=NoDelayLayerNetwork(iw=Array(0.03648658, dtype=float64), rw=Array(1.32214589, dtype=float64)))
TRAIN 463 L=27.327 ttrain=0.17s teval=0.00s
NetworkWithTTFS(net=NoDelayLayerNetwork(iw=Array(0.04201593, dtype=float64), rw=Array(0.89452508, dtype=float64)))
TRAIN 464 L=30.393 ttrain=0.17s teval=0.00s
NetworkWithTTFS(net=NoDelayLayerNetwork(iw=Array(0.04660525, dtype=float64), rw=Array(0.89017387, dtype=float64)))
TRAIN 465 L=25.753 ttrain=0.17s teval=0.00s
NetworkWithTTFS(net=NoDelayLayerNetwork(iw=Array(0.01519518, dtype=float64), rw=Array(0.68658878, dtype=float64)))
TRAIN 466 L=24.088 ttrain=0.17s teval=0.00s
NetworkWithTTFS(net=NoDelayLayerNetwork(iw=Array(0.08604312, dtype=float64), rw=Array(0.79992068, dtype=float64)))
TRAIN 467 L=28.065 ttrain=0.17s teval=0.00s
NetworkWithTTFS(net=NoDelayLayerNetwork(iw=Array(0.02155923, dtype=float64), rw=Array(0.89513107, dtype=float64)))
TRAIN 468 L=24.528 ttrain=0.17s teval=0.00s
NetworkWithTTFS(net=NoDelayLayerNetwork(iw=Array(0.06290892, dtype=float64), rw=Array(0.93262551, dtype=float64)))
TRAIN 469 L=27.158 ttrain=0.17s teval=0.00s
NetworkWithTTFS(net=NoDelayLayerNetwork(iw=Array(0.0313681, dtype=float64), rw=Array(0.76386737, dtype=float64)))
TRAIN 470 L=21.955 ttrain=0.17s teval=0.00s
NetworkWithTTFS(net=NoDelayLayerNetwork(iw=Array(0.03737883, dtype=float64), rw=Array(1.0773875, dtype=float64)))
TRAIN 471 L=30.653 ttrain=0.17s teval=0.00s
NetworkWithTTFS(net=NoDelayLayerNetwork(iw=Array(0.04079986, dtype=float64), rw=Array(0.86929679, dtype=float64)))
TRAIN 472 L=25.407 ttrain=0.17s teval=0.00s
NetworkWithTTFS(net=NoDelayLayerNetwork(iw=Array(0.02765091, dtype=float64), rw=Array(1.01573617, dtype=float64)))
TRAIN 473 L=32.719 ttrain=0.17s teval=0.00s
NetworkWithTTFS(net=NoDelayLayerNetwork(iw=Array(0.03412883, dtype=float64), rw=Array(0.89253633, dtype=float64)))
TRAIN 474 L=24.482 ttrain=0.17s teval=0.00s
NetworkWithTTFS(net=NoDelayLayerNetwork(iw=Array(0.02385481, dtype=float64), rw=Array(0.77726855, dtype=float64)))
TRAIN 475 L=26.275 ttrain=0.17s teval=0.00s
NetworkWithTTFS(net=NoDelayLayerNetwork(iw=Array(0.02238766, dtype=float64), rw=Array(1.07716648, dtype=float64)))
TRAIN 476 L=24.443 ttrain=0.17s teval=0.00s
NetworkWithTTFS(net=NoDelayLayerNetwork(iw=Array(0.0199774, dtype=float64), rw=Array(0.72031823, dtype=float64)))
TRAIN 477 L=25.428 ttrain=0.17s teval=0.00s
NetworkWithTTFS(net=NoDelayLayerNetwork(iw=Array(0.02242501, dtype=float64), rw=Array(0.78976778, dtype=float64)))
TRAIN 478 L=20.719 ttrain=0.17s teval=0.00s
NetworkWithTTFS(net=NoDelayLayerNetwork(iw=Array(0.02379193, dtype=float64), rw=Array(0.77309226, dtype=float64)))
TRAIN 479 L=27.487 ttrain=0.17s teval=0.00s
NetworkWithTTFS(net=NoDelayLayerNetwork(iw=Array(0.02752816, dtype=float64), rw=Array(0.85793735, dtype=float64)))
TRAIN 480 L=24.109 ttrain=0.17s teval=0.00s
NetworkWithTTFS(net=NoDelayLayerNetwork(iw=Array(0.02129134, dtype=float64), rw=Array(1.07993269, dtype=float64)))
TRAIN 481 L=19.293 ttrain=0.17s teval=0.00s
NetworkWithTTFS(net=NoDelayLayerNetwork(iw=Array(0.03539267, dtype=float64), rw=Array(0.62024229, dtype=float64)))
TRAIN 482 L=24.171 ttrain=0.17s teval=0.00s
NetworkWithTTFS(net=NoDelayLayerNetwork(iw=Array(0.0195007, dtype=float64), rw=Array(0.8323424, dtype=float64)))
TRAIN 483 L=21.607 ttrain=0.17s teval=0.00s
NetworkWithTTFS(net=NoDelayLayerNetwork(iw=Array(0.01718136, dtype=float64), rw=Array(0.65368925, dtype=float64)))
TRAIN 484 L=24.795 ttrain=0.17s teval=0.00s
NetworkWithTTFS(net=NoDelayLayerNetwork(iw=Array(0.024913, dtype=float64), rw=Array(0.75925011, dtype=float64)))
TRAIN 485 L=14.815 ttrain=0.17s teval=0.00s
NetworkWithTTFS(net=NoDelayLayerNetwork(iw=Array(0.02485333, dtype=float64), rw=Array(0.77706788, dtype=float64)))
TRAIN 486 L=23.789 ttrain=0.17s teval=0.00s
NetworkWithTTFS(net=NoDelayLayerNetwork(iw=Array(0.01183202, dtype=float64), rw=Array(0.74427487, dtype=float64)))
TRAIN 487 L=22.020 ttrain=0.17s teval=0.00s
NetworkWithTTFS(net=NoDelayLayerNetwork(iw=Array(0.02409165, dtype=float64), rw=Array(0.91742851, dtype=float64)))
TRAIN 488 L=19.812 ttrain=0.17s teval=0.00s
NetworkWithTTFS(net=NoDelayLayerNetwork(iw=Array(0.02953112, dtype=float64), rw=Array(0.95721971, dtype=float64)))
TRAIN 489 L=18.504 ttrain=0.17s teval=0.00s
NetworkWithTTFS(net=NoDelayLayerNetwork(iw=Array(0.05247165, dtype=float64), rw=Array(0.86538775, dtype=float64)))
TRAIN 490 L=20.216 ttrain=0.17s teval=0.00s
NetworkWithTTFS(net=NoDelayLayerNetwork(iw=Array(0.02878429, dtype=float64), rw=Array(0.75519627, dtype=float64)))
TRAIN 491 L=24.392 ttrain=0.17s teval=0.00s
NetworkWithTTFS(net=NoDelayLayerNetwork(iw=Array(0.03254183, dtype=float64), rw=Array(0.75434065, dtype=float64)))
TRAIN 492 L=21.903 ttrain=0.17s teval=0.00s
NetworkWithTTFS(net=NoDelayLayerNetwork(iw=Array(0.03676275, dtype=float64), rw=Array(0.76808477, dtype=float64)))
TRAIN 493 L=19.223 ttrain=0.17s teval=0.00s
NetworkWithTTFS(net=NoDelayLayerNetwork(iw=Array(0.0200313, dtype=float64), rw=Array(0.7386798, dtype=float64)))
TRAIN 494 L=22.685 ttrain=0.17s teval=0.00s
NetworkWithTTFS(net=NoDelayLayerNetwork(iw=Array(0.01417508, dtype=float64), rw=Array(0.61510184, dtype=float64)))
TRAIN 495 L=17.947 ttrain=0.17s teval=0.00s
NetworkWithTTFS(net=NoDelayLayerNetwork(iw=Array(0.01665941, dtype=float64), rw=Array(0.64835951, dtype=float64)))
TRAIN 496 L=20.929 ttrain=0.17s teval=0.00s
NetworkWithTTFS(net=NoDelayLayerNetwork(iw=Array(0.03945695, dtype=float64), rw=Array(0.67887183, dtype=float64)))
TRAIN 497 L=20.818 ttrain=0.17s teval=0.00s
NetworkWithTTFS(net=NoDelayLayerNetwork(iw=Array(0.02685922, dtype=float64), rw=Array(0.99955139, dtype=float64)))
TRAIN 498 L=23.953 ttrain=0.17s teval=0.00s
NetworkWithTTFS(net=NoDelayLayerNetwork(iw=Array(0.01853522, dtype=float64), rw=Array(0.69799356, dtype=float64)))
TRAIN 499 L=20.280 ttrain=0.17s teval=0.00s
NetworkWithTTFS(net=NoDelayLayerNetwork(iw=Array(0.01955987, dtype=float64), rw=Array(0.64452977, dtype=float64)))
TEST
FREQ 0.0008326394671107411 0.0008326394671107413 0.0008326394671107414
