gpu
NVIDIA H100
Mon Oct 27 16:24:31 2025
['train_yy.py', '--ndim', '0', '--nhidden', '10', '--lr', '0.0008', '--dt', '0.01', '--batch_size', '150', '--beta', '8', '--wseed', '23', '--bseed', '3', '--layer', '--force']

 == CONFIG == 
ndim                 0
nhidden              10
batch_size           150
load_limit           None
load_limit_test      None
lr                   0.0008
ifactor              1
rfactor              1
force                True
skip                 False
debug                False
dt                   0.01
save_dir             saved
reload               False
layer                True
margin               0.0
beta                 8.0
wseed                23
bseed                3
ttrain               10000

Train set size: (5000, 1201, 1) Test set size: (1000, 1201, 1)
start_training
TEST
FREQ 4.625774817281895e-05 0.0008326394671107413 0.0007423479009657199
FREQtrain 6.504995836802664e-05 0.0008326394671107413 0.0007451834119715057
TOP1 23.26389 TOP2 57.291668 TOP2Diff 10.128787878787879 LOSS 165.55788533502943
TOP1train 24.565971 TOP2train 62.413197 TOP2trainDiff 10.5875
compiling
TRAIN 0 L=196.971 ttrain=3.35s teval=0.39s
NetworkWithTTFS(net=NoDelayLayerNetwork(iw=Array(0.04825759, dtype=float64), rw=Array(2.42333008, dtype=float64)))
TRAIN 1 L=170.490 ttrain=0.17s teval=0.00s
NetworkWithTTFS(net=NoDelayLayerNetwork(iw=Array(0.04591396, dtype=float64), rw=Array(2.0582035, dtype=float64)))
(Array([122, 143, 276, 297], dtype=int64), Array([0, 0, 0, 0], dtype=int64))
TRAIN 2 L=159.350 ttrain=0.17s teval=4.29s
NetworkWithTTFS(net=NoDelayLayerNetwork(iw=Array(0.05474462, dtype=float64), rw=Array(1.98899059, dtype=float64)))
TRAIN 3 L=187.448 ttrain=0.17s teval=0.00s
NetworkWithTTFS(net=NoDelayLayerNetwork(iw=Array(0.06798479, dtype=float64), rw=Array(2.53325856, dtype=float64)))
TRAIN 4 L=172.702 ttrain=0.17s teval=0.00s
NetworkWithTTFS(net=NoDelayLayerNetwork(iw=Array(0.07395732, dtype=float64), rw=Array(2.62736561, dtype=float64)))
TRAIN 5 L=144.143 ttrain=0.17s teval=0.00s
NetworkWithTTFS(net=NoDelayLayerNetwork(iw=Array(0.05660842, dtype=float64), rw=Array(2.1055386, dtype=float64)))
TRAIN 6 L=181.463 ttrain=0.17s teval=0.00s
NetworkWithTTFS(net=NoDelayLayerNetwork(iw=Array(0.08352276, dtype=float64), rw=Array(2.71539658, dtype=float64)))
TRAIN 7 L=188.102 ttrain=0.17s teval=0.00s
NetworkWithTTFS(net=NoDelayLayerNetwork(iw=Array(0.06962779, dtype=float64), rw=Array(2.28193951, dtype=float64)))
TRAIN 8 L=167.179 ttrain=0.17s teval=0.00s
NetworkWithTTFS(net=NoDelayLayerNetwork(iw=Array(0.04381987, dtype=float64), rw=Array(2.49907515, dtype=float64)))
TRAIN 9 L=195.830 ttrain=0.17s teval=0.00s
NetworkWithTTFS(net=NoDelayLayerNetwork(iw=Array(0.07228915, dtype=float64), rw=Array(3.10685062, dtype=float64)))
TRAIN 10 L=151.928 ttrain=0.17s teval=0.00s
NetworkWithTTFS(net=NoDelayLayerNetwork(iw=Array(0.07151952, dtype=float64), rw=Array(1.8727635, dtype=float64)))
TRAIN 11 L=178.476 ttrain=0.17s teval=0.00s
NetworkWithTTFS(net=NoDelayLayerNetwork(iw=Array(0.07370491, dtype=float64), rw=Array(2.77753637, dtype=float64)))
TRAIN 12 L=151.290 ttrain=0.17s teval=0.00s
NetworkWithTTFS(net=NoDelayLayerNetwork(iw=Array(0.05095391, dtype=float64), rw=Array(2.4051533, dtype=float64)))
TRAIN 13 L=173.702 ttrain=0.17s teval=0.00s
NetworkWithTTFS(net=NoDelayLayerNetwork(iw=Array(0.04365203, dtype=float64), rw=Array(2.1905022, dtype=float64)))
TRAIN 14 L=150.791 ttrain=0.17s teval=0.00s
NetworkWithTTFS(net=NoDelayLayerNetwork(iw=Array(0.06798476, dtype=float64), rw=Array(2.57818114, dtype=float64)))
TRAIN 15 L=172.862 ttrain=0.17s teval=0.00s
NetworkWithTTFS(net=NoDelayLayerNetwork(iw=Array(0.05303932, dtype=float64), rw=Array(1.84378866, dtype=float64)))
TRAIN 16 L=177.454 ttrain=0.17s teval=0.00s
NetworkWithTTFS(net=NoDelayLayerNetwork(iw=Array(0.05084338, dtype=float64), rw=Array(2.45587923, dtype=float64)))
TRAIN 17 L=153.695 ttrain=0.17s teval=0.00s
NetworkWithTTFS(net=NoDelayLayerNetwork(iw=Array(0.04666929, dtype=float64), rw=Array(1.88623159, dtype=float64)))
TRAIN 18 L=189.106 ttrain=0.17s teval=0.00s
NetworkWithTTFS(net=NoDelayLayerNetwork(iw=Array(0.0478904, dtype=float64), rw=Array(3.23634529, dtype=float64)))
TRAIN 19 L=192.071 ttrain=0.17s teval=0.00s
NetworkWithTTFS(net=NoDelayLayerNetwork(iw=Array(0.07447988, dtype=float64), rw=Array(3.02439464, dtype=float64)))
TRAIN 20 L=165.915 ttrain=0.17s teval=0.00s
NetworkWithTTFS(net=NoDelayLayerNetwork(iw=Array(0.06881146, dtype=float64), rw=Array(2.5256664, dtype=float64)))
TRAIN 21 L=177.773 ttrain=0.17s teval=0.00s
NetworkWithTTFS(net=NoDelayLayerNetwork(iw=Array(0.05302545, dtype=float64), rw=Array(2.37825873, dtype=float64)))
TRAIN 22 L=201.115 ttrain=0.17s teval=0.00s
NetworkWithTTFS(net=NoDelayLayerNetwork(iw=Array(0.0735273, dtype=float64), rw=Array(2.2610692, dtype=float64)))
TRAIN 23 L=150.295 ttrain=0.17s teval=0.00s
NetworkWithTTFS(net=NoDelayLayerNetwork(iw=Array(0.03630071, dtype=float64), rw=Array(1.80301298, dtype=float64)))
TRAIN 24 L=183.271 ttrain=0.17s teval=0.00s
NetworkWithTTFS(net=NoDelayLayerNetwork(iw=Array(0.04730355, dtype=float64), rw=Array(2.22607774, dtype=float64)))
TRAIN 25 L=204.301 ttrain=0.17s teval=0.00s
NetworkWithTTFS(net=NoDelayLayerNetwork(iw=Array(0.07084153, dtype=float64), rw=Array(3.18939384, dtype=float64)))
TRAIN 26 L=202.022 ttrain=0.17s teval=0.00s
NetworkWithTTFS(net=NoDelayLayerNetwork(iw=Array(0.06848481, dtype=float64), rw=Array(3.43290975, dtype=float64)))
TRAIN 27 L=169.827 ttrain=0.17s teval=0.00s
NetworkWithTTFS(net=NoDelayLayerNetwork(iw=Array(0.08494233, dtype=float64), rw=Array(3.05457038, dtype=float64)))
TRAIN 28 L=164.533 ttrain=0.17s teval=0.00s
NetworkWithTTFS(net=NoDelayLayerNetwork(iw=Array(0.05504207, dtype=float64), rw=Array(1.91879243, dtype=float64)))
TRAIN 29 L=197.910 ttrain=0.17s teval=0.00s
NetworkWithTTFS(net=NoDelayLayerNetwork(iw=Array(0.06552841, dtype=float64), rw=Array(2.99166633, dtype=float64)))
TRAIN 30 L=186.970 ttrain=0.17s teval=0.00s
NetworkWithTTFS(net=NoDelayLayerNetwork(iw=Array(0.06517575, dtype=float64), rw=Array(2.96981277, dtype=float64)))
TRAIN 31 L=145.055 ttrain=0.17s teval=0.00s
NetworkWithTTFS(net=NoDelayLayerNetwork(iw=Array(0.09184792, dtype=float64), rw=Array(2.1065361, dtype=float64)))
TRAIN 32 L=173.730 ttrain=0.17s teval=0.00s
NetworkWithTTFS(net=NoDelayLayerNetwork(iw=Array(0.0611601, dtype=float64), rw=Array(2.76606065, dtype=float64)))
TRAIN 33 L=173.570 ttrain=0.17s teval=0.00s
NetworkWithTTFS(net=NoDelayLayerNetwork(iw=Array(0.06443428, dtype=float64), rw=Array(2.49741457, dtype=float64)))
TRAIN 34 L=188.716 ttrain=0.17s teval=0.00s
NetworkWithTTFS(net=NoDelayLayerNetwork(iw=Array(0.06072093, dtype=float64), rw=Array(2.48514914, dtype=float64)))
TRAIN 35 L=187.791 ttrain=0.17s teval=0.00s
NetworkWithTTFS(net=NoDelayLayerNetwork(iw=Array(0.04265163, dtype=float64), rw=Array(2.53448356, dtype=float64)))
TRAIN 36 L=160.387 ttrain=0.17s teval=0.00s
NetworkWithTTFS(net=NoDelayLayerNetwork(iw=Array(0.04855673, dtype=float64), rw=Array(2.2546981, dtype=float64)))
TRAIN 37 L=173.085 ttrain=0.17s teval=0.00s
NetworkWithTTFS(net=NoDelayLayerNetwork(iw=Array(0.06293589, dtype=float64), rw=Array(2.3484378, dtype=float64)))
TRAIN 38 L=198.374 ttrain=0.17s teval=0.00s
NetworkWithTTFS(net=NoDelayLayerNetwork(iw=Array(0.06688236, dtype=float64), rw=Array(2.83721254, dtype=float64)))
TRAIN 39 L=159.917 ttrain=0.17s teval=0.00s
NetworkWithTTFS(net=NoDelayLayerNetwork(iw=Array(0.07180117, dtype=float64), rw=Array(1.97053768, dtype=float64)))
TRAIN 40 L=195.098 ttrain=0.17s teval=0.00s
NetworkWithTTFS(net=NoDelayLayerNetwork(iw=Array(0.05452029, dtype=float64), rw=Array(3.13512846, dtype=float64)))
TRAIN 41 L=164.668 ttrain=0.17s teval=0.00s
NetworkWithTTFS(net=NoDelayLayerNetwork(iw=Array(0.05580832, dtype=float64), rw=Array(2.08435023, dtype=float64)))
TRAIN 42 L=168.223 ttrain=0.17s teval=0.00s
NetworkWithTTFS(net=NoDelayLayerNetwork(iw=Array(0.05975311, dtype=float64), rw=Array(2.48752153, dtype=float64)))
TRAIN 43 L=197.725 ttrain=0.17s teval=0.00s
NetworkWithTTFS(net=NoDelayLayerNetwork(iw=Array(0.03712611, dtype=float64), rw=Array(2.44429312, dtype=float64)))
TRAIN 44 L=178.463 ttrain=0.17s teval=0.00s
NetworkWithTTFS(net=NoDelayLayerNetwork(iw=Array(0.0641233, dtype=float64), rw=Array(2.67446254, dtype=float64)))
TRAIN 45 L=178.938 ttrain=0.17s teval=0.00s
NetworkWithTTFS(net=NoDelayLayerNetwork(iw=Array(0.06260013, dtype=float64), rw=Array(2.89167935, dtype=float64)))
TRAIN 46 L=155.369 ttrain=0.17s teval=0.00s
NetworkWithTTFS(net=NoDelayLayerNetwork(iw=Array(0.08133981, dtype=float64), rw=Array(2.70019117, dtype=float64)))
TRAIN 47 L=133.401 ttrain=0.17s teval=0.00s
NetworkWithTTFS(net=NoDelayLayerNetwork(iw=Array(0.05372559, dtype=float64), rw=Array(1.63261058, dtype=float64)))
TRAIN 48 L=183.437 ttrain=0.17s teval=0.00s
NetworkWithTTFS(net=NoDelayLayerNetwork(iw=Array(0.06726628, dtype=float64), rw=Array(2.52147119, dtype=float64)))
TRAIN 49 L=150.143 ttrain=0.17s teval=0.00s
NetworkWithTTFS(net=NoDelayLayerNetwork(iw=Array(0.04517311, dtype=float64), rw=Array(2.18576448, dtype=float64)))
TRAIN 50 L=156.489 ttrain=0.17s teval=0.00s
NetworkWithTTFS(net=NoDelayLayerNetwork(iw=Array(0.0489668, dtype=float64), rw=Array(2.07478073, dtype=float64)))
TRAIN 51 L=171.005 ttrain=0.17s teval=0.00s
NetworkWithTTFS(net=NoDelayLayerNetwork(iw=Array(0.04185675, dtype=float64), rw=Array(2.43015091, dtype=float64)))
TRAIN 52 L=153.730 ttrain=0.17s teval=0.00s
NetworkWithTTFS(net=NoDelayLayerNetwork(iw=Array(0.0482944, dtype=float64), rw=Array(1.90258879, dtype=float64)))
TRAIN 53 L=172.533 ttrain=0.17s teval=0.00s
NetworkWithTTFS(net=NoDelayLayerNetwork(iw=Array(0.04876489, dtype=float64), rw=Array(2.48396493, dtype=float64)))
TRAIN 54 L=155.615 ttrain=0.17s teval=0.00s
NetworkWithTTFS(net=NoDelayLayerNetwork(iw=Array(0.06858493, dtype=float64), rw=Array(1.95169358, dtype=float64)))
TRAIN 55 L=192.160 ttrain=0.17s teval=0.00s
NetworkWithTTFS(net=NoDelayLayerNetwork(iw=Array(0.07401737, dtype=float64), rw=Array(2.37767837, dtype=float64)))
TRAIN 56 L=191.476 ttrain=0.17s teval=0.00s
NetworkWithTTFS(net=NoDelayLayerNetwork(iw=Array(0.05195373, dtype=float64), rw=Array(2.48481765, dtype=float64)))
TRAIN 57 L=186.889 ttrain=0.17s teval=0.00s
NetworkWithTTFS(net=NoDelayLayerNetwork(iw=Array(0.09688819, dtype=float64), rw=Array(2.97212174, dtype=float64)))
TRAIN 58 L=190.627 ttrain=0.17s teval=0.00s
NetworkWithTTFS(net=NoDelayLayerNetwork(iw=Array(0.06710306, dtype=float64), rw=Array(2.48236446, dtype=float64)))
TRAIN 59 L=183.063 ttrain=0.17s teval=0.00s
NetworkWithTTFS(net=NoDelayLayerNetwork(iw=Array(0.06285083, dtype=float64), rw=Array(2.51839136, dtype=float64)))
TRAIN 60 L=181.978 ttrain=0.17s teval=0.00s
NetworkWithTTFS(net=NoDelayLayerNetwork(iw=Array(0.08215095, dtype=float64), rw=Array(2.57717346, dtype=float64)))
TRAIN 61 L=150.797 ttrain=0.17s teval=0.00s
NetworkWithTTFS(net=NoDelayLayerNetwork(iw=Array(0.04953658, dtype=float64), rw=Array(2.71160535, dtype=float64)))
TRAIN 62 L=201.139 ttrain=0.17s teval=0.00s
NetworkWithTTFS(net=NoDelayLayerNetwork(iw=Array(0.08301132, dtype=float64), rw=Array(2.67942685, dtype=float64)))
TRAIN 63 L=173.125 ttrain=0.17s teval=0.00s
NetworkWithTTFS(net=NoDelayLayerNetwork(iw=Array(0.04954504, dtype=float64), rw=Array(2.89398221, dtype=float64)))
TRAIN 64 L=170.477 ttrain=0.17s teval=0.00s
NetworkWithTTFS(net=NoDelayLayerNetwork(iw=Array(0.05966796, dtype=float64), rw=Array(2.90639599, dtype=float64)))
TRAIN 65 L=191.339 ttrain=0.17s teval=0.00s
NetworkWithTTFS(net=NoDelayLayerNetwork(iw=Array(0.06160587, dtype=float64), rw=Array(2.31636189, dtype=float64)))
TRAIN 66 L=148.009 ttrain=0.17s teval=0.00s
NetworkWithTTFS(net=NoDelayLayerNetwork(iw=Array(0.05541892, dtype=float64), rw=Array(1.80875942, dtype=float64)))
TRAIN 67 L=172.067 ttrain=0.17s teval=0.00s
NetworkWithTTFS(net=NoDelayLayerNetwork(iw=Array(0.04499267, dtype=float64), rw=Array(2.09993863, dtype=float64)))
TRAIN 68 L=188.174 ttrain=0.17s teval=0.00s
NetworkWithTTFS(net=NoDelayLayerNetwork(iw=Array(0.06206438, dtype=float64), rw=Array(3.00854063, dtype=float64)))
TRAIN 69 L=153.619 ttrain=0.17s teval=0.00s
NetworkWithTTFS(net=NoDelayLayerNetwork(iw=Array(0.08052361, dtype=float64), rw=Array(2.29041316, dtype=float64)))
TRAIN 70 L=173.876 ttrain=0.17s teval=0.00s
NetworkWithTTFS(net=NoDelayLayerNetwork(iw=Array(0.03990426, dtype=float64), rw=Array(2.20962341, dtype=float64)))
TRAIN 71 L=168.294 ttrain=0.17s teval=0.00s
NetworkWithTTFS(net=NoDelayLayerNetwork(iw=Array(0.04330766, dtype=float64), rw=Array(1.90154415, dtype=float64)))
TRAIN 72 L=164.543 ttrain=0.17s teval=0.00s
NetworkWithTTFS(net=NoDelayLayerNetwork(iw=Array(0.03355738, dtype=float64), rw=Array(2.25237113, dtype=float64)))
TRAIN 73 L=161.445 ttrain=0.17s teval=0.00s
NetworkWithTTFS(net=NoDelayLayerNetwork(iw=Array(0.0775363, dtype=float64), rw=Array(2.42384627, dtype=float64)))
TRAIN 74 L=165.904 ttrain=0.17s teval=0.00s
NetworkWithTTFS(net=NoDelayLayerNetwork(iw=Array(0.06264329, dtype=float64), rw=Array(2.32711747, dtype=float64)))
TRAIN 75 L=182.370 ttrain=0.17s teval=0.00s
NetworkWithTTFS(net=NoDelayLayerNetwork(iw=Array(0.06270873, dtype=float64), rw=Array(2.25167695, dtype=float64)))
TRAIN 76 L=166.845 ttrain=0.17s teval=0.00s
NetworkWithTTFS(net=NoDelayLayerNetwork(iw=Array(0.05651838, dtype=float64), rw=Array(2.96706622, dtype=float64)))
TRAIN 77 L=174.356 ttrain=0.17s teval=0.00s
NetworkWithTTFS(net=NoDelayLayerNetwork(iw=Array(0.06782412, dtype=float64), rw=Array(2.88468126, dtype=float64)))
TRAIN 78 L=154.259 ttrain=0.17s teval=0.00s
NetworkWithTTFS(net=NoDelayLayerNetwork(iw=Array(0.0753588, dtype=float64), rw=Array(2.53362823, dtype=float64)))
TRAIN 79 L=156.965 ttrain=0.17s teval=0.00s
NetworkWithTTFS(net=NoDelayLayerNetwork(iw=Array(0.05468921, dtype=float64), rw=Array(1.9294984, dtype=float64)))
TRAIN 80 L=187.587 ttrain=0.17s teval=0.00s
NetworkWithTTFS(net=NoDelayLayerNetwork(iw=Array(0.05244015, dtype=float64), rw=Array(2.17652092, dtype=float64)))
TRAIN 81 L=149.294 ttrain=0.17s teval=0.00s
NetworkWithTTFS(net=NoDelayLayerNetwork(iw=Array(0.04473568, dtype=float64), rw=Array(1.88019796, dtype=float64)))
TRAIN 82 L=185.338 ttrain=0.17s teval=0.00s
NetworkWithTTFS(net=NoDelayLayerNetwork(iw=Array(0.05115748, dtype=float64), rw=Array(2.85152417, dtype=float64)))
TRAIN 83 L=175.694 ttrain=0.17s teval=0.00s
NetworkWithTTFS(net=NoDelayLayerNetwork(iw=Array(0.08349871, dtype=float64), rw=Array(2.75315031, dtype=float64)))
TRAIN 84 L=196.693 ttrain=0.17s teval=0.00s
NetworkWithTTFS(net=NoDelayLayerNetwork(iw=Array(0.06509152, dtype=float64), rw=Array(3.40527654, dtype=float64)))
TRAIN 85 L=133.769 ttrain=0.17s teval=0.00s
NetworkWithTTFS(net=NoDelayLayerNetwork(iw=Array(0.03431954, dtype=float64), rw=Array(1.6884351, dtype=float64)))
TRAIN 86 L=174.641 ttrain=0.17s teval=0.00s
NetworkWithTTFS(net=NoDelayLayerNetwork(iw=Array(0.0567683, dtype=float64), rw=Array(2.76368695, dtype=float64)))
TRAIN 87 L=179.898 ttrain=0.17s teval=0.00s
NetworkWithTTFS(net=NoDelayLayerNetwork(iw=Array(0.04418229, dtype=float64), rw=Array(2.95772262, dtype=float64)))
TRAIN 88 L=157.730 ttrain=0.17s teval=0.00s
NetworkWithTTFS(net=NoDelayLayerNetwork(iw=Array(0.07950059, dtype=float64), rw=Array(2.41102755, dtype=float64)))
TRAIN 89 L=165.503 ttrain=0.17s teval=0.00s
NetworkWithTTFS(net=NoDelayLayerNetwork(iw=Array(0.05305119, dtype=float64), rw=Array(2.7120168, dtype=float64)))
TRAIN 90 L=187.005 ttrain=0.17s teval=0.00s
NetworkWithTTFS(net=NoDelayLayerNetwork(iw=Array(0.07934744, dtype=float64), rw=Array(2.16107297, dtype=float64)))
TRAIN 91 L=180.285 ttrain=0.17s teval=0.00s
NetworkWithTTFS(net=NoDelayLayerNetwork(iw=Array(0.04985488, dtype=float64), rw=Array(2.45892825, dtype=float64)))
TRAIN 92 L=185.653 ttrain=0.17s teval=0.00s
NetworkWithTTFS(net=NoDelayLayerNetwork(iw=Array(0.04575593, dtype=float64), rw=Array(2.20614225, dtype=float64)))
TRAIN 93 L=201.556 ttrain=0.17s teval=0.00s
NetworkWithTTFS(net=NoDelayLayerNetwork(iw=Array(0.04383894, dtype=float64), rw=Array(2.2453879, dtype=float64)))
TRAIN 94 L=171.379 ttrain=0.17s teval=0.00s
NetworkWithTTFS(net=NoDelayLayerNetwork(iw=Array(0.0916188, dtype=float64), rw=Array(2.92796176, dtype=float64)))
TRAIN 95 L=194.187 ttrain=0.17s teval=0.00s
NetworkWithTTFS(net=NoDelayLayerNetwork(iw=Array(0.04470853, dtype=float64), rw=Array(2.3253083, dtype=float64)))
TRAIN 96 L=164.334 ttrain=0.17s teval=0.00s
NetworkWithTTFS(net=NoDelayLayerNetwork(iw=Array(0.06428949, dtype=float64), rw=Array(2.8265385, dtype=float64)))
TRAIN 97 L=166.191 ttrain=0.17s teval=0.00s
NetworkWithTTFS(net=NoDelayLayerNetwork(iw=Array(0.07224479, dtype=float64), rw=Array(2.9499067, dtype=float64)))
TRAIN 98 L=133.925 ttrain=0.17s teval=0.00s
NetworkWithTTFS(net=NoDelayLayerNetwork(iw=Array(0.05753087, dtype=float64), rw=Array(1.64957539, dtype=float64)))
TRAIN 99 L=145.241 ttrain=0.17s teval=0.00s
NetworkWithTTFS(net=NoDelayLayerNetwork(iw=Array(0.09055866, dtype=float64), rw=Array(1.75905329, dtype=float64)))
TEST
FREQ 4.625774817281895e-05 0.0008326394671107413 0.0007423479009657199
FREQtrain 6.504995836802664e-05 0.0008326394671107413 0.0007451834119715057
TOP1 8.072917 TOP2 57.291668 TOP2Diff 7.149641577060931 LOSS 156.76165927180244
TOP1train 6.076389 TOP2train 62.413197 TOP2trainDiff 6.992424242424242
TRAIN 100 L=176.271 ttrain=0.17s teval=0.00s
NetworkWithTTFS(net=NoDelayLayerNetwork(iw=Array(0.0366159, dtype=float64), rw=Array(2.19430134, dtype=float64)))
TRAIN 101 L=158.147 ttrain=0.17s teval=0.00s
NetworkWithTTFS(net=NoDelayLayerNetwork(iw=Array(0.06774543, dtype=float64), rw=Array(2.3462636, dtype=float64)))
TRAIN 102 L=166.783 ttrain=0.17s teval=0.00s
NetworkWithTTFS(net=NoDelayLayerNetwork(iw=Array(0.05221202, dtype=float64), rw=Array(2.41947266, dtype=float64)))
TRAIN 103 L=185.605 ttrain=0.17s teval=0.00s
NetworkWithTTFS(net=NoDelayLayerNetwork(iw=Array(0.07818568, dtype=float64), rw=Array(2.5994573, dtype=float64)))
TRAIN 104 L=156.668 ttrain=0.17s teval=0.00s
NetworkWithTTFS(net=NoDelayLayerNetwork(iw=Array(0.06093913, dtype=float64), rw=Array(2.77503773, dtype=float64)))
TRAIN 105 L=165.876 ttrain=0.17s teval=0.00s
NetworkWithTTFS(net=NoDelayLayerNetwork(iw=Array(0.05709117, dtype=float64), rw=Array(2.71061703, dtype=float64)))
TRAIN 106 L=157.303 ttrain=0.17s teval=0.00s
NetworkWithTTFS(net=NoDelayLayerNetwork(iw=Array(0.04992254, dtype=float64), rw=Array(1.84652502, dtype=float64)))
TRAIN 107 L=165.939 ttrain=0.17s teval=0.00s
NetworkWithTTFS(net=NoDelayLayerNetwork(iw=Array(0.03234129, dtype=float64), rw=Array(2.15308763, dtype=float64)))
TRAIN 108 L=194.831 ttrain=0.17s teval=0.00s
NetworkWithTTFS(net=NoDelayLayerNetwork(iw=Array(0.08126979, dtype=float64), rw=Array(2.86518774, dtype=float64)))
TRAIN 109 L=136.756 ttrain=0.17s teval=0.00s
NetworkWithTTFS(net=NoDelayLayerNetwork(iw=Array(0.07011971, dtype=float64), rw=Array(2.28353064, dtype=float64)))
TRAIN 110 L=168.489 ttrain=0.17s teval=0.00s
NetworkWithTTFS(net=NoDelayLayerNetwork(iw=Array(0.04861888, dtype=float64), rw=Array(1.93450164, dtype=float64)))
TRAIN 111 L=185.721 ttrain=0.17s teval=0.00s
NetworkWithTTFS(net=NoDelayLayerNetwork(iw=Array(0.04306115, dtype=float64), rw=Array(2.39508035, dtype=float64)))
TRAIN 112 L=174.579 ttrain=0.17s teval=0.00s
NetworkWithTTFS(net=NoDelayLayerNetwork(iw=Array(0.05533875, dtype=float64), rw=Array(2.35448461, dtype=float64)))
TRAIN 113 L=157.250 ttrain=0.17s teval=0.00s
NetworkWithTTFS(net=NoDelayLayerNetwork(iw=Array(0.0478473, dtype=float64), rw=Array(2.11922521, dtype=float64)))
TRAIN 114 L=168.698 ttrain=0.17s teval=0.00s
NetworkWithTTFS(net=NoDelayLayerNetwork(iw=Array(0.0679778, dtype=float64), rw=Array(3.51927507, dtype=float64)))
TRAIN 115 L=152.218 ttrain=0.17s teval=0.00s
NetworkWithTTFS(net=NoDelayLayerNetwork(iw=Array(0.04276194, dtype=float64), rw=Array(2.05417177, dtype=float64)))
TRAIN 116 L=153.129 ttrain=0.17s teval=0.00s
NetworkWithTTFS(net=NoDelayLayerNetwork(iw=Array(0.05883619, dtype=float64), rw=Array(2.00982309, dtype=float64)))
TRAIN 117 L=157.134 ttrain=0.17s teval=0.00s
NetworkWithTTFS(net=NoDelayLayerNetwork(iw=Array(0.0793238, dtype=float64), rw=Array(2.30279173, dtype=float64)))
TRAIN 118 L=143.539 ttrain=0.17s teval=0.00s
NetworkWithTTFS(net=NoDelayLayerNetwork(iw=Array(0.03285676, dtype=float64), rw=Array(1.66999056, dtype=float64)))
TRAIN 119 L=170.743 ttrain=0.17s teval=0.00s
NetworkWithTTFS(net=NoDelayLayerNetwork(iw=Array(0.04946076, dtype=float64), rw=Array(2.7739459, dtype=float64)))
TRAIN 120 L=179.369 ttrain=0.17s teval=0.00s
NetworkWithTTFS(net=NoDelayLayerNetwork(iw=Array(0.04172363, dtype=float64), rw=Array(2.70305373, dtype=float64)))
TRAIN 121 L=159.849 ttrain=0.17s teval=0.00s
NetworkWithTTFS(net=NoDelayLayerNetwork(iw=Array(0.04955548, dtype=float64), rw=Array(2.58641382, dtype=float64)))
TRAIN 122 L=169.614 ttrain=0.17s teval=0.00s
NetworkWithTTFS(net=NoDelayLayerNetwork(iw=Array(0.04426484, dtype=float64), rw=Array(2.18164345, dtype=float64)))
TRAIN 123 L=154.463 ttrain=0.17s teval=0.00s
NetworkWithTTFS(net=NoDelayLayerNetwork(iw=Array(0.05214948, dtype=float64), rw=Array(2.37388097, dtype=float64)))
TRAIN 124 L=153.085 ttrain=0.17s teval=0.00s
NetworkWithTTFS(net=NoDelayLayerNetwork(iw=Array(0.05717409, dtype=float64), rw=Array(2.69564436, dtype=float64)))
TRAIN 125 L=149.183 ttrain=0.17s teval=0.00s
NetworkWithTTFS(net=NoDelayLayerNetwork(iw=Array(0.05112723, dtype=float64), rw=Array(2.37494372, dtype=float64)))
TRAIN 126 L=155.708 ttrain=0.17s teval=0.00s
NetworkWithTTFS(net=NoDelayLayerNetwork(iw=Array(0.03893121, dtype=float64), rw=Array(2.1165983, dtype=float64)))
TRAIN 127 L=184.053 ttrain=0.17s teval=0.00s
NetworkWithTTFS(net=NoDelayLayerNetwork(iw=Array(0.05863961, dtype=float64), rw=Array(2.52720442, dtype=float64)))
TRAIN 128 L=159.277 ttrain=0.17s teval=0.00s
NetworkWithTTFS(net=NoDelayLayerNetwork(iw=Array(0.04268821, dtype=float64), rw=Array(2.10266397, dtype=float64)))
TRAIN 129 L=160.401 ttrain=0.17s teval=0.00s
NetworkWithTTFS(net=NoDelayLayerNetwork(iw=Array(0.04900555, dtype=float64), rw=Array(2.29046484, dtype=float64)))
TRAIN 130 L=179.286 ttrain=0.17s teval=0.00s
NetworkWithTTFS(net=NoDelayLayerNetwork(iw=Array(0.05344476, dtype=float64), rw=Array(2.43847338, dtype=float64)))
TRAIN 131 L=161.707 ttrain=0.17s teval=0.00s
NetworkWithTTFS(net=NoDelayLayerNetwork(iw=Array(0.077324, dtype=float64), rw=Array(2.5026382, dtype=float64)))
TRAIN 132 L=175.214 ttrain=0.17s teval=0.00s
NetworkWithTTFS(net=NoDelayLayerNetwork(iw=Array(0.05561283, dtype=float64), rw=Array(2.55245778, dtype=float64)))
TRAIN 133 L=170.201 ttrain=0.17s teval=0.00s
NetworkWithTTFS(net=NoDelayLayerNetwork(iw=Array(0.04087492, dtype=float64), rw=Array(2.15832497, dtype=float64)))
TRAIN 134 L=147.418 ttrain=0.17s teval=0.00s
NetworkWithTTFS(net=NoDelayLayerNetwork(iw=Array(0.04142482, dtype=float64), rw=Array(1.88460602, dtype=float64)))
TRAIN 135 L=155.587 ttrain=0.17s teval=0.00s
NetworkWithTTFS(net=NoDelayLayerNetwork(iw=Array(0.05413296, dtype=float64), rw=Array(1.87174635, dtype=float64)))
TRAIN 136 L=174.210 ttrain=0.17s teval=0.00s
NetworkWithTTFS(net=NoDelayLayerNetwork(iw=Array(0.0484744, dtype=float64), rw=Array(2.17805071, dtype=float64)))
TRAIN 137 L=149.978 ttrain=0.17s teval=0.00s
NetworkWithTTFS(net=NoDelayLayerNetwork(iw=Array(0.03894512, dtype=float64), rw=Array(2.81274987, dtype=float64)))
TRAIN 138 L=190.050 ttrain=0.17s teval=0.00s
NetworkWithTTFS(net=NoDelayLayerNetwork(iw=Array(0.0523446, dtype=float64), rw=Array(2.71726175, dtype=float64)))
TRAIN 139 L=145.614 ttrain=0.17s teval=0.00s
NetworkWithTTFS(net=NoDelayLayerNetwork(iw=Array(0.07067103, dtype=float64), rw=Array(2.48958217, dtype=float64)))
TRAIN 140 L=134.970 ttrain=0.17s teval=0.00s
NetworkWithTTFS(net=NoDelayLayerNetwork(iw=Array(0.05877426, dtype=float64), rw=Array(2.57169223, dtype=float64)))
TRAIN 141 L=142.414 ttrain=0.17s teval=0.00s
NetworkWithTTFS(net=NoDelayLayerNetwork(iw=Array(0.03232938, dtype=float64), rw=Array(1.8754441, dtype=float64)))
TRAIN 142 L=156.659 ttrain=0.17s teval=0.00s
NetworkWithTTFS(net=NoDelayLayerNetwork(iw=Array(0.04061901, dtype=float64), rw=Array(2.24887144, dtype=float64)))
TRAIN 143 L=153.521 ttrain=0.17s teval=0.00s
NetworkWithTTFS(net=NoDelayLayerNetwork(iw=Array(0.03043401, dtype=float64), rw=Array(2.17212669, dtype=float64)))
TRAIN 144 L=158.210 ttrain=0.17s teval=0.00s
NetworkWithTTFS(net=NoDelayLayerNetwork(iw=Array(0.05305661, dtype=float64), rw=Array(2.60493993, dtype=float64)))
TRAIN 145 L=169.312 ttrain=0.17s teval=0.00s
NetworkWithTTFS(net=NoDelayLayerNetwork(iw=Array(0.07244937, dtype=float64), rw=Array(2.29371486, dtype=float64)))
TRAIN 146 L=148.832 ttrain=0.17s teval=0.00s
NetworkWithTTFS(net=NoDelayLayerNetwork(iw=Array(0.06457895, dtype=float64), rw=Array(2.85478619, dtype=float64)))
TRAIN 147 L=174.690 ttrain=0.17s teval=0.00s
NetworkWithTTFS(net=NoDelayLayerNetwork(iw=Array(0.06940887, dtype=float64), rw=Array(3.70650676, dtype=float64)))
TRAIN 148 L=173.503 ttrain=0.17s teval=0.00s
NetworkWithTTFS(net=NoDelayLayerNetwork(iw=Array(0.0514119, dtype=float64), rw=Array(2.26167983, dtype=float64)))
TRAIN 149 L=146.210 ttrain=0.17s teval=0.00s
NetworkWithTTFS(net=NoDelayLayerNetwork(iw=Array(0.03210159, dtype=float64), rw=Array(1.93755324, dtype=float64)))
TRAIN 150 L=166.704 ttrain=0.17s teval=0.00s
NetworkWithTTFS(net=NoDelayLayerNetwork(iw=Array(0.04204121, dtype=float64), rw=Array(2.00993311, dtype=float64)))
TRAIN 151 L=129.730 ttrain=0.17s teval=0.00s
NetworkWithTTFS(net=NoDelayLayerNetwork(iw=Array(0.03457025, dtype=float64), rw=Array(2.18692205, dtype=float64)))
TRAIN 152 L=142.952 ttrain=0.17s teval=0.00s
NetworkWithTTFS(net=NoDelayLayerNetwork(iw=Array(0.06139179, dtype=float64), rw=Array(2.31443089, dtype=float64)))
TRAIN 153 L=158.694 ttrain=0.17s teval=0.00s
NetworkWithTTFS(net=NoDelayLayerNetwork(iw=Array(0.04155293, dtype=float64), rw=Array(2.70155928, dtype=float64)))
TRAIN 154 L=148.717 ttrain=0.17s teval=0.00s
NetworkWithTTFS(net=NoDelayLayerNetwork(iw=Array(0.03862925, dtype=float64), rw=Array(1.99748544, dtype=float64)))
TRAIN 155 L=142.961 ttrain=0.17s teval=0.00s
NetworkWithTTFS(net=NoDelayLayerNetwork(iw=Array(0.03811118, dtype=float64), rw=Array(1.85716458, dtype=float64)))
TRAIN 156 L=163.219 ttrain=0.17s teval=0.00s
NetworkWithTTFS(net=NoDelayLayerNetwork(iw=Array(0.03982928, dtype=float64), rw=Array(2.38174872, dtype=float64)))
TRAIN 157 L=173.783 ttrain=0.17s teval=0.00s
NetworkWithTTFS(net=NoDelayLayerNetwork(iw=Array(0.05994587, dtype=float64), rw=Array(2.20385035, dtype=float64)))
TRAIN 158 L=128.473 ttrain=0.17s teval=0.00s
NetworkWithTTFS(net=NoDelayLayerNetwork(iw=Array(0.05965456, dtype=float64), rw=Array(2.32948544, dtype=float64)))
TRAIN 159 L=150.036 ttrain=0.17s teval=0.00s
NetworkWithTTFS(net=NoDelayLayerNetwork(iw=Array(0.04807836, dtype=float64), rw=Array(3.14256843, dtype=float64)))
TRAIN 160 L=177.027 ttrain=0.17s teval=0.00s
NetworkWithTTFS(net=NoDelayLayerNetwork(iw=Array(0.05290477, dtype=float64), rw=Array(2.24530183, dtype=float64)))
TRAIN 161 L=143.365 ttrain=0.17s teval=0.00s
NetworkWithTTFS(net=NoDelayLayerNetwork(iw=Array(0.05515866, dtype=float64), rw=Array(1.94042881, dtype=float64)))
TRAIN 162 L=158.303 ttrain=0.17s teval=0.00s
NetworkWithTTFS(net=NoDelayLayerNetwork(iw=Array(0.06146416, dtype=float64), rw=Array(2.35699384, dtype=float64)))
TRAIN 163 L=160.508 ttrain=0.17s teval=0.00s
NetworkWithTTFS(net=NoDelayLayerNetwork(iw=Array(0.04359405, dtype=float64), rw=Array(2.71093298, dtype=float64)))
TRAIN 164 L=144.601 ttrain=0.17s teval=0.00s
NetworkWithTTFS(net=NoDelayLayerNetwork(iw=Array(0.04786784, dtype=float64), rw=Array(2.2533007, dtype=float64)))
TRAIN 165 L=136.881 ttrain=0.17s teval=0.00s
NetworkWithTTFS(net=NoDelayLayerNetwork(iw=Array(0.03585014, dtype=float64), rw=Array(2.03301621, dtype=float64)))
TRAIN 166 L=145.667 ttrain=0.17s teval=0.00s
NetworkWithTTFS(net=NoDelayLayerNetwork(iw=Array(0.04765165, dtype=float64), rw=Array(2.18231986, dtype=float64)))
TRAIN 167 L=198.316 ttrain=0.17s teval=0.00s
NetworkWithTTFS(net=NoDelayLayerNetwork(iw=Array(0.06670738, dtype=float64), rw=Array(2.4265412, dtype=float64)))
TRAIN 168 L=152.329 ttrain=0.17s teval=0.00s
NetworkWithTTFS(net=NoDelayLayerNetwork(iw=Array(0.06734254, dtype=float64), rw=Array(2.30581711, dtype=float64)))
TRAIN 169 L=152.823 ttrain=0.17s teval=0.00s
NetworkWithTTFS(net=NoDelayLayerNetwork(iw=Array(0.04601764, dtype=float64), rw=Array(2.01683452, dtype=float64)))
TRAIN 170 L=158.379 ttrain=0.17s teval=0.00s
NetworkWithTTFS(net=NoDelayLayerNetwork(iw=Array(0.03822399, dtype=float64), rw=Array(1.91170502, dtype=float64)))
TRAIN 171 L=182.045 ttrain=0.17s teval=0.00s
NetworkWithTTFS(net=NoDelayLayerNetwork(iw=Array(0.03768057, dtype=float64), rw=Array(2.11546442, dtype=float64)))
TRAIN 172 L=144.241 ttrain=0.17s teval=0.00s
NetworkWithTTFS(net=NoDelayLayerNetwork(iw=Array(0.03436528, dtype=float64), rw=Array(2.72280563, dtype=float64)))
TRAIN 173 L=120.081 ttrain=0.17s teval=0.00s
NetworkWithTTFS(net=NoDelayLayerNetwork(iw=Array(0.03432583, dtype=float64), rw=Array(2.01199312, dtype=float64)))
TRAIN 174 L=146.228 ttrain=0.17s teval=0.00s
NetworkWithTTFS(net=NoDelayLayerNetwork(iw=Array(0.04121096, dtype=float64), rw=Array(2.0113456, dtype=float64)))
TRAIN 175 L=123.383 ttrain=0.17s teval=0.00s
NetworkWithTTFS(net=NoDelayLayerNetwork(iw=Array(0.03969335, dtype=float64), rw=Array(1.75473122, dtype=float64)))
TRAIN 176 L=136.192 ttrain=0.17s teval=0.00s
NetworkWithTTFS(net=NoDelayLayerNetwork(iw=Array(0.03483517, dtype=float64), rw=Array(1.74005845, dtype=float64)))
TRAIN 177 L=128.362 ttrain=0.17s teval=0.00s
NetworkWithTTFS(net=NoDelayLayerNetwork(iw=Array(0.03124893, dtype=float64), rw=Array(2.00434639, dtype=float64)))
TRAIN 178 L=130.138 ttrain=0.17s teval=0.00s
NetworkWithTTFS(net=NoDelayLayerNetwork(iw=Array(0.05203833, dtype=float64), rw=Array(2.38856634, dtype=float64)))
TRAIN 179 L=174.792 ttrain=0.17s teval=0.00s
NetworkWithTTFS(net=NoDelayLayerNetwork(iw=Array(0.03539183, dtype=float64), rw=Array(3.09521458, dtype=float64)))
TRAIN 180 L=143.054 ttrain=0.17s teval=0.00s
NetworkWithTTFS(net=NoDelayLayerNetwork(iw=Array(0.0387663, dtype=float64), rw=Array(2.03156449, dtype=float64)))
TRAIN 181 L=173.846 ttrain=0.17s teval=0.00s
NetworkWithTTFS(net=NoDelayLayerNetwork(iw=Array(0.04087437, dtype=float64), rw=Array(2.75174686, dtype=float64)))
TRAIN 182 L=163.121 ttrain=0.17s teval=0.00s
NetworkWithTTFS(net=NoDelayLayerNetwork(iw=Array(0.05390204, dtype=float64), rw=Array(2.12444835, dtype=float64)))
TRAIN 183 L=140.392 ttrain=0.17s teval=0.00s
NetworkWithTTFS(net=NoDelayLayerNetwork(iw=Array(0.0677835, dtype=float64), rw=Array(2.79009742, dtype=float64)))
TRAIN 184 L=146.476 ttrain=0.17s teval=0.00s
NetworkWithTTFS(net=NoDelayLayerNetwork(iw=Array(0.05463426, dtype=float64), rw=Array(2.29566644, dtype=float64)))
TRAIN 185 L=142.094 ttrain=0.17s teval=0.00s
NetworkWithTTFS(net=NoDelayLayerNetwork(iw=Array(0.07026926, dtype=float64), rw=Array(2.07550343, dtype=float64)))
TRAIN 186 L=152.299 ttrain=0.17s teval=0.00s
NetworkWithTTFS(net=NoDelayLayerNetwork(iw=Array(0.04984003, dtype=float64), rw=Array(2.21859281, dtype=float64)))
TRAIN 187 L=110.908 ttrain=0.17s teval=0.00s
NetworkWithTTFS(net=NoDelayLayerNetwork(iw=Array(0.03900902, dtype=float64), rw=Array(2.50670512, dtype=float64)))
TRAIN 188 L=174.783 ttrain=0.17s teval=0.00s
NetworkWithTTFS(net=NoDelayLayerNetwork(iw=Array(0.04944209, dtype=float64), rw=Array(2.4087157, dtype=float64)))
TRAIN 189 L=148.925 ttrain=0.17s teval=0.00s
NetworkWithTTFS(net=NoDelayLayerNetwork(iw=Array(0.03132373, dtype=float64), rw=Array(2.02768097, dtype=float64)))
TRAIN 190 L=156.339 ttrain=0.17s teval=0.00s
NetworkWithTTFS(net=NoDelayLayerNetwork(iw=Array(0.04167586, dtype=float64), rw=Array(2.07340184, dtype=float64)))
TRAIN 191 L=149.507 ttrain=0.17s teval=0.00s
NetworkWithTTFS(net=NoDelayLayerNetwork(iw=Array(0.03784492, dtype=float64), rw=Array(2.34997006, dtype=float64)))
TRAIN 192 L=143.636 ttrain=0.17s teval=0.00s
NetworkWithTTFS(net=NoDelayLayerNetwork(iw=Array(0.05948183, dtype=float64), rw=Array(2.0035165, dtype=float64)))
TRAIN 193 L=116.357 ttrain=0.17s teval=0.00s
NetworkWithTTFS(net=NoDelayLayerNetwork(iw=Array(0.03430716, dtype=float64), rw=Array(2.04226327, dtype=float64)))
TRAIN 194 L=159.810 ttrain=0.17s teval=0.00s
NetworkWithTTFS(net=NoDelayLayerNetwork(iw=Array(0.06489166, dtype=float64), rw=Array(2.74329974, dtype=float64)))
TRAIN 195 L=145.192 ttrain=0.17s teval=0.00s
NetworkWithTTFS(net=NoDelayLayerNetwork(iw=Array(0.03604596, dtype=float64), rw=Array(2.10411015, dtype=float64)))
TRAIN 196 L=136.703 ttrain=0.17s teval=0.00s
NetworkWithTTFS(net=NoDelayLayerNetwork(iw=Array(0.04762051, dtype=float64), rw=Array(1.95966976, dtype=float64)))
TRAIN 197 L=143.045 ttrain=0.17s teval=0.00s
NetworkWithTTFS(net=NoDelayLayerNetwork(iw=Array(0.04551505, dtype=float64), rw=Array(2.58772903, dtype=float64)))
TRAIN 198 L=119.117 ttrain=0.17s teval=0.00s
NetworkWithTTFS(net=NoDelayLayerNetwork(iw=Array(0.03826676, dtype=float64), rw=Array(1.53294806, dtype=float64)))
TRAIN 199 L=173.046 ttrain=0.17s teval=0.00s
NetworkWithTTFS(net=NoDelayLayerNetwork(iw=Array(0.03884929, dtype=float64), rw=Array(2.1466486, dtype=float64)))
TEST
FREQ 4.625774817281895e-05 0.0008326394671107413 0.000740457560295196
FREQtrain 6.504995836802664e-05 0.0008326394671107413 0.0007451834119715057
TOP1 10.416667 TOP2 65.364586 TOP2Diff 6.441558441558442 LOSS 132.7477996878787
TOP1train 9.635417 TOP2train 63.194447 TOP2trainDiff 5.831060606060606
(Array([ 99, 198, 221, 320], dtype=int64), Array([0, 0, 0, 0], dtype=int64))
TRAIN 200 L=145.925 ttrain=0.17s teval=0.75s
NetworkWithTTFS(net=NoDelayLayerNetwork(iw=Array(0.06599805, dtype=float64), rw=Array(3.00292423, dtype=float64)))
TRAIN 201 L=143.699 ttrain=0.17s teval=0.00s
NetworkWithTTFS(net=NoDelayLayerNetwork(iw=Array(0.04237639, dtype=float64), rw=Array(2.23860638, dtype=float64)))
TRAIN 202 L=135.868 ttrain=0.17s teval=0.00s
NetworkWithTTFS(net=NoDelayLayerNetwork(iw=Array(0.03643543, dtype=float64), rw=Array(1.83978831, dtype=float64)))
TRAIN 203 L=140.236 ttrain=0.17s teval=0.00s
NetworkWithTTFS(net=NoDelayLayerNetwork(iw=Array(0.03674589, dtype=float64), rw=Array(1.99549222, dtype=float64)))
TRAIN 204 L=160.925 ttrain=0.17s teval=0.00s
NetworkWithTTFS(net=NoDelayLayerNetwork(iw=Array(0.03859115, dtype=float64), rw=Array(2.2579304, dtype=float64)))
TRAIN 205 L=144.668 ttrain=0.17s teval=0.00s
NetworkWithTTFS(net=NoDelayLayerNetwork(iw=Array(0.05345812, dtype=float64), rw=Array(2.02104216, dtype=float64)))
TRAIN 206 L=128.250 ttrain=0.17s teval=0.00s
NetworkWithTTFS(net=NoDelayLayerNetwork(iw=Array(0.03704853, dtype=float64), rw=Array(1.78131288, dtype=float64)))
TRAIN 207 L=135.063 ttrain=0.17s teval=0.00s
NetworkWithTTFS(net=NoDelayLayerNetwork(iw=Array(0.04212131, dtype=float64), rw=Array(2.07757443, dtype=float64)))
TRAIN 208 L=146.316 ttrain=0.17s teval=0.00s
NetworkWithTTFS(net=NoDelayLayerNetwork(iw=Array(0.04859773, dtype=float64), rw=Array(2.61352113, dtype=float64)))
TRAIN 209 L=126.597 ttrain=0.17s teval=0.00s
NetworkWithTTFS(net=NoDelayLayerNetwork(iw=Array(0.04428146, dtype=float64), rw=Array(2.30279605, dtype=float64)))
TRAIN 210 L=145.356 ttrain=0.17s teval=0.00s
NetworkWithTTFS(net=NoDelayLayerNetwork(iw=Array(0.04202913, dtype=float64), rw=Array(2.01059602, dtype=float64)))
TRAIN 211 L=159.334 ttrain=0.17s teval=0.00s
NetworkWithTTFS(net=NoDelayLayerNetwork(iw=Array(0.04081663, dtype=float64), rw=Array(2.29708189, dtype=float64)))
TRAIN 212 L=105.769 ttrain=0.17s teval=0.00s
NetworkWithTTFS(net=NoDelayLayerNetwork(iw=Array(0.03193888, dtype=float64), rw=Array(2.04343234, dtype=float64)))
TRAIN 213 L=156.116 ttrain=0.17s teval=0.00s
NetworkWithTTFS(net=NoDelayLayerNetwork(iw=Array(0.05030065, dtype=float64), rw=Array(1.92086406, dtype=float64)))
TRAIN 214 L=150.249 ttrain=0.17s teval=0.00s
NetworkWithTTFS(net=NoDelayLayerNetwork(iw=Array(0.03321934, dtype=float64), rw=Array(2.2350328, dtype=float64)))
TRAIN 215 L=146.156 ttrain=0.17s teval=0.00s
NetworkWithTTFS(net=NoDelayLayerNetwork(iw=Array(0.04252042, dtype=float64), rw=Array(2.07285279, dtype=float64)))
TRAIN 216 L=126.534 ttrain=0.17s teval=0.00s
NetworkWithTTFS(net=NoDelayLayerNetwork(iw=Array(0.04811232, dtype=float64), rw=Array(2.31629709, dtype=float64)))
TRAIN 217 L=149.148 ttrain=0.17s teval=0.00s
NetworkWithTTFS(net=NoDelayLayerNetwork(iw=Array(0.04607476, dtype=float64), rw=Array(1.96829983, dtype=float64)))
TRAIN 218 L=135.979 ttrain=0.17s teval=0.00s
NetworkWithTTFS(net=NoDelayLayerNetwork(iw=Array(0.02930673, dtype=float64), rw=Array(1.87227819, dtype=float64)))
TRAIN 219 L=133.206 ttrain=0.17s teval=0.00s
NetworkWithTTFS(net=NoDelayLayerNetwork(iw=Array(0.05092007, dtype=float64), rw=Array(2.92834182, dtype=float64)))
TRAIN 220 L=133.215 ttrain=0.17s teval=0.00s
NetworkWithTTFS(net=NoDelayLayerNetwork(iw=Array(0.0490345, dtype=float64), rw=Array(2.07407546, dtype=float64)))
TRAIN 221 L=135.378 ttrain=0.17s teval=0.00s
NetworkWithTTFS(net=NoDelayLayerNetwork(iw=Array(0.03337796, dtype=float64), rw=Array(1.98950943, dtype=float64)))
TRAIN 222 L=116.610 ttrain=0.17s teval=0.00s
NetworkWithTTFS(net=NoDelayLayerNetwork(iw=Array(0.02229833, dtype=float64), rw=Array(2.03985039, dtype=float64)))
TRAIN 223 L=124.596 ttrain=0.17s teval=0.00s
NetworkWithTTFS(net=NoDelayLayerNetwork(iw=Array(0.03007096, dtype=float64), rw=Array(1.62691361, dtype=float64)))
TRAIN 224 L=127.165 ttrain=0.17s teval=0.00s
NetworkWithTTFS(net=NoDelayLayerNetwork(iw=Array(0.03417724, dtype=float64), rw=Array(1.6586455, dtype=float64)))
TRAIN 225 L=115.903 ttrain=0.17s teval=0.00s
NetworkWithTTFS(net=NoDelayLayerNetwork(iw=Array(0.04373943, dtype=float64), rw=Array(2.77999903, dtype=float64)))
TRAIN 226 L=154.859 ttrain=0.17s teval=0.00s
NetworkWithTTFS(net=NoDelayLayerNetwork(iw=Array(0.04791786, dtype=float64), rw=Array(2.07223064, dtype=float64)))
TRAIN 227 L=147.703 ttrain=0.17s teval=0.00s
NetworkWithTTFS(net=NoDelayLayerNetwork(iw=Array(0.03485421, dtype=float64), rw=Array(2.1044747, dtype=float64)))
TRAIN 228 L=136.032 ttrain=0.17s teval=0.00s
NetworkWithTTFS(net=NoDelayLayerNetwork(iw=Array(0.04865502, dtype=float64), rw=Array(2.82592789, dtype=float64)))
TRAIN 229 L=131.930 ttrain=0.17s teval=0.00s
NetworkWithTTFS(net=NoDelayLayerNetwork(iw=Array(0.03667318, dtype=float64), rw=Array(1.80983796, dtype=float64)))
TRAIN 230 L=128.960 ttrain=0.17s teval=0.00s
NetworkWithTTFS(net=NoDelayLayerNetwork(iw=Array(0.03461521, dtype=float64), rw=Array(2.25088547, dtype=float64)))
TRAIN 231 L=132.343 ttrain=0.17s teval=0.00s
NetworkWithTTFS(net=NoDelayLayerNetwork(iw=Array(0.03453997, dtype=float64), rw=Array(2.40455169, dtype=float64)))
TRAIN 232 L=149.294 ttrain=0.17s teval=0.00s
NetworkWithTTFS(net=NoDelayLayerNetwork(iw=Array(0.03689542, dtype=float64), rw=Array(2.12380818, dtype=float64)))
TRAIN 233 L=144.876 ttrain=0.17s teval=0.00s
NetworkWithTTFS(net=NoDelayLayerNetwork(iw=Array(0.03197762, dtype=float64), rw=Array(1.99830213, dtype=float64)))
TRAIN 234 L=131.281 ttrain=0.17s teval=0.00s
NetworkWithTTFS(net=NoDelayLayerNetwork(iw=Array(0.04264032, dtype=float64), rw=Array(2.00872763, dtype=float64)))
TRAIN 235 L=126.268 ttrain=0.17s teval=0.00s
NetworkWithTTFS(net=NoDelayLayerNetwork(iw=Array(0.03234085, dtype=float64), rw=Array(2.57376084, dtype=float64)))
TRAIN 236 L=151.961 ttrain=0.17s teval=0.00s
NetworkWithTTFS(net=NoDelayLayerNetwork(iw=Array(0.03828439, dtype=float64), rw=Array(2.19872955, dtype=float64)))
TRAIN 237 L=122.592 ttrain=0.17s teval=0.00s
NetworkWithTTFS(net=NoDelayLayerNetwork(iw=Array(0.03200458, dtype=float64), rw=Array(1.80597682, dtype=float64)))
TRAIN 238 L=127.490 ttrain=0.17s teval=0.00s
NetworkWithTTFS(net=NoDelayLayerNetwork(iw=Array(0.03429178, dtype=float64), rw=Array(1.74284302, dtype=float64)))
TRAIN 239 L=135.606 ttrain=0.17s teval=0.00s
NetworkWithTTFS(net=NoDelayLayerNetwork(iw=Array(0.03678563, dtype=float64), rw=Array(1.95852242, dtype=float64)))
TRAIN 240 L=142.922 ttrain=0.17s teval=0.00s
NetworkWithTTFS(net=NoDelayLayerNetwork(iw=Array(0.03402848, dtype=float64), rw=Array(2.04549478, dtype=float64)))
TRAIN 241 L=149.081 ttrain=0.17s teval=0.00s
NetworkWithTTFS(net=NoDelayLayerNetwork(iw=Array(0.04472441, dtype=float64), rw=Array(2.6983795, dtype=float64)))
TRAIN 242 L=119.761 ttrain=0.17s teval=0.00s
NetworkWithTTFS(net=NoDelayLayerNetwork(iw=Array(0.02576125, dtype=float64), rw=Array(1.706386, dtype=float64)))
TRAIN 243 L=150.272 ttrain=0.17s teval=0.00s
NetworkWithTTFS(net=NoDelayLayerNetwork(iw=Array(0.04798651, dtype=float64), rw=Array(2.55484723, dtype=float64)))
TRAIN 244 L=133.676 ttrain=0.17s teval=0.00s
NetworkWithTTFS(net=NoDelayLayerNetwork(iw=Array(0.03165308, dtype=float64), rw=Array(1.95797286, dtype=float64)))
TRAIN 245 L=123.325 ttrain=0.17s teval=0.00s
NetworkWithTTFS(net=NoDelayLayerNetwork(iw=Array(0.04573768, dtype=float64), rw=Array(1.78071461, dtype=float64)))
TRAIN 246 L=111.068 ttrain=0.17s teval=0.00s
NetworkWithTTFS(net=NoDelayLayerNetwork(iw=Array(0.0288946, dtype=float64), rw=Array(1.759659, dtype=float64)))
TRAIN 247 L=111.219 ttrain=0.17s teval=0.00s
NetworkWithTTFS(net=NoDelayLayerNetwork(iw=Array(0.0311964, dtype=float64), rw=Array(1.55507284, dtype=float64)))
TRAIN 248 L=125.459 ttrain=0.17s teval=0.00s
NetworkWithTTFS(net=NoDelayLayerNetwork(iw=Array(0.04072138, dtype=float64), rw=Array(1.88833131, dtype=float64)))
TRAIN 249 L=139.151 ttrain=0.17s teval=0.00s
NetworkWithTTFS(net=NoDelayLayerNetwork(iw=Array(0.03840032, dtype=float64), rw=Array(2.1130661, dtype=float64)))
TRAIN 250 L=125.090 ttrain=0.17s teval=0.00s
NetworkWithTTFS(net=NoDelayLayerNetwork(iw=Array(0.02772194, dtype=float64), rw=Array(2.23771847, dtype=float64)))
TRAIN 251 L=104.823 ttrain=0.17s teval=0.00s
NetworkWithTTFS(net=NoDelayLayerNetwork(iw=Array(0.03412745, dtype=float64), rw=Array(1.90250563, dtype=float64)))
TRAIN 252 L=122.952 ttrain=0.17s teval=0.00s
NetworkWithTTFS(net=NoDelayLayerNetwork(iw=Array(0.04458166, dtype=float64), rw=Array(2.21016245, dtype=float64)))
TRAIN 253 L=132.485 ttrain=0.17s teval=0.00s
NetworkWithTTFS(net=NoDelayLayerNetwork(iw=Array(0.0314924, dtype=float64), rw=Array(1.80890006, dtype=float64)))
TRAIN 254 L=123.810 ttrain=0.17s teval=0.00s
NetworkWithTTFS(net=NoDelayLayerNetwork(iw=Array(0.02689674, dtype=float64), rw=Array(2.04971257, dtype=float64)))
TRAIN 255 L=111.476 ttrain=0.17s teval=0.00s
NetworkWithTTFS(net=NoDelayLayerNetwork(iw=Array(0.038983, dtype=float64), rw=Array(2.34756426, dtype=float64)))
TRAIN 256 L=121.472 ttrain=0.17s teval=0.00s
NetworkWithTTFS(net=NoDelayLayerNetwork(iw=Array(0.0299401, dtype=float64), rw=Array(1.81829107, dtype=float64)))
TRAIN 257 L=127.877 ttrain=0.17s teval=0.00s
NetworkWithTTFS(net=NoDelayLayerNetwork(iw=Array(0.03305686, dtype=float64), rw=Array(2.13637514, dtype=float64)))
TRAIN 258 L=127.165 ttrain=0.17s teval=0.00s
NetworkWithTTFS(net=NoDelayLayerNetwork(iw=Array(0.03374524, dtype=float64), rw=Array(1.72331972, dtype=float64)))
TRAIN 259 L=132.005 ttrain=0.17s teval=0.00s
NetworkWithTTFS(net=NoDelayLayerNetwork(iw=Array(0.03679053, dtype=float64), rw=Array(2.24652552, dtype=float64)))
TRAIN 260 L=143.801 ttrain=0.17s teval=0.00s
NetworkWithTTFS(net=NoDelayLayerNetwork(iw=Array(0.03304967, dtype=float64), rw=Array(2.15674677, dtype=float64)))
TRAIN 261 L=126.690 ttrain=0.17s teval=0.00s
NetworkWithTTFS(net=NoDelayLayerNetwork(iw=Array(0.03451939, dtype=float64), rw=Array(2.10322011, dtype=float64)))
TRAIN 262 L=119.126 ttrain=0.17s teval=0.00s
NetworkWithTTFS(net=NoDelayLayerNetwork(iw=Array(0.02604331, dtype=float64), rw=Array(1.96332022, dtype=float64)))
TRAIN 263 L=113.792 ttrain=0.17s teval=0.00s
NetworkWithTTFS(net=NoDelayLayerNetwork(iw=Array(0.03368129, dtype=float64), rw=Array(1.776422, dtype=float64)))
TRAIN 264 L=114.481 ttrain=0.17s teval=0.00s
NetworkWithTTFS(net=NoDelayLayerNetwork(iw=Array(0.04070085, dtype=float64), rw=Array(2.0246777, dtype=float64)))
TRAIN 265 L=144.387 ttrain=0.17s teval=0.00s
NetworkWithTTFS(net=NoDelayLayerNetwork(iw=Array(0.0474923, dtype=float64), rw=Array(2.82627003, dtype=float64)))
TRAIN 266 L=134.326 ttrain=0.17s teval=0.00s
NetworkWithTTFS(net=NoDelayLayerNetwork(iw=Array(0.03941489, dtype=float64), rw=Array(1.94781729, dtype=float64)))
TRAIN 267 L=110.917 ttrain=0.17s teval=0.00s
NetworkWithTTFS(net=NoDelayLayerNetwork(iw=Array(0.02489292, dtype=float64), rw=Array(1.70188817, dtype=float64)))
TRAIN 268 L=137.036 ttrain=0.17s teval=0.00s
NetworkWithTTFS(net=NoDelayLayerNetwork(iw=Array(0.03262139, dtype=float64), rw=Array(2.08130047, dtype=float64)))
TRAIN 269 L=131.761 ttrain=0.17s teval=0.00s
NetworkWithTTFS(net=NoDelayLayerNetwork(iw=Array(0.04214368, dtype=float64), rw=Array(2.1432482, dtype=float64)))
TRAIN 270 L=124.276 ttrain=0.17s teval=0.00s
NetworkWithTTFS(net=NoDelayLayerNetwork(iw=Array(0.02663927, dtype=float64), rw=Array(1.79306116, dtype=float64)))
TRAIN 271 L=127.645 ttrain=0.17s teval=0.00s
NetworkWithTTFS(net=NoDelayLayerNetwork(iw=Array(0.03380925, dtype=float64), rw=Array(1.96483272, dtype=float64)))
TRAIN 272 L=124.784 ttrain=0.17s teval=0.00s
NetworkWithTTFS(net=NoDelayLayerNetwork(iw=Array(0.03450916, dtype=float64), rw=Array(1.96710962, dtype=float64)))
TRAIN 273 L=115.664 ttrain=0.17s teval=0.00s
NetworkWithTTFS(net=NoDelayLayerNetwork(iw=Array(0.03108307, dtype=float64), rw=Array(2.51484624, dtype=float64)))
TRAIN 274 L=98.041 ttrain=0.17s teval=0.00s
NetworkWithTTFS(net=NoDelayLayerNetwork(iw=Array(0.02422948, dtype=float64), rw=Array(2.0800042, dtype=float64)))
TRAIN 275 L=112.290 ttrain=0.17s teval=0.00s
NetworkWithTTFS(net=NoDelayLayerNetwork(iw=Array(0.026378, dtype=float64), rw=Array(2.03084714, dtype=float64)))
TRAIN 276 L=104.531 ttrain=0.17s teval=0.00s
NetworkWithTTFS(net=NoDelayLayerNetwork(iw=Array(0.02843795, dtype=float64), rw=Array(2.11178174, dtype=float64)))
TRAIN 277 L=129.748 ttrain=0.17s teval=0.00s
NetworkWithTTFS(net=NoDelayLayerNetwork(iw=Array(0.03376521, dtype=float64), rw=Array(2.45494804, dtype=float64)))
TRAIN 278 L=135.601 ttrain=0.17s teval=0.00s
NetworkWithTTFS(net=NoDelayLayerNetwork(iw=Array(0.038113, dtype=float64), rw=Array(2.02957182, dtype=float64)))
TRAIN 279 L=115.615 ttrain=0.17s teval=0.00s
NetworkWithTTFS(net=NoDelayLayerNetwork(iw=Array(0.03037739, dtype=float64), rw=Array(1.77830433, dtype=float64)))
TRAIN 280 L=145.178 ttrain=0.17s teval=0.00s
NetworkWithTTFS(net=NoDelayLayerNetwork(iw=Array(0.04188451, dtype=float64), rw=Array(2.14163826, dtype=float64)))
TRAIN 281 L=120.499 ttrain=0.17s teval=0.00s
NetworkWithTTFS(net=NoDelayLayerNetwork(iw=Array(0.03491522, dtype=float64), rw=Array(1.97254642, dtype=float64)))
TRAIN 282 L=113.454 ttrain=0.17s teval=0.00s
NetworkWithTTFS(net=NoDelayLayerNetwork(iw=Array(0.02886316, dtype=float64), rw=Array(2.093941, dtype=float64)))
TRAIN 283 L=98.351 ttrain=0.17s teval=0.00s
NetworkWithTTFS(net=NoDelayLayerNetwork(iw=Array(0.02895718, dtype=float64), rw=Array(1.79412261, dtype=float64)))
TRAIN 284 L=122.428 ttrain=0.17s teval=0.00s
NetworkWithTTFS(net=NoDelayLayerNetwork(iw=Array(0.03157618, dtype=float64), rw=Array(1.98363644, dtype=float64)))
TRAIN 285 L=127.325 ttrain=0.17s teval=0.00s
NetworkWithTTFS(net=NoDelayLayerNetwork(iw=Array(0.03368587, dtype=float64), rw=Array(2.2845665, dtype=float64)))
TRAIN 286 L=109.127 ttrain=0.17s teval=0.00s
NetworkWithTTFS(net=NoDelayLayerNetwork(iw=Array(0.0249201, dtype=float64), rw=Array(2.04941313, dtype=float64)))
TRAIN 287 L=131.589 ttrain=0.17s teval=0.00s
NetworkWithTTFS(net=NoDelayLayerNetwork(iw=Array(0.04491415, dtype=float64), rw=Array(2.92720484, dtype=float64)))
TRAIN 288 L=112.239 ttrain=0.17s teval=0.00s
NetworkWithTTFS(net=NoDelayLayerNetwork(iw=Array(0.02580864, dtype=float64), rw=Array(2.01908841, dtype=float64)))
TRAIN 289 L=102.059 ttrain=0.17s teval=0.00s
NetworkWithTTFS(net=NoDelayLayerNetwork(iw=Array(0.02767477, dtype=float64), rw=Array(1.75987305, dtype=float64)))
TRAIN 290 L=99.685 ttrain=0.17s teval=0.00s
NetworkWithTTFS(net=NoDelayLayerNetwork(iw=Array(0.02714185, dtype=float64), rw=Array(1.75639901, dtype=float64)))
TRAIN 291 L=92.329 ttrain=0.17s teval=0.00s
NetworkWithTTFS(net=NoDelayLayerNetwork(iw=Array(0.02818462, dtype=float64), rw=Array(1.79696101, dtype=float64)))
TRAIN 292 L=129.667 ttrain=0.17s teval=0.00s
NetworkWithTTFS(net=NoDelayLayerNetwork(iw=Array(0.0377538, dtype=float64), rw=Array(2.11340336, dtype=float64)))
TRAIN 293 L=84.246 ttrain=0.17s teval=0.00s
NetworkWithTTFS(net=NoDelayLayerNetwork(iw=Array(0.02607444, dtype=float64), rw=Array(2.20087223, dtype=float64)))
TRAIN 294 L=126.259 ttrain=0.17s teval=0.00s
NetworkWithTTFS(net=NoDelayLayerNetwork(iw=Array(0.03410784, dtype=float64), rw=Array(1.99614104, dtype=float64)))
TRAIN 295 L=103.068 ttrain=0.17s teval=0.00s
NetworkWithTTFS(net=NoDelayLayerNetwork(iw=Array(0.02601466, dtype=float64), rw=Array(2.22683134, dtype=float64)))
TRAIN 296 L=95.353 ttrain=0.17s teval=0.00s
NetworkWithTTFS(net=NoDelayLayerNetwork(iw=Array(0.02266009, dtype=float64), rw=Array(1.73572956, dtype=float64)))
TRAIN 297 L=121.380 ttrain=0.17s teval=0.00s
NetworkWithTTFS(net=NoDelayLayerNetwork(iw=Array(0.02885449, dtype=float64), rw=Array(2.59591224, dtype=float64)))
TRAIN 298 L=99.010 ttrain=0.17s teval=0.00s
NetworkWithTTFS(net=NoDelayLayerNetwork(iw=Array(0.02374012, dtype=float64), rw=Array(1.78924254, dtype=float64)))
TRAIN 299 L=129.468 ttrain=0.17s teval=0.00s
NetworkWithTTFS(net=NoDelayLayerNetwork(iw=Array(0.031035, dtype=float64), rw=Array(2.02756267, dtype=float64)))
TEST
FREQ 4.625774817281895e-05 0.0008326394671107413 0.0007399571760000574
FREQtrain 6.504995836802664e-05 0.0008326394671107413 0.0007434042678110125
TOP1 11.197917 TOP2 66.75348 TOP2Diff 5.044034090909091 LOSS 103.62083133712815
TOP1train 13.194445 TOP2train 63.194447 TOP2trainDiff 4.083333333333334
TRAIN 300 L=113.201 ttrain=0.17s teval=0.00s
NetworkWithTTFS(net=NoDelayLayerNetwork(iw=Array(0.03112303, dtype=float64), rw=Array(1.79498039, dtype=float64)))
TRAIN 301 L=98.903 ttrain=0.17s teval=0.00s
NetworkWithTTFS(net=NoDelayLayerNetwork(iw=Array(0.02676706, dtype=float64), rw=Array(1.96905156, dtype=float64)))
TRAIN 302 L=109.405 ttrain=0.17s teval=0.00s
NetworkWithTTFS(net=NoDelayLayerNetwork(iw=Array(0.02701148, dtype=float64), rw=Array(1.81076939, dtype=float64)))
TRAIN 303 L=109.774 ttrain=0.17s teval=0.00s
NetworkWithTTFS(net=NoDelayLayerNetwork(iw=Array(0.02945997, dtype=float64), rw=Array(2.25273408, dtype=float64)))
TRAIN 304 L=110.583 ttrain=0.17s teval=0.00s
NetworkWithTTFS(net=NoDelayLayerNetwork(iw=Array(0.0308099, dtype=float64), rw=Array(2.14011864, dtype=float64)))
TRAIN 305 L=127.427 ttrain=0.17s teval=0.00s
NetworkWithTTFS(net=NoDelayLayerNetwork(iw=Array(0.0376144, dtype=float64), rw=Array(2.06930062, dtype=float64)))
TRAIN 306 L=109.236 ttrain=0.17s teval=0.00s
NetworkWithTTFS(net=NoDelayLayerNetwork(iw=Array(0.03287547, dtype=float64), rw=Array(1.77784168, dtype=float64)))
TRAIN 307 L=101.681 ttrain=0.17s teval=0.00s
NetworkWithTTFS(net=NoDelayLayerNetwork(iw=Array(0.02916309, dtype=float64), rw=Array(1.82511415, dtype=float64)))
TRAIN 308 L=113.832 ttrain=0.17s teval=0.00s
NetworkWithTTFS(net=NoDelayLayerNetwork(iw=Array(0.03303176, dtype=float64), rw=Array(1.83537823, dtype=float64)))
TRAIN 309 L=110.361 ttrain=0.17s teval=0.00s
NetworkWithTTFS(net=NoDelayLayerNetwork(iw=Array(0.03416938, dtype=float64), rw=Array(2.06320764, dtype=float64)))
TRAIN 310 L=102.458 ttrain=0.17s teval=0.00s
NetworkWithTTFS(net=NoDelayLayerNetwork(iw=Array(0.02815316, dtype=float64), rw=Array(2.75336116, dtype=float64)))
TRAIN 311 L=88.939 ttrain=0.17s teval=0.00s
NetworkWithTTFS(net=NoDelayLayerNetwork(iw=Array(0.02821997, dtype=float64), rw=Array(1.83614101, dtype=float64)))
TRAIN 312 L=100.121 ttrain=0.17s teval=0.00s
NetworkWithTTFS(net=NoDelayLayerNetwork(iw=Array(0.02776335, dtype=float64), rw=Array(1.64749764, dtype=float64)))
TRAIN 313 L=100.512 ttrain=0.17s teval=0.00s
NetworkWithTTFS(net=NoDelayLayerNetwork(iw=Array(0.02310543, dtype=float64), rw=Array(1.84185478, dtype=float64)))
TRAIN 314 L=106.472 ttrain=0.17s teval=0.00s
NetworkWithTTFS(net=NoDelayLayerNetwork(iw=Array(0.02995076, dtype=float64), rw=Array(1.788771, dtype=float64)))
TRAIN 315 L=107.903 ttrain=0.17s teval=0.00s
NetworkWithTTFS(net=NoDelayLayerNetwork(iw=Array(0.03001865, dtype=float64), rw=Array(1.97672049, dtype=float64)))
TRAIN 316 L=120.547 ttrain=0.17s teval=0.00s
NetworkWithTTFS(net=NoDelayLayerNetwork(iw=Array(0.03179598, dtype=float64), rw=Array(1.86720885, dtype=float64)))
TRAIN 317 L=105.934 ttrain=0.17s teval=0.00s
NetworkWithTTFS(net=NoDelayLayerNetwork(iw=Array(0.02683752, dtype=float64), rw=Array(2.24792279, dtype=float64)))
TRAIN 318 L=108.109 ttrain=0.17s teval=0.00s
NetworkWithTTFS(net=NoDelayLayerNetwork(iw=Array(0.02643435, dtype=float64), rw=Array(1.92246828, dtype=float64)))
TRAIN 319 L=103.508 ttrain=0.17s teval=0.00s
NetworkWithTTFS(net=NoDelayLayerNetwork(iw=Array(0.02503153, dtype=float64), rw=Array(2.19548742, dtype=float64)))
TRAIN 320 L=89.611 ttrain=0.17s teval=0.00s
NetworkWithTTFS(net=NoDelayLayerNetwork(iw=Array(0.02416724, dtype=float64), rw=Array(1.95457947, dtype=float64)))
TRAIN 321 L=119.074 ttrain=0.17s teval=0.00s
NetworkWithTTFS(net=NoDelayLayerNetwork(iw=Array(0.02808674, dtype=float64), rw=Array(1.87212834, dtype=float64)))
TRAIN 322 L=98.309 ttrain=0.17s teval=0.00s
NetworkWithTTFS(net=NoDelayLayerNetwork(iw=Array(0.02698597, dtype=float64), rw=Array(1.83621217, dtype=float64)))
TRAIN 323 L=100.691 ttrain=0.17s teval=0.00s
NetworkWithTTFS(net=NoDelayLayerNetwork(iw=Array(0.02793813, dtype=float64), rw=Array(2.40723238, dtype=float64)))
TRAIN 324 L=113.171 ttrain=0.17s teval=0.00s
NetworkWithTTFS(net=NoDelayLayerNetwork(iw=Array(0.03058466, dtype=float64), rw=Array(2.0544059, dtype=float64)))
TRAIN 325 L=89.127 ttrain=0.17s teval=0.00s
NetworkWithTTFS(net=NoDelayLayerNetwork(iw=Array(0.02849724, dtype=float64), rw=Array(2.1686418, dtype=float64)))
TRAIN 326 L=96.336 ttrain=0.17s teval=0.00s
NetworkWithTTFS(net=NoDelayLayerNetwork(iw=Array(0.02656248, dtype=float64), rw=Array(2.12197672, dtype=float64)))
TRAIN 327 L=92.399 ttrain=0.17s teval=0.00s
NetworkWithTTFS(net=NoDelayLayerNetwork(iw=Array(0.02492811, dtype=float64), rw=Array(1.80488643, dtype=float64)))
TRAIN 328 L=108.522 ttrain=0.17s teval=0.00s
NetworkWithTTFS(net=NoDelayLayerNetwork(iw=Array(0.0322383, dtype=float64), rw=Array(2.48373238, dtype=float64)))
TRAIN 329 L=102.785 ttrain=0.17s teval=0.00s
NetworkWithTTFS(net=NoDelayLayerNetwork(iw=Array(0.03001907, dtype=float64), rw=Array(2.33461876, dtype=float64)))
TRAIN 330 L=98.353 ttrain=0.17s teval=0.00s
NetworkWithTTFS(net=NoDelayLayerNetwork(iw=Array(0.02862981, dtype=float64), rw=Array(1.98852007, dtype=float64)))
TRAIN 331 L=100.278 ttrain=0.17s teval=0.00s
NetworkWithTTFS(net=NoDelayLayerNetwork(iw=Array(0.02524383, dtype=float64), rw=Array(2.04236402, dtype=float64)))
TRAIN 332 L=94.124 ttrain=0.17s teval=0.00s
NetworkWithTTFS(net=NoDelayLayerNetwork(iw=Array(0.02599912, dtype=float64), rw=Array(1.93163743, dtype=float64)))
TRAIN 333 L=116.487 ttrain=0.17s teval=0.00s
NetworkWithTTFS(net=NoDelayLayerNetwork(iw=Array(0.03186096, dtype=float64), rw=Array(2.00326875, dtype=float64)))
TRAIN 334 L=82.135 ttrain=0.17s teval=0.00s
NetworkWithTTFS(net=NoDelayLayerNetwork(iw=Array(0.02235694, dtype=float64), rw=Array(1.60304676, dtype=float64)))
TRAIN 335 L=99.390 ttrain=0.17s teval=0.00s
NetworkWithTTFS(net=NoDelayLayerNetwork(iw=Array(0.02676195, dtype=float64), rw=Array(1.68137643, dtype=float64)))
TRAIN 336 L=98.430 ttrain=0.17s teval=0.00s
NetworkWithTTFS(net=NoDelayLayerNetwork(iw=Array(0.02556319, dtype=float64), rw=Array(1.83076637, dtype=float64)))
TRAIN 337 L=103.817 ttrain=0.17s teval=0.00s
NetworkWithTTFS(net=NoDelayLayerNetwork(iw=Array(0.0273449, dtype=float64), rw=Array(2.04722717, dtype=float64)))
TRAIN 338 L=104.002 ttrain=0.17s teval=0.00s
NetworkWithTTFS(net=NoDelayLayerNetwork(iw=Array(0.03342139, dtype=float64), rw=Array(2.31018044, dtype=float64)))
TRAIN 339 L=85.660 ttrain=0.17s teval=0.00s
NetworkWithTTFS(net=NoDelayLayerNetwork(iw=Array(0.02496217, dtype=float64), rw=Array(2.03684501, dtype=float64)))
TRAIN 340 L=106.483 ttrain=0.17s teval=0.00s
NetworkWithTTFS(net=NoDelayLayerNetwork(iw=Array(0.03139667, dtype=float64), rw=Array(2.43019958, dtype=float64)))
TRAIN 341 L=103.042 ttrain=0.17s teval=0.00s
NetworkWithTTFS(net=NoDelayLayerNetwork(iw=Array(0.03117484, dtype=float64), rw=Array(2.08515865, dtype=float64)))
TRAIN 342 L=71.967 ttrain=0.17s teval=0.00s
NetworkWithTTFS(net=NoDelayLayerNetwork(iw=Array(0.0248687, dtype=float64), rw=Array(1.77435285, dtype=float64)))
TRAIN 343 L=98.367 ttrain=0.17s teval=0.00s
NetworkWithTTFS(net=NoDelayLayerNetwork(iw=Array(0.02620364, dtype=float64), rw=Array(2.18686947, dtype=float64)))
TRAIN 344 L=85.669 ttrain=0.17s teval=0.00s
NetworkWithTTFS(net=NoDelayLayerNetwork(iw=Array(0.02621363, dtype=float64), rw=Array(2.06808798, dtype=float64)))
TRAIN 345 L=114.558 ttrain=0.17s teval=0.00s
NetworkWithTTFS(net=NoDelayLayerNetwork(iw=Array(0.03143949, dtype=float64), rw=Array(2.10416199, dtype=float64)))
TRAIN 346 L=80.278 ttrain=0.17s teval=0.00s
NetworkWithTTFS(net=NoDelayLayerNetwork(iw=Array(0.02560248, dtype=float64), rw=Array(1.96459822, dtype=float64)))
TRAIN 347 L=85.215 ttrain=0.17s teval=0.00s
NetworkWithTTFS(net=NoDelayLayerNetwork(iw=Array(0.02156827, dtype=float64), rw=Array(1.95544222, dtype=float64)))
TRAIN 348 L=98.425 ttrain=0.17s teval=0.00s
NetworkWithTTFS(net=NoDelayLayerNetwork(iw=Array(0.02640253, dtype=float64), rw=Array(1.94452152, dtype=float64)))
TRAIN 349 L=95.747 ttrain=0.17s teval=0.00s
NetworkWithTTFS(net=NoDelayLayerNetwork(iw=Array(0.02732709, dtype=float64), rw=Array(1.86882057, dtype=float64)))
TRAIN 350 L=92.668 ttrain=0.17s teval=0.00s
NetworkWithTTFS(net=NoDelayLayerNetwork(iw=Array(0.02507042, dtype=float64), rw=Array(1.89749785, dtype=float64)))
TRAIN 351 L=87.988 ttrain=0.17s teval=0.00s
NetworkWithTTFS(net=NoDelayLayerNetwork(iw=Array(0.02616872, dtype=float64), rw=Array(1.79209921, dtype=float64)))
TRAIN 352 L=87.330 ttrain=0.17s teval=0.00s
NetworkWithTTFS(net=NoDelayLayerNetwork(iw=Array(0.02781813, dtype=float64), rw=Array(2.14992618, dtype=float64)))
TRAIN 353 L=99.397 ttrain=0.17s teval=0.00s
NetworkWithTTFS(net=NoDelayLayerNetwork(iw=Array(0.03671235, dtype=float64), rw=Array(1.64606733, dtype=float64)))
TRAIN 354 L=90.045 ttrain=0.17s teval=0.00s
NetworkWithTTFS(net=NoDelayLayerNetwork(iw=Array(0.0230608, dtype=float64), rw=Array(1.85304841, dtype=float64)))
TRAIN 355 L=89.952 ttrain=0.17s teval=0.00s
NetworkWithTTFS(net=NoDelayLayerNetwork(iw=Array(0.02644771, dtype=float64), rw=Array(1.73862953, dtype=float64)))
TRAIN 356 L=73.361 ttrain=0.17s teval=0.00s
NetworkWithTTFS(net=NoDelayLayerNetwork(iw=Array(0.02412339, dtype=float64), rw=Array(2.31677042, dtype=float64)))
TRAIN 357 L=84.028 ttrain=0.17s teval=0.00s
NetworkWithTTFS(net=NoDelayLayerNetwork(iw=Array(0.02576685, dtype=float64), rw=Array(1.72390126, dtype=float64)))
TRAIN 358 L=88.930 ttrain=0.17s teval=0.00s
NetworkWithTTFS(net=NoDelayLayerNetwork(iw=Array(0.03279627, dtype=float64), rw=Array(1.7679737, dtype=float64)))
TRAIN 359 L=63.601 ttrain=0.17s teval=0.00s
NetworkWithTTFS(net=NoDelayLayerNetwork(iw=Array(0.0204557, dtype=float64), rw=Array(1.77014491, dtype=float64)))
TRAIN 360 L=98.407 ttrain=0.17s teval=0.00s
NetworkWithTTFS(net=NoDelayLayerNetwork(iw=Array(0.02957797, dtype=float64), rw=Array(2.08853981, dtype=float64)))
TRAIN 361 L=98.419 ttrain=0.17s teval=0.00s
NetworkWithTTFS(net=NoDelayLayerNetwork(iw=Array(0.0317307, dtype=float64), rw=Array(2.15181533, dtype=float64)))
TRAIN 362 L=81.299 ttrain=0.17s teval=0.00s
NetworkWithTTFS(net=NoDelayLayerNetwork(iw=Array(0.02331791, dtype=float64), rw=Array(1.64335194, dtype=float64)))
TRAIN 363 L=98.152 ttrain=0.17s teval=0.00s
NetworkWithTTFS(net=NoDelayLayerNetwork(iw=Array(0.03016564, dtype=float64), rw=Array(2.09023146, dtype=float64)))
TRAIN 364 L=77.672 ttrain=0.17s teval=0.00s
NetworkWithTTFS(net=NoDelayLayerNetwork(iw=Array(0.02319559, dtype=float64), rw=Array(2.08375835, dtype=float64)))
TRAIN 365 L=94.477 ttrain=0.17s teval=0.00s
NetworkWithTTFS(net=NoDelayLayerNetwork(iw=Array(0.02578979, dtype=float64), rw=Array(1.82500565, dtype=float64)))
TRAIN 366 L=93.090 ttrain=0.17s teval=0.00s
NetworkWithTTFS(net=NoDelayLayerNetwork(iw=Array(0.02459079, dtype=float64), rw=Array(1.86132061, dtype=float64)))
TRAIN 367 L=99.917 ttrain=0.17s teval=0.00s
NetworkWithTTFS(net=NoDelayLayerNetwork(iw=Array(0.03359412, dtype=float64), rw=Array(1.79829743, dtype=float64)))
TRAIN 368 L=89.953 ttrain=0.17s teval=0.00s
NetworkWithTTFS(net=NoDelayLayerNetwork(iw=Array(0.0265578, dtype=float64), rw=Array(1.879749, dtype=float64)))
TRAIN 369 L=78.189 ttrain=0.17s teval=0.00s
NetworkWithTTFS(net=NoDelayLayerNetwork(iw=Array(0.02490736, dtype=float64), rw=Array(1.56433031, dtype=float64)))
TRAIN 370 L=88.290 ttrain=0.17s teval=0.00s
NetworkWithTTFS(net=NoDelayLayerNetwork(iw=Array(0.02584371, dtype=float64), rw=Array(2.05175532, dtype=float64)))
TRAIN 371 L=92.213 ttrain=0.17s teval=0.00s
NetworkWithTTFS(net=NoDelayLayerNetwork(iw=Array(0.02629809, dtype=float64), rw=Array(1.76549006, dtype=float64)))
TRAIN 372 L=83.028 ttrain=0.17s teval=0.00s
NetworkWithTTFS(net=NoDelayLayerNetwork(iw=Array(0.02606477, dtype=float64), rw=Array(1.6916385, dtype=float64)))
TRAIN 373 L=80.507 ttrain=0.17s teval=0.00s
NetworkWithTTFS(net=NoDelayLayerNetwork(iw=Array(0.02797248, dtype=float64), rw=Array(1.96395837, dtype=float64)))
TRAIN 374 L=72.837 ttrain=0.17s teval=0.00s
NetworkWithTTFS(net=NoDelayLayerNetwork(iw=Array(0.01971167, dtype=float64), rw=Array(1.48156486, dtype=float64)))
TRAIN 375 L=87.798 ttrain=0.17s teval=0.00s
NetworkWithTTFS(net=NoDelayLayerNetwork(iw=Array(0.03216586, dtype=float64), rw=Array(2.40314324, dtype=float64)))
TRAIN 376 L=60.697 ttrain=0.17s teval=0.00s
NetworkWithTTFS(net=NoDelayLayerNetwork(iw=Array(0.01745265, dtype=float64), rw=Array(1.62143412, dtype=float64)))
TRAIN 377 L=89.242 ttrain=0.17s teval=0.00s
NetworkWithTTFS(net=NoDelayLayerNetwork(iw=Array(0.02767763, dtype=float64), rw=Array(1.97464275, dtype=float64)))
TRAIN 378 L=81.405 ttrain=0.17s teval=0.00s
NetworkWithTTFS(net=NoDelayLayerNetwork(iw=Array(0.02335576, dtype=float64), rw=Array(1.9192429, dtype=float64)))
TRAIN 379 L=77.526 ttrain=0.17s teval=0.00s
NetworkWithTTFS(net=NoDelayLayerNetwork(iw=Array(0.02278022, dtype=float64), rw=Array(1.69155496, dtype=float64)))
TRAIN 380 L=77.419 ttrain=0.17s teval=0.00s
NetworkWithTTFS(net=NoDelayLayerNetwork(iw=Array(0.02356225, dtype=float64), rw=Array(2.25821519, dtype=float64)))
TRAIN 381 L=87.805 ttrain=0.17s teval=0.00s
NetworkWithTTFS(net=NoDelayLayerNetwork(iw=Array(0.03057043, dtype=float64), rw=Array(1.71788867, dtype=float64)))
TRAIN 382 L=83.344 ttrain=0.17s teval=0.00s
NetworkWithTTFS(net=NoDelayLayerNetwork(iw=Array(0.02624941, dtype=float64), rw=Array(1.78253802, dtype=float64)))
TRAIN 383 L=73.628 ttrain=0.17s teval=0.00s
NetworkWithTTFS(net=NoDelayLayerNetwork(iw=Array(0.0199856, dtype=float64), rw=Array(2.33889157, dtype=float64)))
TRAIN 384 L=91.049 ttrain=0.17s teval=0.00s
NetworkWithTTFS(net=NoDelayLayerNetwork(iw=Array(0.03247038, dtype=float64), rw=Array(1.86387761, dtype=float64)))
TRAIN 385 L=75.005 ttrain=0.17s teval=0.00s
NetworkWithTTFS(net=NoDelayLayerNetwork(iw=Array(0.02491515, dtype=float64), rw=Array(1.68366917, dtype=float64)))
TRAIN 386 L=98.272 ttrain=0.17s teval=0.00s
NetworkWithTTFS(net=NoDelayLayerNetwork(iw=Array(0.03472852, dtype=float64), rw=Array(2.08948625, dtype=float64)))
TRAIN 387 L=85.401 ttrain=0.17s teval=0.00s
NetworkWithTTFS(net=NoDelayLayerNetwork(iw=Array(0.02569847, dtype=float64), rw=Array(2.07464142, dtype=float64)))
TRAIN 388 L=68.958 ttrain=0.17s teval=0.00s
NetworkWithTTFS(net=NoDelayLayerNetwork(iw=Array(0.02404505, dtype=float64), rw=Array(2.03465319, dtype=float64)))
TRAIN 389 L=82.850 ttrain=0.17s teval=0.00s
NetworkWithTTFS(net=NoDelayLayerNetwork(iw=Array(0.02358551, dtype=float64), rw=Array(2.14090946, dtype=float64)))
TRAIN 390 L=69.517 ttrain=0.17s teval=0.00s
NetworkWithTTFS(net=NoDelayLayerNetwork(iw=Array(0.0203988, dtype=float64), rw=Array(2.3298952, dtype=float64)))
TRAIN 391 L=86.759 ttrain=0.17s teval=0.00s
NetworkWithTTFS(net=NoDelayLayerNetwork(iw=Array(0.02560054, dtype=float64), rw=Array(1.86803113, dtype=float64)))
TRAIN 392 L=68.992 ttrain=0.17s teval=0.00s
NetworkWithTTFS(net=NoDelayLayerNetwork(iw=Array(0.0190846, dtype=float64), rw=Array(1.91652027, dtype=float64)))
TRAIN 393 L=75.459 ttrain=0.17s teval=0.00s
NetworkWithTTFS(net=NoDelayLayerNetwork(iw=Array(0.02745145, dtype=float64), rw=Array(1.354486, dtype=float64)))
TRAIN 394 L=74.618 ttrain=0.17s teval=0.00s
NetworkWithTTFS(net=NoDelayLayerNetwork(iw=Array(0.02226192, dtype=float64), rw=Array(1.60913923, dtype=float64)))
TRAIN 395 L=78.961 ttrain=0.17s teval=0.00s
NetworkWithTTFS(net=NoDelayLayerNetwork(iw=Array(0.02357042, dtype=float64), rw=Array(1.78315635, dtype=float64)))
TRAIN 396 L=64.027 ttrain=0.17s teval=0.00s
NetworkWithTTFS(net=NoDelayLayerNetwork(iw=Array(0.01789452, dtype=float64), rw=Array(1.78198151, dtype=float64)))
TRAIN 397 L=99.063 ttrain=0.17s teval=0.00s
NetworkWithTTFS(net=NoDelayLayerNetwork(iw=Array(0.03272138, dtype=float64), rw=Array(2.15010846, dtype=float64)))
TRAIN 398 L=91.379 ttrain=0.17s teval=0.00s
NetworkWithTTFS(net=NoDelayLayerNetwork(iw=Array(0.02990678, dtype=float64), rw=Array(1.97182944, dtype=float64)))
TRAIN 399 L=73.779 ttrain=0.17s teval=0.00s
NetworkWithTTFS(net=NoDelayLayerNetwork(iw=Array(0.02914903, dtype=float64), rw=Array(1.71867737, dtype=float64)))
TEST
FREQ 4.625774817281895e-05 0.0008326394671107413 0.0007384560231146414
FREQtrain 6.504995836802664e-05 0.0008326394671107413 0.0007429038835158739
TOP1 12.586805 TOP2 71.09375 TOP2Diff 3.0812020460358056 LOSS 69.28702541147574
TOP1train 13.194445 TOP2train 66.927086 TOP2trainDiff 2.2293233082706765
(Array([ 98, 193, 226, 321], dtype=int64), Array([0, 0, 0, 0], dtype=int64))
TRAIN 400 L=61.361 ttrain=0.17s teval=0.74s
NetworkWithTTFS(net=NoDelayLayerNetwork(iw=Array(0.01872951, dtype=float64), rw=Array(1.9455246, dtype=float64)))
TRAIN 401 L=78.379 ttrain=0.17s teval=0.00s
NetworkWithTTFS(net=NoDelayLayerNetwork(iw=Array(0.02436586, dtype=float64), rw=Array(1.7561697, dtype=float64)))
TRAIN 402 L=99.856 ttrain=0.17s teval=0.00s
NetworkWithTTFS(net=NoDelayLayerNetwork(iw=Array(0.03442932, dtype=float64), rw=Array(2.28191826, dtype=float64)))
TRAIN 403 L=76.700 ttrain=0.17s teval=0.00s
NetworkWithTTFS(net=NoDelayLayerNetwork(iw=Array(0.02279243, dtype=float64), rw=Array(2.07218524, dtype=float64)))
TRAIN 404 L=76.923 ttrain=0.17s teval=0.00s
NetworkWithTTFS(net=NoDelayLayerNetwork(iw=Array(0.0255525, dtype=float64), rw=Array(2.36041926, dtype=float64)))
TRAIN 405 L=74.022 ttrain=0.17s teval=0.00s
NetworkWithTTFS(net=NoDelayLayerNetwork(iw=Array(0.02384736, dtype=float64), rw=Array(1.72381142, dtype=float64)))
TRAIN 406 L=67.385 ttrain=0.17s teval=0.00s
NetworkWithTTFS(net=NoDelayLayerNetwork(iw=Array(0.02188103, dtype=float64), rw=Array(1.66882675, dtype=float64)))
TRAIN 407 L=63.638 ttrain=0.17s teval=0.00s
NetworkWithTTFS(net=NoDelayLayerNetwork(iw=Array(0.02072936, dtype=float64), rw=Array(1.96035774, dtype=float64)))
TRAIN 408 L=57.577 ttrain=0.17s teval=0.00s
NetworkWithTTFS(net=NoDelayLayerNetwork(iw=Array(0.02022455, dtype=float64), rw=Array(1.68454391, dtype=float64)))
TRAIN 409 L=67.793 ttrain=0.17s teval=0.00s
NetworkWithTTFS(net=NoDelayLayerNetwork(iw=Array(0.02416389, dtype=float64), rw=Array(2.02831027, dtype=float64)))
TRAIN 410 L=76.389 ttrain=0.17s teval=0.00s
NetworkWithTTFS(net=NoDelayLayerNetwork(iw=Array(0.02260424, dtype=float64), rw=Array(1.93030483, dtype=float64)))
TRAIN 411 L=71.367 ttrain=0.17s teval=0.00s
NetworkWithTTFS(net=NoDelayLayerNetwork(iw=Array(0.02068736, dtype=float64), rw=Array(1.83360518, dtype=float64)))
TRAIN 412 L=51.661 ttrain=0.17s teval=0.00s
NetworkWithTTFS(net=NoDelayLayerNetwork(iw=Array(0.01656896, dtype=float64), rw=Array(1.49801142, dtype=float64)))
TRAIN 413 L=76.688 ttrain=0.17s teval=0.00s
NetworkWithTTFS(net=NoDelayLayerNetwork(iw=Array(0.02542467, dtype=float64), rw=Array(1.7687072, dtype=float64)))
TRAIN 414 L=68.874 ttrain=0.17s teval=0.00s
NetworkWithTTFS(net=NoDelayLayerNetwork(iw=Array(0.01942643, dtype=float64), rw=Array(1.83443385, dtype=float64)))
TRAIN 415 L=55.844 ttrain=0.17s teval=0.00s
NetworkWithTTFS(net=NoDelayLayerNetwork(iw=Array(0.01862354, dtype=float64), rw=Array(1.86257628, dtype=float64)))
TRAIN 416 L=44.342 ttrain=0.17s teval=0.00s
NetworkWithTTFS(net=NoDelayLayerNetwork(iw=Array(0.01668788, dtype=float64), rw=Array(1.24429147, dtype=float64)))
TRAIN 417 L=81.456 ttrain=0.17s teval=0.00s
NetworkWithTTFS(net=NoDelayLayerNetwork(iw=Array(0.02815636, dtype=float64), rw=Array(2.16666639, dtype=float64)))
TRAIN 418 L=63.438 ttrain=0.17s teval=0.00s
NetworkWithTTFS(net=NoDelayLayerNetwork(iw=Array(0.02774381, dtype=float64), rw=Array(2.54602443, dtype=float64)))
TRAIN 419 L=74.954 ttrain=0.17s teval=0.00s
NetworkWithTTFS(net=NoDelayLayerNetwork(iw=Array(0.02512701, dtype=float64), rw=Array(1.84355397, dtype=float64)))
TRAIN 420 L=69.326 ttrain=0.17s teval=0.00s
NetworkWithTTFS(net=NoDelayLayerNetwork(iw=Array(0.02413211, dtype=float64), rw=Array(1.95547347, dtype=float64)))
TRAIN 421 L=63.385 ttrain=0.17s teval=0.00s
NetworkWithTTFS(net=NoDelayLayerNetwork(iw=Array(0.01827366, dtype=float64), rw=Array(1.96592616, dtype=float64)))
TRAIN 422 L=56.179 ttrain=0.17s teval=0.00s
NetworkWithTTFS(net=NoDelayLayerNetwork(iw=Array(0.01919059, dtype=float64), rw=Array(1.98000855, dtype=float64)))
TRAIN 423 L=67.371 ttrain=0.17s teval=0.00s
NetworkWithTTFS(net=NoDelayLayerNetwork(iw=Array(0.0233796, dtype=float64), rw=Array(2.02155271, dtype=float64)))
TRAIN 424 L=79.314 ttrain=0.17s teval=0.00s
NetworkWithTTFS(net=NoDelayLayerNetwork(iw=Array(0.02552508, dtype=float64), rw=Array(2.09056143, dtype=float64)))
TRAIN 425 L=78.363 ttrain=0.17s teval=0.00s
NetworkWithTTFS(net=NoDelayLayerNetwork(iw=Array(0.02610232, dtype=float64), rw=Array(2.14007738, dtype=float64)))
TRAIN 426 L=53.465 ttrain=0.17s teval=0.00s
NetworkWithTTFS(net=NoDelayLayerNetwork(iw=Array(0.01621468, dtype=float64), rw=Array(1.99300818, dtype=float64)))
TRAIN 427 L=63.684 ttrain=0.17s teval=0.00s
NetworkWithTTFS(net=NoDelayLayerNetwork(iw=Array(0.02175965, dtype=float64), rw=Array(1.74426899, dtype=float64)))
TRAIN 428 L=78.792 ttrain=0.17s teval=0.00s
NetworkWithTTFS(net=NoDelayLayerNetwork(iw=Array(0.02648921, dtype=float64), rw=Array(2.32742269, dtype=float64)))
TRAIN 429 L=66.008 ttrain=0.17s teval=0.00s
NetworkWithTTFS(net=NoDelayLayerNetwork(iw=Array(0.0214616, dtype=float64), rw=Array(1.54391435, dtype=float64)))
TRAIN 430 L=64.635 ttrain=0.17s teval=0.00s
NetworkWithTTFS(net=NoDelayLayerNetwork(iw=Array(0.02135471, dtype=float64), rw=Array(1.76604643, dtype=float64)))
TRAIN 431 L=71.835 ttrain=0.17s teval=0.00s
NetworkWithTTFS(net=NoDelayLayerNetwork(iw=Array(0.02343947, dtype=float64), rw=Array(1.84344888, dtype=float64)))
TRAIN 432 L=57.829 ttrain=0.17s teval=0.00s
NetworkWithTTFS(net=NoDelayLayerNetwork(iw=Array(0.02114067, dtype=float64), rw=Array(2.04981041, dtype=float64)))
TRAIN 433 L=66.172 ttrain=0.17s teval=0.00s
NetworkWithTTFS(net=NoDelayLayerNetwork(iw=Array(0.02023936, dtype=float64), rw=Array(1.89829883, dtype=float64)))
TRAIN 434 L=48.000 ttrain=0.17s teval=0.00s
NetworkWithTTFS(net=NoDelayLayerNetwork(iw=Array(0.01998294, dtype=float64), rw=Array(1.73563984, dtype=float64)))
TRAIN 435 L=57.324 ttrain=0.17s teval=0.00s
NetworkWithTTFS(net=NoDelayLayerNetwork(iw=Array(0.02095108, dtype=float64), rw=Array(1.96149055, dtype=float64)))
TRAIN 436 L=66.949 ttrain=0.17s teval=0.00s
NetworkWithTTFS(net=NoDelayLayerNetwork(iw=Array(0.02329315, dtype=float64), rw=Array(1.92339949, dtype=float64)))
TRAIN 437 L=51.367 ttrain=0.17s teval=0.00s
NetworkWithTTFS(net=NoDelayLayerNetwork(iw=Array(0.01638593, dtype=float64), rw=Array(1.64453931, dtype=float64)))
TRAIN 438 L=72.331 ttrain=0.17s teval=0.00s
NetworkWithTTFS(net=NoDelayLayerNetwork(iw=Array(0.02407918, dtype=float64), rw=Array(2.28039407, dtype=float64)))
TRAIN 439 L=56.767 ttrain=0.17s teval=0.00s
NetworkWithTTFS(net=NoDelayLayerNetwork(iw=Array(0.02017372, dtype=float64), rw=Array(1.79534747, dtype=float64)))
TRAIN 440 L=50.794 ttrain=0.17s teval=0.00s
NetworkWithTTFS(net=NoDelayLayerNetwork(iw=Array(0.01784234, dtype=float64), rw=Array(1.70012203, dtype=float64)))
TRAIN 441 L=66.678 ttrain=0.17s teval=0.00s
NetworkWithTTFS(net=NoDelayLayerNetwork(iw=Array(0.02410047, dtype=float64), rw=Array(2.18192764, dtype=float64)))
TRAIN 442 L=63.211 ttrain=0.17s teval=0.00s
NetworkWithTTFS(net=NoDelayLayerNetwork(iw=Array(0.02334313, dtype=float64), rw=Array(2.01419919, dtype=float64)))
TRAIN 443 L=68.714 ttrain=0.17s teval=0.00s
NetworkWithTTFS(net=NoDelayLayerNetwork(iw=Array(0.0238707, dtype=float64), rw=Array(2.23057446, dtype=float64)))
TRAIN 444 L=62.355 ttrain=0.17s teval=0.00s
NetworkWithTTFS(net=NoDelayLayerNetwork(iw=Array(0.01906418, dtype=float64), rw=Array(2.06918359, dtype=float64)))
TRAIN 445 L=54.601 ttrain=0.17s teval=0.00s
NetworkWithTTFS(net=NoDelayLayerNetwork(iw=Array(0.02417691, dtype=float64), rw=Array(1.9083036, dtype=float64)))
TRAIN 446 L=62.855 ttrain=0.17s teval=0.00s
NetworkWithTTFS(net=NoDelayLayerNetwork(iw=Array(0.02043622, dtype=float64), rw=Array(2.06437236, dtype=float64)))
TRAIN 447 L=56.993 ttrain=0.17s teval=0.00s
NetworkWithTTFS(net=NoDelayLayerNetwork(iw=Array(0.02094834, dtype=float64), rw=Array(1.61082581, dtype=float64)))
TRAIN 448 L=47.513 ttrain=0.17s teval=0.00s
NetworkWithTTFS(net=NoDelayLayerNetwork(iw=Array(0.01684813, dtype=float64), rw=Array(1.61262019, dtype=float64)))
TRAIN 449 L=47.801 ttrain=0.17s teval=0.00s
NetworkWithTTFS(net=NoDelayLayerNetwork(iw=Array(0.01758605, dtype=float64), rw=Array(1.59388575, dtype=float64)))
TRAIN 450 L=70.361 ttrain=0.17s teval=0.00s
NetworkWithTTFS(net=NoDelayLayerNetwork(iw=Array(0.02551519, dtype=float64), rw=Array(1.81481317, dtype=float64)))
TRAIN 451 L=54.850 ttrain=0.17s teval=0.00s
NetworkWithTTFS(net=NoDelayLayerNetwork(iw=Array(0.01972728, dtype=float64), rw=Array(1.81399891, dtype=float64)))
TRAIN 452 L=52.735 ttrain=0.17s teval=0.00s
NetworkWithTTFS(net=NoDelayLayerNetwork(iw=Array(0.02007604, dtype=float64), rw=Array(1.61999502, dtype=float64)))
TRAIN 453 L=60.139 ttrain=0.17s teval=0.00s
NetworkWithTTFS(net=NoDelayLayerNetwork(iw=Array(0.02164586, dtype=float64), rw=Array(2.00462715, dtype=float64)))
TRAIN 454 L=43.975 ttrain=0.17s teval=0.00s
NetworkWithTTFS(net=NoDelayLayerNetwork(iw=Array(0.01844137, dtype=float64), rw=Array(1.95667317, dtype=float64)))
TRAIN 455 L=73.917 ttrain=0.17s teval=0.00s
NetworkWithTTFS(net=NoDelayLayerNetwork(iw=Array(0.02835715, dtype=float64), rw=Array(2.29401243, dtype=float64)))
TRAIN 456 L=54.743 ttrain=0.17s teval=0.00s
NetworkWithTTFS(net=NoDelayLayerNetwork(iw=Array(0.02488235, dtype=float64), rw=Array(1.97041034, dtype=float64)))
TRAIN 457 L=56.032 ttrain=0.17s teval=0.00s
NetworkWithTTFS(net=NoDelayLayerNetwork(iw=Array(0.02111028, dtype=float64), rw=Array(1.67661281, dtype=float64)))
TRAIN 458 L=49.108 ttrain=0.17s teval=0.00s
NetworkWithTTFS(net=NoDelayLayerNetwork(iw=Array(0.0186842, dtype=float64), rw=Array(1.36767827, dtype=float64)))
TRAIN 459 L=57.201 ttrain=0.17s teval=0.00s
NetworkWithTTFS(net=NoDelayLayerNetwork(iw=Array(0.02263537, dtype=float64), rw=Array(2.16719222, dtype=float64)))
TRAIN 460 L=47.096 ttrain=0.17s teval=0.00s
NetworkWithTTFS(net=NoDelayLayerNetwork(iw=Array(0.01689986, dtype=float64), rw=Array(1.53463045, dtype=float64)))
TRAIN 461 L=43.259 ttrain=0.17s teval=0.00s
NetworkWithTTFS(net=NoDelayLayerNetwork(iw=Array(0.01612319, dtype=float64), rw=Array(1.22305069, dtype=float64)))
TRAIN 462 L=46.286 ttrain=0.17s teval=0.00s
NetworkWithTTFS(net=NoDelayLayerNetwork(iw=Array(0.01835498, dtype=float64), rw=Array(1.34015247, dtype=float64)))
TRAIN 463 L=61.259 ttrain=0.17s teval=0.00s
NetworkWithTTFS(net=NoDelayLayerNetwork(iw=Array(0.02281792, dtype=float64), rw=Array(1.96309764, dtype=float64)))
TRAIN 464 L=46.718 ttrain=0.17s teval=0.00s
NetworkWithTTFS(net=NoDelayLayerNetwork(iw=Array(0.02257918, dtype=float64), rw=Array(1.66575097, dtype=float64)))
TRAIN 465 L=56.401 ttrain=0.17s teval=0.00s
NetworkWithTTFS(net=NoDelayLayerNetwork(iw=Array(0.02225048, dtype=float64), rw=Array(1.96873966, dtype=float64)))
TRAIN 466 L=64.223 ttrain=0.17s teval=0.00s
NetworkWithTTFS(net=NoDelayLayerNetwork(iw=Array(0.02524845, dtype=float64), rw=Array(2.12812074, dtype=float64)))
TRAIN 467 L=42.674 ttrain=0.17s teval=0.00s
NetworkWithTTFS(net=NoDelayLayerNetwork(iw=Array(0.0263565, dtype=float64), rw=Array(2.13047939, dtype=float64)))
TRAIN 468 L=49.841 ttrain=0.17s teval=0.00s
NetworkWithTTFS(net=NoDelayLayerNetwork(iw=Array(0.02343378, dtype=float64), rw=Array(1.76529456, dtype=float64)))
TRAIN 469 L=58.233 ttrain=0.17s teval=0.00s
NetworkWithTTFS(net=NoDelayLayerNetwork(iw=Array(0.02612293, dtype=float64), rw=Array(2.16220609, dtype=float64)))
TRAIN 470 L=51.846 ttrain=0.17s teval=0.00s
NetworkWithTTFS(net=NoDelayLayerNetwork(iw=Array(0.02476528, dtype=float64), rw=Array(1.40690319, dtype=float64)))
TRAIN 471 L=45.326 ttrain=0.17s teval=0.00s
NetworkWithTTFS(net=NoDelayLayerNetwork(iw=Array(0.0178426, dtype=float64), rw=Array(1.25483495, dtype=float64)))
TRAIN 472 L=59.733 ttrain=0.17s teval=0.00s
NetworkWithTTFS(net=NoDelayLayerNetwork(iw=Array(0.02555432, dtype=float64), rw=Array(1.6651035, dtype=float64)))
TRAIN 473 L=41.036 ttrain=0.17s teval=0.00s
NetworkWithTTFS(net=NoDelayLayerNetwork(iw=Array(0.01657341, dtype=float64), rw=Array(1.21966121, dtype=float64)))
TRAIN 474 L=33.106 ttrain=0.17s teval=0.00s
NetworkWithTTFS(net=NoDelayLayerNetwork(iw=Array(0.01463745, dtype=float64), rw=Array(1.61633633, dtype=float64)))
TRAIN 475 L=41.959 ttrain=0.17s teval=0.00s
NetworkWithTTFS(net=NoDelayLayerNetwork(iw=Array(0.01729155, dtype=float64), rw=Array(1.78549505, dtype=float64)))
TRAIN 476 L=53.177 ttrain=0.17s teval=0.00s
NetworkWithTTFS(net=NoDelayLayerNetwork(iw=Array(0.02110727, dtype=float64), rw=Array(1.76031574, dtype=float64)))
TRAIN 477 L=46.488 ttrain=0.17s teval=0.00s
NetworkWithTTFS(net=NoDelayLayerNetwork(iw=Array(0.01979391, dtype=float64), rw=Array(1.96292757, dtype=float64)))
TRAIN 478 L=39.833 ttrain=0.17s teval=0.00s
NetworkWithTTFS(net=NoDelayLayerNetwork(iw=Array(0.01738069, dtype=float64), rw=Array(1.98186172, dtype=float64)))
TRAIN 479 L=48.442 ttrain=0.17s teval=0.00s
NetworkWithTTFS(net=NoDelayLayerNetwork(iw=Array(0.01998521, dtype=float64), rw=Array(2.06659703, dtype=float64)))
TRAIN 480 L=47.928 ttrain=0.17s teval=0.00s
NetworkWithTTFS(net=NoDelayLayerNetwork(iw=Array(0.01901049, dtype=float64), rw=Array(1.7904265, dtype=float64)))
TRAIN 481 L=38.631 ttrain=0.17s teval=0.00s
NetworkWithTTFS(net=NoDelayLayerNetwork(iw=Array(0.01932745, dtype=float64), rw=Array(2.27468841, dtype=float64)))
TRAIN 482 L=50.588 ttrain=0.17s teval=0.00s
NetworkWithTTFS(net=NoDelayLayerNetwork(iw=Array(0.02633202, dtype=float64), rw=Array(1.84515195, dtype=float64)))
TRAIN 483 L=47.663 ttrain=0.17s teval=0.00s
NetworkWithTTFS(net=NoDelayLayerNetwork(iw=Array(0.01972151, dtype=float64), rw=Array(1.89907452, dtype=float64)))
TRAIN 484 L=50.861 ttrain=0.17s teval=0.00s
NetworkWithTTFS(net=NoDelayLayerNetwork(iw=Array(0.0176625, dtype=float64), rw=Array(1.68367744, dtype=float64)))
TRAIN 485 L=50.743 ttrain=0.17s teval=0.00s
NetworkWithTTFS(net=NoDelayLayerNetwork(iw=Array(0.02110511, dtype=float64), rw=Array(1.67779334, dtype=float64)))
TRAIN 486 L=46.645 ttrain=0.17s teval=0.00s
NetworkWithTTFS(net=NoDelayLayerNetwork(iw=Array(0.01734785, dtype=float64), rw=Array(1.82774305, dtype=float64)))
TRAIN 487 L=43.689 ttrain=0.17s teval=0.00s
NetworkWithTTFS(net=NoDelayLayerNetwork(iw=Array(0.01776559, dtype=float64), rw=Array(1.62655752, dtype=float64)))
TRAIN 488 L=37.579 ttrain=0.17s teval=0.00s
NetworkWithTTFS(net=NoDelayLayerNetwork(iw=Array(0.01659193, dtype=float64), rw=Array(2.38868221, dtype=float64)))
TRAIN 489 L=46.513 ttrain=0.17s teval=0.00s
NetworkWithTTFS(net=NoDelayLayerNetwork(iw=Array(0.01710448, dtype=float64), rw=Array(1.66659042, dtype=float64)))
TRAIN 490 L=35.798 ttrain=0.17s teval=0.00s
NetworkWithTTFS(net=NoDelayLayerNetwork(iw=Array(0.0141428, dtype=float64), rw=Array(1.47225713, dtype=float64)))
TRAIN 491 L=44.540 ttrain=0.17s teval=0.00s
NetworkWithTTFS(net=NoDelayLayerNetwork(iw=Array(0.01709304, dtype=float64), rw=Array(1.37809908, dtype=float64)))
TRAIN 492 L=32.218 ttrain=0.17s teval=0.00s
NetworkWithTTFS(net=NoDelayLayerNetwork(iw=Array(0.01494906, dtype=float64), rw=Array(1.33102875, dtype=float64)))
TRAIN 493 L=44.885 ttrain=0.17s teval=0.00s
NetworkWithTTFS(net=NoDelayLayerNetwork(iw=Array(0.02187886, dtype=float64), rw=Array(1.5079284, dtype=float64)))
TRAIN 494 L=43.331 ttrain=0.17s teval=0.00s
NetworkWithTTFS(net=NoDelayLayerNetwork(iw=Array(0.01852636, dtype=float64), rw=Array(1.59950117, dtype=float64)))
TRAIN 495 L=30.569 ttrain=0.17s teval=0.00s
NetworkWithTTFS(net=NoDelayLayerNetwork(iw=Array(0.01256884, dtype=float64), rw=Array(1.25357049, dtype=float64)))
TRAIN 496 L=40.864 ttrain=0.17s teval=0.00s
NetworkWithTTFS(net=NoDelayLayerNetwork(iw=Array(0.01544361, dtype=float64), rw=Array(1.54088343, dtype=float64)))
TRAIN 497 L=27.531 ttrain=0.17s teval=0.00s
NetworkWithTTFS(net=NoDelayLayerNetwork(iw=Array(0.01146144, dtype=float64), rw=Array(1.26681379, dtype=float64)))
TRAIN 498 L=31.498 ttrain=0.17s teval=0.00s
NetworkWithTTFS(net=NoDelayLayerNetwork(iw=Array(0.01528094, dtype=float64), rw=Array(1.29680095, dtype=float64)))
TRAIN 499 L=48.254 ttrain=0.17s teval=0.00s
NetworkWithTTFS(net=NoDelayLayerNetwork(iw=Array(0.01906682, dtype=float64), rw=Array(1.58202181, dtype=float64)))
TEST
FREQ 4.625774817281895e-05 0.0008326394671107413 0.0007384560231146414
