W1110 17:51:28.650866  120153 sol_gpu_cost_model.cc:102] No SoL config found for device: NVIDIA H100. Using default config.
E1110 17:51:28.729898  120153 ptx_compiler_helpers.cc:132] *** WARNING *** Invoking ptxas with version 12.6.20, which corresponds to a CUDA version <=12.6.2. CUDA versions 12.x.y up to and including 12.6.2 miscompile certain edge cases around clamping.
Please upgrade to CUDA 12.6.3 or newer.
W1110 17:51:29.018748  120153 sol_gpu_cost_model.cc:102] No SoL config found for device: NVIDIA H100. Using default config.
W1110 17:51:29.065130  120153 sol_gpu_cost_model.cc:102] No SoL config found for device: NVIDIA H100. Using default config.
gpu
NVIDIA H100
Mon Nov 10 17:51:29 2025
['train.py', '--ndim', 'None', '--nhidden', '300', '--load_limit', 'None', '--lr', '1e-3']

 == CONFIG == 
ndim                 None
nhidden              300
batch_size           4
load_limit           None
load_limit_test      None
lr                   0.001
ifactor              1
rfactor              1
force                False
skip                 False
debug                False
dt                   0.05
save_dir             saved
reload               False

Traceback (most recent call last):
  File "/gpfs/home3/amovahedin/yy/spatial_snns/train.py", line 78, in <module>
    train = shd.SHD.load('train', limit=args.load_limit, skip=args.skip)
            ^^^^^^^^^^^^^^^^^^^^^^^^^^^^^^^^^^^^^^^^^^^^^^^^^^^^^^^^^^^^
  File "/gpfs/home3/amovahedin/yy/spatial_snns/shd.py", line 77, in load
    with mkhandle(fn, 'rb') as f:
         ^^^^^^^^^^^^^^^^^^
FileNotFoundError: [Errno 2] No such file or directory: 'shd_train.h5'
